2019-03-12 10:22:15,982 findelment.py--> get_element 20: INFO ----->定位方式:xpath--->定位值://input[@id="account"]
2019-03-12 10:22:16,107 findelment.py--> get_element 20: INFO ----->定位方式:xpath--->定位值://input[@id="password"]
2019-03-12 10:22:16,201 findelment.py--> get_element 20: INFO ----->定位方式:xpath--->定位值://button[@id="btn_login"]
2019-03-12 10:22:19,286 findelment.py--> get_element 20: INFO ----->定位方式:xpath--->定位值://button[@id="add-new"]
2019-03-12 10:22:21,408 findelment.py--> get_element 20: INFO ----->定位方式:xpath--->定位值://input[@id="patientName"]
2019-03-12 10:22:21,562 findelment.py--> get_element 20: INFO ----->定位方式:xpath--->定位值://div[@name="patientSex"][2]
2019-03-12 10:22:21,646 findelment.py--> get_element 20: INFO ----->定位方式:xpath--->定位值://select[@id="birthdayYear"]
2019-03-12 10:22:21,749 findelment.py--> get_element 20: INFO ----->定位方式:xpath--->定位值://select[@id="birthdayMonth"]
2019-03-12 10:22:21,832 findelment.py--> get_element 20: INFO ----->定位方式:xpath--->定位值://select[@id="birthdayDate"]
2019-03-12 10:22:21,925 findelment.py--> get_element 20: INFO ----->定位方式:xpath--->定位值://input[@id="patientTel"]
2019-03-12 10:22:22,059 findelment.py--> get_element 20: INFO ----->定位方式:xpath--->定位值://select[@id="hospital"]
2019-03-12 10:22:22,158 findelment.py--> get_element 20: INFO ----->定位方式:xpath--->定位值://button[@type="button"][3]
2019-03-12 10:22:24,247 findelment.py--> get_element 20: INFO ----->定位方式:xpath--->定位值://input[@id="45Profile"]
2019-03-12 10:22:24,297 findelment.py--> get_element 20: INFO ----->定位方式:xpath--->定位值://input[@id="FrontalRepose"]
2019-03-12 10:22:24,380 findelment.py--> get_element 20: INFO ----->定位方式:xpath--->定位值://input[@id="FrontalSmile"]
2019-03-12 10:22:24,447 findelment.py--> get_element 20: INFO ----->定位方式:xpath--->定位值://input[@id="Profile"]
2019-03-12 10:22:24,519 findelment.py--> get_element 20: INFO ----->定位方式:xpath--->定位值://input[@id="Upper"]
2019-03-12 10:22:24,590 findelment.py--> get_element 20: INFO ----->定位方式:xpath--->定位值://input[@id="Left"]
2019-03-12 10:22:24,660 findelment.py--> get_element 20: INFO ----->定位方式:xpath--->定位值://input[@id="Lower"]
2019-03-12 10:22:24,738 findelment.py--> get_element 20: INFO ----->定位方式:xpath--->定位值://input[@id="Anterior"]
2019-03-12 10:22:24,813 findelment.py--> get_element 20: INFO ----->定位方式:xpath--->定位值://input[@id="Right"]
2019-03-12 10:22:24,888 findelment.py--> get_element 20: INFO ----->定位方式:xpath--->定位值://input[@id="Cephalometric"]
2019-03-12 10:22:24,966 findelment.py--> get_element 20: INFO ----->定位方式:xpath--->定位值://input[@id="Panoramic"]
2019-03-12 10:22:27,126 findelment.py--> get_element 20: INFO ----->定位方式:xpath--->定位值://button[@type="button"][3]
2019-03-12 10:22:29,212 findelment.py--> get_element 20: INFO ----->定位方式:xpath--->定位值://div[@class="m-wrapper"][1]/div[1]/div[1]/div[1]
2019-03-12 10:22:29,274 findelment.py--> get_element 20: INFO ----->定位方式:xpath--->定位值://*[@id="step3"]/div[2]/div/div[1]/ul/li[1]/div/ins
2019-03-12 10:22:29,339 findelment.py--> get_element 20: INFO ----->定位方式:xpath--->定位值://*[@id="step3"]/div[2]/div/div[2]/ul/li[1]/div/ins
2019-03-12 10:22:29,406 findelment.py--> get_element 20: INFO ----->定位方式:xpath--->定位值://button[@type="button"][3]
2019-03-12 10:22:30,489 findelment.py--> get_element 20: INFO ----->定位方式:xpath--->定位值://input[@id="unexpress"]/following-sibling::ins
2019-03-12 10:22:30,544 findelment.py--> get_element 20: INFO ----->定位方式:xpath--->定位值://button[@type="button"][4]
2019-03-12 10:22:33,654 findelment.py--> get_element 20: INFO ----->定位方式:xpath--->定位值:/html/body/div[1]/div[2]/table/tbody/tr[2]/td[1]
2019-03-12 10:22:35,736 findelment.py--> get_element 20: INFO ----->定位方式:xpath--->定位值://table/tbody/tr[2]/td/table/tbody/tr[2]/td[2]
2019-03-12 10:22:35,786 findelment.py--> get_element 20: INFO ----->定位方式:xpath--->定位值:/html/body/div[1]/div[2]/div[1]/table/tbody/tr[1]/td[2]
2019-03-12 10:23:05,066 findelment.py--> get_element 20: INFO ----->定位方式:xpath--->定位值://*[@id="login"]/div/div[2]/ul/li[1]/input
2019-03-12 10:23:05,341 findelment.py--> get_element 20: INFO ----->定位方式:xpath--->定位值://input[@placeholder='请输入密码']
2019-03-12 10:23:05,578 findelment.py--> get_element 20: INFO ----->定位方式:xpath--->定位值://button[contains(text(),'登录')]
2019-03-12 10:23:06,780 findelment.py--> get_element 20: INFO ----->定位方式:selector--->定位值:body>div.el-message.el-message--success>p
2019-03-12 10:23:09,966 findelment.py--> get_element 20: INFO ----->定位方式:xpath--->定位值://*[@id="app"]/section/section/aside/div/ul/li[3]/div
2019-03-12 10:23:11,048 findelment.py--> get_element 20: INFO ----->定位方式:xpath--->定位值://*[@id="app"]/section/section/aside/div/ul/li[3]/ul/li[1]
2019-03-12 10:23:13,136 findelment.py--> get_element 20: INFO ----->定位方式:xpath--->定位值://button/span[contains(text(),'新增收货')]
2019-03-12 10:23:14,269 findelment.py--> get_element 20: INFO ----->定位方式:xpath--->定位值://span[contains(text(),'硅胶上颌')]
2019-03-12 10:23:14,390 findelment.py--> get_element 20: INFO ----->定位方式:xpath--->定位值://span[contains(text(),'硅胶下颌')]
2019-03-12 10:23:14,484 findelment.py--> get_element 20: INFO ----->定位方式:xpath--->定位值://input[@placeholder='请输入快递单号']
2019-03-12 10:23:14,664 findelment.py--> get_element 20: INFO ----->定位方式:xpath--->定位值://input[@placeholder='请选择物流来源']
2019-03-12 10:23:15,774 findelment.py--> get_element 20: INFO ----->定位方式:xpath--->定位值:/html/body/div[2]/div[1]/div[1]/ul/li[3]/span
2019-03-12 10:23:16,849 findelment.py--> get_element 20: INFO ----->定位方式:xpath--->定位值://div[@class="imgUpload"][1]//input
2019-03-12 10:23:17,926 findelment.py--> get_element 20: INFO ----->定位方式:xpath--->定位值://div[@class="imgUpload"][2]//input
2019-03-12 10:23:19,970 findelment.py--> get_element 20: INFO ----->定位方式:xpath--->定位值://span[contains(text(),'确认收货')]
2019-03-12 10:23:21,069 findelment.py--> get_element 20: INFO ----->定位方式:xpath--->定位值://tbody/tr[1]/td[1]/div/div
2019-03-12 10:23:24,146 findelment.py--> get_element 20: INFO ----->定位方式:xpath--->定位值://*[@id="app"]/section/section/aside/div/ul/li[3]/ul/li[2]
2019-03-12 10:23:26,223 findelment.py--> get_element 20: INFO ----->定位方式:xpath--->定位值://input[@placeholder='请输入搜索关键字']
2019-03-12 10:23:28,418 findelment.py--> get_element 20: INFO ----->定位方式:xpath--->定位值://span[contains(text(),'查询')]
2019-03-12 10:23:30,516 findelment.py--> get_element 20: INFO ----->定位方式:xpath--->定位值://tbody/tr[1]/td[16]//span[contains(text(),'匹配')]/../../button[3]/span
2019-03-12 10:23:31,605 findelment.py--> get_element 20: INFO ----->定位方式:xpath--->定位值://input[@placeholder="请填写病例号"]
2019-03-12 10:23:31,744 findelment.py--> get_element 20: INFO ----->定位方式:xpath--->定位值://input[@placeholder="请选择档案"]
2019-03-12 10:23:33,835 findelment.py--> get_element 20: INFO ----->定位方式:xpath--->定位值://div[@class="centerDiv"]/button/span
2019-03-12 10:23:34,932 findelment.py--> get_element 20: INFO ----->定位方式:selector--->定位值:body>div.el-message.el-message--success>p
2019-03-12 10:23:34,975 findelment.py--> get_element 20: INFO ----->定位方式:selector--->定位值:body>div.el-message.el-message--success>p
2019-03-12 10:23:38,127 findelment.py--> get_element 20: INFO ----->定位方式:xpath--->定位值://*[@id="app"]/section/section/aside/div/ul/li[3]/ul/li[3]
2019-03-12 10:23:40,212 findelment.py--> get_element 20: INFO ----->定位方式:xpath--->定位值://input[@placeholder='请输入搜索关键字']
2019-03-12 10:23:41,375 findelment.py--> get_element 20: INFO ----->定位方式:xpath--->定位值://span[contains(text(),'查询')]
2019-03-12 10:23:43,472 findelment.py--> get_element 20: INFO ----->定位方式:xpath--->定位值://span[contains(text(),'专业软件')]/../../button[1]/span
2019-03-12 10:23:44,563 findelment.py--> get_element 20: INFO ----->定位方式:xpath--->定位值://span[contains(text(),'上颌STL')]/../following-sibling::input
2019-03-12 10:23:45,617 findelment.py--> get_element 20: INFO ----->定位方式:xpath--->定位值://span[contains(text(),'下颌STL')]/../following-sibling::input
2019-03-12 10:23:47,678 findelment.py--> get_element 20: INFO ----->定位方式:xpath--->定位值://span[contains(text(),'确认')]
2019-03-12 10:23:49,759 findelment.py--> get_element 20: INFO ----->定位方式:xpath--->定位值://tbody/tr[1]/td[1]/div/div
2019-03-12 10:23:50,872 findelment.py--> get_element 20: INFO ----->定位方式:xpath--->定位值://span[contains(text(),'完成')]
2019-03-12 10:23:51,966 findelment.py--> get_element 20: INFO ----->定位方式:selector--->定位值:body>div.el-message.el-message--success>p
2019-03-12 10:23:55,116 findelment.py--> get_element 20: INFO ----->定位方式:xpath--->定位值://*[@id="app"]/section/section/aside/div/ul/li[3]/ul/li[4]
2019-03-12 10:23:57,196 findelment.py--> get_element 20: INFO ----->定位方式:xpath--->定位值://input[@placeholder='请输入搜索关键字']
2019-03-12 10:23:58,368 findelment.py--> get_element 20: INFO ----->定位方式:xpath--->定位值://span[contains(text(),'查询')]
2019-03-12 10:24:00,468 findelment.py--> get_element 20: INFO ----->定位方式:xpath--->定位值://tbody/tr[1]/td[13]//span[contains(text(),'质检')]
2019-03-12 10:24:01,584 findelment.py--> get_element 20: INFO ----->定位方式:xpath--->定位值://div[@class="imgUpload"][1]//input
2019-03-12 10:24:02,635 findelment.py--> get_element 20: INFO ----->定位方式:xpath--->定位值://div[@class="imgUpload"][2]//input
2019-03-12 10:24:04,678 findelment.py--> get_element 20: INFO ----->定位方式:xpath--->定位值://span[contains(text(),'提交质检结果')]
2019-03-12 10:24:06,769 findelment.py--> get_element 20: INFO ----->定位方式:xpath--->定位值://tbody/tr[1]/td[9]
2019-03-12 10:24:09,936 findelment.py--> get_element 20: INFO ----->定位方式:xpath--->定位值://*[@id="app"]/section/section/aside/div/ul/li[3]/ul/li[5]
2019-03-12 10:24:12,016 findelment.py--> get_element 20: INFO ----->定位方式:xpath--->定位值://input[@placeholder='请输入搜索关键字']
2019-03-12 10:24:13,212 findelment.py--> get_element 20: INFO ----->定位方式:xpath--->定位值://span[contains(text(),'查询')]
2019-03-12 10:24:15,322 findelment.py--> get_element 20: INFO ----->定位方式:xpath--->定位值://tbody//span[contains(text(),'设计')]
2019-03-12 10:24:16,437 findelment.py--> get_element 20: INFO ----->定位方式:xpath--->定位值://span[contains(text(),'创建订单')]
2019-03-12 10:24:17,519 findelment.py--> get_element 20: INFO ----->定位方式:selector--->定位值:body>div.el-message.el-message--success>p
2019-03-12 10:24:20,698 findelment.py--> get_element 20: INFO ----->定位方式:xpath--->定位值://*[@id="app"]/section/section/aside/div/ul/li[3]/ul/li[6]
2019-03-12 10:24:22,799 findelment.py--> get_element 20: INFO ----->定位方式:xpath--->定位值://input[@placeholder='请输入搜索关键字']
2019-03-12 10:24:23,976 findelment.py--> get_element 20: INFO ----->定位方式:xpath--->定位值://span[contains(text(),'查询')]
2019-03-12 10:24:26,096 findelment.py--> get_element 20: INFO ----->定位方式:xpath--->定位值://tbody//span[contains(text(),'分配')]
2019-03-12 10:24:27,202 findelment.py--> get_element 20: INFO ----->定位方式:xpath--->定位值://span[contains(text(),'确认')]
2019-03-12 10:24:29,447 findelment.py--> get_element 20: INFO ----->定位方式:xpath--->定位值://tbody/tr[1]/td[1]/div/div
2019-03-12 10:24:30,598 findelment.py--> get_element 20: INFO ----->定位方式:xpath--->定位值://tbody//span[contains(text(),'处方')]
2019-03-12 10:24:34,872 findelment.py--> get_element 20: INFO ----->定位方式:xpath--->定位值://span[contains(text(),'查看更多')]
2019-03-12 10:24:40,344 findelment.py--> get_element 20: INFO ----->定位方式:xpath--->定位值://span[contains(text(),'临床说明')]
2019-03-12 10:24:47,763 findelment.py--> get_element 20: INFO ----->定位方式:xpath--->定位值://*[@id="app"]/section/section/aside/div/ul/li[3]/ul/li[7]
2019-03-12 10:24:49,853 findelment.py--> get_element 20: INFO ----->定位方式:xpath--->定位值://input[@placeholder='请输入搜索关键字']
2019-03-12 10:24:51,051 findelment.py--> get_element 20: INFO ----->定位方式:xpath--->定位值://span[contains(text(),'查询')]
2019-03-12 10:24:53,168 findelment.py--> get_element 20: INFO ----->定位方式:xpath--->定位值://tbody//span[contains(text(),'指派订单')]
2019-03-12 10:24:54,250 findelment.py--> get_element 20: INFO ----->定位方式:xpath--->定位值://span[contains(text(),'确认')]
2019-03-12 10:24:55,324 findelment.py--> get_element 20: INFO ----->定位方式:xpath--->定位值://tbody/tr[1]/td[1]/div/div
2019-03-12 10:24:56,456 findelment.py--> get_element 20: INFO ----->定位方式:xpath--->定位值://span[contains(text(),'查询')]
2019-03-12 10:24:57,531 findelment.py--> get_element 20: INFO ----->定位方式:xpath--->定位值://tbody//span[contains(text(),'审核通过')]
2019-03-12 10:24:58,648 findelment.py--> get_element 20: INFO ----->定位方式:selector--->定位值:body>div.el-message.el-message--success>p
2019-03-12 10:25:01,823 findelment.py--> get_element 20: INFO ----->定位方式:xpath--->定位值://*[@id="app"]/section/section/aside/div/ul/li[3]/ul/li[8]
2019-03-12 10:25:03,889 findelment.py--> get_element 20: INFO ----->定位方式:xpath--->定位值://input[@placeholder='请输入搜索关键字']
2019-03-12 10:25:05,045 findelment.py--> get_element 20: INFO ----->定位方式:xpath--->定位值://span[contains(text(),'查询')]
2019-03-12 10:25:07,177 findelment.py--> get_element 20: INFO ----->定位方式:xpath--->定位值://tbody//span[contains(text(),'指派订单')]
2019-03-12 10:25:08,258 findelment.py--> get_element 20: INFO ----->定位方式:xpath--->定位值://span[contains(text(),'确认')]
2019-03-12 10:25:09,509 findelment.py--> get_element 20: INFO ----->定位方式:xpath--->定位值://tbody/tr[1]/td[1]/div/div
2019-03-12 10:25:10,683 findelment.py--> get_element 20: INFO ----->定位方式:xpath--->定位值://span[contains(text(),'查询')]
2019-03-12 10:25:11,775 findelment.py--> get_element 20: INFO ----->定位方式:xpath--->定位值://tbody//span[contains(text(),'审核通过')]
2019-03-12 10:25:12,896 findelment.py--> get_element 20: INFO ----->定位方式:selector--->定位值:body>div.el-message.el-message--success>p
2019-03-12 10:25:16,054 findelment.py--> get_element 20: INFO ----->定位方式:xpath--->定位值://*[@id="app"]/section/section/aside/div/ul/li[3]/ul/li[9]
2019-03-12 10:25:18,128 findelment.py--> get_element 20: INFO ----->定位方式:xpath--->定位值://input[@placeholder='请输入搜索关键字']
2019-03-12 10:25:19,301 findelment.py--> get_element 20: INFO ----->定位方式:xpath--->定位值://span[contains(text(),'查询')]
2019-03-12 10:25:21,380 findelment.py--> get_element 20: INFO ----->定位方式:xpath--->定位值://tbody//span[contains(text(),'指派订单')]
2019-03-12 10:25:22,464 findelment.py--> get_element 20: INFO ----->定位方式:xpath--->定位值://span[contains(text(),'确认')]
2019-03-12 10:25:23,559 findelment.py--> get_element 20: INFO ----->定位方式:xpath--->定位值://tbody//span[contains(text(),'审核通过')]
2019-03-12 10:25:23,638 findelment.py--> get_element 20: INFO ----->定位方式:selector--->定位值:body>div.el-message.el-message--success>p
2019-03-12 10:25:25,783 findelment.py--> get_element 20: INFO ----->定位方式:xpath--->定位值://*[@id="app"]/section/section/aside/div/ul/li[3]/ul/li[5]
2019-03-12 10:25:30,085 findelment.py--> get_element 20: INFO ----->定位方式:xpath--->定位值://input[@placeholder='请输入搜索关键字']
2019-03-12 10:25:31,279 findelment.py--> get_element 20: INFO ----->定位方式:xpath--->定位值://span[contains(text(),'查询')]
2019-03-12 10:25:33,412 findelment.py--> get_element 20: INFO ----->定位方式:xpath--->定位值://tbody//span[contains(text(),'生产')]
2019-03-12 10:25:35,492 findelment.py--> get_element 20: INFO ----->定位方式:xpath--->定位值://input[@placeholder="请选择订单编号"]
2019-03-12 10:25:37,572 findelment.py--> get_element 20: INFO ----->定位方式:selector--->定位值:body > div.el-select-dropdown.el-popper > div.el-scrollbar > div.el-select-dropdown__wrap.el-scrollbar__wrap > ul > li > span
2019-03-12 10:25:37,668 findelment.py--> get_element 20: INFO ----->定位方式:xpath--->定位值://li[contains(text(),'上颌')]/following-sibling::li[1]/input[1]
2019-03-12 10:25:37,734 findelment.py--> get_element 20: INFO ----->定位方式:xpath--->定位值://li[contains(text(),'上颌')]/following-sibling::li[1]/input[2]
2019-03-12 10:25:37,802 findelment.py--> get_element 20: INFO ----->定位方式:xpath--->定位值://li[contains(text(),'下颌')]/following-sibling::li[1]/input[1]
2019-03-12 10:25:37,872 findelment.py--> get_element 20: INFO ----->定位方式:xpath--->定位值://li[contains(text(),'下颌')]/following-sibling::li[1]/input[2]
2019-03-12 10:25:39,939 findelment.py--> get_element 20: INFO ----->定位方式:xpath--->定位值://span[contains(text(),'确认下单')]
2019-03-12 10:25:41,050 findelment.py--> get_element 20: INFO ----->定位方式:xpath--->定位值://span[contains(text(),'确认下单')]
2019-03-12 10:25:43,222 findelment.py--> get_element 20: INFO ----->定位方式:xpath--->定位值://*[@id="app"]/section/section/aside/div/ul/li[3]/ul/li[10]
2019-03-12 10:25:45,305 findelment.py--> get_element 20: INFO ----->定位方式:xpath--->定位值://input[@placeholder='请输入搜索关键字']
2019-03-12 10:25:46,459 findelment.py--> get_element 20: INFO ----->定位方式:xpath--->定位值://span[contains(text(),'查询')]
2019-03-12 10:25:47,568 findelment.py--> get_element 20: INFO ----->定位方式:xpath--->定位值://tbody/tr[1]/td[16]/div//span/span
2019-03-12 10:25:48,641 findelment.py--> get_element 20: INFO ----->定位方式:xpath--->定位值://button/span[contains(text(),"排产预览")]
2019-03-12 10:25:50,718 findelment.py--> get_element 20: INFO ----->定位方式:xpath--->定位值://input[@placeholder="请输入"]
2019-03-12 10:25:51,827 findelment.py--> get_element 20: INFO ----->定位方式:xpath--->定位值://button/span[contains(text(),"确认排产")]
2019-03-12 10:25:52,902 findelment.py--> get_element 20: INFO ----->定位方式:selector--->定位值:body>div.el-message.el-message--success>p
2019-03-12 10:25:55,062 findelment.py--> get_element 20: INFO ----->定位方式:xpath--->定位值://*[@id="app"]/section/section/aside/div/ul/li[3]/ul/li[11]
2019-03-12 10:25:57,141 findelment.py--> get_element 20: INFO ----->定位方式:xpath--->定位值://input[@placeholder='请输入搜索关键字']
2019-03-12 10:25:58,335 findelment.py--> get_element 20: INFO ----->定位方式:xpath--->定位值://span[contains(text(),'查询')]
2019-03-12 10:25:59,423 findelment.py--> get_element 20: INFO ----->定位方式:xpath--->定位值://tbody//span[contains(text(),'完成')]
2019-03-12 10:26:01,547 findelment.py--> get_element 20: INFO ----->定位方式:xpath--->定位值://input[@placeholder="请选择打印机"]
2019-03-12 10:26:02,625 findelment.py--> get_element 20: INFO ----->定位方式:xpath--->定位值://li/span[contains(text(),"打印机035")]
2019-03-12 10:26:03,696 findelment.py--> get_element 20: INFO ----->定位方式:xpath--->定位值://button/span[contains(text(),"确认")]
2019-03-12 10:26:04,776 findelment.py--> get_element 20: INFO ----->定位方式:selector--->定位值:body>div.el-message.el-message--success>p
2019-03-12 10:26:06,917 findelment.py--> get_element 20: INFO ----->定位方式:xpath--->定位值://*[@id="app"]/section/section/aside/div/ul/li[3]/ul/li[12]
2019-03-12 10:26:09,038 findelment.py--> get_element 20: INFO ----->定位方式:xpath--->定位值://input[@placeholder='请输入搜索关键字']
2019-03-12 10:26:10,185 findelment.py--> get_element 20: INFO ----->定位方式:xpath--->定位值://span[contains(text(),'查询')]
2019-03-12 10:26:11,286 findelment.py--> get_element 20: INFO ----->定位方式:xpath--->定位值://tbody//span[contains(text(),'完成')]
2019-03-12 10:26:12,367 findelment.py--> get_element 20: INFO ----->定位方式:xpath--->定位值://button/span[contains(text(),"确定")]
2019-03-12 10:26:13,435 findelment.py--> get_element 20: INFO ----->定位方式:selector--->定位值:body>div.el-message.el-message--success>p
2019-03-12 10:26:16,587 findelment.py--> get_element 20: INFO ----->定位方式:xpath--->定位值://*[@id="app"]/section/section/aside/div/ul/li[4]/div
2019-03-12 10:26:18,657 findelment.py--> get_element 20: INFO ----->定位方式:xpath--->定位值://*[@id="app"]/section/section/aside/div/ul/li[4]/ul/li[1]
2019-03-12 10:26:20,728 findelment.py--> get_element 20: INFO ----->定位方式:xpath--->定位值://input[@placeholder='请输入搜索关键字']
2019-03-12 10:26:21,877 findelment.py--> get_element 20: INFO ----->定位方式:xpath--->定位值://span[contains(text(),'查询')]
2019-03-12 10:26:23,006 findelment.py--> get_element 20: INFO ----->定位方式:xpath--->定位值://button/span[contains(text(),"质检")]
2019-03-12 10:26:24,112 findelment.py--> get_element 20: INFO ----->定位方式:xpath--->定位值://div[@id="tab-3"]
2019-03-12 10:26:25,264 findelment.py--> get_element 20: INFO ----->定位方式:xpath--->定位值://button/span[contains(text(),"确认")]
2019-03-12 10:26:26,459 findelment.py--> get_element 20: INFO ----->定位方式:selector--->定位值:body>div.el-message.el-message--success>p
2019-03-12 10:26:28,680 findelment.py--> get_element 20: INFO ----->定位方式:xpath--->定位值://*[@id="app"]/section/section/aside/div/ul/li[3]/ul/li[13]
2019-03-12 10:26:30,779 findelment.py--> get_element 20: INFO ----->定位方式:xpath--->定位值://input[@placeholder='请输入搜索关键字']
2019-03-12 10:26:32,079 findelment.py--> get_element 20: INFO ----->定位方式:xpath--->定位值://span[contains(text(),'查询')]
2019-03-12 10:26:33,269 findelment.py--> get_element 20: INFO ----->定位方式:xpath--->定位值://tbody//span[contains(text(),'完成')]
2019-03-12 10:26:34,343 findelment.py--> get_element 20: INFO ----->定位方式:xpath--->定位值://button/span[contains(text(),"确认入库")]
2019-03-12 10:26:35,432 findelment.py--> get_element 20: INFO ----->定位方式:selector--->定位值:body>div.el-message.el-message--success>p
2019-03-12 10:26:37,579 findelment.py--> get_element 20: INFO ----->定位方式:xpath--->定位值://*[@id="app"]/section/section/aside/div/ul/li[3]/ul/li[14]
2019-03-12 10:26:39,675 findelment.py--> get_element 20: INFO ----->定位方式:xpath--->定位值://input[@placeholder='请输入搜索关键字']
2019-03-12 10:26:40,858 findelment.py--> get_element 20: INFO ----->定位方式:xpath--->定位值://span[contains(text(),'查询')]
2019-03-12 10:26:42,969 findelment.py--> get_element 20: INFO ----->定位方式:xpath--->定位值://tbody//span[contains(text(),'发货')]
2019-03-12 10:26:44,061 findelment.py--> get_element 20: INFO ----->定位方式:xpath--->定位值://label[1]/span[1]/span
2019-03-12 10:26:45,132 findelment.py--> get_element 20: INFO ----->定位方式:xpath--->定位值://button/span[contains(text(),"确认")]
2019-03-12 10:26:46,210 findelment.py--> get_element 20: INFO ----->定位方式:selector--->定位值:body>div.el-message.el-message--success>p
2019-03-12 10:26:48,355 findelment.py--> get_element 20: INFO ----->定位方式:xpath--->定位值://*[@id="app"]/section/section/aside/div/ul/li[3]/ul/li[15]
2019-03-12 10:26:50,458 findelment.py--> get_element 20: INFO ----->定位方式:xpath--->定位值://input[@placeholder='请输入搜索关键字']
2019-03-12 10:26:51,609 findelment.py--> get_element 20: INFO ----->定位方式:xpath--->定位值://span[contains(text(),'查询')]
2019-03-12 10:26:53,717 findelment.py--> get_element 20: INFO ----->定位方式:xpath--->定位值://tbody//span[contains(text(),'邮寄')]
2019-03-12 10:26:54,807 findelment.py--> get_element 20: INFO ----->定位方式:xpath--->定位值://input[@placeholder="请填写快递单号"]
2019-03-12 10:26:55,938 findelment.py--> get_element 20: INFO ----->定位方式:xpath--->定位值://input[@placeholder="请填写快递单号"]/../../following-sibling::div//span
2019-03-12 10:26:57,029 findelment.py--> get_element 20: INFO ----->定位方式:xpath--->定位值://tbody//span[contains(text(),'确认')]
2019-03-12 10:26:59,149 findelment.py--> get_element 20: INFO ----->定位方式:xpath--->定位值://button/span[contains(text(),"确认发货")]
2019-03-12 10:27:00,228 findelment.py--> get_element 20: INFO ----->定位方式:selector--->定位值:body>div.el-message.el-message--success>p
2019-03-12 10:27:06,952 send_email.py--> _attach_file 20: INFO ----->attach file D:\po_owens_write\report\first_case.html
2019-03-12 10:27:11,906 send_email.py--> send 20: INFO ----->发送邮件"ERP测试报告"成功! 收件人：825651673@qq.com。如果没有收到邮件，请检查垃圾箱，同时检查收件人地址是否正确
2019-03-12 15:07:28,945 findelment.py--> get_element 20: INFO ----->定位方式:xpath--->定位值://input[@id="account"]
2019-03-12 15:07:29,087 findelment.py--> get_element 20: INFO ----->定位方式:xpath--->定位值://input[@id="password"]
2019-03-12 15:07:29,194 findelment.py--> get_element 20: INFO ----->定位方式:xpath--->定位值://button[@id="btn_login"]
2019-03-12 15:07:32,287 findelment.py--> get_element 20: INFO ----->定位方式:xpath--->定位值://button[@id="add-new"]
2019-03-12 15:07:34,374 findelment.py--> get_element 20: INFO ----->定位方式:xpath--->定位值://input[@id="patientName"]
2019-03-12 15:07:34,541 findelment.py--> get_element 20: INFO ----->定位方式:xpath--->定位值://div[@name="patientSex"][2]
2019-03-12 15:07:34,616 findelment.py--> get_element 20: INFO ----->定位方式:xpath--->定位值://select[@id="birthdayYear"]
2019-03-12 15:07:34,709 findelment.py--> get_element 20: INFO ----->定位方式:xpath--->定位值://select[@id="birthdayMonth"]
2019-03-12 15:07:34,812 findelment.py--> get_element 20: INFO ----->定位方式:xpath--->定位值://select[@id="birthdayDate"]
2019-03-12 15:07:34,900 findelment.py--> get_element 20: INFO ----->定位方式:xpath--->定位值://input[@id="patientTel"]
2019-03-12 15:07:35,024 findelment.py--> get_element 20: INFO ----->定位方式:xpath--->定位值://select[@id="hospital"]
2019-03-12 15:07:35,120 findelment.py--> get_element 20: INFO ----->定位方式:xpath--->定位值://button[@type="button"][3]
2019-03-12 15:07:37,239 findelment.py--> get_element 20: INFO ----->定位方式:xpath--->定位值://input[@id="45Profile"]
2019-03-12 15:07:37,311 findelment.py--> get_element 20: INFO ----->定位方式:xpath--->定位值://input[@id="FrontalRepose"]
2019-03-12 15:07:37,383 findelment.py--> get_element 20: INFO ----->定位方式:xpath--->定位值://input[@id="FrontalSmile"]
2019-03-12 15:07:37,457 findelment.py--> get_element 20: INFO ----->定位方式:xpath--->定位值://input[@id="Profile"]
2019-03-12 15:07:37,538 findelment.py--> get_element 20: INFO ----->定位方式:xpath--->定位值://input[@id="Upper"]
2019-03-12 15:07:37,605 findelment.py--> get_element 20: INFO ----->定位方式:xpath--->定位值://input[@id="Left"]
2019-03-12 15:07:37,696 findelment.py--> get_element 20: INFO ----->定位方式:xpath--->定位值://input[@id="Lower"]
2019-03-12 15:07:37,787 findelment.py--> get_element 20: INFO ----->定位方式:xpath--->定位值://input[@id="Anterior"]
2019-03-12 15:07:37,862 findelment.py--> get_element 20: INFO ----->定位方式:xpath--->定位值://input[@id="Right"]
2019-03-12 15:07:38,029 findelment.py--> get_element 20: INFO ----->定位方式:xpath--->定位值://input[@id="Cephalometric"]
2019-03-12 15:07:38,106 findelment.py--> get_element 20: INFO ----->定位方式:xpath--->定位值://input[@id="Panoramic"]
2019-03-12 15:07:40,219 findelment.py--> get_element 20: INFO ----->定位方式:xpath--->定位值://button[@type="button"][3]
2019-03-12 15:07:42,322 findelment.py--> get_element 20: INFO ----->定位方式:xpath--->定位值://div[@class="m-wrapper"][1]/div[1]/div[1]/div[1]
2019-03-12 15:07:42,410 findelment.py--> get_element 20: INFO ----->定位方式:xpath--->定位值://*[@id="step3"]/div[2]/div/div[1]/ul/li[1]/div/ins
2019-03-12 15:07:42,466 findelment.py--> get_element 20: INFO ----->定位方式:xpath--->定位值://*[@id="step3"]/div[2]/div/div[2]/ul/li[1]/div/ins
2019-03-12 15:07:42,523 findelment.py--> get_element 20: INFO ----->定位方式:xpath--->定位值://button[@type="button"][3]
2019-03-12 15:07:43,604 findelment.py--> get_element 20: INFO ----->定位方式:xpath--->定位值://input[@id="unexpress"]/following-sibling::ins
2019-03-12 15:07:43,689 findelment.py--> get_element 20: INFO ----->定位方式:xpath--->定位值://button[@type="button"][4]
2019-03-12 15:07:46,777 findelment.py--> get_element 20: INFO ----->定位方式:xpath--->定位值:/html/body/div[1]/div[2]/table/tbody/tr[2]/td[1]
2019-03-12 15:07:48,906 findelment.py--> get_element 20: INFO ----->定位方式:xpath--->定位值://table/tbody/tr[2]/td/table/tbody/tr[2]/td[2]
2019-03-12 15:07:48,951 findelment.py--> get_element 20: INFO ----->定位方式:xpath--->定位值:/html/body/div[1]/div[2]/div[1]/table/tbody/tr[1]/td[2]
2019-03-12 15:08:17,165 findelment.py--> get_element 20: INFO ----->定位方式:xpath--->定位值://*[@id="login"]/div/div[2]/ul/li[1]/input
2019-03-12 15:08:17,274 findelment.py--> get_element 20: INFO ----->定位方式:xpath--->定位值://input[@placeholder='请输入密码']
2019-03-12 15:08:17,359 findelment.py--> get_element 20: INFO ----->定位方式:xpath--->定位值://button[contains(text(),'登录')]
2019-03-12 15:08:18,480 findelment.py--> get_element 20: INFO ----->定位方式:selector--->定位值:body>div.el-message.el-message--success>p
2019-03-12 15:08:21,667 findelment.py--> get_element 20: INFO ----->定位方式:xpath--->定位值://*[@id="app"]/section/section/aside/div/ul/li[3]/div
2019-03-12 15:08:22,761 findelment.py--> get_element 20: INFO ----->定位方式:xpath--->定位值://*[@id="app"]/section/section/aside/div/ul/li[3]/ul/li[1]
2019-03-12 15:08:24,827 findelment.py--> get_element 20: INFO ----->定位方式:xpath--->定位值://button/span[contains(text(),'新增收货')]
2019-03-12 15:08:25,948 findelment.py--> get_element 20: INFO ----->定位方式:xpath--->定位值://span[contains(text(),'硅胶上颌')]
2019-03-12 15:08:26,052 findelment.py--> get_element 20: INFO ----->定位方式:xpath--->定位值://span[contains(text(),'硅胶下颌')]
2019-03-12 15:08:26,153 findelment.py--> get_element 20: INFO ----->定位方式:xpath--->定位值://input[@placeholder='请输入快递单号']
2019-03-12 15:08:26,313 findelment.py--> get_element 20: INFO ----->定位方式:xpath--->定位值://input[@placeholder='请选择物流来源']
2019-03-12 15:08:27,415 findelment.py--> get_element 20: INFO ----->定位方式:xpath--->定位值:/html/body/div[2]/div[1]/div[1]/ul/li[3]/span
2019-03-12 15:08:28,516 findelment.py--> get_element 20: INFO ----->定位方式:xpath--->定位值://div[@class="imgUpload"][1]//input
2019-03-12 15:08:29,615 findelment.py--> get_element 20: INFO ----->定位方式:xpath--->定位值://div[@class="imgUpload"][2]//input
2019-03-12 15:08:31,660 findelment.py--> get_element 20: INFO ----->定位方式:xpath--->定位值://span[contains(text(),'确认收货')]
2019-03-12 15:08:32,753 findelment.py--> get_element 20: INFO ----->定位方式:xpath--->定位值://tbody/tr[1]/td[1]/div/div
2019-03-12 15:08:35,803 findelment.py--> get_element 20: INFO ----->定位方式:xpath--->定位值://*[@id="app"]/section/section/aside/div/ul/li[3]/ul/li[2]
2019-03-12 15:08:37,877 findelment.py--> get_element 20: INFO ----->定位方式:xpath--->定位值://input[@placeholder='请输入搜索关键字']
2019-03-12 15:08:40,045 findelment.py--> get_element 20: INFO ----->定位方式:xpath--->定位值://span[contains(text(),'查询')]
2019-03-12 15:08:42,137 findelment.py--> get_element 20: INFO ----->定位方式:xpath--->定位值://tbody/tr[1]/td[16]//span[contains(text(),'匹配')]/../../button[3]/span
2019-03-12 15:08:43,229 findelment.py--> get_element 20: INFO ----->定位方式:xpath--->定位值://input[@placeholder="请填写病例号"]
2019-03-12 15:08:43,356 findelment.py--> get_element 20: INFO ----->定位方式:xpath--->定位值://input[@placeholder="请选择档案"]
2019-03-12 15:08:45,453 findelment.py--> get_element 20: INFO ----->定位方式:xpath--->定位值://div[@class="centerDiv"]/button/span
2019-03-12 15:08:46,533 findelment.py--> get_element 20: INFO ----->定位方式:selector--->定位值:body>div.el-message.el-message--success>p
2019-03-12 15:08:46,593 findelment.py--> get_element 20: INFO ----->定位方式:selector--->定位值:body>div.el-message.el-message--success>p
2019-03-12 15:08:49,727 findelment.py--> get_element 20: INFO ----->定位方式:xpath--->定位值://*[@id="app"]/section/section/aside/div/ul/li[3]/ul/li[3]
2019-03-12 15:08:51,797 findelment.py--> get_element 20: INFO ----->定位方式:xpath--->定位值://input[@placeholder='请输入搜索关键字']
2019-03-12 15:08:52,931 findelment.py--> get_element 20: INFO ----->定位方式:xpath--->定位值://span[contains(text(),'查询')]
2019-03-12 15:08:55,031 findelment.py--> get_element 20: INFO ----->定位方式:xpath--->定位值://span[contains(text(),'专业软件')]/../../button[1]/span
2019-03-12 15:08:56,191 findelment.py--> get_element 20: INFO ----->定位方式:xpath--->定位值://span[contains(text(),'上颌STL')]/../following-sibling::input
2019-03-12 15:08:57,261 findelment.py--> get_element 20: INFO ----->定位方式:xpath--->定位值://span[contains(text(),'下颌STL')]/../following-sibling::input
2019-03-12 15:08:59,329 findelment.py--> get_element 20: INFO ----->定位方式:xpath--->定位值://span[contains(text(),'确认')]
2019-03-12 15:09:01,469 findelment.py--> get_element 20: INFO ----->定位方式:xpath--->定位值://tbody/tr[1]/td[1]/div/div
2019-03-12 15:09:02,565 findelment.py--> get_element 20: INFO ----->定位方式:xpath--->定位值://span[contains(text(),'完成')]
2019-03-12 15:09:03,665 findelment.py--> get_element 20: INFO ----->定位方式:selector--->定位值:body>div.el-message.el-message--success>p
2019-03-12 15:09:06,811 findelment.py--> get_element 20: INFO ----->定位方式:xpath--->定位值://*[@id="app"]/section/section/aside/div/ul/li[3]/ul/li[4]
2019-03-12 15:09:08,885 findelment.py--> get_element 20: INFO ----->定位方式:xpath--->定位值://input[@placeholder='请输入搜索关键字']
2019-03-12 15:09:10,033 findelment.py--> get_element 20: INFO ----->定位方式:xpath--->定位值://span[contains(text(),'查询')]
2019-03-12 15:09:12,129 findelment.py--> get_element 20: INFO ----->定位方式:xpath--->定位值://tbody/tr[1]/td[13]//span[contains(text(),'质检')]
2019-03-12 15:09:13,225 findelment.py--> get_element 20: INFO ----->定位方式:xpath--->定位值://div[@class="imgUpload"][1]//input
2019-03-12 15:09:14,286 findelment.py--> get_element 20: INFO ----->定位方式:xpath--->定位值://div[@class="imgUpload"][2]//input
2019-03-12 15:09:16,360 findelment.py--> get_element 20: INFO ----->定位方式:xpath--->定位值://span[contains(text(),'提交质检结果')]
2019-03-12 15:09:18,450 findelment.py--> get_element 20: INFO ----->定位方式:xpath--->定位值://tbody/tr[1]/td[9]
2019-03-12 15:09:21,595 findelment.py--> get_element 20: INFO ----->定位方式:xpath--->定位值://*[@id="app"]/section/section/aside/div/ul/li[3]/ul/li[5]
2019-03-12 15:09:23,668 findelment.py--> get_element 20: INFO ----->定位方式:xpath--->定位值://input[@placeholder='请输入搜索关键字']
2019-03-12 15:09:24,810 findelment.py--> get_element 20: INFO ----->定位方式:xpath--->定位值://span[contains(text(),'查询')]
2019-03-12 15:09:26,918 findelment.py--> get_element 20: INFO ----->定位方式:xpath--->定位值://tbody//span[contains(text(),'设计')]
2019-03-12 15:09:28,040 findelment.py--> get_element 20: INFO ----->定位方式:xpath--->定位值://span[contains(text(),'创建订单')]
2019-03-12 15:09:29,119 findelment.py--> get_element 20: INFO ----->定位方式:selector--->定位值:body>div.el-message.el-message--success>p
2019-03-12 15:09:32,272 findelment.py--> get_element 20: INFO ----->定位方式:xpath--->定位值://*[@id="app"]/section/section/aside/div/ul/li[3]/ul/li[6]
2019-03-12 15:09:34,361 findelment.py--> get_element 20: INFO ----->定位方式:xpath--->定位值://input[@placeholder='请输入搜索关键字']
2019-03-12 15:09:35,544 findelment.py--> get_element 20: INFO ----->定位方式:xpath--->定位值://span[contains(text(),'查询')]
2019-03-12 15:09:37,627 findelment.py--> get_element 20: INFO ----->定位方式:xpath--->定位值://tbody//span[contains(text(),'分配')]
2019-03-12 15:09:38,716 findelment.py--> get_element 20: INFO ----->定位方式:xpath--->定位值://span[contains(text(),'确认')]
2019-03-12 15:09:40,944 findelment.py--> get_element 20: INFO ----->定位方式:xpath--->定位值://tbody/tr[1]/td[1]/div/div
2019-03-12 15:09:42,107 findelment.py--> get_element 20: INFO ----->定位方式:xpath--->定位值://tbody//span[contains(text(),'处方')]
2019-03-12 15:09:46,396 findelment.py--> get_element 20: INFO ----->定位方式:xpath--->定位值://span[contains(text(),'查看更多')]
2019-03-12 15:09:51,766 findelment.py--> get_element 20: INFO ----->定位方式:xpath--->定位值://span[contains(text(),'临床说明')]
2019-03-12 15:09:59,150 findelment.py--> get_element 20: INFO ----->定位方式:xpath--->定位值://*[@id="app"]/section/section/aside/div/ul/li[3]/ul/li[7]
2019-03-12 15:10:01,227 findelment.py--> get_element 20: INFO ----->定位方式:xpath--->定位值://input[@placeholder='请输入搜索关键字']
2019-03-12 15:10:02,361 findelment.py--> get_element 20: INFO ----->定位方式:xpath--->定位值://span[contains(text(),'查询')]
2019-03-12 15:10:04,469 findelment.py--> get_element 20: INFO ----->定位方式:xpath--->定位值://tbody//span[contains(text(),'指派订单')]
2019-03-12 15:10:05,569 findelment.py--> get_element 20: INFO ----->定位方式:xpath--->定位值://span[contains(text(),'确认')]
2019-03-12 15:10:06,668 findelment.py--> get_element 20: INFO ----->定位方式:xpath--->定位值://tbody/tr[1]/td[1]/div/div
2019-03-12 15:10:07,803 findelment.py--> get_element 20: INFO ----->定位方式:xpath--->定位值://span[contains(text(),'查询')]
2019-03-12 15:10:08,856 findelment.py--> get_element 20: INFO ----->定位方式:xpath--->定位值://tbody//span[contains(text(),'审核通过')]
2019-03-12 15:10:09,931 findelment.py--> get_element 20: INFO ----->定位方式:selector--->定位值:body>div.el-message.el-message--success>p
2019-03-12 15:10:13,094 findelment.py--> get_element 20: INFO ----->定位方式:xpath--->定位值://*[@id="app"]/section/section/aside/div/ul/li[3]/ul/li[8]
2019-03-12 15:10:15,158 findelment.py--> get_element 20: INFO ----->定位方式:xpath--->定位值://input[@placeholder='请输入搜索关键字']
2019-03-12 15:10:16,297 findelment.py--> get_element 20: INFO ----->定位方式:xpath--->定位值://span[contains(text(),'查询')]
2019-03-12 15:10:18,435 findelment.py--> get_element 20: INFO ----->定位方式:xpath--->定位值://tbody//span[contains(text(),'指派订单')]
2019-03-12 15:10:19,535 findelment.py--> get_element 20: INFO ----->定位方式:xpath--->定位值://span[contains(text(),'确认')]
2019-03-12 15:10:20,794 findelment.py--> get_element 20: INFO ----->定位方式:xpath--->定位值://tbody/tr[1]/td[1]/div/div
2019-03-12 15:10:21,939 findelment.py--> get_element 20: INFO ----->定位方式:xpath--->定位值://span[contains(text(),'查询')]
2019-03-12 15:10:23,001 findelment.py--> get_element 20: INFO ----->定位方式:xpath--->定位值://tbody//span[contains(text(),'审核通过')]
2019-03-12 15:10:24,077 findelment.py--> get_element 20: INFO ----->定位方式:selector--->定位值:body>div.el-message.el-message--success>p
2019-03-12 15:10:27,225 findelment.py--> get_element 20: INFO ----->定位方式:xpath--->定位值://*[@id="app"]/section/section/aside/div/ul/li[3]/ul/li[9]
2019-03-12 15:10:29,297 findelment.py--> get_element 20: INFO ----->定位方式:xpath--->定位值://input[@placeholder='请输入搜索关键字']
2019-03-12 15:10:30,467 findelment.py--> get_element 20: INFO ----->定位方式:xpath--->定位值://span[contains(text(),'查询')]
2019-03-12 15:10:32,544 findelment.py--> get_element 20: INFO ----->定位方式:xpath--->定位值://tbody//span[contains(text(),'指派订单')]
2019-03-12 15:10:38,634 findelment.py--> get_element 20: INFO ----->定位方式:xpath--->定位值://span[contains(text(),'确认')]
2019-03-12 15:10:44,714 findelment.py--> get_element 20: INFO ----->定位方式:xpath--->定位值://tbody//span[contains(text(),'审核通过')]
2019-03-12 15:10:46,967 findelment.py--> get_element 20: INFO ----->定位方式:xpath--->定位值://*[@id="app"]/section/section/aside/div/ul/li[3]/ul/li[5]
2019-03-12 15:10:49,165 findelment.py--> get_element 20: INFO ----->定位方式:xpath--->定位值://*[@id="app"]/section/section/aside/div/ul/li[3]/ul/li[10]
2019-03-12 15:10:51,383 findelment.py--> get_element 20: INFO ----->定位方式:xpath--->定位值://*[@id="app"]/section/section/aside/div/ul/li[3]/ul/li[11]
2019-03-12 15:10:53,575 findelment.py--> get_element 20: INFO ----->定位方式:xpath--->定位值://*[@id="app"]/section/section/aside/div/ul/li[3]/ul/li[12]
2019-03-12 15:10:56,788 findelment.py--> get_element 20: INFO ----->定位方式:xpath--->定位值://*[@id="app"]/section/section/aside/div/ul/li[4]/div
2019-03-12 15:10:58,985 findelment.py--> get_element 20: INFO ----->定位方式:xpath--->定位值://*[@id="app"]/section/section/aside/div/ul/li[3]/ul/li[13]
2019-03-12 15:11:01,185 findelment.py--> get_element 20: INFO ----->定位方式:xpath--->定位值://*[@id="app"]/section/section/aside/div/ul/li[3]/ul/li[14]
2019-03-12 15:11:03,419 findelment.py--> get_element 20: INFO ----->定位方式:xpath--->定位值://*[@id="app"]/section/section/aside/div/ul/li[3]/ul/li[15]
2019-03-12 15:11:10,271 send_email.py--> _attach_file 20: INFO ----->attach file D:\po_owens_write\report\first_case.html
2019-03-12 15:11:14,491 send_email.py--> send 20: INFO ----->发送邮件"ERP测试报告"成功! 收件人：825651673@qq.com。如果没有收到邮件，请检查垃圾箱，同时检查收件人地址是否正确
2019-03-12 15:14:19,546 findelment.py--> get_element 20: INFO ----->定位方式:xpath--->定位值://input[@id="account"]
2019-03-12 15:14:19,706 findelment.py--> get_element 20: INFO ----->定位方式:xpath--->定位值://input[@id="password"]
2019-03-12 15:14:19,820 findelment.py--> get_element 20: INFO ----->定位方式:xpath--->定位值://button[@id="btn_login"]
2019-03-12 15:14:22,913 findelment.py--> get_element 20: INFO ----->定位方式:xpath--->定位值://button[@id="add-new"]
2019-03-12 15:14:24,999 findelment.py--> get_element 20: INFO ----->定位方式:xpath--->定位值://input[@id="patientName"]
2019-03-12 15:14:25,193 findelment.py--> get_element 20: INFO ----->定位方式:xpath--->定位值://div[@name="patientSex"][2]
2019-03-12 15:14:25,295 findelment.py--> get_element 20: INFO ----->定位方式:xpath--->定位值://select[@id="birthdayYear"]
2019-03-12 15:14:25,410 findelment.py--> get_element 20: INFO ----->定位方式:xpath--->定位值://select[@id="birthdayMonth"]
2019-03-12 15:14:25,526 findelment.py--> get_element 20: INFO ----->定位方式:xpath--->定位值://select[@id="birthdayDate"]
2019-03-12 15:14:25,646 findelment.py--> get_element 20: INFO ----->定位方式:xpath--->定位值://input[@id="patientTel"]
2019-03-12 15:14:25,794 findelment.py--> get_element 20: INFO ----->定位方式:xpath--->定位值://select[@id="hospital"]
2019-03-12 15:14:25,908 findelment.py--> get_element 20: INFO ----->定位方式:xpath--->定位值://button[@type="button"][3]
2019-03-12 15:14:28,014 findelment.py--> get_element 20: INFO ----->定位方式:xpath--->定位值://input[@id="45Profile"]
2019-03-12 15:14:28,066 findelment.py--> get_element 20: INFO ----->定位方式:xpath--->定位值://input[@id="FrontalRepose"]
2019-03-12 15:14:28,154 findelment.py--> get_element 20: INFO ----->定位方式:xpath--->定位值://input[@id="FrontalSmile"]
2019-03-12 15:14:28,239 findelment.py--> get_element 20: INFO ----->定位方式:xpath--->定位值://input[@id="Profile"]
2019-03-12 15:14:28,358 findelment.py--> get_element 20: INFO ----->定位方式:xpath--->定位值://input[@id="Upper"]
2019-03-12 15:14:28,488 findelment.py--> get_element 20: INFO ----->定位方式:xpath--->定位值://input[@id="Left"]
2019-03-12 15:14:28,595 findelment.py--> get_element 20: INFO ----->定位方式:xpath--->定位值://input[@id="Lower"]
2019-03-12 15:14:28,673 findelment.py--> get_element 20: INFO ----->定位方式:xpath--->定位值://input[@id="Anterior"]
2019-03-12 15:14:28,758 findelment.py--> get_element 20: INFO ----->定位方式:xpath--->定位值://input[@id="Right"]
2019-03-12 15:14:28,840 findelment.py--> get_element 20: INFO ----->定位方式:xpath--->定位值://input[@id="Cephalometric"]
2019-03-12 15:14:28,916 findelment.py--> get_element 20: INFO ----->定位方式:xpath--->定位值://input[@id="Panoramic"]
2019-03-12 15:14:31,024 findelment.py--> get_element 20: INFO ----->定位方式:xpath--->定位值://button[@type="button"][3]
2019-03-12 15:14:33,109 findelment.py--> get_element 20: INFO ----->定位方式:xpath--->定位值://div[@class="m-wrapper"][1]/div[1]/div[1]/div[1]
2019-03-12 15:14:33,179 findelment.py--> get_element 20: INFO ----->定位方式:xpath--->定位值://*[@id="step3"]/div[2]/div/div[1]/ul/li[1]/div/ins
2019-03-12 15:14:33,248 findelment.py--> get_element 20: INFO ----->定位方式:xpath--->定位值://*[@id="step3"]/div[2]/div/div[2]/ul/li[1]/div/ins
2019-03-12 15:14:33,322 findelment.py--> get_element 20: INFO ----->定位方式:xpath--->定位值://button[@type="button"][3]
2019-03-12 15:14:34,414 findelment.py--> get_element 20: INFO ----->定位方式:xpath--->定位值://input[@id="unexpress"]/following-sibling::ins
2019-03-12 15:14:34,516 findelment.py--> get_element 20: INFO ----->定位方式:xpath--->定位值://button[@type="button"][4]
2019-03-12 15:14:37,603 findelment.py--> get_element 20: INFO ----->定位方式:xpath--->定位值:/html/body/div[1]/div[2]/table/tbody/tr[2]/td[1]
2019-03-12 15:14:39,690 findelment.py--> get_element 20: INFO ----->定位方式:xpath--->定位值://table/tbody/tr[2]/td/table/tbody/tr[2]/td[2]
2019-03-12 15:14:39,743 findelment.py--> get_element 20: INFO ----->定位方式:xpath--->定位值:/html/body/div[1]/div[2]/div[1]/table/tbody/tr[1]/td[2]
2019-03-12 15:15:04,437 findelment.py--> get_element 20: INFO ----->定位方式:xpath--->定位值://*[@id="login"]/div/div[2]/ul/li[1]/input
2019-03-12 15:15:04,596 findelment.py--> get_element 20: INFO ----->定位方式:xpath--->定位值://input[@placeholder='请输入密码']
2019-03-12 15:15:04,713 findelment.py--> get_element 20: INFO ----->定位方式:xpath--->定位值://button[contains(text(),'登录')]
2019-03-12 15:15:05,852 findelment.py--> get_element 20: INFO ----->定位方式:selector--->定位值:body>div.el-message.el-message--success>p
2019-03-12 15:15:09,014 findelment.py--> get_element 20: INFO ----->定位方式:xpath--->定位值://*[@id="app"]/section/section/aside/div/ul/li[3]/div
2019-03-12 15:15:10,096 findelment.py--> get_element 20: INFO ----->定位方式:xpath--->定位值://*[@id="app"]/section/section/aside/div/ul/li[3]/ul/li[1]
2019-03-12 15:15:12,175 findelment.py--> get_element 20: INFO ----->定位方式:xpath--->定位值://button/span[contains(text(),'新增收货')]
2019-03-12 15:15:13,311 findelment.py--> get_element 20: INFO ----->定位方式:xpath--->定位值://span[contains(text(),'硅胶上颌')]
2019-03-12 15:15:13,421 findelment.py--> get_element 20: INFO ----->定位方式:xpath--->定位值://span[contains(text(),'硅胶下颌')]
2019-03-12 15:15:13,523 findelment.py--> get_element 20: INFO ----->定位方式:xpath--->定位值://input[@placeholder='请输入快递单号']
2019-03-12 15:15:13,713 findelment.py--> get_element 20: INFO ----->定位方式:xpath--->定位值://input[@placeholder='请选择物流来源']
2019-03-12 15:15:14,830 findelment.py--> get_element 20: INFO ----->定位方式:xpath--->定位值:/html/body/div[2]/div[1]/div[1]/ul/li[3]/span
2019-03-12 15:15:15,931 findelment.py--> get_element 20: INFO ----->定位方式:xpath--->定位值://div[@class="imgUpload"][1]//input
2019-03-12 15:15:17,029 findelment.py--> get_element 20: INFO ----->定位方式:xpath--->定位值://div[@class="imgUpload"][2]//input
2019-03-12 15:15:19,087 findelment.py--> get_element 20: INFO ----->定位方式:xpath--->定位值://span[contains(text(),'确认收货')]
2019-03-12 15:15:20,204 findelment.py--> get_element 20: INFO ----->定位方式:xpath--->定位值://tbody/tr[1]/td[1]/div/div
2019-03-12 15:15:23,277 findelment.py--> get_element 20: INFO ----->定位方式:xpath--->定位值://*[@id="app"]/section/section/aside/div/ul/li[3]/ul/li[2]
2019-03-12 15:15:25,357 findelment.py--> get_element 20: INFO ----->定位方式:xpath--->定位值://input[@placeholder='请输入搜索关键字']
2019-03-12 15:15:27,573 findelment.py--> get_element 20: INFO ----->定位方式:xpath--->定位值://span[contains(text(),'查询')]
2019-03-12 15:15:29,677 findelment.py--> get_element 20: INFO ----->定位方式:xpath--->定位值://tbody/tr[1]/td[16]//span[contains(text(),'匹配')]/../../button[3]/span
2019-03-12 15:15:30,795 findelment.py--> get_element 20: INFO ----->定位方式:xpath--->定位值://input[@placeholder="请填写病例号"]
2019-03-12 15:15:30,971 findelment.py--> get_element 20: INFO ----->定位方式:xpath--->定位值://input[@placeholder="请选择档案"]
2019-03-12 15:15:33,065 findelment.py--> get_element 20: INFO ----->定位方式:xpath--->定位值://div[@class="centerDiv"]/button/span
2019-03-12 15:15:34,163 findelment.py--> get_element 20: INFO ----->定位方式:selector--->定位值:body>div.el-message.el-message--success>p
2019-03-12 15:15:34,209 findelment.py--> get_element 20: INFO ----->定位方式:selector--->定位值:body>div.el-message.el-message--success>p
2019-03-12 15:15:37,353 findelment.py--> get_element 20: INFO ----->定位方式:xpath--->定位值://*[@id="app"]/section/section/aside/div/ul/li[3]/ul/li[3]
2019-03-12 15:15:39,452 findelment.py--> get_element 20: INFO ----->定位方式:xpath--->定位值://input[@placeholder='请输入搜索关键字']
2019-03-12 15:15:40,632 findelment.py--> get_element 20: INFO ----->定位方式:xpath--->定位值://span[contains(text(),'查询')]
2019-03-12 15:15:42,743 findelment.py--> get_element 20: INFO ----->定位方式:xpath--->定位值://span[contains(text(),'专业软件')]/../../button[1]/span
2019-03-12 15:15:43,832 findelment.py--> get_element 20: INFO ----->定位方式:xpath--->定位值://span[contains(text(),'上颌STL')]/../following-sibling::input
2019-03-12 15:15:44,891 findelment.py--> get_element 20: INFO ----->定位方式:xpath--->定位值://span[contains(text(),'下颌STL')]/../following-sibling::input
2019-03-12 15:15:46,964 findelment.py--> get_element 20: INFO ----->定位方式:xpath--->定位值://span[contains(text(),'确认')]
2019-03-12 15:15:49,039 findelment.py--> get_element 20: INFO ----->定位方式:xpath--->定位值://tbody/tr[1]/td[1]/div/div
2019-03-12 15:15:50,141 findelment.py--> get_element 20: INFO ----->定位方式:xpath--->定位值://span[contains(text(),'完成')]
2019-03-12 15:15:51,231 findelment.py--> get_element 20: INFO ----->定位方式:selector--->定位值:body>div.el-message.el-message--success>p
2019-03-12 15:15:54,370 findelment.py--> get_element 20: INFO ----->定位方式:xpath--->定位值://*[@id="app"]/section/section/aside/div/ul/li[3]/ul/li[4]
2019-03-12 15:15:56,481 findelment.py--> get_element 20: INFO ----->定位方式:xpath--->定位值://input[@placeholder='请输入搜索关键字']
2019-03-12 15:15:57,725 findelment.py--> get_element 20: INFO ----->定位方式:xpath--->定位值://span[contains(text(),'查询')]
2019-03-12 15:15:59,819 findelment.py--> get_element 20: INFO ----->定位方式:xpath--->定位值://tbody/tr[1]/td[13]//span[contains(text(),'质检')]
2019-03-12 15:16:00,915 findelment.py--> get_element 20: INFO ----->定位方式:xpath--->定位值://div[@class="imgUpload"][1]//input
2019-03-12 15:16:01,974 findelment.py--> get_element 20: INFO ----->定位方式:xpath--->定位值://div[@class="imgUpload"][2]//input
2019-03-12 15:16:04,032 findelment.py--> get_element 20: INFO ----->定位方式:xpath--->定位值://span[contains(text(),'提交质检结果')]
2019-03-12 15:16:06,148 findelment.py--> get_element 20: INFO ----->定位方式:xpath--->定位值://tbody/tr[1]/td[9]
2019-03-12 15:16:09,333 findelment.py--> get_element 20: INFO ----->定位方式:xpath--->定位值://*[@id="app"]/section/section/aside/div/ul/li[3]/ul/li[5]
2019-03-12 15:16:11,441 findelment.py--> get_element 20: INFO ----->定位方式:xpath--->定位值://input[@placeholder='请输入搜索关键字']
2019-03-12 15:16:12,641 findelment.py--> get_element 20: INFO ----->定位方式:xpath--->定位值://span[contains(text(),'查询')]
2019-03-12 15:16:14,752 findelment.py--> get_element 20: INFO ----->定位方式:xpath--->定位值://tbody//span[contains(text(),'设计')]
2019-03-12 15:16:15,869 findelment.py--> get_element 20: INFO ----->定位方式:xpath--->定位值://span[contains(text(),'创建订单')]
2019-03-12 15:16:16,952 findelment.py--> get_element 20: INFO ----->定位方式:selector--->定位值:body>div.el-message.el-message--success>p
2019-03-12 15:16:20,126 findelment.py--> get_element 20: INFO ----->定位方式:xpath--->定位值://*[@id="app"]/section/section/aside/div/ul/li[3]/ul/li[6]
2019-03-12 15:16:22,201 findelment.py--> get_element 20: INFO ----->定位方式:xpath--->定位值://input[@placeholder='请输入搜索关键字']
2019-03-12 15:16:23,381 findelment.py--> get_element 20: INFO ----->定位方式:xpath--->定位值://span[contains(text(),'查询')]
2019-03-12 15:16:25,485 findelment.py--> get_element 20: INFO ----->定位方式:xpath--->定位值://tbody//span[contains(text(),'分配')]
2019-03-12 15:16:26,572 findelment.py--> get_element 20: INFO ----->定位方式:xpath--->定位值://span[contains(text(),'确认')]
2019-03-12 15:16:28,848 findelment.py--> get_element 20: INFO ----->定位方式:xpath--->定位值://tbody/tr[1]/td[1]/div/div
2019-03-12 15:16:30,009 findelment.py--> get_element 20: INFO ----->定位方式:xpath--->定位值://tbody//span[contains(text(),'处方')]
2019-03-12 15:16:34,253 findelment.py--> get_element 20: INFO ----->定位方式:xpath--->定位值://span[contains(text(),'查看更多')]
2019-03-12 15:16:39,623 findelment.py--> get_element 20: INFO ----->定位方式:xpath--->定位值://span[contains(text(),'临床说明')]
2019-03-12 15:16:47,010 findelment.py--> get_element 20: INFO ----->定位方式:xpath--->定位值://*[@id="app"]/section/section/aside/div/ul/li[3]/ul/li[7]
2019-03-12 15:16:49,086 findelment.py--> get_element 20: INFO ----->定位方式:xpath--->定位值://input[@placeholder='请输入搜索关键字']
2019-03-12 15:16:50,257 findelment.py--> get_element 20: INFO ----->定位方式:xpath--->定位值://span[contains(text(),'查询')]
2019-03-12 15:16:52,353 findelment.py--> get_element 20: INFO ----->定位方式:xpath--->定位值://tbody//span[contains(text(),'指派订单')]
2019-03-12 15:16:53,449 findelment.py--> get_element 20: INFO ----->定位方式:xpath--->定位值://span[contains(text(),'确认')]
2019-03-12 15:16:54,553 findelment.py--> get_element 20: INFO ----->定位方式:xpath--->定位值://tbody/tr[1]/td[1]/div/div
2019-03-12 15:16:55,675 findelment.py--> get_element 20: INFO ----->定位方式:xpath--->定位值://span[contains(text(),'查询')]
2019-03-12 15:16:56,760 findelment.py--> get_element 20: INFO ----->定位方式:xpath--->定位值://tbody//span[contains(text(),'审核通过')]
2019-03-12 15:16:57,864 findelment.py--> get_element 20: INFO ----->定位方式:selector--->定位值:body>div.el-message.el-message--success>p
2019-03-12 15:17:01,021 findelment.py--> get_element 20: INFO ----->定位方式:xpath--->定位值://*[@id="app"]/section/section/aside/div/ul/li[3]/ul/li[8]
2019-03-12 15:17:03,156 findelment.py--> get_element 20: INFO ----->定位方式:xpath--->定位值://input[@placeholder='请输入搜索关键字']
2019-03-12 15:17:04,800 findelment.py--> get_element 20: INFO ----->定位方式:xpath--->定位值://span[contains(text(),'查询')]
2019-03-12 15:17:06,920 findelment.py--> get_element 20: INFO ----->定位方式:xpath--->定位值://tbody//span[contains(text(),'指派订单')]
2019-03-12 15:17:08,001 findelment.py--> get_element 20: INFO ----->定位方式:xpath--->定位值://span[contains(text(),'确认')]
2019-03-12 15:17:09,237 findelment.py--> get_element 20: INFO ----->定位方式:xpath--->定位值://tbody/tr[1]/td[1]/div/div
2019-03-12 15:17:10,390 findelment.py--> get_element 20: INFO ----->定位方式:xpath--->定位值://span[contains(text(),'查询')]
2019-03-12 15:17:11,492 findelment.py--> get_element 20: INFO ----->定位方式:xpath--->定位值://tbody//span[contains(text(),'审核通过')]
2019-03-12 15:17:12,594 findelment.py--> get_element 20: INFO ----->定位方式:selector--->定位值:body>div.el-message.el-message--success>p
2019-03-12 15:17:15,745 findelment.py--> get_element 20: INFO ----->定位方式:xpath--->定位值://*[@id="app"]/section/section/aside/div/ul/li[3]/ul/li[9]
2019-03-12 15:17:17,834 findelment.py--> get_element 20: INFO ----->定位方式:xpath--->定位值://input[@placeholder='请输入搜索关键字']
2019-03-12 15:17:19,000 findelment.py--> get_element 20: INFO ----->定位方式:xpath--->定位值://span[contains(text(),'查询')]
2019-03-12 15:17:21,130 findelment.py--> get_element 20: INFO ----->定位方式:xpath--->定位值://tbody//span[contains(text(),'指派订单')]
2019-03-12 15:17:22,225 findelment.py--> get_element 20: INFO ----->定位方式:xpath--->定位值://span[contains(text(),'确认')]
2019-03-12 15:17:23,322 findelment.py--> get_element 20: INFO ----->定位方式:xpath--->定位值://tbody//span[contains(text(),'审核通过')]
2019-03-12 15:17:23,421 findelment.py--> get_element 20: INFO ----->定位方式:selector--->定位值:body>div.el-message.el-message--success>p
2019-03-12 15:17:25,572 findelment.py--> get_element 20: INFO ----->定位方式:xpath--->定位值://*[@id="app"]/section/section/aside/div/ul/li[3]/ul/li[5]
2019-03-12 15:17:30,060 findelment.py--> get_element 20: INFO ----->定位方式:xpath--->定位值://input[@placeholder='请输入搜索关键字']
2019-03-12 15:17:31,256 findelment.py--> get_element 20: INFO ----->定位方式:xpath--->定位值://span[contains(text(),'查询')]
2019-03-12 15:17:33,358 findelment.py--> get_element 20: INFO ----->定位方式:xpath--->定位值://tbody//span[contains(text(),'生产')]
2019-03-12 15:17:35,476 findelment.py--> get_element 20: INFO ----->定位方式:xpath--->定位值://input[@placeholder="请选择订单编号"]
2019-03-12 15:17:37,566 findelment.py--> get_element 20: INFO ----->定位方式:selector--->定位值:body > div.el-select-dropdown.el-popper > div.el-scrollbar > div.el-select-dropdown__wrap.el-scrollbar__wrap > ul > li > span
2019-03-12 15:17:37,645 findelment.py--> get_element 20: INFO ----->定位方式:xpath--->定位值://li[contains(text(),'上颌')]/following-sibling::li[1]/input[1]
2019-03-12 15:17:37,756 findelment.py--> get_element 20: INFO ----->定位方式:xpath--->定位值://li[contains(text(),'上颌')]/following-sibling::li[1]/input[2]
2019-03-12 15:17:37,838 findelment.py--> get_element 20: INFO ----->定位方式:xpath--->定位值://li[contains(text(),'下颌')]/following-sibling::li[1]/input[1]
2019-03-12 15:17:37,910 findelment.py--> get_element 20: INFO ----->定位方式:xpath--->定位值://li[contains(text(),'下颌')]/following-sibling::li[1]/input[2]
2019-03-12 15:17:39,982 findelment.py--> get_element 20: INFO ----->定位方式:xpath--->定位值://span[contains(text(),'确认下单')]
2019-03-12 15:17:41,074 findelment.py--> get_element 20: INFO ----->定位方式:xpath--->定位值://span[contains(text(),'确认下单')]
2019-03-12 15:17:42,147 findelment.py--> get_element 20: INFO ----->定位方式:selector--->定位值:body>div.el-message.el-message--success>p
2019-03-12 15:17:44,328 findelment.py--> get_element 20: INFO ----->定位方式:xpath--->定位值://*[@id="app"]/section/section/aside/div/ul/li[3]/ul/li[10]
2019-03-12 15:17:46,427 findelment.py--> get_element 20: INFO ----->定位方式:xpath--->定位值://input[@placeholder='请输入搜索关键字']
2019-03-12 15:17:47,624 findelment.py--> get_element 20: INFO ----->定位方式:xpath--->定位值://span[contains(text(),'查询')]
2019-03-12 15:17:48,764 findelment.py--> get_element 20: INFO ----->定位方式:xpath--->定位值://tbody/tr[1]/td[16]/div//span/span
2019-03-12 15:17:49,842 findelment.py--> get_element 20: INFO ----->定位方式:xpath--->定位值://button/span[contains(text(),"排产预览")]
2019-03-12 15:17:51,953 findelment.py--> get_element 20: INFO ----->定位方式:xpath--->定位值://input[@placeholder="请输入"]
2019-03-12 15:17:53,040 findelment.py--> get_element 20: INFO ----->定位方式:xpath--->定位值://button/span[contains(text(),"确认排产")]
2019-03-12 15:17:54,149 findelment.py--> get_element 20: INFO ----->定位方式:selector--->定位值:body>div.el-message.el-message--success>p
2019-03-12 15:17:56,382 findelment.py--> get_element 20: INFO ----->定位方式:xpath--->定位值://*[@id="app"]/section/section/aside/div/ul/li[3]/ul/li[11]
2019-03-12 15:17:58,492 findelment.py--> get_element 20: INFO ----->定位方式:xpath--->定位值://input[@placeholder='请输入搜索关键字']
2019-03-12 15:17:59,662 findelment.py--> get_element 20: INFO ----->定位方式:xpath--->定位值://span[contains(text(),'查询')]
2019-03-12 15:18:00,769 findelment.py--> get_element 20: INFO ----->定位方式:xpath--->定位值://tbody//span[contains(text(),'完成')]
2019-03-12 15:18:02,898 findelment.py--> get_element 20: INFO ----->定位方式:xpath--->定位值://input[@placeholder="请选择打印机"]
2019-03-12 15:18:04,020 findelment.py--> get_element 20: INFO ----->定位方式:xpath--->定位值://li/span[contains(text(),"打印机035")]
2019-03-12 15:18:05,130 findelment.py--> get_element 20: INFO ----->定位方式:xpath--->定位值://button/span[contains(text(),"确认")]
2019-03-12 15:18:06,219 findelment.py--> get_element 20: INFO ----->定位方式:selector--->定位值:body>div.el-message.el-message--success>p
2019-03-12 15:18:08,368 findelment.py--> get_element 20: INFO ----->定位方式:xpath--->定位值://*[@id="app"]/section/section/aside/div/ul/li[3]/ul/li[12]
2019-03-12 15:18:10,458 findelment.py--> get_element 20: INFO ----->定位方式:xpath--->定位值://input[@placeholder='请输入搜索关键字']
2019-03-12 15:18:11,627 findelment.py--> get_element 20: INFO ----->定位方式:xpath--->定位值://span[contains(text(),'查询')]
2019-03-12 15:18:12,718 findelment.py--> get_element 20: INFO ----->定位方式:xpath--->定位值://tbody//span[contains(text(),'完成')]
2019-03-12 15:18:13,793 findelment.py--> get_element 20: INFO ----->定位方式:xpath--->定位值://button/span[contains(text(),"确定")]
2019-03-12 15:18:14,878 findelment.py--> get_element 20: INFO ----->定位方式:selector--->定位值:body>div.el-message.el-message--success>p
2019-03-12 15:18:18,056 findelment.py--> get_element 20: INFO ----->定位方式:xpath--->定位值://*[@id="app"]/section/section/aside/div/ul/li[4]/div
2019-03-12 15:18:20,138 findelment.py--> get_element 20: INFO ----->定位方式:xpath--->定位值://*[@id="app"]/section/section/aside/div/ul/li[4]/ul/li[1]
2019-03-12 15:18:22,257 findelment.py--> get_element 20: INFO ----->定位方式:xpath--->定位值://input[@placeholder='请输入搜索关键字']
2019-03-12 15:18:23,439 findelment.py--> get_element 20: INFO ----->定位方式:xpath--->定位值://span[contains(text(),'查询')]
2019-03-12 15:18:24,544 findelment.py--> get_element 20: INFO ----->定位方式:xpath--->定位值://button/span[contains(text(),"质检")]
2019-03-12 15:18:25,658 findelment.py--> get_element 20: INFO ----->定位方式:xpath--->定位值://div[@id="tab-3"]
2019-03-12 15:18:26,740 findelment.py--> get_element 20: INFO ----->定位方式:xpath--->定位值://button/span[contains(text(),"确认")]
2019-03-12 15:18:27,810 findelment.py--> get_element 20: INFO ----->定位方式:selector--->定位值:body>div.el-message.el-message--success>p
2019-03-12 15:18:29,960 findelment.py--> get_element 20: INFO ----->定位方式:xpath--->定位值://*[@id="app"]/section/section/aside/div/ul/li[3]/ul/li[13]
2019-03-12 15:18:32,074 findelment.py--> get_element 20: INFO ----->定位方式:xpath--->定位值://input[@placeholder='请输入搜索关键字']
2019-03-12 15:18:33,261 findelment.py--> get_element 20: INFO ----->定位方式:xpath--->定位值://span[contains(text(),'查询')]
2019-03-12 15:18:34,371 findelment.py--> get_element 20: INFO ----->定位方式:xpath--->定位值://tbody//span[contains(text(),'完成')]
2019-03-12 15:18:35,484 findelment.py--> get_element 20: INFO ----->定位方式:xpath--->定位值://button/span[contains(text(),"确认入库")]
2019-03-12 15:18:36,567 findelment.py--> get_element 20: INFO ----->定位方式:selector--->定位值:body>div.el-message.el-message--success>p
2019-03-12 15:18:38,745 findelment.py--> get_element 20: INFO ----->定位方式:xpath--->定位值://*[@id="app"]/section/section/aside/div/ul/li[3]/ul/li[14]
2019-03-12 15:18:40,872 findelment.py--> get_element 20: INFO ----->定位方式:xpath--->定位值://input[@placeholder='请输入搜索关键字']
2019-03-12 15:18:42,054 findelment.py--> get_element 20: INFO ----->定位方式:xpath--->定位值://span[contains(text(),'查询')]
2019-03-12 15:18:44,163 findelment.py--> get_element 20: INFO ----->定位方式:xpath--->定位值://tbody//span[contains(text(),'发货')]
2019-03-12 15:18:45,272 findelment.py--> get_element 20: INFO ----->定位方式:xpath--->定位值://label[1]/span[1]/span
2019-03-12 15:18:46,371 findelment.py--> get_element 20: INFO ----->定位方式:xpath--->定位值://button/span[contains(text(),"确认")]
2019-03-12 15:18:47,482 findelment.py--> get_element 20: INFO ----->定位方式:selector--->定位值:body>div.el-message.el-message--success>p
2019-03-12 15:18:49,645 findelment.py--> get_element 20: INFO ----->定位方式:xpath--->定位值://*[@id="app"]/section/section/aside/div/ul/li[3]/ul/li[15]
2019-03-12 15:18:51,723 findelment.py--> get_element 20: INFO ----->定位方式:xpath--->定位值://input[@placeholder='请输入搜索关键字']
2019-03-12 15:18:52,880 findelment.py--> get_element 20: INFO ----->定位方式:xpath--->定位值://span[contains(text(),'查询')]
2019-03-12 15:18:54,981 findelment.py--> get_element 20: INFO ----->定位方式:xpath--->定位值://tbody//span[contains(text(),'邮寄')]
2019-03-12 15:18:56,072 findelment.py--> get_element 20: INFO ----->定位方式:xpath--->定位值://input[@placeholder="请填写快递单号"]
2019-03-12 15:18:57,223 findelment.py--> get_element 20: INFO ----->定位方式:xpath--->定位值://input[@placeholder="请填写快递单号"]/../../following-sibling::div//span
2019-03-12 15:18:58,339 findelment.py--> get_element 20: INFO ----->定位方式:xpath--->定位值://tbody//span[contains(text(),'确认')]
2019-03-12 15:19:00,453 findelment.py--> get_element 20: INFO ----->定位方式:xpath--->定位值://button/span[contains(text(),"确认发货")]
2019-03-12 15:19:01,554 findelment.py--> get_element 20: INFO ----->定位方式:selector--->定位值:body>div.el-message.el-message--success>p
2019-03-12 15:19:09,321 send_email.py--> _attach_file 20: INFO ----->attach file D:\po_owens_write\report\first_case.html
2019-03-12 15:19:11,000 send_email.py--> send 20: INFO ----->发送邮件"ERP测试报告"成功! 收件人：825651673@qq.com。如果没有收到邮件，请检查垃圾箱，同时检查收件人地址是否正确
