2019-03-06 09:40:57,422 findelment.py--> get_element 20: INFO ----->定位方式:xpath--->定位值://input[@id="account"]
2019-03-06 09:40:57,519 findelment.py--> get_element 20: INFO ----->定位方式:xpath--->定位值://input[@id="password"]
2019-03-06 09:40:57,587 findelment.py--> get_element 20: INFO ----->定位方式:xpath--->定位值://button[@id="btn_login"]
2019-03-06 09:41:00,655 findelment.py--> get_element 20: INFO ----->定位方式:xpath--->定位值://button[@id="add-new"]
2019-03-06 09:41:02,725 findelment.py--> get_element 20: INFO ----->定位方式:xpath--->定位值://input[@id="patientName"]
2019-03-06 09:41:02,837 findelment.py--> get_element 20: INFO ----->定位方式:xpath--->定位值://div[@name="patientSex"][2]
2019-03-06 09:41:02,903 findelment.py--> get_element 20: INFO ----->定位方式:xpath--->定位值://select[@id="birthdayYear"]
2019-03-06 09:41:02,975 findelment.py--> get_element 20: INFO ----->定位方式:xpath--->定位值://select[@id="birthdayMonth"]
2019-03-06 09:41:03,052 findelment.py--> get_element 20: INFO ----->定位方式:xpath--->定位值://select[@id="birthdayDate"]
2019-03-06 09:41:03,135 findelment.py--> get_element 20: INFO ----->定位方式:xpath--->定位值://input[@id="patientTel"]
2019-03-06 09:41:03,230 findelment.py--> get_element 20: INFO ----->定位方式:xpath--->定位值://select[@id="hospital"]
2019-03-06 09:41:03,305 findelment.py--> get_element 20: INFO ----->定位方式:xpath--->定位值://button[@type="button"][3]
2019-03-06 09:41:05,391 findelment.py--> get_element 20: INFO ----->定位方式:xpath--->定位值://input[@id="45Profile"]
2019-03-06 09:41:05,437 findelment.py--> get_element 20: INFO ----->定位方式:xpath--->定位值://input[@id="FrontalRepose"]
2019-03-06 09:41:05,519 findelment.py--> get_element 20: INFO ----->定位方式:xpath--->定位值://input[@id="FrontalSmile"]
2019-03-06 09:41:05,606 findelment.py--> get_element 20: INFO ----->定位方式:xpath--->定位值://input[@id="Profile"]
2019-03-06 09:41:05,682 findelment.py--> get_element 20: INFO ----->定位方式:xpath--->定位值://input[@id="Upper"]
2019-03-06 09:41:05,762 findelment.py--> get_element 20: INFO ----->定位方式:xpath--->定位值://input[@id="Left"]
2019-03-06 09:41:05,821 findelment.py--> get_element 20: INFO ----->定位方式:xpath--->定位值://input[@id="Lower"]
2019-03-06 09:41:05,924 findelment.py--> get_element 20: INFO ----->定位方式:xpath--->定位值://input[@id="Anterior"]
2019-03-06 09:41:05,998 findelment.py--> get_element 20: INFO ----->定位方式:xpath--->定位值://input[@id="Right"]
2019-03-06 09:41:06,067 findelment.py--> get_element 20: INFO ----->定位方式:xpath--->定位值://input[@id="Cephalometric"]
2019-03-06 09:41:06,131 findelment.py--> get_element 20: INFO ----->定位方式:xpath--->定位值://input[@id="Panoramic"]
2019-03-06 09:41:08,235 findelment.py--> get_element 20: INFO ----->定位方式:xpath--->定位值://button[@type="button"][3]
2019-03-06 09:41:10,308 findelment.py--> get_element 20: INFO ----->定位方式:xpath--->定位值://div[@class="m-wrapper"][1]/div[1]/div[1]/div[1]
2019-03-06 09:41:10,403 findelment.py--> get_element 20: INFO ----->定位方式:xpath--->定位值://*[@id="step3"]/div[2]/div/div[1]/ul/li[1]/div/ins
2019-03-06 09:41:10,463 findelment.py--> get_element 20: INFO ----->定位方式:xpath--->定位值://*[@id="step3"]/div[2]/div/div[2]/ul/li[1]/div/ins
2019-03-06 09:41:10,533 findelment.py--> get_element 20: INFO ----->定位方式:xpath--->定位值://button[@type="button"][3]
2019-03-06 09:41:11,639 findelment.py--> get_element 20: INFO ----->定位方式:xpath--->定位值://input[@id="unexpress"]/following-sibling::ins
2019-03-06 09:41:11,766 findelment.py--> get_element 20: INFO ----->定位方式:xpath--->定位值://button[@type="button"][4]
2019-03-06 09:41:14,855 findelment.py--> get_element 20: INFO ----->定位方式:xpath--->定位值:/html/body/div[1]/div[2]/table/tbody/tr[2]/td[1]
2019-03-06 09:41:16,944 findelment.py--> get_element 20: INFO ----->定位方式:xpath--->定位值://table/tbody/tr[2]/td/table/tbody/tr[2]/td[2]
2019-03-06 09:41:17,024 findelment.py--> get_element 20: INFO ----->定位方式:xpath--->定位值:/html/body/div[1]/div[2]/div[1]/table/tbody/tr[1]/td[2]
2019-03-06 09:41:23,335 findelment.py--> get_element 20: INFO ----->定位方式:xpath--->定位值://*[@id="login"]/div/div[2]/ul/li[1]/input
2019-03-06 09:41:23,420 findelment.py--> get_element 20: INFO ----->定位方式:xpath--->定位值://input[@placeholder='请输入密码']
2019-03-06 09:41:23,478 findelment.py--> get_element 20: INFO ----->定位方式:xpath--->定位值://button[contains(text(),'登录')]
2019-03-06 09:41:24,578 findelment.py--> get_element 20: INFO ----->定位方式:selector--->定位值:body>div.el-message.el-message--success>p
2019-03-06 09:41:27,758 findelment.py--> get_element 20: INFO ----->定位方式:xpath--->定位值://*[@id="app"]/section/section/aside/div/ul/li[3]/div
2019-03-06 09:41:28,820 findelment.py--> get_element 20: INFO ----->定位方式:xpath--->定位值://*[@id="app"]/section/section/aside/div/ul/li[3]/ul/li[1]
2019-03-06 09:41:30,873 findelment.py--> get_element 20: INFO ----->定位方式:xpath--->定位值://button/span[contains(text(),'新增收货')]
2019-03-06 09:41:31,977 findelment.py--> get_element 20: INFO ----->定位方式:xpath--->定位值://span[contains(text(),'硅胶上颌')]
2019-03-06 09:41:32,058 findelment.py--> get_element 20: INFO ----->定位方式:xpath--->定位值://span[contains(text(),'硅胶下颌')]
2019-03-06 09:41:32,128 findelment.py--> get_element 20: INFO ----->定位方式:xpath--->定位值://input[@placeholder='请输入快递单号']
2019-03-06 09:41:32,274 findelment.py--> get_element 20: INFO ----->定位方式:xpath--->定位值://input[@placeholder='请选择物流来源']
2019-03-06 09:41:33,364 findelment.py--> get_element 20: INFO ----->定位方式:xpath--->定位值:/html/body/div[2]/div[1]/div[1]/ul/li[3]/span
2019-03-06 09:41:34,460 findelment.py--> get_element 20: INFO ----->定位方式:xpath--->定位值://div[@class="imgUpload"][1]//input
2019-03-06 09:41:35,557 findelment.py--> get_element 20: INFO ----->定位方式:xpath--->定位值://div[@class="imgUpload"][2]//input
2019-03-06 09:41:37,646 findelment.py--> get_element 20: INFO ----->定位方式:xpath--->定位值://span[contains(text(),'确认收货')]
2019-03-06 09:41:38,756 findelment.py--> get_element 20: INFO ----->定位方式:xpath--->定位值://tbody/tr[1]/td[1]/div/div
2019-03-06 09:41:41,788 findelment.py--> get_element 20: INFO ----->定位方式:xpath--->定位值://*[@id="app"]/section/section/aside/div/ul/li[3]/ul/li[2]
2019-03-06 09:41:43,889 findelment.py--> get_element 20: INFO ----->定位方式:xpath--->定位值://input[@placeholder='请输入搜索关键字']
2019-03-06 09:41:46,095 findelment.py--> get_element 20: INFO ----->定位方式:xpath--->定位值://span[contains(text(),'查询')]
2019-03-06 09:41:48,213 findelment.py--> get_element 20: INFO ----->定位方式:xpath--->定位值://tbody/tr[1]/td[16]//span[contains(text(),'匹配')]/../../button[3]/span
2019-03-06 09:41:49,320 findelment.py--> get_element 20: INFO ----->定位方式:xpath--->定位值://input[@placeholder="请填写病例号"]
2019-03-06 09:41:49,488 findelment.py--> get_element 20: INFO ----->定位方式:xpath--->定位值://input[@placeholder="请选择档案"]
2019-03-06 09:41:51,578 findelment.py--> get_element 20: INFO ----->定位方式:xpath--->定位值://div[@class="centerDiv"]/button/span
2019-03-06 09:41:52,706 findelment.py--> get_element 20: INFO ----->定位方式:selector--->定位值:body>div.el-message.el-message--success>p
2019-03-06 09:41:52,753 findelment.py--> get_element 20: INFO ----->定位方式:selector--->定位值:body>div.el-message.el-message--success>p
2019-03-06 09:41:55,839 findelment.py--> get_element 20: INFO ----->定位方式:xpath--->定位值://*[@id="app"]/section/section/aside/div/ul/li[3]/ul/li[3]
2019-03-06 09:41:57,923 findelment.py--> get_element 20: INFO ----->定位方式:xpath--->定位值://input[@placeholder='请输入搜索关键字']
2019-03-06 09:41:59,061 findelment.py--> get_element 20: INFO ----->定位方式:xpath--->定位值://span[contains(text(),'查询')]
2019-03-06 09:42:01,143 findelment.py--> get_element 20: INFO ----->定位方式:xpath--->定位值://span[contains(text(),'专业软件')]/../../button[1]/span
2019-03-06 09:42:02,214 findelment.py--> get_element 20: INFO ----->定位方式:xpath--->定位值://span[contains(text(),'上颌STL')]/../following-sibling::input
2019-03-06 09:42:03,295 findelment.py--> get_element 20: INFO ----->定位方式:xpath--->定位值://span[contains(text(),'下颌STL')]/../following-sibling::input
2019-03-06 09:42:05,394 findelment.py--> get_element 20: INFO ----->定位方式:xpath--->定位值://span[contains(text(),'确认')]
2019-03-06 09:42:07,473 findelment.py--> get_element 20: INFO ----->定位方式:xpath--->定位值://tbody/tr[1]/td[1]/div/div
2019-03-06 09:42:08,604 findelment.py--> get_element 20: INFO ----->定位方式:xpath--->定位值://span[contains(text(),'完成')]
2019-03-06 09:42:09,694 findelment.py--> get_element 20: INFO ----->定位方式:selector--->定位值:body>div.el-message.el-message--success>p
2019-03-06 09:42:12,840 findelment.py--> get_element 20: INFO ----->定位方式:xpath--->定位值://*[@id="app"]/section/section/aside/div/ul/li[3]/ul/li[4]
2019-03-06 09:42:14,939 findelment.py--> get_element 20: INFO ----->定位方式:xpath--->定位值://input[@placeholder='请输入搜索关键字']
2019-03-06 09:42:16,157 findelment.py--> get_element 20: INFO ----->定位方式:xpath--->定位值://span[contains(text(),'查询')]
2019-03-06 09:42:18,265 findelment.py--> get_element 20: INFO ----->定位方式:xpath--->定位值://tbody/tr[1]/td[13]//span[contains(text(),'质检')]
2019-03-06 09:42:19,379 findelment.py--> get_element 20: INFO ----->定位方式:xpath--->定位值://div[@class="imgUpload"][1]//input
2019-03-06 09:42:20,447 findelment.py--> get_element 20: INFO ----->定位方式:xpath--->定位值://div[@class="imgUpload"][2]//input
2019-03-06 09:42:22,555 findelment.py--> get_element 20: INFO ----->定位方式:xpath--->定位值://span[contains(text(),'提交质检结果')]
2019-03-06 09:42:24,663 findelment.py--> get_element 20: INFO ----->定位方式:xpath--->定位值://tbody/tr[1]/td[9]
2019-03-06 09:42:27,766 findelment.py--> get_element 20: INFO ----->定位方式:xpath--->定位值://*[@id="app"]/section/section/aside/div/ul/li[3]/ul/li[5]
2019-03-06 09:42:29,880 findelment.py--> get_element 20: INFO ----->定位方式:xpath--->定位值://input[@placeholder='请输入搜索关键字']
2019-03-06 09:42:31,091 findelment.py--> get_element 20: INFO ----->定位方式:xpath--->定位值://span[contains(text(),'查询')]
2019-03-06 09:42:33,180 findelment.py--> get_element 20: INFO ----->定位方式:xpath--->定位值://tbody//span[contains(text(),'设计')]
2019-03-06 09:42:34,273 findelment.py--> get_element 20: INFO ----->定位方式:xpath--->定位值://span[contains(text(),'创建订单')]
2019-03-06 09:42:35,333 findelment.py--> get_element 20: INFO ----->定位方式:selector--->定位值:body>div.el-message.el-message--success>p
2019-03-06 09:42:38,529 findelment.py--> get_element 20: INFO ----->定位方式:xpath--->定位值://*[@id="app"]/section/section/aside/div/ul/li[3]/ul/li[6]
2019-03-06 09:42:40,606 findelment.py--> get_element 20: INFO ----->定位方式:xpath--->定位值://input[@placeholder='请输入搜索关键字']
2019-03-06 09:42:41,737 findelment.py--> get_element 20: INFO ----->定位方式:xpath--->定位值://span[contains(text(),'查询')]
2019-03-06 09:42:43,799 findelment.py--> get_element 20: INFO ----->定位方式:xpath--->定位值://tbody//span[contains(text(),'分配')]
2019-03-06 09:42:44,947 findelment.py--> get_element 20: INFO ----->定位方式:xpath--->定位值://span[contains(text(),'确认')]
2019-03-06 09:42:48,043 findelment.py--> get_element 20: INFO ----->定位方式:xpath--->定位值://tbody/tr[1]/td[1]/div/div
2019-03-06 09:42:49,207 findelment.py--> get_element 20: INFO ----->定位方式:xpath--->定位值://tbody//span[contains(text(),'处方')]
2019-03-06 09:42:53,599 findelment.py--> get_element 20: INFO ----->定位方式:xpath--->定位值://span[contains(text(),'查看更多')]
2019-03-06 09:42:59,194 findelment.py--> get_element 20: INFO ----->定位方式:xpath--->定位值://span[contains(text(),'临床说明')]
2019-03-06 09:43:06,687 findelment.py--> get_element 20: INFO ----->定位方式:xpath--->定位值://*[@id="app"]/section/section/aside/div/ul/li[3]/ul/li[7]
2019-03-06 09:43:08,792 findelment.py--> get_element 20: INFO ----->定位方式:xpath--->定位值://input[@placeholder='请输入搜索关键字']
2019-03-06 09:43:09,949 findelment.py--> get_element 20: INFO ----->定位方式:xpath--->定位值://span[contains(text(),'查询')]
2019-03-06 09:43:12,069 findelment.py--> get_element 20: INFO ----->定位方式:xpath--->定位值://tbody//span[contains(text(),'指派订单')]
2019-03-06 09:43:13,208 findelment.py--> get_element 20: INFO ----->定位方式:xpath--->定位值://span[contains(text(),'确认')]
2019-03-06 09:43:14,339 findelment.py--> get_element 20: INFO ----->定位方式:xpath--->定位值://tbody/tr[1]/td[1]/div/div
2019-03-06 09:43:15,458 findelment.py--> get_element 20: INFO ----->定位方式:xpath--->定位值://span[contains(text(),'查询')]
2019-03-06 09:43:16,575 findelment.py--> get_element 20: INFO ----->定位方式:xpath--->定位值://tbody//span[contains(text(),'审核通过')]
2019-03-06 09:43:17,683 findelment.py--> get_element 20: INFO ----->定位方式:selector--->定位值:body>div.el-message.el-message--success>p
2019-03-06 09:43:20,854 findelment.py--> get_element 20: INFO ----->定位方式:xpath--->定位值://*[@id="app"]/section/section/aside/div/ul/li[3]/ul/li[8]
2019-03-06 09:43:22,920 findelment.py--> get_element 20: INFO ----->定位方式:xpath--->定位值://input[@placeholder='请输入搜索关键字']
2019-03-06 09:43:24,083 findelment.py--> get_element 20: INFO ----->定位方式:xpath--->定位值://span[contains(text(),'查询')]
2019-03-06 09:43:26,206 findelment.py--> get_element 20: INFO ----->定位方式:xpath--->定位值://tbody//span[contains(text(),'指派订单')]
2019-03-06 09:43:27,338 findelment.py--> get_element 20: INFO ----->定位方式:xpath--->定位值://span[contains(text(),'确认')]
2019-03-06 09:43:28,631 findelment.py--> get_element 20: INFO ----->定位方式:xpath--->定位值://tbody/tr[1]/td[1]/div/div
2019-03-06 09:43:29,772 findelment.py--> get_element 20: INFO ----->定位方式:xpath--->定位值://span[contains(text(),'查询')]
2019-03-06 09:43:30,836 findelment.py--> get_element 20: INFO ----->定位方式:xpath--->定位值://tbody//span[contains(text(),'审核通过')]
2019-03-06 09:43:31,937 findelment.py--> get_element 20: INFO ----->定位方式:selector--->定位值:body>div.el-message.el-message--success>p
2019-03-06 09:43:35,103 findelment.py--> get_element 20: INFO ----->定位方式:xpath--->定位值://*[@id="app"]/section/section/aside/div/ul/li[3]/ul/li[9]
2019-03-06 09:43:37,221 findelment.py--> get_element 20: INFO ----->定位方式:xpath--->定位值://input[@placeholder='请输入搜索关键字']
2019-03-06 09:43:38,402 findelment.py--> get_element 20: INFO ----->定位方式:xpath--->定位值://span[contains(text(),'查询')]
2019-03-06 09:43:40,469 findelment.py--> get_element 20: INFO ----->定位方式:xpath--->定位值://tbody//span[contains(text(),'指派订单')]
2019-03-06 09:43:41,625 findelment.py--> get_element 20: INFO ----->定位方式:xpath--->定位值://span[contains(text(),'确认')]
2019-03-06 09:43:42,751 findelment.py--> get_element 20: INFO ----->定位方式:xpath--->定位值://tbody//span[contains(text(),'审核通过')]
2019-03-06 09:43:42,839 findelment.py--> get_element 20: INFO ----->定位方式:selector--->定位值:body>div.el-message.el-message--success>p
2019-03-06 09:43:44,962 findelment.py--> get_element 20: INFO ----->定位方式:xpath--->定位值://*[@id="app"]/section/section/aside/div/ul/li[3]/ul/li[5]
2019-03-06 09:43:49,238 findelment.py--> get_element 20: INFO ----->定位方式:xpath--->定位值://input[@placeholder='请输入搜索关键字']
2019-03-06 09:43:50,461 findelment.py--> get_element 20: INFO ----->定位方式:xpath--->定位值://span[contains(text(),'查询')]
2019-03-06 09:43:52,584 findelment.py--> get_element 20: INFO ----->定位方式:xpath--->定位值://tbody//span[contains(text(),'生产')]
2019-03-06 09:43:54,685 findelment.py--> get_element 20: INFO ----->定位方式:xpath--->定位值://input[@placeholder="请选择订单编号"]
2019-03-06 09:43:56,796 findelment.py--> get_element 20: INFO ----->定位方式:selector--->定位值:body > div.el-select-dropdown.el-popper > div.el-scrollbar > div.el-select-dropdown__wrap.el-scrollbar__wrap > ul > li > span
2019-03-06 09:43:56,941 findelment.py--> get_element 20: INFO ----->定位方式:xpath--->定位值://li[contains(text(),'上颌')]/following-sibling::li[1]/input[1]
2019-03-06 09:43:57,002 findelment.py--> get_element 20: INFO ----->定位方式:xpath--->定位值://li[contains(text(),'上颌')]/following-sibling::li[1]/input[2]
2019-03-06 09:43:57,050 findelment.py--> get_element 20: INFO ----->定位方式:xpath--->定位值://li[contains(text(),'下颌')]/following-sibling::li[1]/input[1]
2019-03-06 09:43:57,102 findelment.py--> get_element 20: INFO ----->定位方式:xpath--->定位值://li[contains(text(),'下颌')]/following-sibling::li[1]/input[2]
2019-03-06 09:43:59,151 findelment.py--> get_element 20: INFO ----->定位方式:xpath--->定位值://span[contains(text(),'确认下单')]
2019-03-06 09:44:00,286 findelment.py--> get_element 20: INFO ----->定位方式:xpath--->定位值://span[contains(text(),'确认下单')]
2019-03-06 09:44:01,353 findelment.py--> get_element 20: INFO ----->定位方式:selector--->定位值:body>div.el-message.el-message--success>p
2019-03-06 09:44:03,541 findelment.py--> get_element 20: INFO ----->定位方式:xpath--->定位值://*[@id="app"]/section/section/aside/div/ul/li[3]/ul/li[10]
2019-03-06 09:44:05,667 findelment.py--> get_element 20: INFO ----->定位方式:xpath--->定位值://input[@placeholder='请输入搜索关键字']
2019-03-06 09:44:06,863 findelment.py--> get_element 20: INFO ----->定位方式:xpath--->定位值://span[contains(text(),'查询')]
2019-03-06 09:44:08,013 findelment.py--> get_element 20: INFO ----->定位方式:xpath--->定位值://tbody/tr[1]/td[16]/div//span/span
2019-03-06 09:44:09,072 findelment.py--> get_element 20: INFO ----->定位方式:xpath--->定位值://button/span[contains(text(),"排产预览")]
2019-03-06 09:44:11,135 findelment.py--> get_element 20: INFO ----->定位方式:xpath--->定位值://input[@placeholder="请输入"]
2019-03-06 09:44:12,241 findelment.py--> get_element 20: INFO ----->定位方式:xpath--->定位值://button/span[contains(text(),"确认排产")]
2019-03-06 09:44:13,347 findelment.py--> get_element 20: INFO ----->定位方式:selector--->定位值:body>div.el-message.el-message--success>p
2019-03-06 09:44:15,548 findelment.py--> get_element 20: INFO ----->定位方式:xpath--->定位值://*[@id="app"]/section/section/aside/div/ul/li[3]/ul/li[11]
2019-03-06 09:44:17,650 findelment.py--> get_element 20: INFO ----->定位方式:xpath--->定位值://input[@placeholder='请输入搜索关键字']
2019-03-06 09:44:18,825 findelment.py--> get_element 20: INFO ----->定位方式:xpath--->定位值://span[contains(text(),'查询')]
2019-03-06 09:44:19,977 findelment.py--> get_element 20: INFO ----->定位方式:xpath--->定位值://tbody//span[contains(text(),'完成')]
2019-03-06 09:44:22,089 findelment.py--> get_element 20: INFO ----->定位方式:xpath--->定位值://input[@placeholder="请选择打印机"]
2019-03-06 09:44:23,153 findelment.py--> get_element 20: INFO ----->定位方式:xpath--->定位值://li/span[contains(text(),"打印机035")]
2019-03-06 09:44:24,297 findelment.py--> get_element 20: INFO ----->定位方式:xpath--->定位值://button/span[contains(text(),"确认")]
2019-03-06 09:44:25,401 findelment.py--> get_element 20: INFO ----->定位方式:selector--->定位值:body>div.el-message.el-message--success>p
2019-03-06 09:44:27,591 findelment.py--> get_element 20: INFO ----->定位方式:xpath--->定位值://*[@id="app"]/section/section/aside/div/ul/li[3]/ul/li[12]
2019-03-06 09:44:29,721 findelment.py--> get_element 20: INFO ----->定位方式:xpath--->定位值://input[@placeholder='请输入搜索关键字']
2019-03-06 09:44:30,965 findelment.py--> get_element 20: INFO ----->定位方式:xpath--->定位值://span[contains(text(),'查询')]
2019-03-06 09:44:32,058 findelment.py--> get_element 20: INFO ----->定位方式:xpath--->定位值://tbody//span[contains(text(),'完成')]
2019-03-06 09:44:33,156 findelment.py--> get_element 20: INFO ----->定位方式:xpath--->定位值://button/span[contains(text(),"确定")]
2019-03-06 09:44:34,247 findelment.py--> get_element 20: INFO ----->定位方式:selector--->定位值:body>div.el-message.el-message--success>p
2019-03-06 09:44:37,466 findelment.py--> get_element 20: INFO ----->定位方式:xpath--->定位值://*[@id="app"]/section/section/aside/div/ul/li[4]/div
2019-03-06 09:44:39,564 findelment.py--> get_element 20: INFO ----->定位方式:xpath--->定位值://*[@id="app"]/section/section/aside/div/ul/li[4]/ul/li[1]
2019-03-06 09:44:41,658 findelment.py--> get_element 20: INFO ----->定位方式:xpath--->定位值://input[@placeholder='请输入搜索关键字']
2019-03-06 09:44:42,849 findelment.py--> get_element 20: INFO ----->定位方式:xpath--->定位值://span[contains(text(),'查询')]
2019-03-06 09:44:43,972 findelment.py--> get_element 20: INFO ----->定位方式:xpath--->定位值://button/span[contains(text(),"包装")]
2019-03-06 09:44:46,106 findelment.py--> get_element 20: INFO ----->定位方式:xpath--->定位值://button/span[contains(text(),"确认")]
2019-03-06 09:44:47,184 findelment.py--> get_element 20: INFO ----->定位方式:selector--->定位值:body>div.el-message.el-message--success>p
2019-03-06 09:44:49,343 findelment.py--> get_element 20: INFO ----->定位方式:xpath--->定位值://*[@id="app"]/section/section/aside/div/ul/li[3]/ul/li[13]
2019-03-06 09:44:51,468 findelment.py--> get_element 20: INFO ----->定位方式:xpath--->定位值://input[@placeholder='请输入搜索关键字']
2019-03-06 09:44:52,671 findelment.py--> get_element 20: INFO ----->定位方式:xpath--->定位值://span[contains(text(),'查询')]
2019-03-06 09:44:53,788 findelment.py--> get_element 20: INFO ----->定位方式:xpath--->定位值://tbody//span[contains(text(),'完成')]
2019-03-06 09:44:54,889 findelment.py--> get_element 20: INFO ----->定位方式:xpath--->定位值://button/span[contains(text(),"确认入库")]
2019-03-06 09:44:56,024 findelment.py--> get_element 20: INFO ----->定位方式:selector--->定位值:body>div.el-message.el-message--success>p
2019-03-06 09:44:58,214 findelment.py--> get_element 20: INFO ----->定位方式:xpath--->定位值://*[@id="app"]/section/section/aside/div/ul/li[3]/ul/li[14]
2019-03-06 09:45:00,284 findelment.py--> get_element 20: INFO ----->定位方式:xpath--->定位值://input[@placeholder='请输入搜索关键字']
2019-03-06 09:45:01,502 findelment.py--> get_element 20: INFO ----->定位方式:xpath--->定位值://span[contains(text(),'查询')]
2019-03-06 09:45:03,652 findelment.py--> get_element 20: INFO ----->定位方式:xpath--->定位值://tbody//span[contains(text(),'发货')]
2019-03-06 09:45:04,752 findelment.py--> get_element 20: INFO ----->定位方式:xpath--->定位值://label[1]/span[1]/span
2019-03-06 09:45:05,860 findelment.py--> get_element 20: INFO ----->定位方式:xpath--->定位值://button/span[contains(text(),"确认")]
2019-03-06 09:45:06,971 findelment.py--> get_element 20: INFO ----->定位方式:selector--->定位值:body>div.el-message.el-message--success>p
2019-03-06 09:45:09,158 findelment.py--> get_element 20: INFO ----->定位方式:xpath--->定位值://*[@id="app"]/section/section/aside/div/ul/li[3]/ul/li[15]
2019-03-06 09:45:11,236 findelment.py--> get_element 20: INFO ----->定位方式:xpath--->定位值://input[@placeholder='请输入搜索关键字']
2019-03-06 09:45:12,405 findelment.py--> get_element 20: INFO ----->定位方式:xpath--->定位值://span[contains(text(),'查询')]
2019-03-06 09:45:14,580 findelment.py--> get_element 20: INFO ----->定位方式:xpath--->定位值://tbody//span[contains(text(),'邮寄')]
2019-03-06 09:45:15,686 findelment.py--> get_element 20: INFO ----->定位方式:xpath--->定位值://input[@placeholder="请填写快递单号"]
2019-03-06 09:45:16,827 findelment.py--> get_element 20: INFO ----->定位方式:xpath--->定位值://input[@placeholder="请填写快递单号"]/../../following-sibling::div//span
2019-03-06 09:45:17,900 findelment.py--> get_element 20: INFO ----->定位方式:xpath--->定位值://tbody//span[contains(text(),'确认')]
2019-03-06 09:45:20,019 findelment.py--> get_element 20: INFO ----->定位方式:xpath--->定位值://button/span[contains(text(),"确认发货")]
2019-03-06 09:45:21,124 findelment.py--> get_element 20: INFO ----->定位方式:selector--->定位值:body>div.el-message.el-message--success>p
2019-03-06 09:45:27,744 send_email.py--> _attach_file 20: INFO ----->attach file D:\po_owens_write\report\first_case.html
2019-03-06 09:45:30,367 send_email.py--> send 20: INFO ----->发送邮件"ERP测试报告"成功! 收件人：825651673@qq.com。如果没有收到邮件，请检查垃圾箱，同时检查收件人地址是否正确
