2019-03-07 09:18:55,229 findelment.py--> get_element 20: INFO ----->定位方式:xpath--->定位值://input[@id="account"]
2019-03-07 09:18:55,331 findelment.py--> get_element 20: INFO ----->定位方式:xpath--->定位值://input[@id="password"]
2019-03-07 09:18:55,399 findelment.py--> get_element 20: INFO ----->定位方式:xpath--->定位值://button[@id="btn_login"]
2019-03-07 09:18:58,467 findelment.py--> get_element 20: INFO ----->定位方式:xpath--->定位值://button[@id="add-new"]
2019-03-07 09:19:04,316 findelment.py--> get_element 20: INFO ----->定位方式:xpath--->定位值://input[@id="patientName"]
2019-03-07 09:19:04,457 findelment.py--> get_element 20: INFO ----->定位方式:xpath--->定位值://div[@name="patientSex"][2]
2019-03-07 09:19:04,519 findelment.py--> get_element 20: INFO ----->定位方式:xpath--->定位值://select[@id="birthdayYear"]
2019-03-07 09:19:04,607 findelment.py--> get_element 20: INFO ----->定位方式:xpath--->定位值://select[@id="birthdayMonth"]
2019-03-07 09:19:04,680 findelment.py--> get_element 20: INFO ----->定位方式:xpath--->定位值://select[@id="birthdayDate"]
2019-03-07 09:19:04,748 findelment.py--> get_element 20: INFO ----->定位方式:xpath--->定位值://input[@id="patientTel"]
2019-03-07 09:19:04,831 findelment.py--> get_element 20: INFO ----->定位方式:xpath--->定位值://select[@id="hospital"]
2019-03-07 09:19:04,902 findelment.py--> get_element 20: INFO ----->定位方式:xpath--->定位值://button[@type="button"][3]
2019-03-07 09:19:06,988 findelment.py--> get_element 20: INFO ----->定位方式:xpath--->定位值://input[@id="45Profile"]
2019-03-07 09:19:07,053 findelment.py--> get_element 20: INFO ----->定位方式:xpath--->定位值://input[@id="FrontalRepose"]
2019-03-07 09:19:07,131 findelment.py--> get_element 20: INFO ----->定位方式:xpath--->定位值://input[@id="FrontalSmile"]
2019-03-07 09:19:07,192 findelment.py--> get_element 20: INFO ----->定位方式:xpath--->定位值://input[@id="Profile"]
2019-03-07 09:19:07,264 findelment.py--> get_element 20: INFO ----->定位方式:xpath--->定位值://input[@id="Upper"]
2019-03-07 09:19:07,330 findelment.py--> get_element 20: INFO ----->定位方式:xpath--->定位值://input[@id="Left"]
2019-03-07 09:19:07,393 findelment.py--> get_element 20: INFO ----->定位方式:xpath--->定位值://input[@id="Lower"]
2019-03-07 09:19:07,453 findelment.py--> get_element 20: INFO ----->定位方式:xpath--->定位值://input[@id="Anterior"]
2019-03-07 09:19:07,515 findelment.py--> get_element 20: INFO ----->定位方式:xpath--->定位值://input[@id="Right"]
2019-03-07 09:19:07,580 findelment.py--> get_element 20: INFO ----->定位方式:xpath--->定位值://input[@id="Cephalometric"]
2019-03-07 09:19:07,656 findelment.py--> get_element 20: INFO ----->定位方式:xpath--->定位值://input[@id="Panoramic"]
2019-03-07 09:19:09,755 findelment.py--> get_element 20: INFO ----->定位方式:xpath--->定位值://button[@type="button"][3]
2019-03-07 09:19:11,830 findelment.py--> get_element 20: INFO ----->定位方式:xpath--->定位值://div[@class="m-wrapper"][1]/div[1]/div[1]/div[1]
2019-03-07 09:19:11,915 findelment.py--> get_element 20: INFO ----->定位方式:xpath--->定位值://*[@id="step3"]/div[2]/div/div[1]/ul/li[1]/div/ins
2019-03-07 09:19:11,968 findelment.py--> get_element 20: INFO ----->定位方式:xpath--->定位值://*[@id="step3"]/div[2]/div/div[2]/ul/li[1]/div/ins
2019-03-07 09:19:12,019 findelment.py--> get_element 20: INFO ----->定位方式:xpath--->定位值://button[@type="button"][3]
2019-03-07 09:19:13,104 findelment.py--> get_element 20: INFO ----->定位方式:xpath--->定位值://input[@id="unexpress"]/following-sibling::ins
2019-03-07 09:19:13,218 findelment.py--> get_element 20: INFO ----->定位方式:xpath--->定位值://button[@type="button"][4]
2019-03-07 09:19:16,298 findelment.py--> get_element 20: INFO ----->定位方式:xpath--->定位值:/html/body/div[1]/div[2]/table/tbody/tr[2]/td[1]
2019-03-07 09:19:23,435 findelment.py--> get_element 20: INFO ----->定位方式:xpath--->定位值://table/tbody/tr[2]/td/table/tbody/tr[2]/td[2]
2019-03-07 09:19:23,518 findelment.py--> get_element 20: INFO ----->定位方式:xpath--->定位值:/html/body/div[1]/div[2]/div[1]/table/tbody/tr[1]/td[2]
2019-03-07 09:19:29,834 findelment.py--> get_element 20: INFO ----->定位方式:xpath--->定位值://*[@id="login"]/div/div[2]/ul/li[1]/input
2019-03-07 09:19:29,914 findelment.py--> get_element 20: INFO ----->定位方式:xpath--->定位值://input[@placeholder='请输入密码']
2019-03-07 09:19:29,968 findelment.py--> get_element 20: INFO ----->定位方式:xpath--->定位值://button[contains(text(),'登录')]
2019-03-07 09:19:31,067 findelment.py--> get_element 20: INFO ----->定位方式:selector--->定位值:body>div.el-message.el-message--success>p
2019-03-07 09:19:34,160 findelment.py--> get_element 20: INFO ----->定位方式:xpath--->定位值://*[@id="app"]/section/section/aside/div/ul/li[3]/div
2019-03-07 09:19:35,259 findelment.py--> get_element 20: INFO ----->定位方式:xpath--->定位值://*[@id="app"]/section/section/aside/div/ul/li[3]/ul/li[1]
2019-03-07 09:19:37,396 findelment.py--> get_element 20: INFO ----->定位方式:xpath--->定位值://button/span[contains(text(),'新增收货')]
2019-03-07 09:19:38,502 findelment.py--> get_element 20: INFO ----->定位方式:xpath--->定位值://span[contains(text(),'硅胶上颌')]
2019-03-07 09:19:38,609 findelment.py--> get_element 20: INFO ----->定位方式:xpath--->定位值://span[contains(text(),'硅胶下颌')]
2019-03-07 09:19:38,711 findelment.py--> get_element 20: INFO ----->定位方式:xpath--->定位值://input[@placeholder='请输入快递单号']
2019-03-07 09:19:38,870 findelment.py--> get_element 20: INFO ----->定位方式:xpath--->定位值://input[@placeholder='请选择物流来源']
2019-03-07 09:19:39,958 findelment.py--> get_element 20: INFO ----->定位方式:xpath--->定位值:/html/body/div[2]/div[1]/div[1]/ul/li[3]/span
2019-03-07 09:19:41,074 findelment.py--> get_element 20: INFO ----->定位方式:xpath--->定位值://div[@class="imgUpload"][1]//input
2019-03-07 09:19:42,192 findelment.py--> get_element 20: INFO ----->定位方式:xpath--->定位值://div[@class="imgUpload"][2]//input
2019-03-07 09:19:44,285 findelment.py--> get_element 20: INFO ----->定位方式:xpath--->定位值://span[contains(text(),'确认收货')]
2019-03-07 09:19:45,358 findelment.py--> get_element 20: INFO ----->定位方式:xpath--->定位值://tbody/tr[1]/td[1]/div/div
2019-03-07 09:19:48,390 findelment.py--> get_element 20: INFO ----->定位方式:xpath--->定位值://*[@id="app"]/section/section/aside/div/ul/li[3]/ul/li[2]
2019-03-07 09:19:50,480 findelment.py--> get_element 20: INFO ----->定位方式:xpath--->定位值://input[@placeholder='请输入搜索关键字']
2019-03-07 09:19:52,670 findelment.py--> get_element 20: INFO ----->定位方式:xpath--->定位值://span[contains(text(),'查询')]
2019-03-07 09:19:54,749 findelment.py--> get_element 20: INFO ----->定位方式:xpath--->定位值://tbody/tr[1]/td[16]//span[contains(text(),'匹配')]/../../button[3]/span
2019-03-07 09:19:55,860 findelment.py--> get_element 20: INFO ----->定位方式:xpath--->定位值://input[@placeholder="请填写病例号"]
2019-03-07 09:19:56,007 findelment.py--> get_element 20: INFO ----->定位方式:xpath--->定位值://input[@placeholder="请选择档案"]
2019-03-07 09:19:58,075 findelment.py--> get_element 20: INFO ----->定位方式:xpath--->定位值://div[@class="centerDiv"]/button/span
2019-03-07 09:19:59,187 findelment.py--> get_element 20: INFO ----->定位方式:selector--->定位值:body>div.el-message.el-message--success>p
2019-03-07 09:19:59,235 findelment.py--> get_element 20: INFO ----->定位方式:selector--->定位值:body>div.el-message.el-message--success>p
2019-03-07 09:20:02,366 findelment.py--> get_element 20: INFO ----->定位方式:xpath--->定位值://*[@id="app"]/section/section/aside/div/ul/li[3]/ul/li[3]
2019-03-07 09:20:04,480 findelment.py--> get_element 20: INFO ----->定位方式:xpath--->定位值://input[@placeholder='请输入搜索关键字']
2019-03-07 09:20:05,604 findelment.py--> get_element 20: INFO ----->定位方式:xpath--->定位值://span[contains(text(),'查询')]
2019-03-07 09:20:07,724 findelment.py--> get_element 20: INFO ----->定位方式:xpath--->定位值://span[contains(text(),'专业软件')]/../../button[1]/span
2019-03-07 09:20:08,808 findelment.py--> get_element 20: INFO ----->定位方式:xpath--->定位值://span[contains(text(),'上颌STL')]/../following-sibling::input
2019-03-07 09:20:09,894 findelment.py--> get_element 20: INFO ----->定位方式:xpath--->定位值://span[contains(text(),'下颌STL')]/../following-sibling::input
2019-03-07 09:20:11,936 findelment.py--> get_element 20: INFO ----->定位方式:xpath--->定位值://span[contains(text(),'确认')]
2019-03-07 09:20:14,000 findelment.py--> get_element 20: INFO ----->定位方式:xpath--->定位值://tbody/tr[1]/td[1]/div/div
2019-03-07 09:20:15,073 findelment.py--> get_element 20: INFO ----->定位方式:xpath--->定位值://span[contains(text(),'完成')]
2019-03-07 09:20:16,176 findelment.py--> get_element 20: INFO ----->定位方式:selector--->定位值:body>div.el-message.el-message--success>p
2019-03-07 09:20:19,342 findelment.py--> get_element 20: INFO ----->定位方式:xpath--->定位值://*[@id="app"]/section/section/aside/div/ul/li[3]/ul/li[4]
2019-03-07 09:20:21,398 findelment.py--> get_element 20: INFO ----->定位方式:xpath--->定位值://input[@placeholder='请输入搜索关键字']
2019-03-07 09:20:22,544 findelment.py--> get_element 20: INFO ----->定位方式:xpath--->定位值://span[contains(text(),'查询')]
2019-03-07 09:20:24,627 findelment.py--> get_element 20: INFO ----->定位方式:xpath--->定位值://tbody/tr[1]/td[13]//span[contains(text(),'质检')]
2019-03-07 09:20:25,709 findelment.py--> get_element 20: INFO ----->定位方式:xpath--->定位值://div[@class="imgUpload"][1]//input
2019-03-07 09:20:26,791 findelment.py--> get_element 20: INFO ----->定位方式:xpath--->定位值://div[@class="imgUpload"][2]//input
2019-03-07 09:20:28,876 findelment.py--> get_element 20: INFO ----->定位方式:xpath--->定位值://span[contains(text(),'提交质检结果')]
2019-03-07 09:20:30,992 findelment.py--> get_element 20: INFO ----->定位方式:xpath--->定位值://tbody/tr[1]/td[9]
2019-03-07 09:20:34,191 findelment.py--> get_element 20: INFO ----->定位方式:xpath--->定位值://*[@id="app"]/section/section/aside/div/ul/li[3]/ul/li[5]
2019-03-07 09:20:36,247 findelment.py--> get_element 20: INFO ----->定位方式:xpath--->定位值://input[@placeholder='请输入搜索关键字']
2019-03-07 09:20:37,467 findelment.py--> get_element 20: INFO ----->定位方式:xpath--->定位值://span[contains(text(),'查询')]
2019-03-07 09:20:39,598 findelment.py--> get_element 20: INFO ----->定位方式:xpath--->定位值://tbody//span[contains(text(),'设计')]
2019-03-07 09:20:40,720 findelment.py--> get_element 20: INFO ----->定位方式:xpath--->定位值://span[contains(text(),'创建订单')]
2019-03-07 09:20:41,854 findelment.py--> get_element 20: INFO ----->定位方式:selector--->定位值:body>div.el-message.el-message--success>p
2019-03-07 09:20:45,007 findelment.py--> get_element 20: INFO ----->定位方式:xpath--->定位值://*[@id="app"]/section/section/aside/div/ul/li[3]/ul/li[6]
2019-03-07 09:20:47,112 findelment.py--> get_element 20: INFO ----->定位方式:xpath--->定位值://input[@placeholder='请输入搜索关键字']
2019-03-07 09:20:48,266 findelment.py--> get_element 20: INFO ----->定位方式:xpath--->定位值://span[contains(text(),'查询')]
2019-03-07 09:20:50,421 findelment.py--> get_element 20: INFO ----->定位方式:xpath--->定位值://tbody//span[contains(text(),'分配')]
2019-03-07 09:20:51,527 findelment.py--> get_element 20: INFO ----->定位方式:xpath--->定位值://span[contains(text(),'确认')]
2019-03-07 09:20:53,978 findelment.py--> get_element 20: INFO ----->定位方式:xpath--->定位值://tbody/tr[1]/td[1]/div/div
2019-03-07 09:20:55,120 findelment.py--> get_element 20: INFO ----->定位方式:xpath--->定位值://tbody//span[contains(text(),'处方')]
2019-03-07 09:21:00,966 findelment.py--> get_element 20: INFO ----->定位方式:xpath--->定位值://span[contains(text(),'查看更多')]
2019-03-07 09:21:06,607 findelment.py--> get_element 20: INFO ----->定位方式:xpath--->定位值://span[contains(text(),'临床说明')]
2019-03-07 09:21:14,245 findelment.py--> get_element 20: INFO ----->定位方式:xpath--->定位值://*[@id="app"]/section/section/aside/div/ul/li[3]/ul/li[7]
2019-03-07 09:21:16,348 findelment.py--> get_element 20: INFO ----->定位方式:xpath--->定位值://input[@placeholder='请输入搜索关键字']
2019-03-07 09:21:17,589 findelment.py--> get_element 20: INFO ----->定位方式:xpath--->定位值://span[contains(text(),'查询')]
2019-03-07 09:21:19,714 findelment.py--> get_element 20: INFO ----->定位方式:xpath--->定位值://tbody//span[contains(text(),'指派订单')]
2019-03-07 09:21:20,807 findelment.py--> get_element 20: INFO ----->定位方式:xpath--->定位值://span[contains(text(),'确认')]
2019-03-07 09:21:21,869 findelment.py--> get_element 20: INFO ----->定位方式:xpath--->定位值://tbody/tr[1]/td[1]/div/div
2019-03-07 09:21:23,019 findelment.py--> get_element 20: INFO ----->定位方式:xpath--->定位值://span[contains(text(),'查询')]
2019-03-07 09:21:24,139 findelment.py--> get_element 20: INFO ----->定位方式:xpath--->定位值://tbody//span[contains(text(),'审核通过')]
2019-03-07 09:21:25,256 findelment.py--> get_element 20: INFO ----->定位方式:selector--->定位值:body>div.el-message.el-message--success>p
2019-03-07 09:21:28,390 findelment.py--> get_element 20: INFO ----->定位方式:xpath--->定位值://*[@id="app"]/section/section/aside/div/ul/li[3]/ul/li[8]
2019-03-07 09:21:30,449 findelment.py--> get_element 20: INFO ----->定位方式:xpath--->定位值://input[@placeholder='请输入搜索关键字']
2019-03-07 09:21:31,597 findelment.py--> get_element 20: INFO ----->定位方式:xpath--->定位值://span[contains(text(),'查询')]
2019-03-07 09:21:33,742 findelment.py--> get_element 20: INFO ----->定位方式:xpath--->定位值://tbody//span[contains(text(),'指派订单')]
2019-03-07 09:21:34,840 findelment.py--> get_element 20: INFO ----->定位方式:xpath--->定位值://span[contains(text(),'确认')]
2019-03-07 09:21:36,195 findelment.py--> get_element 20: INFO ----->定位方式:xpath--->定位值://tbody/tr[1]/td[1]/div/div
2019-03-07 09:21:37,346 findelment.py--> get_element 20: INFO ----->定位方式:xpath--->定位值://span[contains(text(),'查询')]
2019-03-07 09:21:38,423 findelment.py--> get_element 20: INFO ----->定位方式:xpath--->定位值://tbody//span[contains(text(),'审核通过')]
2019-03-07 09:21:39,532 findelment.py--> get_element 20: INFO ----->定位方式:selector--->定位值:body>div.el-message.el-message--success>p
2019-03-07 09:21:42,718 findelment.py--> get_element 20: INFO ----->定位方式:xpath--->定位值://*[@id="app"]/section/section/aside/div/ul/li[3]/ul/li[9]
2019-03-07 09:21:44,849 findelment.py--> get_element 20: INFO ----->定位方式:xpath--->定位值://input[@placeholder='请输入搜索关键字']
2019-03-07 09:21:46,021 findelment.py--> get_element 20: INFO ----->定位方式:xpath--->定位值://span[contains(text(),'查询')]
2019-03-07 09:21:48,185 findelment.py--> get_element 20: INFO ----->定位方式:xpath--->定位值://tbody//span[contains(text(),'指派订单')]
2019-03-07 09:21:49,317 findelment.py--> get_element 20: INFO ----->定位方式:xpath--->定位值://span[contains(text(),'确认')]
2019-03-07 09:21:50,411 findelment.py--> get_element 20: INFO ----->定位方式:xpath--->定位值://tbody//span[contains(text(),'审核通过')]
2019-03-07 09:21:50,477 findelment.py--> get_element 20: INFO ----->定位方式:selector--->定位值:body>div.el-message.el-message--success>p
2019-03-07 09:21:52,609 findelment.py--> get_element 20: INFO ----->定位方式:xpath--->定位值://*[@id="app"]/section/section/aside/div/ul/li[3]/ul/li[5]
2019-03-07 09:21:56,922 findelment.py--> get_element 20: INFO ----->定位方式:xpath--->定位值://input[@placeholder='请输入搜索关键字']
2019-03-07 09:21:58,060 findelment.py--> get_element 20: INFO ----->定位方式:xpath--->定位值://span[contains(text(),'查询')]
2019-03-07 09:22:00,120 findelment.py--> get_element 20: INFO ----->定位方式:xpath--->定位值://tbody//span[contains(text(),'生产')]
2019-03-07 09:22:02,184 findelment.py--> get_element 20: INFO ----->定位方式:xpath--->定位值://input[@placeholder="请选择订单编号"]
2019-03-07 09:22:04,308 findelment.py--> get_element 20: INFO ----->定位方式:selector--->定位值:body > div.el-select-dropdown.el-popper > div.el-scrollbar > div.el-select-dropdown__wrap.el-scrollbar__wrap > ul > li > span
2019-03-07 09:22:04,417 findelment.py--> get_element 20: INFO ----->定位方式:xpath--->定位值://li[contains(text(),'上颌')]/following-sibling::li[1]/input[1]
2019-03-07 09:22:04,483 findelment.py--> get_element 20: INFO ----->定位方式:xpath--->定位值://li[contains(text(),'上颌')]/following-sibling::li[1]/input[2]
2019-03-07 09:22:04,533 findelment.py--> get_element 20: INFO ----->定位方式:xpath--->定位值://li[contains(text(),'下颌')]/following-sibling::li[1]/input[1]
2019-03-07 09:22:04,584 findelment.py--> get_element 20: INFO ----->定位方式:xpath--->定位值://li[contains(text(),'下颌')]/following-sibling::li[1]/input[2]
2019-03-07 09:22:06,630 findelment.py--> get_element 20: INFO ----->定位方式:xpath--->定位值://span[contains(text(),'确认下单')]
2019-03-07 09:22:07,804 findelment.py--> get_element 20: INFO ----->定位方式:xpath--->定位值://span[contains(text(),'确认下单')]
2019-03-07 09:22:08,903 findelment.py--> get_element 20: INFO ----->定位方式:selector--->定位值:body>div.el-message.el-message--success>p
2019-03-07 09:22:11,030 findelment.py--> get_element 20: INFO ----->定位方式:xpath--->定位值://*[@id="app"]/section/section/aside/div/ul/li[3]/ul/li[10]
2019-03-07 09:22:13,127 findelment.py--> get_element 20: INFO ----->定位方式:xpath--->定位值://input[@placeholder='请输入搜索关键字']
2019-03-07 09:22:14,320 findelment.py--> get_element 20: INFO ----->定位方式:xpath--->定位值://span[contains(text(),'查询')]
2019-03-07 09:22:15,439 findelment.py--> get_element 20: INFO ----->定位方式:xpath--->定位值://tbody/tr[1]/td[16]/div//span/span
2019-03-07 09:22:16,490 findelment.py--> get_element 20: INFO ----->定位方式:xpath--->定位值://button/span[contains(text(),"排产预览")]
2019-03-07 09:22:18,553 findelment.py--> get_element 20: INFO ----->定位方式:xpath--->定位值://input[@placeholder="请输入"]
2019-03-07 09:22:19,621 findelment.py--> get_element 20: INFO ----->定位方式:xpath--->定位值://button/span[contains(text(),"确认排产")]
2019-03-07 09:22:20,715 findelment.py--> get_element 20: INFO ----->定位方式:selector--->定位值:body>div.el-message.el-message--success>p
2019-03-07 09:22:22,915 findelment.py--> get_element 20: INFO ----->定位方式:xpath--->定位值://*[@id="app"]/section/section/aside/div/ul/li[3]/ul/li[11]
2019-03-07 09:22:25,033 findelment.py--> get_element 20: INFO ----->定位方式:xpath--->定位值://input[@placeholder='请输入搜索关键字']
2019-03-07 09:22:26,231 findelment.py--> get_element 20: INFO ----->定位方式:xpath--->定位值://span[contains(text(),'查询')]
2019-03-07 09:22:27,391 findelment.py--> get_element 20: INFO ----->定位方式:xpath--->定位值://tbody//span[contains(text(),'完成')]
2019-03-07 09:22:29,499 findelment.py--> get_element 20: INFO ----->定位方式:xpath--->定位值://input[@placeholder="请选择打印机"]
2019-03-07 09:22:30,593 findelment.py--> get_element 20: INFO ----->定位方式:xpath--->定位值://li/span[contains(text(),"打印机035")]
2019-03-07 09:22:31,698 findelment.py--> get_element 20: INFO ----->定位方式:xpath--->定位值://button/span[contains(text(),"确认")]
2019-03-07 09:22:32,803 findelment.py--> get_element 20: INFO ----->定位方式:selector--->定位值:body>div.el-message.el-message--success>p
2019-03-07 09:22:34,995 findelment.py--> get_element 20: INFO ----->定位方式:xpath--->定位值://*[@id="app"]/section/section/aside/div/ul/li[3]/ul/li[12]
2019-03-07 09:22:37,082 findelment.py--> get_element 20: INFO ----->定位方式:xpath--->定位值://input[@placeholder='请输入搜索关键字']
2019-03-07 09:22:38,237 findelment.py--> get_element 20: INFO ----->定位方式:xpath--->定位值://span[contains(text(),'查询')]
2019-03-07 09:22:39,330 findelment.py--> get_element 20: INFO ----->定位方式:xpath--->定位值://tbody//span[contains(text(),'完成')]
2019-03-07 09:22:40,453 findelment.py--> get_element 20: INFO ----->定位方式:xpath--->定位值://button/span[contains(text(),"确定")]
2019-03-07 09:22:41,588 findelment.py--> get_element 20: INFO ----->定位方式:selector--->定位值:body>div.el-message.el-message--success>p
2019-03-07 09:22:44,781 findelment.py--> get_element 20: INFO ----->定位方式:xpath--->定位值://*[@id="app"]/section/section/aside/div/ul/li[4]/div
2019-03-07 09:22:46,904 findelment.py--> get_element 20: INFO ----->定位方式:xpath--->定位值://*[@id="app"]/section/section/aside/div/ul/li[4]/ul/li[1]
2019-03-07 09:22:49,014 findelment.py--> get_element 20: INFO ----->定位方式:xpath--->定位值://input[@placeholder='请输入搜索关键字']
2019-03-07 09:22:50,207 findelment.py--> get_element 20: INFO ----->定位方式:xpath--->定位值://span[contains(text(),'查询')]
2019-03-07 09:22:51,357 findelment.py--> get_element 20: INFO ----->定位方式:xpath--->定位值://button/span[contains(text(),"包装")]
2019-03-07 09:22:53,505 findelment.py--> get_element 20: INFO ----->定位方式:xpath--->定位值://button/span[contains(text(),"确认")]
2019-03-07 09:22:54,613 findelment.py--> get_element 20: INFO ----->定位方式:selector--->定位值:body>div.el-message.el-message--success>p
2019-03-07 09:22:56,754 findelment.py--> get_element 20: INFO ----->定位方式:xpath--->定位值://*[@id="app"]/section/section/aside/div/ul/li[3]/ul/li[13]
2019-03-07 09:22:58,833 findelment.py--> get_element 20: INFO ----->定位方式:xpath--->定位值://input[@placeholder='请输入搜索关键字']
2019-03-07 09:22:59,988 findelment.py--> get_element 20: INFO ----->定位方式:xpath--->定位值://span[contains(text(),'查询')]
2019-03-07 09:23:01,099 findelment.py--> get_element 20: INFO ----->定位方式:xpath--->定位值://tbody//span[contains(text(),'完成')]
2019-03-07 09:23:02,189 findelment.py--> get_element 20: INFO ----->定位方式:xpath--->定位值://button/span[contains(text(),"确认入库")]
2019-03-07 09:23:03,244 findelment.py--> get_element 20: INFO ----->定位方式:selector--->定位值:body>div.el-message.el-message--success>p
2019-03-07 09:23:05,389 findelment.py--> get_element 20: INFO ----->定位方式:xpath--->定位值://*[@id="app"]/section/section/aside/div/ul/li[3]/ul/li[14]
2019-03-07 09:23:07,522 findelment.py--> get_element 20: INFO ----->定位方式:xpath--->定位值://input[@placeholder='请输入搜索关键字']
2019-03-07 09:23:08,693 findelment.py--> get_element 20: INFO ----->定位方式:xpath--->定位值://span[contains(text(),'查询')]
2019-03-07 09:23:10,889 findelment.py--> get_element 20: INFO ----->定位方式:xpath--->定位值://*[@id="app"]/section/section/aside/div/ul/li[3]/ul/li[15]
2019-03-07 09:23:17,568 send_email.py--> _attach_file 20: INFO ----->attach file D:\po_owens_write\report\first_case.html
2019-03-07 09:23:20,464 send_email.py--> send 20: INFO ----->发送邮件"ERP测试报告"成功! 收件人：825651673@qq.com。如果没有收到邮件，请检查垃圾箱，同时检查收件人地址是否正确
2019-03-07 09:43:33,526 findelment.py--> get_element 20: INFO ----->定位方式:xpath--->定位值://input[@id="account"]
2019-03-07 09:43:33,617 findelment.py--> get_element 20: INFO ----->定位方式:xpath--->定位值://input[@id="password"]
2019-03-07 09:43:33,687 findelment.py--> get_element 20: INFO ----->定位方式:xpath--->定位值://button[@id="btn_login"]
2019-03-07 09:43:36,741 findelment.py--> get_element 20: INFO ----->定位方式:xpath--->定位值://button[@id="add-new"]
2019-03-07 09:43:42,524 findelment.py--> get_element 20: INFO ----->定位方式:xpath--->定位值://input[@id="patientName"]
2019-03-07 09:43:42,685 findelment.py--> get_element 20: INFO ----->定位方式:xpath--->定位值://div[@name="patientSex"][2]
2019-03-07 09:43:42,760 findelment.py--> get_element 20: INFO ----->定位方式:xpath--->定位值://select[@id="birthdayYear"]
2019-03-07 09:43:42,833 findelment.py--> get_element 20: INFO ----->定位方式:xpath--->定位值://select[@id="birthdayMonth"]
2019-03-07 09:43:42,907 findelment.py--> get_element 20: INFO ----->定位方式:xpath--->定位值://select[@id="birthdayDate"]
2019-03-07 09:43:42,978 findelment.py--> get_element 20: INFO ----->定位方式:xpath--->定位值://input[@id="patientTel"]
2019-03-07 09:43:43,064 findelment.py--> get_element 20: INFO ----->定位方式:xpath--->定位值://select[@id="hospital"]
2019-03-07 09:43:43,136 findelment.py--> get_element 20: INFO ----->定位方式:xpath--->定位值://button[@type="button"][3]
2019-03-07 09:43:45,229 findelment.py--> get_element 20: INFO ----->定位方式:xpath--->定位值://input[@id="45Profile"]
2019-03-07 09:43:45,304 findelment.py--> get_element 20: INFO ----->定位方式:xpath--->定位值://input[@id="FrontalRepose"]
2019-03-07 09:43:45,397 findelment.py--> get_element 20: INFO ----->定位方式:xpath--->定位值://input[@id="FrontalSmile"]
2019-03-07 09:43:45,465 findelment.py--> get_element 20: INFO ----->定位方式:xpath--->定位值://input[@id="Profile"]
2019-03-07 09:43:45,531 findelment.py--> get_element 20: INFO ----->定位方式:xpath--->定位值://input[@id="Upper"]
2019-03-07 09:43:45,610 findelment.py--> get_element 20: INFO ----->定位方式:xpath--->定位值://input[@id="Left"]
2019-03-07 09:43:45,681 findelment.py--> get_element 20: INFO ----->定位方式:xpath--->定位值://input[@id="Lower"]
2019-03-07 09:43:45,745 findelment.py--> get_element 20: INFO ----->定位方式:xpath--->定位值://input[@id="Anterior"]
2019-03-07 09:43:45,810 findelment.py--> get_element 20: INFO ----->定位方式:xpath--->定位值://input[@id="Right"]
2019-03-07 09:43:45,875 findelment.py--> get_element 20: INFO ----->定位方式:xpath--->定位值://input[@id="Cephalometric"]
2019-03-07 09:43:45,943 findelment.py--> get_element 20: INFO ----->定位方式:xpath--->定位值://input[@id="Panoramic"]
2019-03-07 09:43:48,044 findelment.py--> get_element 20: INFO ----->定位方式:xpath--->定位值://button[@type="button"][3]
2019-03-07 09:43:50,159 findelment.py--> get_element 20: INFO ----->定位方式:xpath--->定位值://div[@class="m-wrapper"][1]/div[1]/div[1]/div[1]
2019-03-07 09:43:50,254 findelment.py--> get_element 20: INFO ----->定位方式:xpath--->定位值://*[@id="step3"]/div[2]/div/div[1]/ul/li[1]/div/ins
2019-03-07 09:43:50,321 findelment.py--> get_element 20: INFO ----->定位方式:xpath--->定位值://*[@id="step3"]/div[2]/div/div[2]/ul/li[1]/div/ins
2019-03-07 09:43:50,389 findelment.py--> get_element 20: INFO ----->定位方式:xpath--->定位值://button[@type="button"][3]
2019-03-07 09:43:51,465 findelment.py--> get_element 20: INFO ----->定位方式:xpath--->定位值://input[@id="unexpress"]/following-sibling::ins
2019-03-07 09:43:51,539 findelment.py--> get_element 20: INFO ----->定位方式:xpath--->定位值://button[@type="button"][4]
2019-03-07 09:43:54,625 findelment.py--> get_element 20: INFO ----->定位方式:xpath--->定位值:/html/body/div[1]/div[2]/table/tbody/tr[2]/td[1]
2019-03-07 09:44:01,538 findelment.py--> get_element 20: INFO ----->定位方式:xpath--->定位值://table/tbody/tr[2]/td/table/tbody/tr[2]/td[2]
2019-03-07 09:44:01,622 findelment.py--> get_element 20: INFO ----->定位方式:xpath--->定位值:/html/body/div[1]/div[2]/div[1]/table/tbody/tr[1]/td[2]
2019-03-07 09:44:07,927 findelment.py--> get_element 20: INFO ----->定位方式:xpath--->定位值://*[@id="login"]/div/div[2]/ul/li[1]/input
2019-03-07 09:44:08,013 findelment.py--> get_element 20: INFO ----->定位方式:xpath--->定位值://input[@placeholder='请输入密码']
2019-03-07 09:44:08,067 findelment.py--> get_element 20: INFO ----->定位方式:xpath--->定位值://button[contains(text(),'登录')]
2019-03-07 09:44:09,164 findelment.py--> get_element 20: INFO ----->定位方式:selector--->定位值:body>div.el-message.el-message--success>p
2019-03-07 09:44:12,330 findelment.py--> get_element 20: INFO ----->定位方式:xpath--->定位值://*[@id="app"]/section/section/aside/div/ul/li[3]/div
2019-03-07 09:44:13,396 findelment.py--> get_element 20: INFO ----->定位方式:xpath--->定位值://*[@id="app"]/section/section/aside/div/ul/li[3]/ul/li[1]
2019-03-07 09:44:15,450 findelment.py--> get_element 20: INFO ----->定位方式:xpath--->定位值://button/span[contains(text(),'新增收货')]
2019-03-07 09:44:16,565 findelment.py--> get_element 20: INFO ----->定位方式:xpath--->定位值://span[contains(text(),'硅胶上颌')]
2019-03-07 09:44:16,640 findelment.py--> get_element 20: INFO ----->定位方式:xpath--->定位值://span[contains(text(),'硅胶下颌')]
2019-03-07 09:44:16,716 findelment.py--> get_element 20: INFO ----->定位方式:xpath--->定位值://input[@placeholder='请输入快递单号']
2019-03-07 09:44:16,909 findelment.py--> get_element 20: INFO ----->定位方式:xpath--->定位值://input[@placeholder='请选择物流来源']
2019-03-07 09:44:17,997 findelment.py--> get_element 20: INFO ----->定位方式:xpath--->定位值:/html/body/div[2]/div[1]/div[1]/ul/li[3]/span
2019-03-07 09:44:19,064 findelment.py--> get_element 20: INFO ----->定位方式:xpath--->定位值://div[@class="imgUpload"][1]//input
2019-03-07 09:44:20,116 findelment.py--> get_element 20: INFO ----->定位方式:xpath--->定位值://div[@class="imgUpload"][2]//input
2019-03-07 09:44:22,170 findelment.py--> get_element 20: INFO ----->定位方式:xpath--->定位值://span[contains(text(),'确认收货')]
2019-03-07 09:44:23,279 findelment.py--> get_element 20: INFO ----->定位方式:xpath--->定位值://tbody/tr[1]/td[1]/div/div
2019-03-07 09:44:26,335 findelment.py--> get_element 20: INFO ----->定位方式:xpath--->定位值://*[@id="app"]/section/section/aside/div/ul/li[3]/ul/li[2]
2019-03-07 09:44:28,428 findelment.py--> get_element 20: INFO ----->定位方式:xpath--->定位值://input[@placeholder='请输入搜索关键字']
2019-03-07 09:44:30,631 findelment.py--> get_element 20: INFO ----->定位方式:xpath--->定位值://span[contains(text(),'查询')]
2019-03-07 09:44:32,728 findelment.py--> get_element 20: INFO ----->定位方式:xpath--->定位值://tbody/tr[1]/td[16]//span[contains(text(),'匹配')]/../../button[3]/span
2019-03-07 09:44:33,862 findelment.py--> get_element 20: INFO ----->定位方式:xpath--->定位值://input[@placeholder="请填写病例号"]
2019-03-07 09:44:34,014 findelment.py--> get_element 20: INFO ----->定位方式:xpath--->定位值://input[@placeholder="请选择档案"]
2019-03-07 09:44:36,101 findelment.py--> get_element 20: INFO ----->定位方式:xpath--->定位值://div[@class="centerDiv"]/button/span
2019-03-07 09:44:37,222 findelment.py--> get_element 20: INFO ----->定位方式:selector--->定位值:body>div.el-message.el-message--success>p
2019-03-07 09:44:37,273 findelment.py--> get_element 20: INFO ----->定位方式:selector--->定位值:body>div.el-message.el-message--success>p
2019-03-07 09:44:40,424 findelment.py--> get_element 20: INFO ----->定位方式:xpath--->定位值://*[@id="app"]/section/section/aside/div/ul/li[3]/ul/li[3]
2019-03-07 09:44:42,523 findelment.py--> get_element 20: INFO ----->定位方式:xpath--->定位值://input[@placeholder='请输入搜索关键字']
2019-03-07 09:44:43,669 findelment.py--> get_element 20: INFO ----->定位方式:xpath--->定位值://span[contains(text(),'查询')]
2019-03-07 09:44:45,756 findelment.py--> get_element 20: INFO ----->定位方式:xpath--->定位值://span[contains(text(),'专业软件')]/../../button[1]/span
2019-03-07 09:44:46,871 findelment.py--> get_element 20: INFO ----->定位方式:xpath--->定位值://span[contains(text(),'上颌STL')]/../following-sibling::input
2019-03-07 09:44:47,949 findelment.py--> get_element 20: INFO ----->定位方式:xpath--->定位值://span[contains(text(),'下颌STL')]/../following-sibling::input
2019-03-07 09:44:50,019 findelment.py--> get_element 20: INFO ----->定位方式:xpath--->定位值://span[contains(text(),'确认')]
2019-03-07 09:44:52,091 findelment.py--> get_element 20: INFO ----->定位方式:xpath--->定位值://tbody/tr[1]/td[1]/div/div
2019-03-07 09:44:53,196 findelment.py--> get_element 20: INFO ----->定位方式:xpath--->定位值://span[contains(text(),'完成')]
2019-03-07 09:44:54,284 findelment.py--> get_element 20: INFO ----->定位方式:selector--->定位值:body>div.el-message.el-message--success>p
2019-03-07 09:44:57,477 findelment.py--> get_element 20: INFO ----->定位方式:xpath--->定位值://*[@id="app"]/section/section/aside/div/ul/li[3]/ul/li[4]
2019-03-07 09:44:59,574 findelment.py--> get_element 20: INFO ----->定位方式:xpath--->定位值://input[@placeholder='请输入搜索关键字']
2019-03-07 09:45:00,817 findelment.py--> get_element 20: INFO ----->定位方式:xpath--->定位值://span[contains(text(),'查询')]
2019-03-07 09:45:02,935 findelment.py--> get_element 20: INFO ----->定位方式:xpath--->定位值://tbody/tr[1]/td[13]//span[contains(text(),'质检')]
2019-03-07 09:45:04,068 findelment.py--> get_element 20: INFO ----->定位方式:xpath--->定位值://div[@class="imgUpload"][1]//input
2019-03-07 09:45:05,141 findelment.py--> get_element 20: INFO ----->定位方式:xpath--->定位值://div[@class="imgUpload"][2]//input
2019-03-07 09:45:07,219 findelment.py--> get_element 20: INFO ----->定位方式:xpath--->定位值://span[contains(text(),'提交质检结果')]
2019-03-07 09:45:09,304 findelment.py--> get_element 20: INFO ----->定位方式:xpath--->定位值://tbody/tr[1]/td[9]
2019-03-07 09:45:12,509 findelment.py--> get_element 20: INFO ----->定位方式:xpath--->定位值://*[@id="app"]/section/section/aside/div/ul/li[3]/ul/li[5]
2019-03-07 09:45:14,562 findelment.py--> get_element 20: INFO ----->定位方式:xpath--->定位值://input[@placeholder='请输入搜索关键字']
2019-03-07 09:45:15,779 findelment.py--> get_element 20: INFO ----->定位方式:xpath--->定位值://span[contains(text(),'查询')]
2019-03-07 09:45:17,898 findelment.py--> get_element 20: INFO ----->定位方式:xpath--->定位值://tbody//span[contains(text(),'设计')]
2019-03-07 09:45:19,016 findelment.py--> get_element 20: INFO ----->定位方式:xpath--->定位值://span[contains(text(),'创建订单')]
2019-03-07 09:45:20,120 findelment.py--> get_element 20: INFO ----->定位方式:selector--->定位值:body>div.el-message.el-message--success>p
2019-03-07 09:45:23,268 findelment.py--> get_element 20: INFO ----->定位方式:xpath--->定位值://*[@id="app"]/section/section/aside/div/ul/li[3]/ul/li[6]
2019-03-07 09:45:25,358 findelment.py--> get_element 20: INFO ----->定位方式:xpath--->定位值://input[@placeholder='请输入搜索关键字']
2019-03-07 09:45:26,529 findelment.py--> get_element 20: INFO ----->定位方式:xpath--->定位值://span[contains(text(),'查询')]
2019-03-07 09:45:28,625 findelment.py--> get_element 20: INFO ----->定位方式:xpath--->定位值://tbody//span[contains(text(),'分配')]
2019-03-07 09:45:29,783 findelment.py--> get_element 20: INFO ----->定位方式:xpath--->定位值://span[contains(text(),'确认')]
2019-03-07 09:45:32,084 findelment.py--> get_element 20: INFO ----->定位方式:xpath--->定位值://tbody/tr[1]/td[1]/div/div
2019-03-07 09:45:33,223 findelment.py--> get_element 20: INFO ----->定位方式:xpath--->定位值://tbody//span[contains(text(),'处方')]
2019-03-07 09:45:37,675 findelment.py--> get_element 20: INFO ----->定位方式:xpath--->定位值://span[contains(text(),'查看更多')]
2019-03-07 09:45:43,283 findelment.py--> get_element 20: INFO ----->定位方式:xpath--->定位值://span[contains(text(),'临床说明')]
2019-03-07 09:45:50,814 findelment.py--> get_element 20: INFO ----->定位方式:xpath--->定位值://*[@id="app"]/section/section/aside/div/ul/li[3]/ul/li[7]
2019-03-07 09:45:52,914 findelment.py--> get_element 20: INFO ----->定位方式:xpath--->定位值://input[@placeholder='请输入搜索关键字']
2019-03-07 09:45:54,057 findelment.py--> get_element 20: INFO ----->定位方式:xpath--->定位值://span[contains(text(),'查询')]
2019-03-07 09:45:56,205 findelment.py--> get_element 20: INFO ----->定位方式:xpath--->定位值://tbody//span[contains(text(),'指派订单')]
2019-03-07 09:45:57,329 findelment.py--> get_element 20: INFO ----->定位方式:xpath--->定位值://span[contains(text(),'确认')]
2019-03-07 09:45:58,447 findelment.py--> get_element 20: INFO ----->定位方式:xpath--->定位值://tbody/tr[1]/td[1]/div/div
2019-03-07 09:45:59,563 findelment.py--> get_element 20: INFO ----->定位方式:xpath--->定位值://span[contains(text(),'查询')]
2019-03-07 09:46:00,654 findelment.py--> get_element 20: INFO ----->定位方式:xpath--->定位值://tbody//span[contains(text(),'审核通过')]
2019-03-07 09:46:01,802 findelment.py--> get_element 20: INFO ----->定位方式:selector--->定位值:body>div.el-message.el-message--success>p
2019-03-07 09:46:04,985 findelment.py--> get_element 20: INFO ----->定位方式:xpath--->定位值://*[@id="app"]/section/section/aside/div/ul/li[3]/ul/li[8]
2019-03-07 09:46:07,068 findelment.py--> get_element 20: INFO ----->定位方式:xpath--->定位值://input[@placeholder='请输入搜索关键字']
2019-03-07 09:46:08,260 findelment.py--> get_element 20: INFO ----->定位方式:xpath--->定位值://span[contains(text(),'查询')]
2019-03-07 09:46:10,397 findelment.py--> get_element 20: INFO ----->定位方式:xpath--->定位值://tbody//span[contains(text(),'指派订单')]
2019-03-07 09:46:11,495 findelment.py--> get_element 20: INFO ----->定位方式:xpath--->定位值://span[contains(text(),'确认')]
2019-03-07 09:46:12,773 findelment.py--> get_element 20: INFO ----->定位方式:xpath--->定位值://tbody/tr[1]/td[1]/div/div
2019-03-07 09:46:13,867 findelment.py--> get_element 20: INFO ----->定位方式:xpath--->定位值://span[contains(text(),'查询')]
2019-03-07 09:46:14,935 findelment.py--> get_element 20: INFO ----->定位方式:xpath--->定位值://tbody//span[contains(text(),'审核通过')]
2019-03-07 09:46:16,026 findelment.py--> get_element 20: INFO ----->定位方式:selector--->定位值:body>div.el-message.el-message--success>p
2019-03-07 09:46:19,197 findelment.py--> get_element 20: INFO ----->定位方式:xpath--->定位值://*[@id="app"]/section/section/aside/div/ul/li[3]/ul/li[9]
2019-03-07 09:46:21,270 findelment.py--> get_element 20: INFO ----->定位方式:xpath--->定位值://input[@placeholder='请输入搜索关键字']
2019-03-07 09:46:22,493 findelment.py--> get_element 20: INFO ----->定位方式:xpath--->定位值://span[contains(text(),'查询')]
2019-03-07 09:46:24,604 findelment.py--> get_element 20: INFO ----->定位方式:xpath--->定位值://tbody//span[contains(text(),'指派订单')]
2019-03-07 09:46:25,678 findelment.py--> get_element 20: INFO ----->定位方式:xpath--->定位值://span[contains(text(),'确认')]
2019-03-07 09:46:26,795 findelment.py--> get_element 20: INFO ----->定位方式:xpath--->定位值://tbody//span[contains(text(),'审核通过')]
2019-03-07 09:46:26,876 findelment.py--> get_element 20: INFO ----->定位方式:selector--->定位值:body>div.el-message.el-message--success>p
2019-03-07 09:46:28,996 findelment.py--> get_element 20: INFO ----->定位方式:xpath--->定位值://*[@id="app"]/section/section/aside/div/ul/li[3]/ul/li[5]
2019-03-07 09:46:33,322 findelment.py--> get_element 20: INFO ----->定位方式:xpath--->定位值://input[@placeholder='请输入搜索关键字']
2019-03-07 09:46:34,523 findelment.py--> get_element 20: INFO ----->定位方式:xpath--->定位值://span[contains(text(),'查询')]
2019-03-07 09:46:36,649 findelment.py--> get_element 20: INFO ----->定位方式:xpath--->定位值://tbody//span[contains(text(),'生产')]
2019-03-07 09:46:38,727 findelment.py--> get_element 20: INFO ----->定位方式:xpath--->定位值://input[@placeholder="请选择订单编号"]
2019-03-07 09:46:40,844 findelment.py--> get_element 20: INFO ----->定位方式:selector--->定位值:body > div.el-select-dropdown.el-popper > div.el-scrollbar > div.el-select-dropdown__wrap.el-scrollbar__wrap > ul > li > span
2019-03-07 09:46:40,960 findelment.py--> get_element 20: INFO ----->定位方式:xpath--->定位值://li[contains(text(),'上颌')]/following-sibling::li[1]/input[1]
2019-03-07 09:46:41,026 findelment.py--> get_element 20: INFO ----->定位方式:xpath--->定位值://li[contains(text(),'上颌')]/following-sibling::li[1]/input[2]
2019-03-07 09:46:41,072 findelment.py--> get_element 20: INFO ----->定位方式:xpath--->定位值://li[contains(text(),'下颌')]/following-sibling::li[1]/input[1]
2019-03-07 09:46:41,122 findelment.py--> get_element 20: INFO ----->定位方式:xpath--->定位值://li[contains(text(),'下颌')]/following-sibling::li[1]/input[2]
2019-03-07 09:46:43,171 findelment.py--> get_element 20: INFO ----->定位方式:xpath--->定位值://span[contains(text(),'确认下单')]
2019-03-07 09:46:44,251 findelment.py--> get_element 20: INFO ----->定位方式:xpath--->定位值://span[contains(text(),'确认下单')]
2019-03-07 09:46:45,294 findelment.py--> get_element 20: INFO ----->定位方式:selector--->定位值:body>div.el-message.el-message--success>p
2019-03-07 09:46:47,468 findelment.py--> get_element 20: INFO ----->定位方式:xpath--->定位值://*[@id="app"]/section/section/aside/div/ul/li[3]/ul/li[10]
2019-03-07 09:46:49,586 findelment.py--> get_element 20: INFO ----->定位方式:xpath--->定位值://input[@placeholder='请输入搜索关键字']
2019-03-07 09:46:50,754 findelment.py--> get_element 20: INFO ----->定位方式:xpath--->定位值://span[contains(text(),'查询')]
2019-03-07 09:46:51,946 findelment.py--> get_element 20: INFO ----->定位方式:xpath--->定位值://tbody/tr[1]/td[16]/div//span/span
2019-03-07 09:46:53,056 findelment.py--> get_element 20: INFO ----->定位方式:xpath--->定位值://button/span[contains(text(),"排产预览")]
2019-03-07 09:46:55,150 findelment.py--> get_element 20: INFO ----->定位方式:xpath--->定位值://input[@placeholder="请输入"]
2019-03-07 09:46:56,244 findelment.py--> get_element 20: INFO ----->定位方式:xpath--->定位值://button/span[contains(text(),"确认排产")]
2019-03-07 09:46:57,325 findelment.py--> get_element 20: INFO ----->定位方式:selector--->定位值:body>div.el-message.el-message--success>p
2019-03-07 09:46:59,501 findelment.py--> get_element 20: INFO ----->定位方式:xpath--->定位值://*[@id="app"]/section/section/aside/div/ul/li[3]/ul/li[11]
2019-03-07 09:47:01,628 findelment.py--> get_element 20: INFO ----->定位方式:xpath--->定位值://input[@placeholder='请输入搜索关键字']
2019-03-07 09:47:02,809 findelment.py--> get_element 20: INFO ----->定位方式:xpath--->定位值://span[contains(text(),'查询')]
2019-03-07 09:47:03,913 findelment.py--> get_element 20: INFO ----->定位方式:xpath--->定位值://tbody//span[contains(text(),'完成')]
2019-03-07 09:47:06,074 findelment.py--> get_element 20: INFO ----->定位方式:xpath--->定位值://input[@placeholder="请选择打印机"]
2019-03-07 09:47:07,195 findelment.py--> get_element 20: INFO ----->定位方式:xpath--->定位值://li/span[contains(text(),"打印机035")]
2019-03-07 09:47:08,330 findelment.py--> get_element 20: INFO ----->定位方式:xpath--->定位值://button/span[contains(text(),"确认")]
2019-03-07 09:47:09,423 findelment.py--> get_element 20: INFO ----->定位方式:selector--->定位值:body>div.el-message.el-message--success>p
2019-03-07 09:47:11,618 findelment.py--> get_element 20: INFO ----->定位方式:xpath--->定位值://*[@id="app"]/section/section/aside/div/ul/li[3]/ul/li[12]
2019-03-07 09:47:13,723 findelment.py--> get_element 20: INFO ----->定位方式:xpath--->定位值://input[@placeholder='请输入搜索关键字']
2019-03-07 09:47:14,871 findelment.py--> get_element 20: INFO ----->定位方式:xpath--->定位值://span[contains(text(),'查询')]
2019-03-07 09:47:16,009 findelment.py--> get_element 20: INFO ----->定位方式:xpath--->定位值://tbody//span[contains(text(),'完成')]
2019-03-07 09:47:17,113 findelment.py--> get_element 20: INFO ----->定位方式:xpath--->定位值://button/span[contains(text(),"确定")]
2019-03-07 09:47:18,189 findelment.py--> get_element 20: INFO ----->定位方式:selector--->定位值:body>div.el-message.el-message--success>p
2019-03-07 09:47:21,342 findelment.py--> get_element 20: INFO ----->定位方式:xpath--->定位值://*[@id="app"]/section/section/aside/div/ul/li[4]/div
2019-03-07 09:47:23,492 findelment.py--> get_element 20: INFO ----->定位方式:xpath--->定位值://*[@id="app"]/section/section/aside/div/ul/li[4]/ul/li[1]
2019-03-07 09:47:25,625 findelment.py--> get_element 20: INFO ----->定位方式:xpath--->定位值://input[@placeholder='请输入搜索关键字']
2019-03-07 09:47:26,759 findelment.py--> get_element 20: INFO ----->定位方式:xpath--->定位值://span[contains(text(),'查询')]
2019-03-07 09:47:27,876 findelment.py--> get_element 20: INFO ----->定位方式:xpath--->定位值://button/span[contains(text(),"包装")]
2019-03-07 09:47:29,997 findelment.py--> get_element 20: INFO ----->定位方式:xpath--->定位值://button/span[contains(text(),"确认")]
2019-03-07 09:47:31,132 findelment.py--> get_element 20: INFO ----->定位方式:selector--->定位值:body>div.el-message.el-message--success>p
2019-03-07 09:47:33,306 findelment.py--> get_element 20: INFO ----->定位方式:xpath--->定位值://*[@id="app"]/section/section/aside/div/ul/li[3]/ul/li[13]
2019-03-07 09:47:35,405 findelment.py--> get_element 20: INFO ----->定位方式:xpath--->定位值://input[@placeholder='请输入搜索关键字']
2019-03-07 09:47:36,583 findelment.py--> get_element 20: INFO ----->定位方式:xpath--->定位值://span[contains(text(),'查询')]
2019-03-07 09:47:37,746 findelment.py--> get_element 20: INFO ----->定位方式:xpath--->定位值://tbody//span[contains(text(),'完成')]
2019-03-07 09:47:38,847 findelment.py--> get_element 20: INFO ----->定位方式:xpath--->定位值://button/span[contains(text(),"确认入库")]
2019-03-07 09:47:39,959 findelment.py--> get_element 20: INFO ----->定位方式:selector--->定位值:body>div.el-message.el-message--success>p
2019-03-07 09:47:42,145 findelment.py--> get_element 20: INFO ----->定位方式:xpath--->定位值://*[@id="app"]/section/section/aside/div/ul/li[3]/ul/li[14]
2019-03-07 09:47:44,296 findelment.py--> get_element 20: INFO ----->定位方式:xpath--->定位值://input[@placeholder='请输入搜索关键字']
2019-03-07 09:47:45,455 findelment.py--> get_element 20: INFO ----->定位方式:xpath--->定位值://span[contains(text(),'查询')]
2019-03-07 09:47:47,609 findelment.py--> get_element 20: INFO ----->定位方式:xpath--->定位值://tbody//span[contains(text(),'发货')]
2019-03-07 09:47:48,797 findelment.py--> get_element 20: INFO ----->定位方式:xpath--->定位值://label[1]/span[1]/span
2019-03-07 09:47:49,894 findelment.py--> get_element 20: INFO ----->定位方式:xpath--->定位值://button/span[contains(text(),"确认")]
2019-03-07 09:47:51,009 findelment.py--> get_element 20: INFO ----->定位方式:selector--->定位值:body>div.el-message.el-message--success>p
2019-03-07 09:47:53,191 findelment.py--> get_element 20: INFO ----->定位方式:xpath--->定位值://*[@id="app"]/section/section/aside/div/ul/li[3]/ul/li[15]
2019-03-07 09:47:55,278 findelment.py--> get_element 20: INFO ----->定位方式:xpath--->定位值://input[@placeholder='请输入搜索关键字']
2019-03-07 09:47:56,474 findelment.py--> get_element 20: INFO ----->定位方式:xpath--->定位值://span[contains(text(),'查询')]
2019-03-07 09:47:58,649 findelment.py--> get_element 20: INFO ----->定位方式:xpath--->定位值://tbody//span[contains(text(),'邮寄')]
2019-03-07 09:47:59,765 findelment.py--> get_element 20: INFO ----->定位方式:xpath--->定位值://input[@placeholder="请填写快递单号"]
2019-03-07 09:48:00,899 findelment.py--> get_element 20: INFO ----->定位方式:xpath--->定位值://input[@placeholder="请填写快递单号"]/../../following-sibling::div//span
2019-03-07 09:48:01,983 findelment.py--> get_element 20: INFO ----->定位方式:xpath--->定位值://tbody//span[contains(text(),'确认')]
2019-03-07 09:48:04,134 findelment.py--> get_element 20: INFO ----->定位方式:xpath--->定位值://button/span[contains(text(),"确认发货")]
2019-03-07 09:48:05,196 findelment.py--> get_element 20: INFO ----->定位方式:selector--->定位值:body>div.el-message.el-message--success>p
2019-03-07 09:48:11,844 send_email.py--> _attach_file 20: INFO ----->attach file D:\po_owens_write\report\first_case.html
2019-03-07 09:48:14,541 send_email.py--> send 20: INFO ----->发送邮件"ERP测试报告"成功! 收件人：825651673@qq.com。如果没有收到邮件，请检查垃圾箱，同时检查收件人地址是否正确
2019-03-07 13:47:25,683 findelment.py--> get_element 20: INFO ----->定位方式:xpath--->定位值://input[@id="account"]
2019-03-07 13:47:25,809 findelment.py--> get_element 20: INFO ----->定位方式:xpath--->定位值://input[@id="password"]
2019-03-07 13:47:25,877 findelment.py--> get_element 20: INFO ----->定位方式:xpath--->定位值://button[@id="btn_login"]
2019-03-07 13:47:28,950 findelment.py--> get_element 20: INFO ----->定位方式:xpath--->定位值://button[@id="add-new"]
2019-03-07 13:47:39,473 findelment.py--> get_element 20: INFO ----->定位方式:xpath--->定位值://input[@id="patientName"]
2019-03-07 13:47:39,670 findelment.py--> get_element 20: INFO ----->定位方式:xpath--->定位值://div[@name="patientSex"][2]
2019-03-07 13:47:39,730 findelment.py--> get_element 20: INFO ----->定位方式:xpath--->定位值://select[@id="birthdayYear"]
2019-03-07 13:47:39,805 findelment.py--> get_element 20: INFO ----->定位方式:xpath--->定位值://select[@id="birthdayMonth"]
2019-03-07 13:47:39,886 findelment.py--> get_element 20: INFO ----->定位方式:xpath--->定位值://select[@id="birthdayDate"]
2019-03-07 13:47:39,955 findelment.py--> get_element 20: INFO ----->定位方式:xpath--->定位值://input[@id="patientTel"]
2019-03-07 13:47:40,031 findelment.py--> get_element 20: INFO ----->定位方式:xpath--->定位值://select[@id="hospital"]
2019-03-07 13:47:40,101 findelment.py--> get_element 20: INFO ----->定位方式:xpath--->定位值://button[@type="button"][3]
2019-03-07 13:47:42,183 findelment.py--> get_element 20: INFO ----->定位方式:xpath--->定位值://input[@id="45Profile"]
2019-03-07 13:47:42,270 findelment.py--> get_element 20: INFO ----->定位方式:xpath--->定位值://input[@id="FrontalRepose"]
2019-03-07 13:47:42,358 findelment.py--> get_element 20: INFO ----->定位方式:xpath--->定位值://input[@id="FrontalSmile"]
2019-03-07 13:47:42,432 findelment.py--> get_element 20: INFO ----->定位方式:xpath--->定位值://input[@id="Profile"]
2019-03-07 13:47:42,505 findelment.py--> get_element 20: INFO ----->定位方式:xpath--->定位值://input[@id="Upper"]
2019-03-07 13:47:42,575 findelment.py--> get_element 20: INFO ----->定位方式:xpath--->定位值://input[@id="Left"]
2019-03-07 13:47:42,667 findelment.py--> get_element 20: INFO ----->定位方式:xpath--->定位值://input[@id="Lower"]
2019-03-07 13:47:42,750 findelment.py--> get_element 20: INFO ----->定位方式:xpath--->定位值://input[@id="Anterior"]
2019-03-07 13:47:42,821 findelment.py--> get_element 20: INFO ----->定位方式:xpath--->定位值://input[@id="Right"]
2019-03-07 13:47:42,893 findelment.py--> get_element 20: INFO ----->定位方式:xpath--->定位值://input[@id="Cephalometric"]
2019-03-07 13:47:43,057 findelment.py--> get_element 20: INFO ----->定位方式:xpath--->定位值://input[@id="Panoramic"]
2019-03-07 13:47:45,183 findelment.py--> get_element 20: INFO ----->定位方式:xpath--->定位值://button[@type="button"][3]
2019-03-07 13:47:47,301 findelment.py--> get_element 20: INFO ----->定位方式:xpath--->定位值://div[@class="m-wrapper"][1]/div[1]/div[1]/div[1]
2019-03-07 13:47:47,354 findelment.py--> get_element 20: INFO ----->定位方式:xpath--->定位值://*[@id="step3"]/div[2]/div/div[1]/ul/li[1]/div/ins
2019-03-07 13:47:47,411 findelment.py--> get_element 20: INFO ----->定位方式:xpath--->定位值://*[@id="step3"]/div[2]/div/div[2]/ul/li[1]/div/ins
2019-03-07 13:47:47,477 findelment.py--> get_element 20: INFO ----->定位方式:xpath--->定位值://button[@type="button"][3]
2019-03-07 13:47:48,598 findelment.py--> get_element 20: INFO ----->定位方式:xpath--->定位值://input[@id="unexpress"]/following-sibling::ins
2019-03-07 13:47:48,705 findelment.py--> get_element 20: INFO ----->定位方式:xpath--->定位值://button[@type="button"][4]
2019-03-07 13:47:51,782 findelment.py--> get_element 20: INFO ----->定位方式:xpath--->定位值:/html/body/div[1]/div[2]/table/tbody/tr[2]/td[1]
2019-03-07 13:47:58,931 findelment.py--> get_element 20: INFO ----->定位方式:xpath--->定位值://table/tbody/tr[2]/td/table/tbody/tr[2]/td[2]
2019-03-07 13:47:58,971 findelment.py--> get_element 20: INFO ----->定位方式:xpath--->定位值:/html/body/div[1]/div[2]/div[1]/table/tbody/tr[1]/td[2]
2019-03-07 13:48:05,318 findelment.py--> get_element 20: INFO ----->定位方式:xpath--->定位值://*[@id="login"]/div/div[2]/ul/li[1]/input
2019-03-07 13:48:05,399 findelment.py--> get_element 20: INFO ----->定位方式:xpath--->定位值://input[@placeholder='请输入密码']
2019-03-07 13:48:05,454 findelment.py--> get_element 20: INFO ----->定位方式:xpath--->定位值://button[contains(text(),'登录')]
2019-03-07 13:48:06,552 findelment.py--> get_element 20: INFO ----->定位方式:selector--->定位值:body>div.el-message.el-message--success>p
2019-03-07 13:48:09,648 findelment.py--> get_element 20: INFO ----->定位方式:xpath--->定位值://*[@id="app"]/section/section/aside/div/ul/li[3]/div
2019-03-07 13:48:10,703 findelment.py--> get_element 20: INFO ----->定位方式:xpath--->定位值://*[@id="app"]/section/section/aside/div/ul/li[3]/ul/li[1]
2019-03-07 13:48:12,821 findelment.py--> get_element 20: INFO ----->定位方式:xpath--->定位值://button/span[contains(text(),'新增收货')]
2019-03-07 13:48:13,971 findelment.py--> get_element 20: INFO ----->定位方式:xpath--->定位值://span[contains(text(),'硅胶上颌')]
2019-03-07 13:48:14,037 findelment.py--> get_element 20: INFO ----->定位方式:xpath--->定位值://span[contains(text(),'硅胶下颌')]
2019-03-07 13:48:14,126 findelment.py--> get_element 20: INFO ----->定位方式:xpath--->定位值://input[@placeholder='请输入快递单号']
2019-03-07 13:48:14,300 findelment.py--> get_element 20: INFO ----->定位方式:xpath--->定位值://input[@placeholder='请选择物流来源']
2019-03-07 13:48:15,388 findelment.py--> get_element 20: INFO ----->定位方式:xpath--->定位值:/html/body/div[2]/div[1]/div[1]/ul/li[3]/span
2019-03-07 13:48:16,492 findelment.py--> get_element 20: INFO ----->定位方式:xpath--->定位值://div[@class="imgUpload"][1]//input
2019-03-07 13:48:17,577 findelment.py--> get_element 20: INFO ----->定位方式:xpath--->定位值://div[@class="imgUpload"][2]//input
2019-03-07 13:48:19,650 findelment.py--> get_element 20: INFO ----->定位方式:xpath--->定位值://span[contains(text(),'确认收货')]
2019-03-07 13:48:20,762 findelment.py--> get_element 20: INFO ----->定位方式:xpath--->定位值://tbody/tr[1]/td[1]/div/div
2019-03-07 13:48:23,833 findelment.py--> get_element 20: INFO ----->定位方式:xpath--->定位值://*[@id="app"]/section/section/aside/div/ul/li[3]/ul/li[2]
2019-03-07 13:48:25,902 findelment.py--> get_element 20: INFO ----->定位方式:xpath--->定位值://input[@placeholder='请输入搜索关键字']
2019-03-07 13:48:28,134 findelment.py--> get_element 20: INFO ----->定位方式:xpath--->定位值://span[contains(text(),'查询')]
2019-03-07 13:48:30,267 findelment.py--> get_element 20: INFO ----->定位方式:xpath--->定位值://tbody/tr[1]/td[16]//span[contains(text(),'匹配')]/../../button[3]/span
2019-03-07 13:48:31,370 findelment.py--> get_element 20: INFO ----->定位方式:xpath--->定位值://input[@placeholder="请填写病例号"]
2019-03-07 13:48:31,555 findelment.py--> get_element 20: INFO ----->定位方式:xpath--->定位值://input[@placeholder="请选择档案"]
2019-03-07 13:48:33,638 findelment.py--> get_element 20: INFO ----->定位方式:xpath--->定位值://div[@class="centerDiv"]/button/span
2019-03-07 13:48:34,715 findelment.py--> get_element 20: INFO ----->定位方式:selector--->定位值:body>div.el-message.el-message--success>p
2019-03-07 13:48:34,763 findelment.py--> get_element 20: INFO ----->定位方式:selector--->定位值:body>div.el-message.el-message--success>p
2019-03-07 13:48:37,889 findelment.py--> get_element 20: INFO ----->定位方式:xpath--->定位值://*[@id="app"]/section/section/aside/div/ul/li[3]/ul/li[3]
2019-03-07 13:48:39,940 findelment.py--> get_element 20: INFO ----->定位方式:xpath--->定位值://input[@placeholder='请输入搜索关键字']
2019-03-07 13:48:41,073 findelment.py--> get_element 20: INFO ----->定位方式:xpath--->定位值://span[contains(text(),'查询')]
2019-03-07 13:48:43,167 findelment.py--> get_element 20: INFO ----->定位方式:xpath--->定位值://span[contains(text(),'专业软件')]/../../button[1]/span
2019-03-07 13:48:44,281 findelment.py--> get_element 20: INFO ----->定位方式:xpath--->定位值://span[contains(text(),'上颌STL')]/../following-sibling::input
2019-03-07 13:48:45,313 findelment.py--> get_element 20: INFO ----->定位方式:xpath--->定位值://span[contains(text(),'下颌STL')]/../following-sibling::input
2019-03-07 13:48:47,355 findelment.py--> get_element 20: INFO ----->定位方式:xpath--->定位值://span[contains(text(),'确认')]
2019-03-07 13:48:49,418 findelment.py--> get_element 20: INFO ----->定位方式:xpath--->定位值://tbody/tr[1]/td[1]/div/div
2019-03-07 13:48:50,567 findelment.py--> get_element 20: INFO ----->定位方式:xpath--->定位值://span[contains(text(),'完成')]
2019-03-07 13:48:51,674 findelment.py--> get_element 20: INFO ----->定位方式:selector--->定位值:body>div.el-message.el-message--success>p
2019-03-07 13:48:54,919 findelment.py--> get_element 20: INFO ----->定位方式:xpath--->定位值://*[@id="app"]/section/section/aside/div/ul/li[3]/ul/li[4]
2019-03-07 13:48:56,972 findelment.py--> get_element 20: INFO ----->定位方式:xpath--->定位值://input[@placeholder='请输入搜索关键字']
2019-03-07 13:48:58,128 findelment.py--> get_element 20: INFO ----->定位方式:xpath--->定位值://span[contains(text(),'查询')]
2019-03-07 13:49:00,252 findelment.py--> get_element 20: INFO ----->定位方式:xpath--->定位值://tbody/tr[1]/td[13]//span[contains(text(),'质检')]
2019-03-07 13:49:01,329 findelment.py--> get_element 20: INFO ----->定位方式:xpath--->定位值://div[@class="imgUpload"][1]//input
2019-03-07 13:49:02,359 findelment.py--> get_element 20: INFO ----->定位方式:xpath--->定位值://div[@class="imgUpload"][2]//input
2019-03-07 13:49:04,388 findelment.py--> get_element 20: INFO ----->定位方式:xpath--->定位值://span[contains(text(),'提交质检结果')]
2019-03-07 13:49:06,476 findelment.py--> get_element 20: INFO ----->定位方式:xpath--->定位值://tbody/tr[1]/td[9]
2019-03-07 13:49:09,634 findelment.py--> get_element 20: INFO ----->定位方式:xpath--->定位值://*[@id="app"]/section/section/aside/div/ul/li[3]/ul/li[5]
2019-03-07 13:49:11,730 findelment.py--> get_element 20: INFO ----->定位方式:xpath--->定位值://input[@placeholder='请输入搜索关键字']
2019-03-07 13:49:12,990 findelment.py--> get_element 20: INFO ----->定位方式:xpath--->定位值://span[contains(text(),'查询')]
2019-03-07 13:49:15,065 findelment.py--> get_element 20: INFO ----->定位方式:xpath--->定位值://tbody//span[contains(text(),'设计')]
2019-03-07 13:49:16,218 findelment.py--> get_element 20: INFO ----->定位方式:xpath--->定位值://span[contains(text(),'创建订单')]
2019-03-07 13:49:17,319 findelment.py--> get_element 20: INFO ----->定位方式:selector--->定位值:body>div.el-message.el-message--success>p
2019-03-07 13:49:20,491 findelment.py--> get_element 20: INFO ----->定位方式:xpath--->定位值://*[@id="app"]/section/section/aside/div/ul/li[3]/ul/li[6]
2019-03-07 13:49:22,588 findelment.py--> get_element 20: INFO ----->定位方式:xpath--->定位值://input[@placeholder='请输入搜索关键字']
2019-03-07 13:49:23,733 findelment.py--> get_element 20: INFO ----->定位方式:xpath--->定位值://span[contains(text(),'查询')]
2019-03-07 13:49:25,843 findelment.py--> get_element 20: INFO ----->定位方式:xpath--->定位值://tbody//span[contains(text(),'分配')]
2019-03-07 13:49:26,944 findelment.py--> get_element 20: INFO ----->定位方式:xpath--->定位值://span[contains(text(),'确认')]
2019-03-07 13:49:29,197 findelment.py--> get_element 20: INFO ----->定位方式:xpath--->定位值://tbody/tr[1]/td[1]/div/div
2019-03-07 13:49:30,320 findelment.py--> get_element 20: INFO ----->定位方式:xpath--->定位值://tbody//span[contains(text(),'处方')]
2019-03-07 13:49:34,646 findelment.py--> get_element 20: INFO ----->定位方式:xpath--->定位值://span[contains(text(),'查看更多')]
2019-03-07 13:49:40,164 findelment.py--> get_element 20: INFO ----->定位方式:xpath--->定位值://span[contains(text(),'临床说明')]
2019-03-07 13:49:47,702 findelment.py--> get_element 20: INFO ----->定位方式:xpath--->定位值://*[@id="app"]/section/section/aside/div/ul/li[3]/ul/li[7]
2019-03-07 13:49:49,811 findelment.py--> get_element 20: INFO ----->定位方式:xpath--->定位值://input[@placeholder='请输入搜索关键字']
2019-03-07 13:49:50,999 findelment.py--> get_element 20: INFO ----->定位方式:xpath--->定位值://span[contains(text(),'查询')]
2019-03-07 13:49:53,070 findelment.py--> get_element 20: INFO ----->定位方式:xpath--->定位值://tbody//span[contains(text(),'指派订单')]
2019-03-07 13:49:54,164 findelment.py--> get_element 20: INFO ----->定位方式:xpath--->定位值://span[contains(text(),'确认')]
2019-03-07 13:49:55,288 findelment.py--> get_element 20: INFO ----->定位方式:xpath--->定位值://tbody/tr[1]/td[1]/div/div
2019-03-07 13:49:56,422 findelment.py--> get_element 20: INFO ----->定位方式:xpath--->定位值://span[contains(text(),'查询')]
2019-03-07 13:49:57,551 findelment.py--> get_element 20: INFO ----->定位方式:xpath--->定位值://tbody//span[contains(text(),'审核通过')]
2019-03-07 13:49:58,646 findelment.py--> get_element 20: INFO ----->定位方式:selector--->定位值:body>div.el-message.el-message--success>p
2019-03-07 13:50:01,745 findelment.py--> get_element 20: INFO ----->定位方式:xpath--->定位值://*[@id="app"]/section/section/aside/div/ul/li[3]/ul/li[8]
2019-03-07 13:50:03,826 findelment.py--> get_element 20: INFO ----->定位方式:xpath--->定位值://input[@placeholder='请输入搜索关键字']
2019-03-07 13:50:05,042 findelment.py--> get_element 20: INFO ----->定位方式:xpath--->定位值://span[contains(text(),'查询')]
2019-03-07 13:50:07,170 findelment.py--> get_element 20: INFO ----->定位方式:xpath--->定位值://tbody//span[contains(text(),'指派订单')]
2019-03-07 13:50:08,249 findelment.py--> get_element 20: INFO ----->定位方式:xpath--->定位值://span[contains(text(),'确认')]
2019-03-07 13:50:09,528 findelment.py--> get_element 20: INFO ----->定位方式:xpath--->定位值://tbody/tr[1]/td[1]/div/div
2019-03-07 13:50:10,636 findelment.py--> get_element 20: INFO ----->定位方式:xpath--->定位值://span[contains(text(),'查询')]
2019-03-07 13:50:11,681 findelment.py--> get_element 20: INFO ----->定位方式:xpath--->定位值://tbody//span[contains(text(),'审核通过')]
2019-03-07 13:50:12,791 findelment.py--> get_element 20: INFO ----->定位方式:selector--->定位值:body>div.el-message.el-message--success>p
2019-03-07 13:50:15,970 findelment.py--> get_element 20: INFO ----->定位方式:xpath--->定位值://*[@id="app"]/section/section/aside/div/ul/li[3]/ul/li[9]
2019-03-07 13:50:18,062 findelment.py--> get_element 20: INFO ----->定位方式:xpath--->定位值://input[@placeholder='请输入搜索关键字']
2019-03-07 13:50:19,213 findelment.py--> get_element 20: INFO ----->定位方式:xpath--->定位值://span[contains(text(),'查询')]
2019-03-07 13:50:21,299 findelment.py--> get_element 20: INFO ----->定位方式:xpath--->定位值://tbody//span[contains(text(),'指派订单')]
2019-03-07 13:50:22,384 findelment.py--> get_element 20: INFO ----->定位方式:xpath--->定位值://span[contains(text(),'确认')]
2019-03-07 13:50:23,482 findelment.py--> get_element 20: INFO ----->定位方式:xpath--->定位值://tbody//span[contains(text(),'审核通过')]
2019-03-07 13:50:23,567 findelment.py--> get_element 20: INFO ----->定位方式:selector--->定位值:body>div.el-message.el-message--success>p
2019-03-07 13:50:25,698 findelment.py--> get_element 20: INFO ----->定位方式:xpath--->定位值://*[@id="app"]/section/section/aside/div/ul/li[3]/ul/li[5]
2019-03-07 13:50:29,995 findelment.py--> get_element 20: INFO ----->定位方式:xpath--->定位值://input[@placeholder='请输入搜索关键字']
2019-03-07 13:50:31,196 findelment.py--> get_element 20: INFO ----->定位方式:xpath--->定位值://span[contains(text(),'查询')]
2019-03-07 13:50:33,326 findelment.py--> get_element 20: INFO ----->定位方式:xpath--->定位值://tbody//span[contains(text(),'生产')]
2019-03-07 13:50:35,429 findelment.py--> get_element 20: INFO ----->定位方式:xpath--->定位值://input[@placeholder="请选择订单编号"]
2019-03-07 13:50:37,543 findelment.py--> get_element 20: INFO ----->定位方式:selector--->定位值:body > div.el-select-dropdown.el-popper > div.el-scrollbar > div.el-select-dropdown__wrap.el-scrollbar__wrap > ul > li > span
2019-03-07 13:50:37,659 findelment.py--> get_element 20: INFO ----->定位方式:xpath--->定位值://li[contains(text(),'上颌')]/following-sibling::li[1]/input[1]
2019-03-07 13:50:37,726 findelment.py--> get_element 20: INFO ----->定位方式:xpath--->定位值://li[contains(text(),'上颌')]/following-sibling::li[1]/input[2]
2019-03-07 13:50:37,777 findelment.py--> get_element 20: INFO ----->定位方式:xpath--->定位值://li[contains(text(),'下颌')]/following-sibling::li[1]/input[1]
2019-03-07 13:50:37,830 findelment.py--> get_element 20: INFO ----->定位方式:xpath--->定位值://li[contains(text(),'下颌')]/following-sibling::li[1]/input[2]
2019-03-07 13:50:39,878 findelment.py--> get_element 20: INFO ----->定位方式:xpath--->定位值://span[contains(text(),'确认下单')]
2019-03-07 13:50:41,008 findelment.py--> get_element 20: INFO ----->定位方式:xpath--->定位值://span[contains(text(),'确认下单')]
2019-03-07 13:50:42,093 findelment.py--> get_element 20: INFO ----->定位方式:selector--->定位值:body>div.el-message.el-message--success>p
2019-03-07 13:50:44,241 findelment.py--> get_element 20: INFO ----->定位方式:xpath--->定位值://*[@id="app"]/section/section/aside/div/ul/li[3]/ul/li[10]
2019-03-07 13:50:46,308 findelment.py--> get_element 20: INFO ----->定位方式:xpath--->定位值://input[@placeholder='请输入搜索关键字']
2019-03-07 13:50:47,458 findelment.py--> get_element 20: INFO ----->定位方式:xpath--->定位值://span[contains(text(),'查询')]
2019-03-07 13:50:48,598 findelment.py--> get_element 20: INFO ----->定位方式:xpath--->定位值://tbody/tr[1]/td[16]/div//span/span
2019-03-07 13:50:49,691 findelment.py--> get_element 20: INFO ----->定位方式:xpath--->定位值://button/span[contains(text(),"排产预览")]
2019-03-07 13:50:51,802 findelment.py--> get_element 20: INFO ----->定位方式:xpath--->定位值://input[@placeholder="请输入"]
2019-03-07 13:50:52,944 findelment.py--> get_element 20: INFO ----->定位方式:xpath--->定位值://button/span[contains(text(),"确认排产")]
2019-03-07 13:50:54,041 findelment.py--> get_element 20: INFO ----->定位方式:selector--->定位值:body>div.el-message.el-message--success>p
2019-03-07 13:50:56,248 findelment.py--> get_element 20: INFO ----->定位方式:xpath--->定位值://*[@id="app"]/section/section/aside/div/ul/li[3]/ul/li[11]
2019-03-07 13:50:58,310 findelment.py--> get_element 20: INFO ----->定位方式:xpath--->定位值://input[@placeholder='请输入搜索关键字']
2019-03-07 13:50:59,544 findelment.py--> get_element 20: INFO ----->定位方式:xpath--->定位值://span[contains(text(),'查询')]
2019-03-07 13:51:00,687 findelment.py--> get_element 20: INFO ----->定位方式:xpath--->定位值://tbody//span[contains(text(),'完成')]
2019-03-07 13:51:02,787 findelment.py--> get_element 20: INFO ----->定位方式:xpath--->定位值://input[@placeholder="请选择打印机"]
2019-03-07 13:51:03,888 findelment.py--> get_element 20: INFO ----->定位方式:xpath--->定位值://li/span[contains(text(),"打印机035")]
2019-03-07 13:51:04,986 findelment.py--> get_element 20: INFO ----->定位方式:xpath--->定位值://button/span[contains(text(),"确认")]
2019-03-07 13:51:06,094 findelment.py--> get_element 20: INFO ----->定位方式:selector--->定位值:body>div.el-message.el-message--success>p
2019-03-07 13:51:08,264 findelment.py--> get_element 20: INFO ----->定位方式:xpath--->定位值://*[@id="app"]/section/section/aside/div/ul/li[3]/ul/li[12]
2019-03-07 13:51:10,328 findelment.py--> get_element 20: INFO ----->定位方式:xpath--->定位值://input[@placeholder='请输入搜索关键字']
2019-03-07 13:51:11,482 findelment.py--> get_element 20: INFO ----->定位方式:xpath--->定位值://span[contains(text(),'查询')]
2019-03-07 13:51:12,592 findelment.py--> get_element 20: INFO ----->定位方式:xpath--->定位值://tbody//span[contains(text(),'完成')]
2019-03-07 13:51:13,702 findelment.py--> get_element 20: INFO ----->定位方式:xpath--->定位值://button/span[contains(text(),"确定")]
2019-03-07 13:51:14,797 findelment.py--> get_element 20: INFO ----->定位方式:selector--->定位值:body>div.el-message.el-message--success>p
2019-03-07 13:51:17,980 findelment.py--> get_element 20: INFO ----->定位方式:xpath--->定位值://*[@id="app"]/section/section/aside/div/ul/li[4]/div
2019-03-07 13:51:20,137 findelment.py--> get_element 20: INFO ----->定位方式:xpath--->定位值://*[@id="app"]/section/section/aside/div/ul/li[4]/ul/li[1]
2019-03-07 13:51:22,246 findelment.py--> get_element 20: INFO ----->定位方式:xpath--->定位值://input[@placeholder='请输入搜索关键字']
2019-03-07 13:51:23,418 findelment.py--> get_element 20: INFO ----->定位方式:xpath--->定位值://span[contains(text(),'查询')]
2019-03-07 13:51:24,588 findelment.py--> get_element 20: INFO ----->定位方式:xpath--->定位值://button/span[contains(text(),"包装")]
2019-03-07 13:51:26,716 findelment.py--> get_element 20: INFO ----->定位方式:xpath--->定位值://button/span[contains(text(),"确认")]
2019-03-07 13:51:27,872 findelment.py--> get_element 20: INFO ----->定位方式:selector--->定位值:body>div.el-message.el-message--success>p
2019-03-07 13:51:30,045 findelment.py--> get_element 20: INFO ----->定位方式:xpath--->定位值://*[@id="app"]/section/section/aside/div/ul/li[3]/ul/li[13]
2019-03-07 13:51:32,114 findelment.py--> get_element 20: INFO ----->定位方式:xpath--->定位值://input[@placeholder='请输入搜索关键字']
2019-03-07 13:51:33,323 findelment.py--> get_element 20: INFO ----->定位方式:xpath--->定位值://span[contains(text(),'查询')]
2019-03-07 13:51:34,465 findelment.py--> get_element 20: INFO ----->定位方式:xpath--->定位值://tbody//span[contains(text(),'完成')]
2019-03-07 13:51:35,545 findelment.py--> get_element 20: INFO ----->定位方式:xpath--->定位值://button/span[contains(text(),"确认入库")]
2019-03-07 13:51:36,648 findelment.py--> get_element 20: INFO ----->定位方式:selector--->定位值:body>div.el-message.el-message--success>p
2019-03-07 13:51:38,841 findelment.py--> get_element 20: INFO ----->定位方式:xpath--->定位值://*[@id="app"]/section/section/aside/div/ul/li[3]/ul/li[14]
2019-03-07 13:51:40,965 findelment.py--> get_element 20: INFO ----->定位方式:xpath--->定位值://input[@placeholder='请输入搜索关键字']
2019-03-07 13:51:42,137 findelment.py--> get_element 20: INFO ----->定位方式:xpath--->定位值://span[contains(text(),'查询')]
2019-03-07 13:51:44,226 findelment.py--> get_element 20: INFO ----->定位方式:xpath--->定位值://tbody//span[contains(text(),'发货')]
2019-03-07 13:51:45,298 findelment.py--> get_element 20: INFO ----->定位方式:xpath--->定位值://label[1]/span[1]/span
2019-03-07 13:51:46,415 findelment.py--> get_element 20: INFO ----->定位方式:xpath--->定位值://button/span[contains(text(),"确认")]
2019-03-07 13:51:47,522 findelment.py--> get_element 20: INFO ----->定位方式:selector--->定位值:body>div.el-message.el-message--success>p
2019-03-07 13:51:49,736 findelment.py--> get_element 20: INFO ----->定位方式:xpath--->定位值://*[@id="app"]/section/section/aside/div/ul/li[3]/ul/li[15]
2019-03-07 13:51:51,869 findelment.py--> get_element 20: INFO ----->定位方式:xpath--->定位值://input[@placeholder='请输入搜索关键字']
2019-03-07 13:51:53,095 findelment.py--> get_element 20: INFO ----->定位方式:xpath--->定位值://span[contains(text(),'查询')]
2019-03-07 13:51:55,287 findelment.py--> get_element 20: INFO ----->定位方式:xpath--->定位值://tbody//span[contains(text(),'邮寄')]
2019-03-07 13:51:56,358 findelment.py--> get_element 20: INFO ----->定位方式:xpath--->定位值://input[@placeholder="请填写快递单号"]
2019-03-07 13:51:57,470 findelment.py--> get_element 20: INFO ----->定位方式:xpath--->定位值://input[@placeholder="请填写快递单号"]/../../following-sibling::div//span
2019-03-07 13:51:58,603 findelment.py--> get_element 20: INFO ----->定位方式:xpath--->定位值://tbody//span[contains(text(),'确认')]
2019-03-07 13:52:00,738 findelment.py--> get_element 20: INFO ----->定位方式:xpath--->定位值://button/span[contains(text(),"确认发货")]
2019-03-07 13:52:01,853 findelment.py--> get_element 20: INFO ----->定位方式:selector--->定位值:body>div.el-message.el-message--success>p
2019-03-07 13:52:08,474 send_email.py--> _attach_file 20: INFO ----->attach file D:\po_owens_write\report\first_case.html
2019-03-07 13:52:10,321 send_email.py--> send 20: INFO ----->发送邮件"ERP测试报告"成功! 收件人：825651673@qq.com。如果没有收到邮件，请检查垃圾箱，同时检查收件人地址是否正确
