2019-02-19 14:42:20,085 findelment.py--> get_element 20: INFO ----->定位方式:xpath--->定位值://*[@id="login"]/div/div[2]/ul/li[1]/input
2019-02-19 14:42:20,102 findelment.py--> get_element 20: INFO ----->未找到元素定位值:erp_accout
2019-02-19 14:42:23,435 findelment.py--> get_element 20: INFO ----->定位方式:xpath--->定位值://*[@id="app"]/section/section/aside/div/ul/li[3]/div
2019-02-19 14:42:23,464 findelment.py--> get_element 20: INFO ----->未找到元素定位值:erp_dao_hang
2019-02-19 14:42:26,577 findelment.py--> get_element 20: INFO ----->定位方式:xpath--->定位值://*[@id="app"]/section/section/aside/div/ul/li[3]/ul/li[3]
2019-02-19 14:42:26,588 findelment.py--> get_element 20: INFO ----->未找到元素定位值:moxingsaomiao
2019-02-19 14:42:29,721 findelment.py--> get_element 20: INFO ----->定位方式:xpath--->定位值://*[@id="app"]/section/section/aside/div/ul/li[3]/ul/li[4]
2019-02-19 14:42:29,734 findelment.py--> get_element 20: INFO ----->未找到元素定位值:ziliaoguanli
2019-02-19 14:42:32,833 findelment.py--> get_element 20: INFO ----->定位方式:xpath--->定位值://*[@id="app"]/section/section/aside/div/ul/li[3]/ul/li[5]
2019-02-19 14:42:32,881 findelment.py--> get_element 20: INFO ----->未找到元素定位值:dingdanguanli
2019-02-19 14:42:36,164 findelment.py--> get_element 20: INFO ----->定位方式:xpath--->定位值://*[@id="app"]/section/section/aside/div/ul/li[3]/ul/li[6]
2019-02-19 14:42:40,172 findelment.py--> get_element 20: INFO ----->未找到元素定位值:shejigenjin
2019-02-19 14:48:05,757 findelment.py--> get_element 20: INFO ----->定位方式:xpath--->定位值://*[@id="login"]/div/div[2]/ul/li[1]/input
2019-02-19 14:48:05,830 findelment.py--> get_element 20: INFO ----->定位方式:xpath--->定位值://input[@placeholder='请输入密码']
2019-02-19 14:48:05,887 findelment.py--> get_element 20: INFO ----->定位方式:xpath--->定位值://button[contains(text(),'登录')]
2019-02-19 14:48:06,944 findelment.py--> get_element 20: INFO ----->定位方式:selector--->定位值:body>div.el-message.el-message--success>p
2019-02-19 14:48:10,038 findelment.py--> get_element 20: INFO ----->定位方式:xpath--->定位值://*[@id="app"]/section/section/aside/div/ul/li[3]/div
2019-02-19 14:48:11,144 findelment.py--> get_element 20: INFO ----->定位方式:xpath--->定位值://*[@id="app"]/section/section/aside/div/ul/li[3]/ul/li[1]
2019-02-19 14:48:13,264 findelment.py--> get_element 20: INFO ----->定位方式:xpath--->定位值://button/span[contains(text(),'新增收货')]
2019-02-19 14:48:14,462 findelment.py--> get_element 20: INFO ----->定位方式:xpath--->定位值://span[contains(text(),'硅胶上颌')]
2019-02-19 14:48:14,593 findelment.py--> get_element 20: INFO ----->定位方式:xpath--->定位值://span[contains(text(),'硅胶下颌')]
2019-02-19 14:48:14,677 findelment.py--> get_element 20: INFO ----->定位方式:xpath--->定位值://input[@placeholder='请输入快递单号']
2019-02-19 14:48:14,812 findelment.py--> get_element 20: INFO ----->定位方式:xpath--->定位值://input[@placeholder='请选择物流来源']
2019-02-19 14:48:15,901 findelment.py--> get_element 20: INFO ----->定位方式:xpath--->定位值:/html/body/div[2]/div[1]/div[1]/ul/li[3]/span
2019-02-19 14:48:17,042 findelment.py--> get_element 20: INFO ----->定位方式:xpath--->定位值://div[@class="imgUpload"][1]//input
2019-02-19 14:48:18,110 findelment.py--> get_element 20: INFO ----->定位方式:xpath--->定位值://div[@class="imgUpload"][2]//input
2019-02-19 14:48:20,160 findelment.py--> get_element 20: INFO ----->定位方式:xpath--->定位值://span[contains(text(),'确认收货')]
2019-02-19 14:48:21,268 findelment.py--> get_element 20: INFO ----->定位方式:xpath--->定位值://tbody/tr[1]/td[1]/div/div
2019-02-19 14:48:24,318 findelment.py--> get_element 20: INFO ----->定位方式:xpath--->定位值://*[@id="app"]/section/section/aside/div/ul/li[3]/ul/li[2]
2019-02-19 15:37:33,420 findelment.py--> get_element 20: INFO ----->定位方式:xpath--->定位值://input[@id="account"]
2019-02-19 15:37:33,493 findelment.py--> get_element 20: INFO ----->定位方式:xpath--->定位值://input[@id="password"]
2019-02-19 15:37:33,552 findelment.py--> get_element 20: INFO ----->定位方式:xpath--->定位值://button[@id="btn_login"]
2019-02-19 15:37:36,607 findelment.py--> get_element 20: INFO ----->定位方式:xpath--->定位值://button[@id="add-new"]
2019-02-19 15:37:38,694 findelment.py--> get_element 20: INFO ----->定位方式:xpath--->定位值://input[@id="patientName"]
2019-02-19 15:37:38,759 findelment.py--> get_element 20: INFO ----->定位方式:xpath--->定位值://div[@name="patientSex"][2]
2019-02-19 15:37:38,826 findelment.py--> get_element 20: INFO ----->定位方式:xpath--->定位值://select[@id="birthdayYear"]
2019-02-19 15:37:38,895 findelment.py--> get_element 20: INFO ----->定位方式:xpath--->定位值://select[@id="birthdayMonth"]
2019-02-19 15:37:38,964 findelment.py--> get_element 20: INFO ----->定位方式:xpath--->定位值://select[@id="birthdayDate"]
2019-02-19 15:37:39,034 findelment.py--> get_element 20: INFO ----->定位方式:xpath--->定位值://input[@id="patientTel"]
2019-02-19 15:37:39,106 findelment.py--> get_element 20: INFO ----->定位方式:xpath--->定位值://select[@id="hospital"]
2019-02-19 15:37:39,177 findelment.py--> get_element 20: INFO ----->定位方式:xpath--->定位值://button[@type="button"][3]
2019-02-19 15:37:42,259 findelment.py--> get_element 20: INFO ----->定位方式:xpath--->定位值://input[@id="45Profile"]
2019-02-19 15:37:43,295 findelment.py--> get_element 20: INFO ----->定位方式:xpath--->定位值://input[@id="FrontalRepose"]
2019-02-19 15:37:44,345 findelment.py--> get_element 20: INFO ----->定位方式:xpath--->定位值://input[@id="FrontalSmile"]
2019-02-19 15:37:45,378 findelment.py--> get_element 20: INFO ----->定位方式:xpath--->定位值://input[@id="Profile"]
2019-02-19 15:37:46,421 findelment.py--> get_element 20: INFO ----->定位方式:xpath--->定位值://input[@id="Upper"]
2019-02-19 15:37:47,451 findelment.py--> get_element 20: INFO ----->定位方式:xpath--->定位值://input[@id="Left"]
2019-02-19 15:37:48,482 findelment.py--> get_element 20: INFO ----->定位方式:xpath--->定位值://input[@id="Lower"]
2019-02-19 15:37:49,516 findelment.py--> get_element 20: INFO ----->定位方式:xpath--->定位值://input[@id="Anterior"]
2019-02-19 15:37:50,544 findelment.py--> get_element 20: INFO ----->定位方式:xpath--->定位值://input[@id="Right"]
2019-02-19 15:37:51,580 findelment.py--> get_element 20: INFO ----->定位方式:xpath--->定位值://input[@id="Cephalometric"]
2019-02-19 15:37:52,608 findelment.py--> get_element 20: INFO ----->定位方式:xpath--->定位值://input[@id="Panoramic"]
2019-02-19 15:37:55,639 findelment.py--> get_element 20: INFO ----->定位方式:xpath--->定位值://button[@type="button"][3]
2019-02-19 15:37:57,722 findelment.py--> get_element 20: INFO ----->定位方式:xpath--->定位值://div[@class="m-wrapper"][1]/div[1]/div[1]/div[1]
2019-02-19 15:37:58,775 findelment.py--> get_element 20: INFO ----->定位方式:xpath--->定位值://*[@id="step3"]/div[2]/div/div[1]/ul/li[1]/div/ins
2019-02-19 15:37:59,823 findelment.py--> get_element 20: INFO ----->定位方式:xpath--->定位值://*[@id="step3"]/div[2]/div/div[2]/ul/li[2]/div/ins
2019-02-19 15:38:00,887 findelment.py--> get_element 20: INFO ----->定位方式:xpath--->定位值://button[@type="button"][3]
2019-02-19 15:38:01,959 findelment.py--> get_element 20: INFO ----->定位方式:xpath--->定位值://input[@id="unexpress"]/following-sibling::ins
2019-02-19 15:38:02,005 findelment.py--> get_element 20: INFO ----->定位方式:xpath--->定位值://button[@type="button"][4]
2019-02-19 15:38:05,090 findelment.py--> get_element 20: INFO ----->定位方式:xpath--->定位值:/html/body/div[1]/div[2]/table/tbody/tr[2]/td[1]
2019-02-19 15:38:08,153 findelment.py--> get_element 20: INFO ----->定位方式:xpath--->定位值://table/tbody/tr[2]/td/table/tbody/tr[2]/td[2]
2019-02-19 15:38:08,183 findelment.py--> get_element 20: INFO ----->定位方式:xpath--->定位值:/html/body/div[1]/div[2]/div[1]/table/tbody/tr[1]/td[2]
2019-02-19 15:38:14,752 findelment.py--> get_element 20: INFO ----->定位方式:xpath--->定位值://*[@id="login"]/div/div[2]/ul/li[1]/input
2019-02-19 15:38:14,827 findelment.py--> get_element 20: INFO ----->定位方式:xpath--->定位值://input[@placeholder='请输入密码']
2019-02-19 15:38:14,879 findelment.py--> get_element 20: INFO ----->定位方式:xpath--->定位值://button[contains(text(),'登录')]
2019-02-19 15:38:15,928 findelment.py--> get_element 20: INFO ----->定位方式:selector--->定位值:body>div.el-message.el-message--success>p
2019-02-19 15:38:19,019 findelment.py--> get_element 20: INFO ----->定位方式:xpath--->定位值://*[@id="app"]/section/section/aside/div/ul/li[3]/div
2019-02-19 15:38:20,105 findelment.py--> get_element 20: INFO ----->定位方式:xpath--->定位值://*[@id="app"]/section/section/aside/div/ul/li[3]/ul/li[1]
2019-02-19 15:38:22,161 findelment.py--> get_element 20: INFO ----->定位方式:xpath--->定位值://button/span[contains(text(),'新增收货')]
2019-02-19 15:38:23,300 findelment.py--> get_element 20: INFO ----->定位方式:xpath--->定位值://span[contains(text(),'硅胶上颌')]
2019-02-19 15:38:23,387 findelment.py--> get_element 20: INFO ----->定位方式:xpath--->定位值://span[contains(text(),'硅胶下颌')]
2019-02-19 15:38:23,488 findelment.py--> get_element 20: INFO ----->定位方式:xpath--->定位值://input[@placeholder='请输入快递单号']
2019-02-19 15:38:23,655 findelment.py--> get_element 20: INFO ----->定位方式:xpath--->定位值://input[@placeholder='请选择物流来源']
2019-02-19 15:38:24,745 findelment.py--> get_element 20: INFO ----->定位方式:xpath--->定位值:/html/body/div[2]/div[1]/div[1]/ul/li[3]/span
2019-02-19 15:38:25,804 findelment.py--> get_element 20: INFO ----->定位方式:xpath--->定位值://div[@class="imgUpload"][1]//input
2019-02-19 15:38:26,837 findelment.py--> get_element 20: INFO ----->定位方式:xpath--->定位值://div[@class="imgUpload"][2]//input
2019-02-19 15:38:28,869 findelment.py--> get_element 20: INFO ----->定位方式:xpath--->定位值://span[contains(text(),'确认收货')]
2019-02-19 15:38:29,951 findelment.py--> get_element 20: INFO ----->定位方式:xpath--->定位值://tbody/tr[1]/td[1]/div/div
2019-02-19 15:38:32,981 findelment.py--> get_element 20: INFO ----->定位方式:xpath--->定位值://*[@id="app"]/section/section/aside/div/ul/li[3]/ul/li[2]
2019-02-19 15:38:35,034 findelment.py--> get_element 20: INFO ----->定位方式:xpath--->定位值://input[@placeholder='请输入搜索关键字']
2019-02-19 15:38:37,225 findelment.py--> get_element 20: INFO ----->定位方式:xpath--->定位值://span[contains(text(),'查询')]
2019-02-19 15:38:39,294 findelment.py--> get_element 20: INFO ----->定位方式:xpath--->定位值://tbody/tr[1]/td[16]//span[contains(text(),'匹配')]/../../button[3]/span
2019-02-19 15:38:40,375 findelment.py--> get_element 20: INFO ----->定位方式:xpath--->定位值://input[@placeholder="请填写病例号"]
2019-02-19 15:38:40,500 findelment.py--> get_element 20: INFO ----->定位方式:xpath--->定位值://input[@placeholder="请选择档案"]
2019-02-19 15:38:42,578 findelment.py--> get_element 20: INFO ----->定位方式:xpath--->定位值://div[@class="centerDiv"]/button/span
2019-02-19 15:38:43,660 findelment.py--> get_element 20: INFO ----->定位方式:selector--->定位值:body>div.el-message.el-message--success>p
2019-02-19 15:38:43,693 findelment.py--> get_element 20: INFO ----->定位方式:selector--->定位值:body>div.el-message.el-message--success>p
2019-02-19 15:38:46,777 findelment.py--> get_element 20: INFO ----->定位方式:xpath--->定位值://*[@id="app"]/section/section/aside/div/ul/li[3]/ul/li[3]
2019-02-19 15:38:48,827 findelment.py--> get_element 20: INFO ----->定位方式:xpath--->定位值://input[@placeholder='请输入搜索关键字']
2019-02-19 15:38:49,953 findelment.py--> get_element 20: INFO ----->定位方式:xpath--->定位值://span[contains(text(),'查询')]
2019-02-19 15:38:52,017 findelment.py--> get_element 20: INFO ----->定位方式:xpath--->定位值://span[contains(text(),'专业软件')]/../../button[1]/span
2019-02-19 15:38:53,085 findelment.py--> get_element 20: INFO ----->定位方式:xpath--->定位值://span[contains(text(),'上颌STL')]/../following-sibling::input
2019-02-19 15:38:54,124 findelment.py--> get_element 20: INFO ----->定位方式:xpath--->定位值://span[contains(text(),'下颌STL')]/../following-sibling::input
2019-02-19 15:38:56,172 findelment.py--> get_element 20: INFO ----->定位方式:xpath--->定位值://span[contains(text(),'确认')]
2019-02-19 15:38:58,227 findelment.py--> get_element 20: INFO ----->定位方式:xpath--->定位值://tbody/tr[1]/td[1]/div/div
2019-02-19 15:38:59,320 findelment.py--> get_element 20: INFO ----->定位方式:xpath--->定位值://span[contains(text(),'完成')]
2019-02-19 15:39:00,393 findelment.py--> get_element 20: INFO ----->定位方式:selector--->定位值:body>div.el-message.el-message--success>p
2019-02-19 15:39:03,491 findelment.py--> get_element 20: INFO ----->定位方式:xpath--->定位值://*[@id="app"]/section/section/aside/div/ul/li[3]/ul/li[4]
2019-02-19 15:39:05,541 findelment.py--> get_element 20: INFO ----->定位方式:xpath--->定位值://input[@placeholder='请输入搜索关键字']
2019-02-19 15:39:06,710 findelment.py--> get_element 20: INFO ----->定位方式:xpath--->定位值://span[contains(text(),'查询')]
2019-02-19 15:39:08,785 findelment.py--> get_element 20: INFO ----->定位方式:xpath--->定位值://tbody/tr[1]/td[13]//span[contains(text(),'质检')]
2019-02-19 15:39:09,858 findelment.py--> get_element 20: INFO ----->定位方式:xpath--->定位值://div[@class="imgUpload"][1]//input
2019-02-19 15:39:10,897 findelment.py--> get_element 20: INFO ----->定位方式:xpath--->定位值://div[@class="imgUpload"][2]//input
2019-02-19 15:39:12,927 findelment.py--> get_element 20: INFO ----->定位方式:xpath--->定位值://span[contains(text(),'提交质检结果')]
2019-02-19 15:39:14,994 findelment.py--> get_element 20: INFO ----->定位方式:xpath--->定位值://tbody/tr[1]/td[9]
2019-02-19 15:39:18,097 findelment.py--> get_element 20: INFO ----->定位方式:xpath--->定位值://*[@id="app"]/section/section/aside/div/ul/li[3]/ul/li[5]
2019-02-19 15:39:20,152 findelment.py--> get_element 20: INFO ----->定位方式:xpath--->定位值://input[@placeholder='请输入搜索关键字']
2019-02-19 15:39:21,326 findelment.py--> get_element 20: INFO ----->定位方式:xpath--->定位值://span[contains(text(),'查询')]
2019-02-19 15:39:23,409 findelment.py--> get_element 20: INFO ----->定位方式:xpath--->定位值://tbody/tr[1]/td[15]//span[contains(text(),'设计')]
2019-02-19 15:39:24,518 findelment.py--> get_element 20: INFO ----->定位方式:xpath--->定位值://span[contains(text(),'创建订单')]
2019-02-19 15:39:25,579 findelment.py--> get_element 20: INFO ----->定位方式:selector--->定位值:body>div.el-message.el-message--success>p
2019-02-19 15:39:28,679 findelment.py--> get_element 20: INFO ----->定位方式:xpath--->定位值://*[@id="app"]/section/section/aside/div/ul/li[3]/ul/li[6]
2019-02-19 15:39:30,726 findelment.py--> get_element 20: INFO ----->定位方式:xpath--->定位值://input[@placeholder='请输入搜索关键字']
2019-02-19 15:39:31,871 findelment.py--> get_element 20: INFO ----->定位方式:xpath--->定位值://span[contains(text(),'查询')]
2019-02-19 15:39:33,952 findelment.py--> get_element 20: INFO ----->定位方式:xpath--->定位值://tbody/tr[1]/td[14]//span[contains(text(),'分配')]
2019-02-19 15:39:35,040 findelment.py--> get_element 20: INFO ----->定位方式:xpath--->定位值://span[contains(text(),'确认')]
2019-02-19 15:39:37,230 findelment.py--> get_element 20: INFO ----->定位方式:xpath--->定位值://tbody/tr[1]/td[1]/div/div
2019-02-19 15:39:40,448 findelment.py--> get_element 20: INFO ----->定位方式:xpath--->定位值://*[@id="app"]/section/section/aside/div/ul/li[3]/ul/li[7]
2019-02-19 15:39:42,498 findelment.py--> get_element 20: INFO ----->定位方式:xpath--->定位值://input[@placeholder='请输入搜索关键字']
2019-02-19 15:39:43,639 findelment.py--> get_element 20: INFO ----->定位方式:xpath--->定位值://span[contains(text(),'查询')]
2019-02-19 15:39:45,703 findelment.py--> get_element 20: INFO ----->定位方式:xpath--->定位值://tbody/tr[1]/td[13]//span[contains(text(),'指派订单')]
2019-02-19 15:39:46,768 findelment.py--> get_element 20: INFO ----->定位方式:xpath--->定位值://span[contains(text(),'确认')]
2019-02-19 15:39:47,822 findelment.py--> get_element 20: INFO ----->定位方式:xpath--->定位值://tbody/tr[1]/td[1]/div/div
2019-02-19 15:39:48,922 findelment.py--> get_element 20: INFO ----->定位方式:xpath--->定位值://span[contains(text(),'查询')]
2019-02-19 15:39:49,960 findelment.py--> get_element 20: INFO ----->定位方式:xpath--->定位值://tbody/tr[1]/td[13]//span[contains(text(),'审核通过')]
2019-02-19 15:39:51,048 findelment.py--> get_element 20: INFO ----->定位方式:selector--->定位值:body>div.el-message.el-message--success>p
2019-02-19 15:39:54,175 findelment.py--> get_element 20: INFO ----->定位方式:xpath--->定位值://*[@id="app"]/section/section/aside/div/ul/li[3]/ul/li[8]
2019-02-19 15:39:56,237 findelment.py--> get_element 20: INFO ----->定位方式:xpath--->定位值://input[@placeholder='请输入搜索关键字']
2019-02-19 15:39:57,379 findelment.py--> get_element 20: INFO ----->定位方式:xpath--->定位值://span[contains(text(),'查询')]
2019-02-19 15:39:59,468 findelment.py--> get_element 20: INFO ----->定位方式:xpath--->定位值://tbody/tr[1]/td[15]//span[contains(text(),'指派订单')]
2019-02-19 15:40:00,549 findelment.py--> get_element 20: INFO ----->定位方式:xpath--->定位值://span[contains(text(),'确认')]
2019-02-19 15:40:01,826 findelment.py--> get_element 20: INFO ----->定位方式:xpath--->定位值://tbody/tr[1]/td[1]/div/div
2019-02-19 15:40:02,934 findelment.py--> get_element 20: INFO ----->定位方式:xpath--->定位值://span[contains(text(),'查询')]
2019-02-19 15:40:03,973 findelment.py--> get_element 20: INFO ----->定位方式:xpath--->定位值://tbody/tr[1]/td[15]//span[contains(text(),'审核通过')]
2019-02-19 15:40:05,033 findelment.py--> get_element 20: INFO ----->定位方式:selector--->定位值:body>div.el-message.el-message--success>p
2019-02-19 15:40:08,130 findelment.py--> get_element 20: INFO ----->定位方式:xpath--->定位值://*[@id="app"]/section/section/aside/div/ul/li[3]/ul/li[9]
2019-02-19 15:40:10,192 findelment.py--> get_element 20: INFO ----->定位方式:xpath--->定位值://input[@placeholder='请输入搜索关键字']
2019-02-19 15:40:11,346 findelment.py--> get_element 20: INFO ----->定位方式:xpath--->定位值://span[contains(text(),'查询')]
2019-02-19 15:40:13,418 findelment.py--> get_element 20: INFO ----->定位方式:xpath--->定位值://tbody/tr[1]/td[13]//span[contains(text(),'指派订单')]
2019-02-19 15:40:14,490 findelment.py--> get_element 20: INFO ----->定位方式:xpath--->定位值://span[contains(text(),'确认')]
2019-02-19 15:40:15,541 findelment.py--> get_element 20: INFO ----->定位方式:xpath--->定位值://tbody/tr[1]/td[13]//span[contains(text(),'审核通过')]
2019-02-19 15:40:15,597 findelment.py--> get_element 20: INFO ----->定位方式:selector--->定位值:body>div.el-message.el-message--success>p
2019-02-19 15:40:17,698 findelment.py--> get_element 20: INFO ----->定位方式:xpath--->定位值://*[@id="app"]/section/section/aside/div/ul/li[3]/ul/li[5]
2019-02-19 15:40:21,947 findelment.py--> get_element 20: INFO ----->定位方式:xpath--->定位值://input[@placeholder='请输入搜索关键字']
2019-02-19 15:40:23,105 findelment.py--> get_element 20: INFO ----->定位方式:xpath--->定位值://span[contains(text(),'查询')]
2019-02-19 15:40:25,186 findelment.py--> get_element 20: INFO ----->定位方式:xpath--->定位值://tbody/tr[1]/td[15]//span[contains(text(),'生产')]
2019-02-19 15:40:27,315 findelment.py--> get_element 20: INFO ----->定位方式:xpath--->定位值://input[@placeholder="请选择订单编号"]
2019-02-19 15:40:29,384 findelment.py--> get_element 20: INFO ----->定位方式:selector--->定位值:body > div.el-select-dropdown.el-popper > div.el-scrollbar > div.el-select-dropdown__wrap.el-scrollbar__wrap > ul > li > span
2019-02-19 15:40:29,447 findelment.py--> get_element 20: INFO ----->定位方式:xpath--->定位值://li[contains(text(),'上颌')]/following-sibling::li[1]/input[1]
2019-02-19 15:40:29,512 findelment.py--> get_element 20: INFO ----->定位方式:xpath--->定位值://li[contains(text(),'上颌')]/following-sibling::li[1]/input[2]
2019-02-19 15:40:29,565 findelment.py--> get_element 20: INFO ----->定位方式:xpath--->定位值://li[contains(text(),'下颌')]/following-sibling::li[1]/input[1]
2019-02-19 15:40:29,649 findelment.py--> get_element 20: INFO ----->定位方式:xpath--->定位值://li[contains(text(),'下颌')]/following-sibling::li[1]/input[2]
2019-02-19 15:40:31,713 findelment.py--> get_element 20: INFO ----->定位方式:xpath--->定位值://span[contains(text(),'确认下单')]
2019-02-19 15:40:32,783 findelment.py--> get_element 20: INFO ----->定位方式:xpath--->定位值://span[contains(text(),'确认下单')]
2019-02-19 15:40:33,830 findelment.py--> get_element 20: INFO ----->定位方式:selector--->定位值:body>div.el-message.el-message--success>p
2019-02-19 15:40:35,918 findelment.py--> get_element 20: INFO ----->定位方式:xpath--->定位值://*[@id="app"]/section/section/aside/div/ul/li[3]/ul/li[10]
2019-02-19 15:40:37,985 findelment.py--> get_element 20: INFO ----->定位方式:xpath--->定位值://input[@placeholder='请输入搜索关键字']
2019-02-19 15:40:39,148 findelment.py--> get_element 20: INFO ----->定位方式:xpath--->定位值://span[contains(text(),'查询')]
2019-02-19 15:40:40,216 findelment.py--> get_element 20: INFO ----->定位方式:xpath--->定位值://tbody/tr[1]/td[15]/div//span/span
2019-02-19 15:40:41,265 findelment.py--> get_element 20: INFO ----->定位方式:xpath--->定位值://button/span[contains(text(),"排产预览")]
2019-02-19 15:40:43,324 findelment.py--> get_element 20: INFO ----->定位方式:xpath--->定位值://input[@placeholder="请输入"]
2019-02-19 15:40:44,395 findelment.py--> get_element 20: INFO ----->定位方式:xpath--->定位值://button/span[contains(text(),"确认排产")]
2019-02-19 15:40:45,465 findelment.py--> get_element 20: INFO ----->定位方式:selector--->定位值:body>div.el-message.el-message--success>p
2019-02-19 15:40:47,567 findelment.py--> get_element 20: INFO ----->定位方式:xpath--->定位值://*[@id="app"]/section/section/aside/div/ul/li[3]/ul/li[11]
2019-02-19 15:40:49,631 findelment.py--> get_element 20: INFO ----->定位方式:xpath--->定位值://input[@placeholder='请输入搜索关键字']
2019-02-19 15:40:50,802 findelment.py--> get_element 20: INFO ----->定位方式:xpath--->定位值://span[contains(text(),'查询')]
2019-02-19 15:40:51,883 findelment.py--> get_element 20: INFO ----->定位方式:xpath--->定位值://tbody/tr[1]/td[16]//span[contains(text(),'完成')]
2019-02-19 15:40:53,948 findelment.py--> get_element 20: INFO ----->定位方式:xpath--->定位值://input[@placeholder="请选择打印机"]
2019-02-19 15:40:55,020 findelment.py--> get_element 20: INFO ----->定位方式:xpath--->定位值://li/span[contains(text(),"打印机035")]
2019-02-19 15:40:56,072 findelment.py--> get_element 20: INFO ----->定位方式:xpath--->定位值://button/span[contains(text(),"确认")]
2019-02-19 15:40:57,130 findelment.py--> get_element 20: INFO ----->定位方式:selector--->定位值:body>div.el-message.el-message--success>p
2019-02-19 15:40:59,280 findelment.py--> get_element 20: INFO ----->定位方式:xpath--->定位值://*[@id="app"]/section/section/aside/div/ul/li[3]/ul/li[12]
2019-02-19 15:41:01,348 findelment.py--> get_element 20: INFO ----->定位方式:xpath--->定位值://input[@placeholder='请输入搜索关键字']
2019-02-19 15:41:02,497 findelment.py--> get_element 20: INFO ----->定位方式:xpath--->定位值://span[contains(text(),'查询')]
2019-02-19 15:41:03,556 findelment.py--> get_element 20: INFO ----->定位方式:xpath--->定位值://tbody/tr[1]/td[16]//span[contains(text(),'完成')]
2019-02-19 15:41:04,622 findelment.py--> get_element 20: INFO ----->定位方式:xpath--->定位值://button/span[contains(text(),"确定")]
2019-02-19 15:41:05,669 findelment.py--> get_element 20: INFO ----->定位方式:selector--->定位值:body>div.el-message.el-message--success>p
2019-02-19 15:41:08,763 findelment.py--> get_element 20: INFO ----->定位方式:xpath--->定位值://*[@id="app"]/section/section/aside/div/ul/li[4]/div
2019-02-19 15:41:10,816 findelment.py--> get_element 20: INFO ----->定位方式:xpath--->定位值://*[@id="app"]/section/section/aside/div/ul/li[4]/ul/li[1]
2019-02-19 15:41:12,868 findelment.py--> get_element 20: INFO ----->定位方式:xpath--->定位值://input[@placeholder='请输入搜索关键字']
2019-02-19 15:41:14,026 findelment.py--> get_element 20: INFO ----->定位方式:xpath--->定位值://span[contains(text(),'查询')]
2019-02-19 15:41:15,122 findelment.py--> get_element 20: INFO ----->定位方式:xpath--->定位值://button/span[contains(text(),"包装")]
2019-02-19 15:41:17,200 findelment.py--> get_element 20: INFO ----->定位方式:xpath--->定位值://button/span[contains(text(),"确认")]
2019-02-19 15:41:18,252 findelment.py--> get_element 20: INFO ----->定位方式:selector--->定位值:body>div.el-message.el-message--success>p
2019-02-19 15:41:20,387 findelment.py--> get_element 20: INFO ----->定位方式:xpath--->定位值://*[@id="app"]/section/section/aside/div/ul/li[3]/ul/li[13]
2019-02-19 15:41:22,450 findelment.py--> get_element 20: INFO ----->定位方式:xpath--->定位值://input[@placeholder='请输入搜索关键字']
2019-02-19 15:41:23,614 findelment.py--> get_element 20: INFO ----->定位方式:xpath--->定位值://span[contains(text(),'查询')]
2019-02-19 15:41:24,712 findelment.py--> get_element 20: INFO ----->定位方式:xpath--->定位值://tbody/tr[1]/td[16]//span[contains(text(),'完成')]
2019-02-19 15:41:25,770 findelment.py--> get_element 20: INFO ----->定位方式:xpath--->定位值://button/span[contains(text(),"确认入库")]
2019-02-19 15:41:26,839 findelment.py--> get_element 20: INFO ----->定位方式:selector--->定位值:body>div.el-message.el-message--success>p
2019-02-19 15:41:28,946 findelment.py--> get_element 20: INFO ----->定位方式:xpath--->定位值://*[@id="app"]/section/section/aside/div/ul/li[3]/ul/li[14]
2019-02-19 15:41:31,016 findelment.py--> get_element 20: INFO ----->定位方式:xpath--->定位值://input[@placeholder='请输入搜索关键字']
2019-02-19 15:41:32,149 findelment.py--> get_element 20: INFO ----->定位方式:xpath--->定位值://span[contains(text(),'查询')]
2019-02-19 15:41:34,212 findelment.py--> get_element 20: INFO ----->定位方式:xpath--->定位值://tbody/tr[1]/td[12]//span[contains(text(),'发货')]
2019-02-19 15:41:35,287 findelment.py--> get_element 20: INFO ----->定位方式:xpath--->定位值://label[1]/span[1]/span
2019-02-19 15:41:36,338 findelment.py--> get_element 20: INFO ----->定位方式:xpath--->定位值://button/span[contains(text(),"确认")]
2019-02-19 15:41:37,388 findelment.py--> get_element 20: INFO ----->定位方式:selector--->定位值:body>div.el-message.el-message--success>p
2019-02-19 15:41:39,502 findelment.py--> get_element 20: INFO ----->定位方式:xpath--->定位值://*[@id="app"]/section/section/aside/div/ul/li[3]/ul/li[15]
2019-02-19 15:41:41,566 findelment.py--> get_element 20: INFO ----->定位方式:xpath--->定位值://input[@placeholder='请输入搜索关键字']
2019-02-19 15:41:42,714 findelment.py--> get_element 20: INFO ----->定位方式:xpath--->定位值://span[contains(text(),'查询')]
2019-02-19 15:41:44,800 findelment.py--> get_element 20: INFO ----->定位方式:xpath--->定位值://tbody/tr[1]/td[16]//span[contains(text(),'邮寄')]
2019-02-19 15:41:45,854 findelment.py--> get_element 20: INFO ----->定位方式:xpath--->定位值://input[@placeholder="请填写快递单号"]
2019-02-19 15:41:46,978 findelment.py--> get_element 20: INFO ----->定位方式:xpath--->定位值://input[@placeholder="请填写快递单号"]/../../following-sibling::div//span
2019-02-19 15:41:48,038 findelment.py--> get_element 20: INFO ----->定位方式:xpath--->定位值://tbody/tr[1]/td[16]//span[contains(text(),'确认')]
2019-02-19 15:41:50,129 findelment.py--> get_element 20: INFO ----->定位方式:xpath--->定位值://button/span[contains(text(),"确认发货")]
2019-02-19 15:41:51,187 findelment.py--> get_element 20: INFO ----->定位方式:selector--->定位值:body>div.el-message.el-message--success>p
2019-02-19 15:49:59,923 findelment.py--> get_element 20: INFO ----->定位方式:xpath--->定位值://input[@id="account"]
2019-02-19 15:49:59,992 findelment.py--> get_element 20: INFO ----->定位方式:xpath--->定位值://input[@id="password"]
2019-02-19 15:50:00,056 findelment.py--> get_element 20: INFO ----->定位方式:xpath--->定位值://button[@id="btn_login"]
2019-02-19 15:50:03,111 findelment.py--> get_element 20: INFO ----->定位方式:xpath--->定位值://button[@id="add-new"]
2019-02-19 15:50:05,192 findelment.py--> get_element 20: INFO ----->定位方式:xpath--->定位值://input[@id="patientName"]
2019-02-19 15:50:05,263 findelment.py--> get_element 20: INFO ----->定位方式:xpath--->定位值://div[@name="patientSex"][2]
2019-02-19 15:50:05,326 findelment.py--> get_element 20: INFO ----->定位方式:xpath--->定位值://select[@id="birthdayYear"]
2019-02-19 15:50:05,397 findelment.py--> get_element 20: INFO ----->定位方式:xpath--->定位值://select[@id="birthdayMonth"]
2019-02-19 15:50:05,464 findelment.py--> get_element 20: INFO ----->定位方式:xpath--->定位值://select[@id="birthdayDate"]
2019-02-19 15:50:05,528 findelment.py--> get_element 20: INFO ----->定位方式:xpath--->定位值://input[@id="patientTel"]
2019-02-19 15:50:05,596 findelment.py--> get_element 20: INFO ----->定位方式:xpath--->定位值://select[@id="hospital"]
2019-02-19 15:50:05,667 findelment.py--> get_element 20: INFO ----->定位方式:xpath--->定位值://button[@type="button"][3]
2019-02-19 15:50:08,765 findelment.py--> get_element 20: INFO ----->定位方式:xpath--->定位值://input[@id="45Profile"]
2019-02-19 15:50:09,794 findelment.py--> get_element 20: INFO ----->定位方式:xpath--->定位值://input[@id="FrontalRepose"]
2019-02-19 15:50:10,821 findelment.py--> get_element 20: INFO ----->定位方式:xpath--->定位值://input[@id="FrontalSmile"]
2019-02-19 15:50:11,849 findelment.py--> get_element 20: INFO ----->定位方式:xpath--->定位值://input[@id="Profile"]
2019-02-19 15:50:12,899 findelment.py--> get_element 20: INFO ----->定位方式:xpath--->定位值://input[@id="Upper"]
2019-02-19 15:50:13,926 findelment.py--> get_element 20: INFO ----->定位方式:xpath--->定位值://input[@id="Left"]
2019-02-19 15:50:14,961 findelment.py--> get_element 20: INFO ----->定位方式:xpath--->定位值://input[@id="Lower"]
2019-02-19 15:50:15,991 findelment.py--> get_element 20: INFO ----->定位方式:xpath--->定位值://input[@id="Anterior"]
2019-02-19 15:50:17,017 findelment.py--> get_element 20: INFO ----->定位方式:xpath--->定位值://input[@id="Right"]
2019-02-19 15:50:18,044 findelment.py--> get_element 20: INFO ----->定位方式:xpath--->定位值://input[@id="Cephalometric"]
2019-02-19 15:50:19,079 findelment.py--> get_element 20: INFO ----->定位方式:xpath--->定位值://input[@id="Panoramic"]
2019-02-19 15:50:22,114 findelment.py--> get_element 20: INFO ----->定位方式:xpath--->定位值://button[@type="button"][3]
2019-02-19 15:50:24,204 findelment.py--> get_element 20: INFO ----->定位方式:xpath--->定位值://div[@class="m-wrapper"][1]/div[1]/div[1]/div[1]
2019-02-19 15:50:25,262 findelment.py--> get_element 20: INFO ----->定位方式:xpath--->定位值://*[@id="step3"]/div[2]/div/div[1]/ul/li[1]/div/ins
2019-02-19 15:50:26,318 findelment.py--> get_element 20: INFO ----->定位方式:xpath--->定位值://*[@id="step3"]/div[2]/div/div[2]/ul/li[2]/div/ins
2019-02-19 15:50:27,392 findelment.py--> get_element 20: INFO ----->定位方式:xpath--->定位值://button[@type="button"][3]
2019-02-19 15:50:28,478 findelment.py--> get_element 20: INFO ----->定位方式:xpath--->定位值://input[@id="unexpress"]/following-sibling::ins
2019-02-19 15:50:28,524 findelment.py--> get_element 20: INFO ----->定位方式:xpath--->定位值://button[@type="button"][4]
2019-02-19 15:50:31,597 findelment.py--> get_element 20: INFO ----->定位方式:xpath--->定位值:/html/body/div[1]/div[2]/table/tbody/tr[2]/td[1]
2019-02-19 15:50:34,661 findelment.py--> get_element 20: INFO ----->定位方式:xpath--->定位值://table/tbody/tr[2]/td/table/tbody/tr[2]/td[2]
2019-02-19 15:50:34,693 findelment.py--> get_element 20: INFO ----->定位方式:xpath--->定位值:/html/body/div[1]/div[2]/div[1]/table/tbody/tr[1]/td[2]
2019-02-19 15:50:41,255 findelment.py--> get_element 20: INFO ----->定位方式:xpath--->定位值://*[@id="login"]/div/div[2]/ul/li[1]/input
2019-02-19 15:50:41,330 findelment.py--> get_element 20: INFO ----->定位方式:xpath--->定位值://input[@placeholder='请输入密码']
2019-02-19 15:50:41,382 findelment.py--> get_element 20: INFO ----->定位方式:xpath--->定位值://button[contains(text(),'登录')]
2019-02-19 15:50:42,432 findelment.py--> get_element 20: INFO ----->定位方式:selector--->定位值:body>div.el-message.el-message--success>p
2019-02-19 15:50:45,536 findelment.py--> get_element 20: INFO ----->定位方式:xpath--->定位值://*[@id="app"]/section/section/aside/div/ul/li[3]/div
2019-02-19 15:50:46,599 findelment.py--> get_element 20: INFO ----->定位方式:xpath--->定位值://*[@id="app"]/section/section/aside/div/ul/li[3]/ul/li[1]
2019-02-19 15:50:48,662 findelment.py--> get_element 20: INFO ----->定位方式:xpath--->定位值://button/span[contains(text(),'新增收货')]
2019-02-19 15:50:49,764 findelment.py--> get_element 20: INFO ----->定位方式:xpath--->定位值://span[contains(text(),'硅胶上颌')]
2019-02-19 15:50:49,826 findelment.py--> get_element 20: INFO ----->定位方式:xpath--->定位值://span[contains(text(),'硅胶下颌')]
2019-02-19 15:50:49,903 findelment.py--> get_element 20: INFO ----->定位方式:xpath--->定位值://input[@placeholder='请输入快递单号']
2019-02-19 15:50:50,061 findelment.py--> get_element 20: INFO ----->定位方式:xpath--->定位值://input[@placeholder='请选择物流来源']
2019-02-19 15:50:51,146 findelment.py--> get_element 20: INFO ----->定位方式:xpath--->定位值:/html/body/div[2]/div[1]/div[1]/ul/li[3]/span
2019-02-19 15:50:52,213 findelment.py--> get_element 20: INFO ----->定位方式:xpath--->定位值://div[@class="imgUpload"][1]//input
2019-02-19 15:50:53,244 findelment.py--> get_element 20: INFO ----->定位方式:xpath--->定位值://div[@class="imgUpload"][2]//input
2019-02-19 15:50:55,275 findelment.py--> get_element 20: INFO ----->定位方式:xpath--->定位值://span[contains(text(),'确认收货')]
2019-02-19 15:50:56,360 findelment.py--> get_element 20: INFO ----->定位方式:xpath--->定位值://tbody/tr[1]/td[1]/div/div
2019-02-19 15:50:59,395 findelment.py--> get_element 20: INFO ----->定位方式:xpath--->定位值://*[@id="app"]/section/section/aside/div/ul/li[3]/ul/li[2]
2019-02-19 15:51:01,463 findelment.py--> get_element 20: INFO ----->定位方式:xpath--->定位值://input[@placeholder='请输入搜索关键字']
2019-02-19 15:51:03,632 findelment.py--> get_element 20: INFO ----->定位方式:xpath--->定位值://span[contains(text(),'查询')]
2019-02-19 15:51:05,710 findelment.py--> get_element 20: INFO ----->定位方式:xpath--->定位值://tbody/tr[1]/td[16]//span[contains(text(),'匹配')]/../../button[3]/span
2019-02-19 15:51:06,778 findelment.py--> get_element 20: INFO ----->定位方式:xpath--->定位值://input[@placeholder="请填写病例号"]
2019-02-19 15:51:06,904 findelment.py--> get_element 20: INFO ----->定位方式:xpath--->定位值://input[@placeholder="请选择档案"]
2019-02-19 15:51:08,980 findelment.py--> get_element 20: INFO ----->定位方式:xpath--->定位值://div[@class="centerDiv"]/button/span
2019-02-19 15:51:10,040 findelment.py--> get_element 20: INFO ----->定位方式:selector--->定位值:body>div.el-message.el-message--success>p
2019-02-19 15:51:10,071 findelment.py--> get_element 20: INFO ----->定位方式:selector--->定位值:body>div.el-message.el-message--success>p
2019-02-19 15:51:13,162 findelment.py--> get_element 20: INFO ----->定位方式:xpath--->定位值://*[@id="app"]/section/section/aside/div/ul/li[3]/ul/li[3]
2019-02-19 15:51:15,235 findelment.py--> get_element 20: INFO ----->定位方式:xpath--->定位值://input[@placeholder='请输入搜索关键字']
2019-02-19 15:51:16,361 findelment.py--> get_element 20: INFO ----->定位方式:xpath--->定位值://span[contains(text(),'查询')]
2019-02-19 15:51:18,434 findelment.py--> get_element 20: INFO ----->定位方式:xpath--->定位值://span[contains(text(),'专业软件')]/../../button[1]/span
2019-02-19 15:51:19,514 findelment.py--> get_element 20: INFO ----->定位方式:xpath--->定位值://span[contains(text(),'上颌STL')]/../following-sibling::input
2019-02-19 15:51:20,561 findelment.py--> get_element 20: INFO ----->定位方式:xpath--->定位值://span[contains(text(),'下颌STL')]/../following-sibling::input
2019-02-19 15:51:22,614 findelment.py--> get_element 20: INFO ----->定位方式:xpath--->定位值://span[contains(text(),'确认')]
2019-02-19 15:51:24,678 findelment.py--> get_element 20: INFO ----->定位方式:xpath--->定位值://tbody/tr[1]/td[1]/div/div
2019-02-19 15:51:25,757 findelment.py--> get_element 20: INFO ----->定位方式:xpath--->定位值://span[contains(text(),'完成')]
2019-02-19 15:51:26,831 findelment.py--> get_element 20: INFO ----->定位方式:selector--->定位值:body>div.el-message.el-message--success>p
2019-02-19 15:51:29,977 findelment.py--> get_element 20: INFO ----->定位方式:xpath--->定位值://*[@id="app"]/section/section/aside/div/ul/li[3]/ul/li[4]
2019-02-19 15:51:32,042 findelment.py--> get_element 20: INFO ----->定位方式:xpath--->定位值://input[@placeholder='请输入搜索关键字']
2019-02-19 15:51:33,190 findelment.py--> get_element 20: INFO ----->定位方式:xpath--->定位值://span[contains(text(),'查询')]
2019-02-19 15:51:35,249 findelment.py--> get_element 20: INFO ----->定位方式:xpath--->定位值://tbody/tr[1]/td[13]//span[contains(text(),'质检')]
2019-02-19 15:51:36,319 findelment.py--> get_element 20: INFO ----->定位方式:xpath--->定位值://div[@class="imgUpload"][1]//input
2019-02-19 15:51:37,346 findelment.py--> get_element 20: INFO ----->定位方式:xpath--->定位值://div[@class="imgUpload"][2]//input
2019-02-19 15:51:39,375 findelment.py--> get_element 20: INFO ----->定位方式:xpath--->定位值://span[contains(text(),'提交质检结果')]
2019-02-19 15:51:41,453 findelment.py--> get_element 20: INFO ----->定位方式:xpath--->定位值://tbody/tr[1]/td[9]
2019-02-19 15:51:44,545 findelment.py--> get_element 20: INFO ----->定位方式:xpath--->定位值://*[@id="app"]/section/section/aside/div/ul/li[3]/ul/li[5]
2019-02-19 15:51:46,592 findelment.py--> get_element 20: INFO ----->定位方式:xpath--->定位值://input[@placeholder='请输入搜索关键字']
2019-02-19 15:51:47,747 findelment.py--> get_element 20: INFO ----->定位方式:xpath--->定位值://span[contains(text(),'查询')]
2019-02-19 15:51:49,826 findelment.py--> get_element 20: INFO ----->定位方式:xpath--->定位值://tbody/tr[1]/td[15]//span[contains(text(),'设计')]
2019-02-19 15:51:50,921 findelment.py--> get_element 20: INFO ----->定位方式:xpath--->定位值://span[contains(text(),'创建订单')]
2019-02-19 15:51:51,985 findelment.py--> get_element 20: INFO ----->定位方式:selector--->定位值:body>div.el-message.el-message--success>p
2019-02-19 15:51:55,076 findelment.py--> get_element 20: INFO ----->定位方式:xpath--->定位值://*[@id="app"]/section/section/aside/div/ul/li[3]/ul/li[6]
2019-02-19 15:51:57,145 findelment.py--> get_element 20: INFO ----->定位方式:xpath--->定位值://input[@placeholder='请输入搜索关键字']
2019-02-19 15:51:58,280 findelment.py--> get_element 20: INFO ----->定位方式:xpath--->定位值://span[contains(text(),'查询')]
2019-02-19 15:52:00,348 findelment.py--> get_element 20: INFO ----->定位方式:xpath--->定位值://tbody/tr[1]/td[14]//span[contains(text(),'分配')]
2019-02-19 15:52:01,424 findelment.py--> get_element 20: INFO ----->定位方式:xpath--->定位值://span[contains(text(),'确认')]
2019-02-19 15:52:03,659 findelment.py--> get_element 20: INFO ----->定位方式:xpath--->定位值://tbody/tr[1]/td[1]/div/div
2019-02-19 15:52:06,858 findelment.py--> get_element 20: INFO ----->定位方式:xpath--->定位值://*[@id="app"]/section/section/aside/div/ul/li[3]/ul/li[7]
2019-02-19 15:52:08,908 findelment.py--> get_element 20: INFO ----->定位方式:xpath--->定位值://input[@placeholder='请输入搜索关键字']
2019-02-19 15:52:10,043 findelment.py--> get_element 20: INFO ----->定位方式:xpath--->定位值://span[contains(text(),'查询')]
2019-02-19 15:52:12,121 findelment.py--> get_element 20: INFO ----->定位方式:xpath--->定位值://tbody/tr[1]/td[13]//span[contains(text(),'指派订单')]
2019-02-19 15:52:13,193 findelment.py--> get_element 20: INFO ----->定位方式:xpath--->定位值://span[contains(text(),'确认')]
2019-02-19 15:52:14,250 findelment.py--> get_element 20: INFO ----->定位方式:xpath--->定位值://tbody/tr[1]/td[1]/div/div
2019-02-19 15:52:15,373 findelment.py--> get_element 20: INFO ----->定位方式:xpath--->定位值://span[contains(text(),'查询')]
2019-02-19 15:52:16,420 findelment.py--> get_element 20: INFO ----->定位方式:xpath--->定位值://tbody/tr[1]/td[13]//span[contains(text(),'审核通过')]
2019-02-19 15:52:17,487 findelment.py--> get_element 20: INFO ----->定位方式:selector--->定位值:body>div.el-message.el-message--success>p
2019-02-19 15:52:20,610 findelment.py--> get_element 20: INFO ----->定位方式:xpath--->定位值://*[@id="app"]/section/section/aside/div/ul/li[3]/ul/li[8]
2019-02-19 15:52:22,678 findelment.py--> get_element 20: INFO ----->定位方式:xpath--->定位值://input[@placeholder='请输入搜索关键字']
2019-02-19 15:52:23,817 findelment.py--> get_element 20: INFO ----->定位方式:xpath--->定位值://span[contains(text(),'查询')]
2019-02-19 15:52:25,906 findelment.py--> get_element 20: INFO ----->定位方式:xpath--->定位值://tbody/tr[1]/td[15]//span[contains(text(),'指派订单')]
2019-02-19 15:52:26,994 findelment.py--> get_element 20: INFO ----->定位方式:xpath--->定位值://span[contains(text(),'确认')]
2019-02-19 15:52:28,220 findelment.py--> get_element 20: INFO ----->定位方式:xpath--->定位值://tbody/tr[1]/td[1]/div/div
2019-02-19 15:52:29,319 findelment.py--> get_element 20: INFO ----->定位方式:xpath--->定位值://span[contains(text(),'查询')]
2019-02-19 15:52:30,360 findelment.py--> get_element 20: INFO ----->定位方式:xpath--->定位值://tbody/tr[1]/td[15]//span[contains(text(),'审核通过')]
2019-02-19 15:52:31,439 findelment.py--> get_element 20: INFO ----->定位方式:selector--->定位值:body>div.el-message.el-message--success>p
2019-02-19 15:52:34,530 findelment.py--> get_element 20: INFO ----->定位方式:xpath--->定位值://*[@id="app"]/section/section/aside/div/ul/li[3]/ul/li[9]
2019-02-19 15:52:36,578 findelment.py--> get_element 20: INFO ----->定位方式:xpath--->定位值://input[@placeholder='请输入搜索关键字']
2019-02-19 15:52:37,701 findelment.py--> get_element 20: INFO ----->定位方式:xpath--->定位值://span[contains(text(),'查询')]
2019-02-19 15:52:39,753 findelment.py--> get_element 20: INFO ----->定位方式:xpath--->定位值://tbody/tr[1]/td[13]//span[contains(text(),'指派订单')]
2019-02-19 15:52:40,852 findelment.py--> get_element 20: INFO ----->定位方式:xpath--->定位值://span[contains(text(),'确认')]
2019-02-19 15:52:41,905 findelment.py--> get_element 20: INFO ----->定位方式:xpath--->定位值://tbody/tr[1]/td[13]//span[contains(text(),'审核通过')]
2019-02-19 15:52:41,961 findelment.py--> get_element 20: INFO ----->定位方式:selector--->定位值:body>div.el-message.el-message--success>p
2019-02-19 15:52:44,055 findelment.py--> get_element 20: INFO ----->定位方式:xpath--->定位值://*[@id="app"]/section/section/aside/div/ul/li[3]/ul/li[5]
2019-02-19 15:52:48,314 findelment.py--> get_element 20: INFO ----->定位方式:xpath--->定位值://input[@placeholder='请输入搜索关键字']
2019-02-19 15:52:49,472 findelment.py--> get_element 20: INFO ----->定位方式:xpath--->定位值://span[contains(text(),'查询')]
2019-02-19 15:52:51,551 findelment.py--> get_element 20: INFO ----->定位方式:xpath--->定位值://tbody/tr[1]/td[15]//span[contains(text(),'生产')]
2019-02-19 15:52:53,693 findelment.py--> get_element 20: INFO ----->定位方式:xpath--->定位值://input[@placeholder="请选择订单编号"]
2019-02-19 15:52:55,743 findelment.py--> get_element 20: INFO ----->定位方式:selector--->定位值:body > div.el-select-dropdown.el-popper > div.el-scrollbar > div.el-select-dropdown__wrap.el-scrollbar__wrap > ul > li > span
2019-02-19 15:52:55,804 findelment.py--> get_element 20: INFO ----->定位方式:xpath--->定位值://li[contains(text(),'上颌')]/following-sibling::li[1]/input[1]
2019-02-19 15:52:55,867 findelment.py--> get_element 20: INFO ----->定位方式:xpath--->定位值://li[contains(text(),'上颌')]/following-sibling::li[1]/input[2]
2019-02-19 15:52:55,917 findelment.py--> get_element 20: INFO ----->定位方式:xpath--->定位值://li[contains(text(),'下颌')]/following-sibling::li[1]/input[1]
2019-02-19 15:52:55,966 findelment.py--> get_element 20: INFO ----->定位方式:xpath--->定位值://li[contains(text(),'下颌')]/following-sibling::li[1]/input[2]
2019-02-19 15:52:58,009 findelment.py--> get_element 20: INFO ----->定位方式:xpath--->定位值://span[contains(text(),'确认下单')]
2019-02-19 15:52:59,074 findelment.py--> get_element 20: INFO ----->定位方式:xpath--->定位值://span[contains(text(),'确认下单')]
2019-02-19 15:53:00,121 findelment.py--> get_element 20: INFO ----->定位方式:selector--->定位值:body>div.el-message.el-message--success>p
2019-02-19 15:53:02,227 findelment.py--> get_element 20: INFO ----->定位方式:xpath--->定位值://*[@id="app"]/section/section/aside/div/ul/li[3]/ul/li[10]
2019-02-19 15:53:04,290 findelment.py--> get_element 20: INFO ----->定位方式:xpath--->定位值://input[@placeholder='请输入搜索关键字']
2019-02-19 15:53:05,453 findelment.py--> get_element 20: INFO ----->定位方式:xpath--->定位值://span[contains(text(),'查询')]
2019-02-19 15:53:06,519 findelment.py--> get_element 20: INFO ----->定位方式:xpath--->定位值://tbody/tr[1]/td[15]/div//span/span
2019-02-19 15:53:07,569 findelment.py--> get_element 20: INFO ----->定位方式:xpath--->定位值://button/span[contains(text(),"排产预览")]
2019-02-19 15:53:09,649 findelment.py--> get_element 20: INFO ----->定位方式:xpath--->定位值://input[@placeholder="请输入"]
2019-02-19 15:53:10,722 findelment.py--> get_element 20: INFO ----->定位方式:xpath--->定位值://button/span[contains(text(),"确认排产")]
2019-02-19 15:53:11,775 findelment.py--> get_element 20: INFO ----->定位方式:selector--->定位值:body>div.el-message.el-message--success>p
2019-02-19 15:53:13,867 findelment.py--> get_element 20: INFO ----->定位方式:xpath--->定位值://*[@id="app"]/section/section/aside/div/ul/li[3]/ul/li[11]
2019-02-19 15:53:15,937 findelment.py--> get_element 20: INFO ----->定位方式:xpath--->定位值://input[@placeholder='请输入搜索关键字']
2019-02-19 15:53:17,089 findelment.py--> get_element 20: INFO ----->定位方式:xpath--->定位值://span[contains(text(),'查询')]
2019-02-19 15:53:18,186 findelment.py--> get_element 20: INFO ----->定位方式:xpath--->定位值://tbody/tr[1]/td[16]//span[contains(text(),'完成')]
2019-02-19 15:53:20,257 findelment.py--> get_element 20: INFO ----->定位方式:xpath--->定位值://input[@placeholder="请选择打印机"]
2019-02-19 15:53:21,314 findelment.py--> get_element 20: INFO ----->定位方式:xpath--->定位值://li/span[contains(text(),"打印机035")]
2019-02-19 15:53:22,370 findelment.py--> get_element 20: INFO ----->定位方式:xpath--->定位值://button/span[contains(text(),"确认")]
2019-02-19 15:53:23,425 findelment.py--> get_element 20: INFO ----->定位方式:selector--->定位值:body>div.el-message.el-message--success>p
2019-02-19 15:53:25,531 findelment.py--> get_element 20: INFO ----->定位方式:xpath--->定位值://*[@id="app"]/section/section/aside/div/ul/li[3]/ul/li[12]
2019-02-19 15:53:27,588 findelment.py--> get_element 20: INFO ----->定位方式:xpath--->定位值://input[@placeholder='请输入搜索关键字']
2019-02-19 15:53:28,734 findelment.py--> get_element 20: INFO ----->定位方式:xpath--->定位值://span[contains(text(),'查询')]
2019-02-19 15:53:29,793 findelment.py--> get_element 20: INFO ----->定位方式:xpath--->定位值://tbody/tr[1]/td[16]//span[contains(text(),'完成')]
2019-02-19 15:53:30,853 findelment.py--> get_element 20: INFO ----->定位方式:xpath--->定位值://button/span[contains(text(),"确定")]
2019-02-19 15:53:31,903 findelment.py--> get_element 20: INFO ----->定位方式:selector--->定位值:body>div.el-message.el-message--success>p
2019-02-19 15:53:34,999 findelment.py--> get_element 20: INFO ----->定位方式:xpath--->定位值://*[@id="app"]/section/section/aside/div/ul/li[4]/div
2019-02-19 15:53:37,052 findelment.py--> get_element 20: INFO ----->定位方式:xpath--->定位值://*[@id="app"]/section/section/aside/div/ul/li[4]/ul/li[1]
2019-02-19 15:53:39,104 findelment.py--> get_element 20: INFO ----->定位方式:xpath--->定位值://input[@placeholder='请输入搜索关键字']
2019-02-19 15:53:40,239 findelment.py--> get_element 20: INFO ----->定位方式:xpath--->定位值://span[contains(text(),'查询')]
2019-02-19 15:53:41,334 findelment.py--> get_element 20: INFO ----->定位方式:xpath--->定位值://button/span[contains(text(),"包装")]
2019-02-19 15:53:43,436 findelment.py--> get_element 20: INFO ----->定位方式:xpath--->定位值://button/span[contains(text(),"确认")]
2019-02-19 15:53:44,494 findelment.py--> get_element 20: INFO ----->定位方式:selector--->定位值:body>div.el-message.el-message--success>p
2019-02-19 15:53:46,614 findelment.py--> get_element 20: INFO ----->定位方式:xpath--->定位值://*[@id="app"]/section/section/aside/div/ul/li[3]/ul/li[13]
2019-02-19 15:53:48,672 findelment.py--> get_element 20: INFO ----->定位方式:xpath--->定位值://input[@placeholder='请输入搜索关键字']
2019-02-19 15:53:49,816 findelment.py--> get_element 20: INFO ----->定位方式:xpath--->定位值://span[contains(text(),'查询')]
2019-02-19 15:53:50,902 findelment.py--> get_element 20: INFO ----->定位方式:xpath--->定位值://tbody/tr[1]/td[16]//span[contains(text(),'完成')]
2019-02-19 15:53:51,975 findelment.py--> get_element 20: INFO ----->定位方式:xpath--->定位值://button/span[contains(text(),"确认入库")]
2019-02-19 15:53:53,032 findelment.py--> get_element 20: INFO ----->定位方式:selector--->定位值:body>div.el-message.el-message--success>p
2019-02-19 15:53:55,131 findelment.py--> get_element 20: INFO ----->定位方式:xpath--->定位值://*[@id="app"]/section/section/aside/div/ul/li[3]/ul/li[14]
2019-02-19 15:53:57,188 findelment.py--> get_element 20: INFO ----->定位方式:xpath--->定位值://input[@placeholder='请输入搜索关键字']
2019-02-19 15:53:58,308 findelment.py--> get_element 20: INFO ----->定位方式:xpath--->定位值://span[contains(text(),'查询')]
2019-02-19 15:54:00,362 findelment.py--> get_element 20: INFO ----->定位方式:xpath--->定位值://tbody/tr[1]/td[12]//span[contains(text(),'发货')]
2019-02-19 15:54:01,441 findelment.py--> get_element 20: INFO ----->定位方式:xpath--->定位值://label[1]/span[1]/span
2019-02-19 15:54:02,489 findelment.py--> get_element 20: INFO ----->定位方式:xpath--->定位值://button/span[contains(text(),"确认")]
2019-02-19 15:54:03,546 findelment.py--> get_element 20: INFO ----->定位方式:selector--->定位值:body>div.el-message.el-message--success>p
2019-02-19 15:54:05,641 findelment.py--> get_element 20: INFO ----->定位方式:xpath--->定位值://*[@id="app"]/section/section/aside/div/ul/li[3]/ul/li[15]
2019-02-19 15:54:07,691 findelment.py--> get_element 20: INFO ----->定位方式:xpath--->定位值://input[@placeholder='请输入搜索关键字']
2019-02-19 15:54:08,814 findelment.py--> get_element 20: INFO ----->定位方式:xpath--->定位值://span[contains(text(),'查询')]
2019-02-19 15:54:10,919 findelment.py--> get_element 20: INFO ----->定位方式:xpath--->定位值://tbody/tr[1]/td[16]//span[contains(text(),'邮寄')]
2019-02-19 15:54:11,979 findelment.py--> get_element 20: INFO ----->定位方式:xpath--->定位值://input[@placeholder="请填写快递单号"]
2019-02-19 15:54:13,074 findelment.py--> get_element 20: INFO ----->定位方式:xpath--->定位值://input[@placeholder="请填写快递单号"]/../../following-sibling::div//span
2019-02-19 15:54:14,140 findelment.py--> get_element 20: INFO ----->定位方式:xpath--->定位值://tbody/tr[1]/td[16]//span[contains(text(),'确认')]
2019-02-19 15:54:16,217 findelment.py--> get_element 20: INFO ----->定位方式:xpath--->定位值://button/span[contains(text(),"确认发货")]
2019-02-19 15:54:17,279 findelment.py--> get_element 20: INFO ----->定位方式:selector--->定位值:body>div.el-message.el-message--success>p
2019-02-19 16:17:19,123 findelment.py--> get_element 20: INFO ----->定位方式:xpath--->定位值://input[@id="account"]
2019-02-19 16:17:19,200 findelment.py--> get_element 20: INFO ----->定位方式:xpath--->定位值://input[@id="password"]
2019-02-19 16:17:19,267 findelment.py--> get_element 20: INFO ----->定位方式:xpath--->定位值://button[@id="btn_login"]
2019-02-19 16:17:22,360 findelment.py--> get_element 20: INFO ----->定位方式:xpath--->定位值://button[@id="add-new"]
2019-02-19 16:17:24,433 findelment.py--> get_element 20: INFO ----->定位方式:xpath--->定位值://input[@id="patientName"]
2019-02-19 16:17:24,501 findelment.py--> get_element 20: INFO ----->定位方式:xpath--->定位值://div[@name="patientSex"][2]
2019-02-19 16:17:24,564 findelment.py--> get_element 20: INFO ----->定位方式:xpath--->定位值://select[@id="birthdayYear"]
2019-02-19 16:17:24,641 findelment.py--> get_element 20: INFO ----->定位方式:xpath--->定位值://select[@id="birthdayMonth"]
2019-02-19 16:17:24,714 findelment.py--> get_element 20: INFO ----->定位方式:xpath--->定位值://select[@id="birthdayDate"]
2019-02-19 16:17:24,784 findelment.py--> get_element 20: INFO ----->定位方式:xpath--->定位值://input[@id="patientTel"]
2019-02-19 16:17:24,884 findelment.py--> get_element 20: INFO ----->定位方式:xpath--->定位值://select[@id="hospital"]
2019-02-19 16:17:24,958 findelment.py--> get_element 20: INFO ----->定位方式:xpath--->定位值://button[@type="button"][3]
2019-02-19 16:17:28,029 findelment.py--> get_element 20: INFO ----->定位方式:xpath--->定位值://input[@id="45Profile"]
2019-02-19 16:17:29,080 findelment.py--> get_element 20: INFO ----->定位方式:xpath--->定位值://input[@id="FrontalRepose"]
2019-02-19 16:17:30,105 findelment.py--> get_element 20: INFO ----->定位方式:xpath--->定位值://input[@id="FrontalSmile"]
2019-02-19 16:17:31,131 findelment.py--> get_element 20: INFO ----->定位方式:xpath--->定位值://input[@id="Profile"]
2019-02-19 16:17:32,159 findelment.py--> get_element 20: INFO ----->定位方式:xpath--->定位值://input[@id="Upper"]
2019-02-19 16:17:33,208 findelment.py--> get_element 20: INFO ----->定位方式:xpath--->定位值://input[@id="Left"]
2019-02-19 16:17:34,251 findelment.py--> get_element 20: INFO ----->定位方式:xpath--->定位值://input[@id="Lower"]
2019-02-19 16:17:35,297 findelment.py--> get_element 20: INFO ----->定位方式:xpath--->定位值://input[@id="Anterior"]
2019-02-19 16:17:36,348 findelment.py--> get_element 20: INFO ----->定位方式:xpath--->定位值://input[@id="Right"]
2019-02-19 16:17:37,382 findelment.py--> get_element 20: INFO ----->定位方式:xpath--->定位值://input[@id="Cephalometric"]
2019-02-19 16:17:38,416 findelment.py--> get_element 20: INFO ----->定位方式:xpath--->定位值://input[@id="Panoramic"]
2019-02-19 16:17:41,443 findelment.py--> get_element 20: INFO ----->定位方式:xpath--->定位值://button[@type="button"][3]
2019-02-19 16:17:43,529 findelment.py--> get_element 20: INFO ----->定位方式:xpath--->定位值://div[@class="m-wrapper"][1]/div[1]/div[1]/div[1]
2019-02-19 16:17:44,584 findelment.py--> get_element 20: INFO ----->定位方式:xpath--->定位值://*[@id="step3"]/div[2]/div/div[1]/ul/li[1]/div/ins
2019-02-19 16:17:45,648 findelment.py--> get_element 20: INFO ----->定位方式:xpath--->定位值://*[@id="step3"]/div[2]/div/div[2]/ul/li[2]/div/ins
2019-02-19 16:17:46,708 findelment.py--> get_element 20: INFO ----->定位方式:xpath--->定位值://button[@type="button"][3]
2019-02-19 16:17:48,025 findelment.py--> get_element 20: INFO ----->定位方式:xpath--->定位值://input[@id="unexpress"]/following-sibling::ins
2019-02-19 16:17:48,076 findelment.py--> get_element 20: INFO ----->定位方式:xpath--->定位值://button[@type="button"][4]
2019-02-19 16:17:51,146 findelment.py--> get_element 20: INFO ----->定位方式:xpath--->定位值:/html/body/div[1]/div[2]/table/tbody/tr[2]/td[1]
2019-02-19 16:17:54,225 findelment.py--> get_element 20: INFO ----->定位方式:xpath--->定位值://table/tbody/tr[2]/td/table/tbody/tr[2]/td[2]
2019-02-19 16:17:54,268 findelment.py--> get_element 20: INFO ----->定位方式:xpath--->定位值:/html/body/div[1]/div[2]/div[1]/table/tbody/tr[1]/td[2]
2019-02-19 16:18:01,189 findelment.py--> get_element 20: INFO ----->定位方式:xpath--->定位值://*[@id="login"]/div/div[2]/ul/li[1]/input
2019-02-19 16:18:01,262 findelment.py--> get_element 20: INFO ----->定位方式:xpath--->定位值://input[@placeholder='请输入密码']
2019-02-19 16:18:01,313 findelment.py--> get_element 20: INFO ----->定位方式:xpath--->定位值://button[contains(text(),'登录')]
2019-02-19 16:18:02,364 findelment.py--> get_element 20: INFO ----->定位方式:selector--->定位值:body>div.el-message.el-message--success>p
2019-02-19 16:18:05,489 findelment.py--> get_element 20: INFO ----->定位方式:xpath--->定位值://*[@id="app"]/section/section/aside/div/ul/li[3]/div
2019-02-19 16:18:06,548 findelment.py--> get_element 20: INFO ----->定位方式:xpath--->定位值://*[@id="app"]/section/section/aside/div/ul/li[3]/ul/li[1]
2019-02-19 16:18:08,610 findelment.py--> get_element 20: INFO ----->定位方式:xpath--->定位值://button/span[contains(text(),'新增收货')]
2019-02-19 16:18:09,709 findelment.py--> get_element 20: INFO ----->定位方式:xpath--->定位值://span[contains(text(),'硅胶上颌')]
2019-02-19 16:18:09,788 findelment.py--> get_element 20: INFO ----->定位方式:xpath--->定位值://span[contains(text(),'硅胶下颌')]
2019-02-19 16:18:09,896 findelment.py--> get_element 20: INFO ----->定位方式:xpath--->定位值://input[@placeholder='请输入快递单号']
2019-02-19 16:18:10,086 findelment.py--> get_element 20: INFO ----->定位方式:xpath--->定位值://input[@placeholder='请选择物流来源']
2019-02-19 16:18:11,175 findelment.py--> get_element 20: INFO ----->定位方式:xpath--->定位值:/html/body/div[2]/div[1]/div[1]/ul/li[3]/span
2019-02-19 16:18:12,232 findelment.py--> get_element 20: INFO ----->定位方式:xpath--->定位值://div[@class="imgUpload"][1]//input
2019-02-19 16:18:13,263 findelment.py--> get_element 20: INFO ----->定位方式:xpath--->定位值://div[@class="imgUpload"][2]//input
2019-02-19 16:18:15,293 findelment.py--> get_element 20: INFO ----->定位方式:xpath--->定位值://span[contains(text(),'确认收货')]
2019-02-19 16:18:16,391 findelment.py--> get_element 20: INFO ----->定位方式:xpath--->定位值://tbody/tr[1]/td[1]/div/div
2019-02-19 16:18:19,420 findelment.py--> get_element 20: INFO ----->定位方式:xpath--->定位值://*[@id="app"]/section/section/aside/div/ul/li[3]/ul/li[2]
2019-02-19 16:18:21,473 findelment.py--> get_element 20: INFO ----->定位方式:xpath--->定位值://input[@placeholder='请输入搜索关键字']
2019-02-19 16:18:23,671 findelment.py--> get_element 20: INFO ----->定位方式:xpath--->定位值://span[contains(text(),'查询')]
2019-02-19 16:18:25,740 findelment.py--> get_element 20: INFO ----->定位方式:xpath--->定位值://tbody/tr[1]/td[16]//span[contains(text(),'匹配')]/../../button[3]/span
2019-02-19 16:18:26,809 findelment.py--> get_element 20: INFO ----->定位方式:xpath--->定位值://input[@placeholder="请填写病例号"]
2019-02-19 16:18:26,929 findelment.py--> get_element 20: INFO ----->定位方式:xpath--->定位值://input[@placeholder="请选择档案"]
2019-02-19 16:18:28,988 findelment.py--> get_element 20: INFO ----->定位方式:xpath--->定位值://div[@class="centerDiv"]/button/span
2019-02-19 16:18:30,055 findelment.py--> get_element 20: INFO ----->定位方式:selector--->定位值:body>div.el-message.el-message--success>p
2019-02-19 16:18:30,095 findelment.py--> get_element 20: INFO ----->定位方式:selector--->定位值:body>div.el-message.el-message--success>p
2019-02-19 16:18:33,174 findelment.py--> get_element 20: INFO ----->定位方式:xpath--->定位值://*[@id="app"]/section/section/aside/div/ul/li[3]/ul/li[3]
2019-02-19 16:18:35,223 findelment.py--> get_element 20: INFO ----->定位方式:xpath--->定位值://input[@placeholder='请输入搜索关键字']
2019-02-19 16:18:36,343 findelment.py--> get_element 20: INFO ----->定位方式:xpath--->定位值://span[contains(text(),'查询')]
2019-02-19 16:18:38,407 findelment.py--> get_element 20: INFO ----->定位方式:xpath--->定位值://span[contains(text(),'专业软件')]/../../button[1]/span
2019-02-19 16:18:39,473 findelment.py--> get_element 20: INFO ----->定位方式:xpath--->定位值://span[contains(text(),'上颌STL')]/../following-sibling::input
2019-02-19 16:18:40,509 findelment.py--> get_element 20: INFO ----->定位方式:xpath--->定位值://span[contains(text(),'下颌STL')]/../following-sibling::input
2019-02-19 16:18:42,538 findelment.py--> get_element 20: INFO ----->定位方式:xpath--->定位值://span[contains(text(),'确认')]
2019-02-19 16:18:44,629 findelment.py--> get_element 20: INFO ----->定位方式:xpath--->定位值://tbody/tr[1]/td[1]/div/div
2019-02-19 16:18:45,720 findelment.py--> get_element 20: INFO ----->定位方式:xpath--->定位值://span[contains(text(),'完成')]
2019-02-19 16:18:46,788 findelment.py--> get_element 20: INFO ----->定位方式:selector--->定位值:body>div.el-message.el-message--success>p
2019-02-19 16:18:49,873 findelment.py--> get_element 20: INFO ----->定位方式:xpath--->定位值://*[@id="app"]/section/section/aside/div/ul/li[3]/ul/li[4]
2019-02-19 16:18:51,943 findelment.py--> get_element 20: INFO ----->定位方式:xpath--->定位值://input[@placeholder='请输入搜索关键字']
2019-02-19 16:18:53,138 findelment.py--> get_element 20: INFO ----->定位方式:xpath--->定位值://span[contains(text(),'查询')]
2019-02-19 16:18:55,206 findelment.py--> get_element 20: INFO ----->定位方式:xpath--->定位值://tbody/tr[1]/td[13]//span[contains(text(),'质检')]
2019-02-19 16:18:56,294 findelment.py--> get_element 20: INFO ----->定位方式:xpath--->定位值://div[@class="imgUpload"][1]//input
2019-02-19 16:18:57,346 findelment.py--> get_element 20: INFO ----->定位方式:xpath--->定位值://div[@class="imgUpload"][2]//input
2019-02-19 16:18:59,392 findelment.py--> get_element 20: INFO ----->定位方式:xpath--->定位值://span[contains(text(),'提交质检结果')]
2019-02-19 16:19:01,459 findelment.py--> get_element 20: INFO ----->定位方式:xpath--->定位值://tbody/tr[1]/td[9]
2019-02-19 16:19:04,560 findelment.py--> get_element 20: INFO ----->定位方式:xpath--->定位值://*[@id="app"]/section/section/aside/div/ul/li[3]/ul/li[5]
2019-02-19 16:19:06,630 findelment.py--> get_element 20: INFO ----->定位方式:xpath--->定位值://input[@placeholder='请输入搜索关键字']
2019-02-19 16:19:07,823 findelment.py--> get_element 20: INFO ----->定位方式:xpath--->定位值://span[contains(text(),'查询')]
2019-02-19 16:19:09,909 findelment.py--> get_element 20: INFO ----->定位方式:xpath--->定位值://tbody/tr[1]/td[15]//span[contains(text(),'设计')]
2019-02-19 16:19:11,046 findelment.py--> get_element 20: INFO ----->定位方式:xpath--->定位值://span[contains(text(),'创建订单')]
2019-02-19 16:19:12,126 findelment.py--> get_element 20: INFO ----->定位方式:selector--->定位值:body>div.el-message.el-message--success>p
2019-02-19 16:19:15,260 findelment.py--> get_element 20: INFO ----->定位方式:xpath--->定位值://*[@id="app"]/section/section/aside/div/ul/li[3]/ul/li[6]
2019-02-19 16:19:17,310 findelment.py--> get_element 20: INFO ----->定位方式:xpath--->定位值://input[@placeholder='请输入搜索关键字']
2019-02-19 16:19:18,472 findelment.py--> get_element 20: INFO ----->定位方式:xpath--->定位值://span[contains(text(),'查询')]
2019-02-19 16:19:20,558 findelment.py--> get_element 20: INFO ----->定位方式:xpath--->定位值://tbody/tr[1]/td[14]//span[contains(text(),'分配')]
2019-02-19 16:19:21,640 findelment.py--> get_element 20: INFO ----->定位方式:xpath--->定位值://span[contains(text(),'确认')]
2019-02-19 16:19:23,880 findelment.py--> get_element 20: INFO ----->定位方式:xpath--->定位值://tbody/tr[1]/td[1]/div/div
2019-02-19 16:19:27,182 findelment.py--> get_element 20: INFO ----->定位方式:xpath--->定位值://*[@id="app"]/section/section/aside/div/ul/li[3]/ul/li[7]
2019-02-19 16:19:29,256 findelment.py--> get_element 20: INFO ----->定位方式:xpath--->定位值://input[@placeholder='请输入搜索关键字']
2019-02-19 16:19:30,409 findelment.py--> get_element 20: INFO ----->定位方式:xpath--->定位值://span[contains(text(),'查询')]
2019-02-19 16:19:32,475 findelment.py--> get_element 20: INFO ----->定位方式:xpath--->定位值://tbody/tr[1]/td[13]//span[contains(text(),'指派订单')]
2019-02-19 16:19:33,559 findelment.py--> get_element 20: INFO ----->定位方式:xpath--->定位值://span[contains(text(),'确认')]
2019-02-19 16:19:34,657 findelment.py--> get_element 20: INFO ----->定位方式:xpath--->定位值://tbody/tr[1]/td[1]/div/div
2019-02-19 16:19:35,748 findelment.py--> get_element 20: INFO ----->定位方式:xpath--->定位值://span[contains(text(),'查询')]
2019-02-19 16:19:36,790 findelment.py--> get_element 20: INFO ----->定位方式:xpath--->定位值://tbody/tr[1]/td[13]//span[contains(text(),'审核通过')]
2019-02-19 16:19:37,863 findelment.py--> get_element 20: INFO ----->定位方式:selector--->定位值:body>div.el-message.el-message--success>p
2019-02-19 16:19:40,957 findelment.py--> get_element 20: INFO ----->定位方式:xpath--->定位值://*[@id="app"]/section/section/aside/div/ul/li[3]/ul/li[8]
2019-02-19 16:19:43,030 findelment.py--> get_element 20: INFO ----->定位方式:xpath--->定位值://input[@placeholder='请输入搜索关键字']
2019-02-19 16:19:44,200 findelment.py--> get_element 20: INFO ----->定位方式:xpath--->定位值://span[contains(text(),'查询')]
2019-02-19 16:19:46,286 findelment.py--> get_element 20: INFO ----->定位方式:xpath--->定位值://tbody/tr[1]/td[15]//span[contains(text(),'指派订单')]
2019-02-19 16:19:47,360 findelment.py--> get_element 20: INFO ----->定位方式:xpath--->定位值://span[contains(text(),'确认')]
2019-02-19 16:19:48,819 findelment.py--> get_element 20: INFO ----->定位方式:xpath--->定位值://tbody/tr[1]/td[1]/div/div
2019-02-19 16:19:49,921 findelment.py--> get_element 20: INFO ----->定位方式:xpath--->定位值://span[contains(text(),'查询')]
2019-02-19 16:19:50,963 findelment.py--> get_element 20: INFO ----->定位方式:xpath--->定位值://tbody/tr[1]/td[15]//span[contains(text(),'审核通过')]
2019-02-19 16:19:52,027 findelment.py--> get_element 20: INFO ----->定位方式:selector--->定位值:body>div.el-message.el-message--success>p
2019-02-19 16:19:55,136 findelment.py--> get_element 20: INFO ----->定位方式:xpath--->定位值://*[@id="app"]/section/section/aside/div/ul/li[3]/ul/li[9]
2019-02-19 16:20:00,944 findelment.py--> get_element 20: INFO ----->定位方式:xpath--->定位值://input[@placeholder='请输入搜索关键字']
2019-02-19 16:20:02,084 findelment.py--> get_element 20: INFO ----->定位方式:xpath--->定位值://span[contains(text(),'查询')]
2019-02-19 16:20:04,166 findelment.py--> get_element 20: INFO ----->定位方式:xpath--->定位值://tbody/tr[1]/td[13]//span[contains(text(),'指派订单')]
2019-02-19 16:20:05,255 findelment.py--> get_element 20: INFO ----->定位方式:xpath--->定位值://span[contains(text(),'确认')]
2019-02-19 16:20:06,337 findelment.py--> get_element 20: INFO ----->定位方式:xpath--->定位值://tbody/tr[1]/td[13]//span[contains(text(),'审核通过')]
2019-02-19 16:20:06,395 findelment.py--> get_element 20: INFO ----->定位方式:selector--->定位值:body>div.el-message.el-message--success>p
2019-02-19 16:20:08,498 findelment.py--> get_element 20: INFO ----->定位方式:xpath--->定位值://*[@id="app"]/section/section/aside/div/ul/li[3]/ul/li[5]
2019-02-19 16:20:12,737 findelment.py--> get_element 20: INFO ----->定位方式:xpath--->定位值://input[@placeholder='请输入搜索关键字']
2019-02-19 16:20:13,916 findelment.py--> get_element 20: INFO ----->定位方式:xpath--->定位值://span[contains(text(),'查询')]
2019-02-19 16:20:16,017 findelment.py--> get_element 20: INFO ----->定位方式:xpath--->定位值://tbody/tr[1]/td[15]//span[contains(text(),'生产')]
2019-02-19 16:20:18,152 findelment.py--> get_element 20: INFO ----->定位方式:xpath--->定位值://input[@placeholder="请选择订单编号"]
2019-02-19 16:20:20,208 findelment.py--> get_element 20: INFO ----->定位方式:selector--->定位值:body > div.el-select-dropdown.el-popper > div.el-scrollbar > div.el-select-dropdown__wrap.el-scrollbar__wrap > ul > li > span
2019-02-19 16:20:20,277 findelment.py--> get_element 20: INFO ----->定位方式:xpath--->定位值://li[contains(text(),'上颌')]/following-sibling::li[1]/input[1]
2019-02-19 16:20:20,337 findelment.py--> get_element 20: INFO ----->定位方式:xpath--->定位值://li[contains(text(),'上颌')]/following-sibling::li[1]/input[2]
2019-02-19 16:20:20,400 findelment.py--> get_element 20: INFO ----->定位方式:xpath--->定位值://li[contains(text(),'下颌')]/following-sibling::li[1]/input[1]
2019-02-19 16:20:20,449 findelment.py--> get_element 20: INFO ----->定位方式:xpath--->定位值://li[contains(text(),'下颌')]/following-sibling::li[1]/input[2]
2019-02-19 16:20:22,493 findelment.py--> get_element 20: INFO ----->定位方式:xpath--->定位值://span[contains(text(),'确认下单')]
2019-02-19 16:20:23,601 findelment.py--> get_element 20: INFO ----->定位方式:xpath--->定位值://span[contains(text(),'确认下单')]
2019-02-19 16:20:25,727 findelment.py--> get_element 20: INFO ----->定位方式:xpath--->定位值://*[@id="app"]/section/section/aside/div/ul/li[3]/ul/li[10]
2019-02-19 16:20:27,774 findelment.py--> get_element 20: INFO ----->定位方式:xpath--->定位值://input[@placeholder='请输入搜索关键字']
2019-02-19 16:20:28,928 findelment.py--> get_element 20: INFO ----->定位方式:xpath--->定位值://span[contains(text(),'查询')]
2019-02-19 16:20:30,005 findelment.py--> get_element 20: INFO ----->定位方式:xpath--->定位值://tbody/tr[1]/td[15]/div//span/span
2019-02-19 16:20:31,088 findelment.py--> get_element 20: INFO ----->定位方式:xpath--->定位值://button/span[contains(text(),"排产预览")]
2019-02-19 16:20:33,177 findelment.py--> get_element 20: INFO ----->定位方式:xpath--->定位值://input[@placeholder="请输入"]
2019-02-19 16:20:34,240 findelment.py--> get_element 20: INFO ----->定位方式:xpath--->定位值://button/span[contains(text(),"确认排产")]
2019-02-19 16:20:35,319 findelment.py--> get_element 20: INFO ----->定位方式:selector--->定位值:body>div.el-message.el-message--success>p
2019-02-19 16:20:37,489 findelment.py--> get_element 20: INFO ----->定位方式:xpath--->定位值://*[@id="app"]/section/section/aside/div/ul/li[3]/ul/li[11]
2019-02-19 16:20:39,561 findelment.py--> get_element 20: INFO ----->定位方式:xpath--->定位值://input[@placeholder='请输入搜索关键字']
2019-02-19 16:20:40,732 findelment.py--> get_element 20: INFO ----->定位方式:xpath--->定位值://span[contains(text(),'查询')]
2019-02-19 16:20:41,817 findelment.py--> get_element 20: INFO ----->定位方式:xpath--->定位值://tbody/tr[1]/td[16]//span[contains(text(),'完成')]
2019-02-19 16:20:43,908 findelment.py--> get_element 20: INFO ----->定位方式:xpath--->定位值://input[@placeholder="请选择打印机"]
2019-02-19 16:20:44,993 findelment.py--> get_element 20: INFO ----->定位方式:xpath--->定位值://li/span[contains(text(),"打印机035")]
2019-02-19 16:20:46,043 findelment.py--> get_element 20: INFO ----->定位方式:xpath--->定位值://button/span[contains(text(),"确认")]
2019-02-19 16:20:47,094 findelment.py--> get_element 20: INFO ----->定位方式:selector--->定位值:body>div.el-message.el-message--success>p
2019-02-19 16:20:49,197 findelment.py--> get_element 20: INFO ----->定位方式:xpath--->定位值://*[@id="app"]/section/section/aside/div/ul/li[3]/ul/li[12]
2019-02-19 16:20:51,260 findelment.py--> get_element 20: INFO ----->定位方式:xpath--->定位值://input[@placeholder='请输入搜索关键字']
2019-02-19 16:20:52,428 findelment.py--> get_element 20: INFO ----->定位方式:xpath--->定位值://span[contains(text(),'查询')]
2019-02-19 16:20:53,501 findelment.py--> get_element 20: INFO ----->定位方式:xpath--->定位值://tbody/tr[1]/td[16]//span[contains(text(),'完成')]
2019-02-19 16:20:54,566 findelment.py--> get_element 20: INFO ----->定位方式:xpath--->定位值://button/span[contains(text(),"确定")]
2019-02-19 16:20:55,624 findelment.py--> get_element 20: INFO ----->定位方式:selector--->定位值:body>div.el-message.el-message--success>p
2019-02-19 16:20:58,732 findelment.py--> get_element 20: INFO ----->定位方式:xpath--->定位值://*[@id="app"]/section/section/aside/div/ul/li[4]/div
2019-02-19 16:21:00,794 findelment.py--> get_element 20: INFO ----->定位方式:xpath--->定位值://*[@id="app"]/section/section/aside/div/ul/li[4]/ul/li[1]
2019-02-19 16:21:02,843 findelment.py--> get_element 20: INFO ----->定位方式:xpath--->定位值://input[@placeholder='请输入搜索关键字']
2019-02-19 16:21:03,984 findelment.py--> get_element 20: INFO ----->定位方式:xpath--->定位值://span[contains(text(),'查询')]
2019-02-19 16:21:05,083 findelment.py--> get_element 20: INFO ----->定位方式:xpath--->定位值://button/span[contains(text(),"包装")]
2019-02-19 16:21:07,155 findelment.py--> get_element 20: INFO ----->定位方式:xpath--->定位值://button/span[contains(text(),"确认")]
2019-02-19 16:21:08,216 findelment.py--> get_element 20: INFO ----->定位方式:selector--->定位值:body>div.el-message.el-message--success>p
2019-02-19 16:21:10,350 findelment.py--> get_element 20: INFO ----->定位方式:xpath--->定位值://*[@id="app"]/section/section/aside/div/ul/li[3]/ul/li[13]
2019-02-19 16:21:12,411 findelment.py--> get_element 20: INFO ----->定位方式:xpath--->定位值://input[@placeholder='请输入搜索关键字']
2019-02-19 16:21:13,604 findelment.py--> get_element 20: INFO ----->定位方式:xpath--->定位值://span[contains(text(),'查询')]
2019-02-19 16:21:14,665 findelment.py--> get_element 20: INFO ----->定位方式:xpath--->定位值://tbody/tr[1]/td[16]//span[contains(text(),'完成')]
2019-02-19 16:21:15,716 findelment.py--> get_element 20: INFO ----->定位方式:xpath--->定位值://button/span[contains(text(),"确认入库")]
2019-02-19 16:21:16,813 findelment.py--> get_element 20: INFO ----->定位方式:selector--->定位值:body>div.el-message.el-message--success>p
2019-02-19 16:21:18,919 findelment.py--> get_element 20: INFO ----->定位方式:xpath--->定位值://*[@id="app"]/section/section/aside/div/ul/li[3]/ul/li[14]
2019-02-19 16:21:20,999 findelment.py--> get_element 20: INFO ----->定位方式:xpath--->定位值://input[@placeholder='请输入搜索关键字']
2019-02-19 16:21:22,146 findelment.py--> get_element 20: INFO ----->定位方式:xpath--->定位值://span[contains(text(),'查询')]
2019-02-19 16:21:24,203 findelment.py--> get_element 20: INFO ----->定位方式:xpath--->定位值://tbody/tr[1]/td[12]//span[contains(text(),'发货')]
2019-02-19 16:21:25,259 findelment.py--> get_element 20: INFO ----->定位方式:xpath--->定位值://label[1]/span[1]/span
2019-02-19 16:21:26,321 findelment.py--> get_element 20: INFO ----->定位方式:xpath--->定位值://button/span[contains(text(),"确认")]
2019-02-19 16:21:27,385 findelment.py--> get_element 20: INFO ----->定位方式:selector--->定位值:body>div.el-message.el-message--success>p
2019-02-19 16:21:29,505 findelment.py--> get_element 20: INFO ----->定位方式:xpath--->定位值://*[@id="app"]/section/section/aside/div/ul/li[3]/ul/li[15]
2019-02-19 16:21:31,566 findelment.py--> get_element 20: INFO ----->定位方式:xpath--->定位值://input[@placeholder='请输入搜索关键字']
2019-02-19 16:21:32,730 findelment.py--> get_element 20: INFO ----->定位方式:xpath--->定位值://span[contains(text(),'查询')]
2019-02-19 16:21:34,823 findelment.py--> get_element 20: INFO ----->定位方式:xpath--->定位值://tbody/tr[1]/td[16]//span[contains(text(),'邮寄')]
2019-02-19 16:21:35,922 findelment.py--> get_element 20: INFO ----->定位方式:xpath--->定位值://input[@placeholder="请填写快递单号"]
2019-02-19 16:21:37,052 findelment.py--> get_element 20: INFO ----->定位方式:xpath--->定位值://input[@placeholder="请填写快递单号"]/../../following-sibling::div//span
2019-02-19 16:21:38,134 findelment.py--> get_element 20: INFO ----->定位方式:xpath--->定位值://tbody/tr[1]/td[16]//span[contains(text(),'确认')]
2019-02-19 16:21:40,218 findelment.py--> get_element 20: INFO ----->定位方式:xpath--->定位值://button/span[contains(text(),"确认发货")]
2019-02-19 16:21:41,286 findelment.py--> get_element 20: INFO ----->定位方式:selector--->定位值:body>div.el-message.el-message--success>p
2019-02-19 16:25:57,152 findelment.py--> get_element 20: INFO ----->定位方式:xpath--->定位值://input[@id="account"]
2019-02-19 16:25:57,224 findelment.py--> get_element 20: INFO ----->定位方式:xpath--->定位值://input[@id="password"]
2019-02-19 16:25:57,281 findelment.py--> get_element 20: INFO ----->定位方式:xpath--->定位值://button[@id="btn_login"]
2019-02-19 16:26:00,344 findelment.py--> get_element 20: INFO ----->定位方式:xpath--->定位值://button[@id="add-new"]
2019-02-19 16:26:02,427 findelment.py--> get_element 20: INFO ----->定位方式:xpath--->定位值://input[@id="patientName"]
2019-02-19 16:26:02,490 findelment.py--> get_element 20: INFO ----->定位方式:xpath--->定位值://div[@name="patientSex"][2]
2019-02-19 16:26:02,558 findelment.py--> get_element 20: INFO ----->定位方式:xpath--->定位值://select[@id="birthdayYear"]
2019-02-19 16:26:02,628 findelment.py--> get_element 20: INFO ----->定位方式:xpath--->定位值://select[@id="birthdayMonth"]
2019-02-19 16:26:02,697 findelment.py--> get_element 20: INFO ----->定位方式:xpath--->定位值://select[@id="birthdayDate"]
2019-02-19 16:26:02,763 findelment.py--> get_element 20: INFO ----->定位方式:xpath--->定位值://input[@id="patientTel"]
2019-02-19 16:26:02,828 findelment.py--> get_element 20: INFO ----->定位方式:xpath--->定位值://select[@id="hospital"]
2019-02-19 16:26:02,905 findelment.py--> get_element 20: INFO ----->定位方式:xpath--->定位值://button[@type="button"][3]
2019-02-19 16:26:05,991 findelment.py--> get_element 20: INFO ----->定位方式:xpath--->定位值://input[@id="45Profile"]
2019-02-19 16:26:07,021 findelment.py--> get_element 20: INFO ----->定位方式:xpath--->定位值://input[@id="FrontalRepose"]
2019-02-19 16:26:08,064 findelment.py--> get_element 20: INFO ----->定位方式:xpath--->定位值://input[@id="FrontalSmile"]
2019-02-19 16:26:09,098 findelment.py--> get_element 20: INFO ----->定位方式:xpath--->定位值://input[@id="Profile"]
2019-02-19 16:26:10,142 findelment.py--> get_element 20: INFO ----->定位方式:xpath--->定位值://input[@id="Upper"]
2019-02-19 16:26:11,179 findelment.py--> get_element 20: INFO ----->定位方式:xpath--->定位值://input[@id="Left"]
2019-02-19 16:26:12,269 findelment.py--> get_element 20: INFO ----->定位方式:xpath--->定位值://input[@id="Lower"]
2019-02-19 16:26:13,353 findelment.py--> get_element 20: INFO ----->定位方式:xpath--->定位值://input[@id="Anterior"]
2019-02-19 16:26:14,392 findelment.py--> get_element 20: INFO ----->定位方式:xpath--->定位值://input[@id="Right"]
2019-02-19 16:26:15,426 findelment.py--> get_element 20: INFO ----->定位方式:xpath--->定位值://input[@id="Cephalometric"]
2019-02-19 16:26:16,456 findelment.py--> get_element 20: INFO ----->定位方式:xpath--->定位值://input[@id="Panoramic"]
2019-02-19 16:26:19,482 findelment.py--> get_element 20: INFO ----->定位方式:xpath--->定位值://button[@type="button"][3]
2019-02-19 16:26:21,558 findelment.py--> get_element 20: INFO ----->定位方式:xpath--->定位值://div[@class="m-wrapper"][1]/div[1]/div[1]/div[1]
2019-02-19 16:26:22,607 findelment.py--> get_element 20: INFO ----->定位方式:xpath--->定位值://*[@id="step3"]/div[2]/div/div[1]/ul/li[1]/div/ins
2019-02-19 16:26:23,659 findelment.py--> get_element 20: INFO ----->定位方式:xpath--->定位值://*[@id="step3"]/div[2]/div/div[2]/ul/li[2]/div/ins
2019-02-19 16:26:24,720 findelment.py--> get_element 20: INFO ----->定位方式:xpath--->定位值://button[@type="button"][3]
2019-02-19 16:26:25,794 findelment.py--> get_element 20: INFO ----->定位方式:xpath--->定位值://input[@id="unexpress"]/following-sibling::ins
2019-02-19 16:26:25,851 findelment.py--> get_element 20: INFO ----->定位方式:xpath--->定位值://button[@type="button"][4]
2019-02-19 16:26:28,930 findelment.py--> get_element 20: INFO ----->定位方式:xpath--->定位值:/html/body/div[1]/div[2]/table/tbody/tr[2]/td[1]
2019-02-19 16:26:32,004 findelment.py--> get_element 20: INFO ----->定位方式:xpath--->定位值://table/tbody/tr[2]/td/table/tbody/tr[2]/td[2]
2019-02-19 16:26:32,035 findelment.py--> get_element 20: INFO ----->定位方式:xpath--->定位值:/html/body/div[1]/div[2]/div[1]/table/tbody/tr[1]/td[2]
2019-02-19 16:26:38,509 findelment.py--> get_element 20: INFO ----->定位方式:xpath--->定位值://*[@id="login"]/div/div[2]/ul/li[1]/input
2019-02-19 16:26:38,582 findelment.py--> get_element 20: INFO ----->定位方式:xpath--->定位值://input[@placeholder='请输入密码']
2019-02-19 16:26:38,639 findelment.py--> get_element 20: INFO ----->定位方式:xpath--->定位值://button[contains(text(),'登录')]
2019-02-19 16:26:39,704 findelment.py--> get_element 20: INFO ----->定位方式:selector--->定位值:body>div.el-message.el-message--success>p
2019-02-19 16:26:42,805 findelment.py--> get_element 20: INFO ----->定位方式:xpath--->定位值://*[@id="app"]/section/section/aside/div/ul/li[3]/div
2019-02-19 16:26:43,871 findelment.py--> get_element 20: INFO ----->定位方式:xpath--->定位值://*[@id="app"]/section/section/aside/div/ul/li[3]/ul/li[1]
2019-02-19 16:26:45,925 findelment.py--> get_element 20: INFO ----->定位方式:xpath--->定位值://button/span[contains(text(),'新增收货')]
2019-02-19 16:26:47,025 findelment.py--> get_element 20: INFO ----->定位方式:xpath--->定位值://span[contains(text(),'硅胶上颌')]
2019-02-19 16:26:47,107 findelment.py--> get_element 20: INFO ----->定位方式:xpath--->定位值://span[contains(text(),'硅胶下颌')]
2019-02-19 16:26:47,205 findelment.py--> get_element 20: INFO ----->定位方式:xpath--->定位值://input[@placeholder='请输入快递单号']
2019-02-19 16:26:47,393 findelment.py--> get_element 20: INFO ----->定位方式:xpath--->定位值://input[@placeholder='请选择物流来源']
2019-02-19 16:26:48,527 findelment.py--> get_element 20: INFO ----->定位方式:xpath--->定位值:/html/body/div[2]/div[1]/div[1]/ul/li[3]/span
2019-02-19 16:26:49,592 findelment.py--> get_element 20: INFO ----->定位方式:xpath--->定位值://div[@class="imgUpload"][1]//input
2019-02-19 16:26:50,629 findelment.py--> get_element 20: INFO ----->定位方式:xpath--->定位值://div[@class="imgUpload"][2]//input
2019-02-19 16:26:52,673 findelment.py--> get_element 20: INFO ----->定位方式:xpath--->定位值://span[contains(text(),'确认收货')]
2019-02-19 16:26:53,754 findelment.py--> get_element 20: INFO ----->定位方式:xpath--->定位值://tbody/tr[1]/td[1]/div/div
2019-02-19 16:26:56,783 findelment.py--> get_element 20: INFO ----->定位方式:xpath--->定位值://*[@id="app"]/section/section/aside/div/ul/li[3]/ul/li[2]
2019-02-19 16:26:58,838 findelment.py--> get_element 20: INFO ----->定位方式:xpath--->定位值://input[@placeholder='请输入搜索关键字']
2019-02-19 16:27:01,021 findelment.py--> get_element 20: INFO ----->定位方式:xpath--->定位值://span[contains(text(),'查询')]
2019-02-19 16:27:03,091 findelment.py--> get_element 20: INFO ----->定位方式:xpath--->定位值://tbody/tr[1]/td[16]//span[contains(text(),'匹配')]/../../button[3]/span
2019-02-19 16:27:04,176 findelment.py--> get_element 20: INFO ----->定位方式:xpath--->定位值://input[@placeholder="请填写病例号"]
2019-02-19 16:27:04,295 findelment.py--> get_element 20: INFO ----->定位方式:xpath--->定位值://input[@placeholder="请选择档案"]
2019-02-19 16:27:06,360 findelment.py--> get_element 20: INFO ----->定位方式:xpath--->定位值://div[@class="centerDiv"]/button/span
2019-02-19 16:27:07,423 findelment.py--> get_element 20: INFO ----->定位方式:selector--->定位值:body>div.el-message.el-message--success>p
2019-02-19 16:27:07,450 findelment.py--> get_element 20: INFO ----->定位方式:selector--->定位值:body>div.el-message.el-message--success>p
2019-02-19 16:27:10,555 findelment.py--> get_element 20: INFO ----->定位方式:xpath--->定位值://*[@id="app"]/section/section/aside/div/ul/li[3]/ul/li[3]
2019-02-19 16:27:12,609 findelment.py--> get_element 20: INFO ----->定位方式:xpath--->定位值://input[@placeholder='请输入搜索关键字']
2019-02-19 16:27:13,716 findelment.py--> get_element 20: INFO ----->定位方式:xpath--->定位值://span[contains(text(),'查询')]
2019-02-19 16:27:15,773 findelment.py--> get_element 20: INFO ----->定位方式:xpath--->定位值://span[contains(text(),'专业软件')]/../../button[1]/span
2019-02-19 16:27:16,838 findelment.py--> get_element 20: INFO ----->定位方式:xpath--->定位值://span[contains(text(),'上颌STL')]/../following-sibling::input
2019-02-19 16:27:17,884 findelment.py--> get_element 20: INFO ----->定位方式:xpath--->定位值://span[contains(text(),'下颌STL')]/../following-sibling::input
2019-02-19 16:27:19,922 findelment.py--> get_element 20: INFO ----->定位方式:xpath--->定位值://span[contains(text(),'确认')]
2019-02-19 16:27:21,988 findelment.py--> get_element 20: INFO ----->定位方式:xpath--->定位值://tbody/tr[1]/td[1]/div/div
2019-02-19 16:27:23,061 findelment.py--> get_element 20: INFO ----->定位方式:xpath--->定位值://span[contains(text(),'完成')]
2019-02-19 16:27:24,146 findelment.py--> get_element 20: INFO ----->定位方式:selector--->定位值:body>div.el-message.el-message--success>p
2019-02-19 16:27:27,233 findelment.py--> get_element 20: INFO ----->定位方式:xpath--->定位值://*[@id="app"]/section/section/aside/div/ul/li[3]/ul/li[4]
2019-02-19 16:27:29,286 findelment.py--> get_element 20: INFO ----->定位方式:xpath--->定位值://input[@placeholder='请输入搜索关键字']
2019-02-19 16:27:30,482 findelment.py--> get_element 20: INFO ----->定位方式:xpath--->定位值://span[contains(text(),'查询')]
2019-02-19 16:27:32,538 findelment.py--> get_element 20: INFO ----->定位方式:xpath--->定位值://tbody/tr[1]/td[13]//span[contains(text(),'质检')]
2019-02-19 16:27:33,661 findelment.py--> get_element 20: INFO ----->定位方式:xpath--->定位值://div[@class="imgUpload"][1]//input
2019-02-19 16:27:34,689 findelment.py--> get_element 20: INFO ----->定位方式:xpath--->定位值://div[@class="imgUpload"][2]//input
2019-02-19 16:27:36,717 findelment.py--> get_element 20: INFO ----->定位方式:xpath--->定位值://span[contains(text(),'提交质检结果')]
2019-02-19 16:27:38,778 findelment.py--> get_element 20: INFO ----->定位方式:xpath--->定位值://tbody/tr[1]/td[9]
2019-02-19 16:27:41,871 findelment.py--> get_element 20: INFO ----->定位方式:xpath--->定位值://*[@id="app"]/section/section/aside/div/ul/li[3]/ul/li[5]
2019-02-19 16:27:43,921 findelment.py--> get_element 20: INFO ----->定位方式:xpath--->定位值://input[@placeholder='请输入搜索关键字']
2019-02-19 16:27:45,116 findelment.py--> get_element 20: INFO ----->定位方式:xpath--->定位值://span[contains(text(),'查询')]
2019-02-19 16:27:47,240 findelment.py--> get_element 20: INFO ----->定位方式:xpath--->定位值://tbody/tr[1]/td[15]//span[contains(text(),'设计')]
2019-02-19 16:27:48,340 findelment.py--> get_element 20: INFO ----->定位方式:xpath--->定位值://span[contains(text(),'创建订单')]
2019-02-19 16:27:49,404 findelment.py--> get_element 20: INFO ----->定位方式:selector--->定位值:body>div.el-message.el-message--success>p
2019-02-19 16:27:52,493 findelment.py--> get_element 20: INFO ----->定位方式:xpath--->定位值://*[@id="app"]/section/section/aside/div/ul/li[3]/ul/li[6]
2019-02-19 16:27:54,572 findelment.py--> get_element 20: INFO ----->定位方式:xpath--->定位值://input[@placeholder='请输入搜索关键字']
2019-02-19 16:27:55,751 findelment.py--> get_element 20: INFO ----->定位方式:xpath--->定位值://span[contains(text(),'查询')]
2019-02-19 16:27:57,826 findelment.py--> get_element 20: INFO ----->定位方式:xpath--->定位值://tbody/tr[1]/td[14]//span[contains(text(),'分配')]
2019-02-19 16:27:58,898 findelment.py--> get_element 20: INFO ----->定位方式:xpath--->定位值://span[contains(text(),'确认')]
2019-02-19 16:28:01,082 findelment.py--> get_element 20: INFO ----->定位方式:xpath--->定位值://tbody/tr[1]/td[1]/div/div
2019-02-19 16:28:04,339 findelment.py--> get_element 20: INFO ----->定位方式:xpath--->定位值://*[@id="app"]/section/section/aside/div/ul/li[3]/ul/li[7]
2019-02-19 16:28:06,425 findelment.py--> get_element 20: INFO ----->定位方式:xpath--->定位值://input[@placeholder='请输入搜索关键字']
2019-02-19 16:28:07,550 findelment.py--> get_element 20: INFO ----->定位方式:xpath--->定位值://span[contains(text(),'查询')]
2019-02-19 16:28:09,616 findelment.py--> get_element 20: INFO ----->定位方式:xpath--->定位值://tbody/tr[1]/td[13]//span[contains(text(),'指派订单')]
2019-02-19 16:28:10,685 findelment.py--> get_element 20: INFO ----->定位方式:xpath--->定位值://span[contains(text(),'确认')]
2019-02-19 16:28:11,749 findelment.py--> get_element 20: INFO ----->定位方式:xpath--->定位值://tbody/tr[1]/td[1]/div/div
2019-02-19 16:28:12,830 findelment.py--> get_element 20: INFO ----->定位方式:xpath--->定位值://span[contains(text(),'查询')]
2019-02-19 16:28:13,868 findelment.py--> get_element 20: INFO ----->定位方式:xpath--->定位值://tbody/tr[1]/td[13]//span[contains(text(),'审核通过')]
2019-02-19 16:28:14,935 findelment.py--> get_element 20: INFO ----->定位方式:selector--->定位值:body>div.el-message.el-message--success>p
2019-02-19 16:28:18,021 findelment.py--> get_element 20: INFO ----->定位方式:xpath--->定位值://*[@id="app"]/section/section/aside/div/ul/li[3]/ul/li[8]
2019-02-19 16:28:20,073 findelment.py--> get_element 20: INFO ----->定位方式:xpath--->定位值://input[@placeholder='请输入搜索关键字']
2019-02-19 16:28:21,232 findelment.py--> get_element 20: INFO ----->定位方式:xpath--->定位值://span[contains(text(),'查询')]
2019-02-19 16:28:23,321 findelment.py--> get_element 20: INFO ----->定位方式:xpath--->定位值://tbody/tr[1]/td[15]//span[contains(text(),'指派订单')]
2019-02-19 16:28:24,399 findelment.py--> get_element 20: INFO ----->定位方式:xpath--->定位值://span[contains(text(),'确认')]
2019-02-19 16:28:25,590 findelment.py--> get_element 20: INFO ----->定位方式:xpath--->定位值://tbody/tr[1]/td[1]/div/div
2019-02-19 16:28:26,777 findelment.py--> get_element 20: INFO ----->定位方式:xpath--->定位值://span[contains(text(),'查询')]
2019-02-19 16:28:27,817 findelment.py--> get_element 20: INFO ----->定位方式:xpath--->定位值://tbody/tr[1]/td[15]//span[contains(text(),'审核通过')]
2019-02-19 16:28:28,884 findelment.py--> get_element 20: INFO ----->定位方式:selector--->定位值:body>div.el-message.el-message--success>p
2019-02-19 16:28:31,998 findelment.py--> get_element 20: INFO ----->定位方式:xpath--->定位值://*[@id="app"]/section/section/aside/div/ul/li[3]/ul/li[9]
2019-02-19 16:28:34,051 findelment.py--> get_element 20: INFO ----->定位方式:xpath--->定位值://input[@placeholder='请输入搜索关键字']
2019-02-19 16:28:35,189 findelment.py--> get_element 20: INFO ----->定位方式:xpath--->定位值://span[contains(text(),'查询')]
2019-02-19 16:28:37,252 findelment.py--> get_element 20: INFO ----->定位方式:xpath--->定位值://tbody/tr[1]/td[13]//span[contains(text(),'指派订单')]
2019-02-19 16:28:38,331 findelment.py--> get_element 20: INFO ----->定位方式:xpath--->定位值://span[contains(text(),'确认')]
2019-02-19 16:28:39,387 findelment.py--> get_element 20: INFO ----->定位方式:xpath--->定位值://tbody/tr[1]/td[13]//span[contains(text(),'审核通过')]
2019-02-19 16:28:39,480 findelment.py--> get_element 20: INFO ----->定位方式:selector--->定位值:body>div.el-message.el-message--success>p
2019-02-19 16:28:41,623 findelment.py--> get_element 20: INFO ----->定位方式:xpath--->定位值://*[@id="app"]/section/section/aside/div/ul/li[3]/ul/li[5]
2019-02-19 16:28:45,862 findelment.py--> get_element 20: INFO ----->定位方式:xpath--->定位值://input[@placeholder='请输入搜索关键字']
2019-02-19 16:28:47,017 findelment.py--> get_element 20: INFO ----->定位方式:xpath--->定位值://span[contains(text(),'查询')]
2019-02-19 16:28:49,116 findelment.py--> get_element 20: INFO ----->定位方式:xpath--->定位值://tbody/tr[1]/td[15]//span[contains(text(),'生产')]
2019-02-19 16:28:51,257 findelment.py--> get_element 20: INFO ----->定位方式:xpath--->定位值://input[@placeholder="请选择订单编号"]
2019-02-19 16:28:53,337 findelment.py--> get_element 20: INFO ----->定位方式:selector--->定位值:body > div.el-select-dropdown.el-popper > div.el-scrollbar > div.el-select-dropdown__wrap.el-scrollbar__wrap > ul > li > span
2019-02-19 16:28:53,401 findelment.py--> get_element 20: INFO ----->定位方式:xpath--->定位值://li[contains(text(),'上颌')]/following-sibling::li[1]/input[1]
2019-02-19 16:28:53,475 findelment.py--> get_element 20: INFO ----->定位方式:xpath--->定位值://li[contains(text(),'上颌')]/following-sibling::li[1]/input[2]
2019-02-19 16:28:53,520 findelment.py--> get_element 20: INFO ----->定位方式:xpath--->定位值://li[contains(text(),'下颌')]/following-sibling::li[1]/input[1]
2019-02-19 16:28:53,569 findelment.py--> get_element 20: INFO ----->定位方式:xpath--->定位值://li[contains(text(),'下颌')]/following-sibling::li[1]/input[2]
2019-02-19 16:28:55,617 findelment.py--> get_element 20: INFO ----->定位方式:xpath--->定位值://span[contains(text(),'确认下单')]
2019-02-19 16:28:56,688 findelment.py--> get_element 20: INFO ----->定位方式:xpath--->定位值://span[contains(text(),'确认下单')]
2019-02-19 16:28:58,776 findelment.py--> get_element 20: INFO ----->定位方式:xpath--->定位值://*[@id="app"]/section/section/aside/div/ul/li[3]/ul/li[10]
2019-02-19 16:29:00,823 findelment.py--> get_element 20: INFO ----->定位方式:xpath--->定位值://input[@placeholder='请输入搜索关键字']
2019-02-19 16:29:01,982 findelment.py--> get_element 20: INFO ----->定位方式:xpath--->定位值://span[contains(text(),'查询')]
2019-02-19 16:29:03,075 findelment.py--> get_element 20: INFO ----->定位方式:xpath--->定位值://tbody/tr[1]/td[15]/div//span/span
2019-02-19 16:29:04,123 findelment.py--> get_element 20: INFO ----->定位方式:xpath--->定位值://button/span[contains(text(),"排产预览")]
2019-02-19 16:29:06,187 findelment.py--> get_element 20: INFO ----->定位方式:xpath--->定位值://input[@placeholder="请输入"]
2019-02-19 16:29:07,254 findelment.py--> get_element 20: INFO ----->定位方式:xpath--->定位值://button/span[contains(text(),"确认排产")]
2019-02-19 16:29:08,314 findelment.py--> get_element 20: INFO ----->定位方式:selector--->定位值:body>div.el-message.el-message--success>p
2019-02-19 16:29:10,439 findelment.py--> get_element 20: INFO ----->定位方式:xpath--->定位值://*[@id="app"]/section/section/aside/div/ul/li[3]/ul/li[11]
2019-02-19 16:29:12,500 findelment.py--> get_element 20: INFO ----->定位方式:xpath--->定位值://input[@placeholder='请输入搜索关键字']
2019-02-19 16:29:13,668 findelment.py--> get_element 20: INFO ----->定位方式:xpath--->定位值://span[contains(text(),'查询')]
2019-02-19 16:29:14,737 findelment.py--> get_element 20: INFO ----->定位方式:xpath--->定位值://tbody/tr[1]/td[16]//span[contains(text(),'完成')]
2019-02-19 16:29:16,801 findelment.py--> get_element 20: INFO ----->定位方式:xpath--->定位值://input[@placeholder="请选择打印机"]
2019-02-19 16:29:17,853 findelment.py--> get_element 20: INFO ----->定位方式:xpath--->定位值://li/span[contains(text(),"打印机035")]
2019-02-19 16:29:18,936 findelment.py--> get_element 20: INFO ----->定位方式:xpath--->定位值://button/span[contains(text(),"确认")]
2019-02-19 16:29:20,015 findelment.py--> get_element 20: INFO ----->定位方式:selector--->定位值:body>div.el-message.el-message--success>p
2019-02-19 16:29:22,106 findelment.py--> get_element 20: INFO ----->定位方式:xpath--->定位值://*[@id="app"]/section/section/aside/div/ul/li[3]/ul/li[12]
2019-02-19 16:29:24,168 findelment.py--> get_element 20: INFO ----->定位方式:xpath--->定位值://input[@placeholder='请输入搜索关键字']
2019-02-19 16:29:25,299 findelment.py--> get_element 20: INFO ----->定位方式:xpath--->定位值://span[contains(text(),'查询')]
2019-02-19 16:29:26,365 findelment.py--> get_element 20: INFO ----->定位方式:xpath--->定位值://tbody/tr[1]/td[16]//span[contains(text(),'完成')]
2019-02-19 16:29:27,440 findelment.py--> get_element 20: INFO ----->定位方式:xpath--->定位值://button/span[contains(text(),"确定")]
2019-02-19 16:29:28,585 findelment.py--> get_element 20: INFO ----->定位方式:selector--->定位值:body>div.el-message.el-message--success>p
2019-02-19 16:29:31,678 findelment.py--> get_element 20: INFO ----->定位方式:xpath--->定位值://*[@id="app"]/section/section/aside/div/ul/li[4]/div
2019-02-19 16:29:33,730 findelment.py--> get_element 20: INFO ----->定位方式:xpath--->定位值://*[@id="app"]/section/section/aside/div/ul/li[4]/ul/li[1]
2019-02-19 16:29:35,871 findelment.py--> get_element 20: INFO ----->定位方式:xpath--->定位值://input[@placeholder='请输入搜索关键字']
2019-02-19 16:29:37,022 findelment.py--> get_element 20: INFO ----->定位方式:xpath--->定位值://span[contains(text(),'查询')]
2019-02-19 16:29:38,106 findelment.py--> get_element 20: INFO ----->定位方式:xpath--->定位值://button/span[contains(text(),"包装")]
2019-02-19 16:29:40,179 findelment.py--> get_element 20: INFO ----->定位方式:xpath--->定位值://button/span[contains(text(),"确认")]
2019-02-19 16:29:41,252 findelment.py--> get_element 20: INFO ----->定位方式:selector--->定位值:body>div.el-message.el-message--success>p
2019-02-19 16:29:43,378 findelment.py--> get_element 20: INFO ----->定位方式:xpath--->定位值://*[@id="app"]/section/section/aside/div/ul/li[3]/ul/li[13]
2019-02-19 16:29:45,451 findelment.py--> get_element 20: INFO ----->定位方式:xpath--->定位值://input[@placeholder='请输入搜索关键字']
2019-02-19 16:29:46,614 findelment.py--> get_element 20: INFO ----->定位方式:xpath--->定位值://span[contains(text(),'查询')]
2019-02-19 16:29:47,716 findelment.py--> get_element 20: INFO ----->定位方式:xpath--->定位值://tbody/tr[1]/td[16]//span[contains(text(),'完成')]
2019-02-19 16:29:48,766 findelment.py--> get_element 20: INFO ----->定位方式:xpath--->定位值://button/span[contains(text(),"确认入库")]
2019-02-19 16:29:49,820 findelment.py--> get_element 20: INFO ----->定位方式:selector--->定位值:body>div.el-message.el-message--success>p
2019-02-19 16:29:51,936 findelment.py--> get_element 20: INFO ----->定位方式:xpath--->定位值://*[@id="app"]/section/section/aside/div/ul/li[3]/ul/li[14]
2019-02-19 16:29:54,001 findelment.py--> get_element 20: INFO ----->定位方式:xpath--->定位值://input[@placeholder='请输入搜索关键字']
2019-02-19 16:29:55,146 findelment.py--> get_element 20: INFO ----->定位方式:xpath--->定位值://span[contains(text(),'查询')]
2019-02-19 16:29:57,204 findelment.py--> get_element 20: INFO ----->定位方式:xpath--->定位值://tbody/tr[1]/td[12]//span[contains(text(),'发货')]
2019-02-19 16:29:58,265 findelment.py--> get_element 20: INFO ----->定位方式:xpath--->定位值://label[1]/span[1]/span
2019-02-19 16:29:59,362 findelment.py--> get_element 20: INFO ----->定位方式:xpath--->定位值://button/span[contains(text(),"确认")]
2019-02-19 16:30:00,420 findelment.py--> get_element 20: INFO ----->定位方式:selector--->定位值:body>div.el-message.el-message--success>p
2019-02-19 16:30:02,531 findelment.py--> get_element 20: INFO ----->定位方式:xpath--->定位值://*[@id="app"]/section/section/aside/div/ul/li[3]/ul/li[15]
2019-02-19 16:30:04,601 findelment.py--> get_element 20: INFO ----->定位方式:xpath--->定位值://input[@placeholder='请输入搜索关键字']
2019-02-19 16:30:05,730 findelment.py--> get_element 20: INFO ----->定位方式:xpath--->定位值://span[contains(text(),'查询')]
2019-02-19 16:30:07,818 findelment.py--> get_element 20: INFO ----->定位方式:xpath--->定位值://tbody/tr[1]/td[16]//span[contains(text(),'邮寄')]
2019-02-19 16:30:08,884 findelment.py--> get_element 20: INFO ----->定位方式:xpath--->定位值://input[@placeholder="请填写快递单号"]
2019-02-19 16:30:09,978 findelment.py--> get_element 20: INFO ----->定位方式:xpath--->定位值://input[@placeholder="请填写快递单号"]/../../following-sibling::div//span
2019-02-19 16:30:11,063 findelment.py--> get_element 20: INFO ----->定位方式:xpath--->定位值://tbody/tr[1]/td[16]//span[contains(text(),'确认')]
2019-02-19 16:30:13,178 findelment.py--> get_element 20: INFO ----->定位方式:xpath--->定位值://button/span[contains(text(),"确认发货")]
2019-02-19 16:30:14,255 findelment.py--> get_element 20: INFO ----->定位方式:selector--->定位值:body>div.el-message.el-message--success>p
