2019-03-15 09:12:59,760 findelment.py--> get_element 20: INFO ----->定位方式:xpath--->定位值://input[@id="account"]
2019-03-15 09:12:59,939 findelment.py--> get_element 20: INFO ----->定位方式:xpath--->定位值://input[@id="password"]
2019-03-15 09:13:00,072 findelment.py--> get_element 20: INFO ----->定位方式:xpath--->定位值://button[@id="btn_login"]
2019-03-15 09:13:03,175 findelment.py--> get_element 20: INFO ----->定位方式:xpath--->定位值://button[@id="add-new"]
2019-03-15 09:13:05,260 findelment.py--> get_element 20: INFO ----->定位方式:xpath--->定位值://input[@id="patientName"]
2019-03-15 09:13:05,423 findelment.py--> get_element 20: INFO ----->定位方式:xpath--->定位值://div[@name="patientSex"][2]
2019-03-15 09:13:05,506 findelment.py--> get_element 20: INFO ----->定位方式:xpath--->定位值://select[@id="birthdayYear"]
2019-03-15 09:13:05,591 findelment.py--> get_element 20: INFO ----->定位方式:xpath--->定位值://select[@id="birthdayMonth"]
2019-03-15 09:13:05,677 findelment.py--> get_element 20: INFO ----->定位方式:xpath--->定位值://select[@id="birthdayDate"]
2019-03-15 09:13:05,773 findelment.py--> get_element 20: INFO ----->定位方式:xpath--->定位值://input[@id="patientTel"]
2019-03-15 09:13:05,886 findelment.py--> get_element 20: INFO ----->定位方式:xpath--->定位值://select[@id="hospital"]
2019-03-15 09:13:05,974 findelment.py--> get_element 20: INFO ----->定位方式:xpath--->定位值://button[@type="button"][3]
2019-03-15 09:13:08,084 findelment.py--> get_element 20: INFO ----->定位方式:xpath--->定位值://input[@id="45Profile"]
2019-03-15 09:13:08,126 findelment.py--> get_element 20: INFO ----->定位方式:xpath--->定位值://input[@id="FrontalRepose"]
2019-03-15 09:13:08,220 findelment.py--> get_element 20: INFO ----->定位方式:xpath--->定位值://input[@id="FrontalSmile"]
2019-03-15 09:13:08,382 findelment.py--> get_element 20: INFO ----->定位方式:xpath--->定位值://input[@id="Profile"]
2019-03-15 09:13:08,483 findelment.py--> get_element 20: INFO ----->定位方式:xpath--->定位值://input[@id="Upper"]
2019-03-15 09:13:08,565 findelment.py--> get_element 20: INFO ----->定位方式:xpath--->定位值://input[@id="Left"]
2019-03-15 09:13:08,644 findelment.py--> get_element 20: INFO ----->定位方式:xpath--->定位值://input[@id="Lower"]
2019-03-15 09:13:08,726 findelment.py--> get_element 20: INFO ----->定位方式:xpath--->定位值://input[@id="Anterior"]
2019-03-15 09:13:08,808 findelment.py--> get_element 20: INFO ----->定位方式:xpath--->定位值://input[@id="Right"]
2019-03-15 09:13:08,883 findelment.py--> get_element 20: INFO ----->定位方式:xpath--->定位值://input[@id="Cephalometric"]
2019-03-15 09:13:08,991 findelment.py--> get_element 20: INFO ----->定位方式:xpath--->定位值://input[@id="Panoramic"]
2019-03-15 09:13:11,113 findelment.py--> get_element 20: INFO ----->定位方式:xpath--->定位值://button[@type="button"][3]
2019-03-15 09:13:13,211 findelment.py--> get_element 20: INFO ----->定位方式:xpath--->定位值://div[@class="m-wrapper"][1]/div[1]/div[1]/div[1]
2019-03-15 09:13:13,301 findelment.py--> get_element 20: INFO ----->定位方式:xpath--->定位值://*[@id="step3"]/div[2]/div/div[1]/ul/li[1]/div/ins
2019-03-15 09:13:13,367 findelment.py--> get_element 20: INFO ----->定位方式:xpath--->定位值://*[@id="step3"]/div[2]/div/div[2]/ul/li[1]/div/ins
2019-03-15 09:13:13,434 findelment.py--> get_element 20: INFO ----->定位方式:xpath--->定位值://button[@type="button"][3]
2019-03-15 09:13:14,523 findelment.py--> get_element 20: INFO ----->定位方式:xpath--->定位值://input[@id="unexpress"]/following-sibling::ins
2019-03-15 09:13:14,585 findelment.py--> get_element 20: INFO ----->定位方式:xpath--->定位值://button[@type="button"][4]
2019-03-15 09:13:17,801 findelment.py--> get_element 20: INFO ----->定位方式:xpath--->定位值:/html/body/div[1]/div[2]/table/tbody/tr[2]/td[1]
2019-03-15 09:13:19,906 findelment.py--> get_element 20: INFO ----->定位方式:xpath--->定位值://table/tbody/tr[2]/td/table/tbody/tr[2]/td[2]
2019-03-15 09:13:19,968 findelment.py--> get_element 20: INFO ----->定位方式:xpath--->定位值:/html/body/div[1]/div[2]/div[1]/table/tbody/tr[1]/td[2]
2019-03-15 09:13:32,748 findelment.py--> get_element 20: INFO ----->定位方式:xpath--->定位值://*[@id="login"]/div/div[2]/ul/li[1]/input
2019-03-15 09:13:32,868 findelment.py--> get_element 20: INFO ----->定位方式:xpath--->定位值://input[@placeholder='请输入密码']
2019-03-15 09:13:32,958 findelment.py--> get_element 20: INFO ----->定位方式:xpath--->定位值://button[contains(text(),'登录')]
2019-03-15 09:13:34,111 findelment.py--> get_element 20: INFO ----->定位方式:selector--->定位值:body>div.el-message.el-message--success>p
2019-03-15 09:13:37,278 findelment.py--> get_element 20: INFO ----->定位方式:xpath--->定位值://*[@id="app"]/section/section/aside/div/ul/li[3]/div
2019-03-15 09:13:38,373 findelment.py--> get_element 20: INFO ----->定位方式:xpath--->定位值://*[@id="app"]/section/section/aside/div/ul/li[3]/ul/li[1]
2019-03-15 09:13:40,471 findelment.py--> get_element 20: INFO ----->定位方式:xpath--->定位值://button/span[contains(text(),'新增收货')]
2019-03-15 09:13:41,612 findelment.py--> get_element 20: INFO ----->定位方式:xpath--->定位值://span[contains(text(),'硅胶上颌')]
2019-03-15 09:13:41,704 findelment.py--> get_element 20: INFO ----->定位方式:xpath--->定位值://span[contains(text(),'硅胶下颌')]
2019-03-15 09:13:41,829 findelment.py--> get_element 20: INFO ----->定位方式:xpath--->定位值://input[@placeholder='请输入快递单号']
2019-03-15 09:13:42,049 findelment.py--> get_element 20: INFO ----->定位方式:xpath--->定位值://input[@placeholder='请选择物流来源']
2019-03-15 09:13:43,191 findelment.py--> get_element 20: INFO ----->定位方式:xpath--->定位值:/html/body/div[2]/div[1]/div[1]/ul/li[3]/span
2019-03-15 09:13:44,287 findelment.py--> get_element 20: INFO ----->定位方式:xpath--->定位值://div[@class="imgUpload"][1]//input
2019-03-15 09:13:45,362 findelment.py--> get_element 20: INFO ----->定位方式:xpath--->定位值://div[@class="imgUpload"][2]//input
2019-03-15 09:13:47,420 findelment.py--> get_element 20: INFO ----->定位方式:xpath--->定位值://span[contains(text(),'确认收货')]
2019-03-15 09:13:48,536 findelment.py--> get_element 20: INFO ----->定位方式:xpath--->定位值://tbody/tr[1]/td[1]/div/div
2019-03-15 09:13:51,586 findelment.py--> get_element 20: INFO ----->定位方式:xpath--->定位值://*[@id="app"]/section/section/aside/div/ul/li[3]/ul/li[2]
2019-03-15 09:13:53,666 findelment.py--> get_element 20: INFO ----->定位方式:xpath--->定位值://input[@placeholder='请输入搜索关键字']
2019-03-15 09:13:55,858 findelment.py--> get_element 20: INFO ----->定位方式:xpath--->定位值://span[contains(text(),'查询')]
2019-03-15 09:13:57,969 findelment.py--> get_element 20: INFO ----->定位方式:xpath--->定位值://tbody/tr[1]/td[16]//span[contains(text(),'匹配')]/../../button[3]/span
2019-03-15 09:13:59,081 findelment.py--> get_element 20: INFO ----->定位方式:xpath--->定位值://input[@placeholder="请填写病例号"]
2019-03-15 09:13:59,282 findelment.py--> get_element 20: INFO ----->定位方式:xpath--->定位值://input[@placeholder="请选择档案"]
2019-03-15 09:14:01,377 findelment.py--> get_element 20: INFO ----->定位方式:xpath--->定位值://div[@class="centerDiv"]/button/span
2019-03-15 09:14:02,477 findelment.py--> get_element 20: INFO ----->定位方式:selector--->定位值:body>div.el-message.el-message--success>p
2019-03-15 09:14:02,528 findelment.py--> get_element 20: INFO ----->定位方式:selector--->定位值:body>div.el-message.el-message--success>p
2019-03-15 09:14:05,662 findelment.py--> get_element 20: INFO ----->定位方式:xpath--->定位值://*[@id="app"]/section/section/aside/div/ul/li[3]/ul/li[3]
2019-03-15 09:14:07,771 findelment.py--> get_element 20: INFO ----->定位方式:xpath--->定位值://input[@placeholder='请输入搜索关键字']
2019-03-15 09:14:08,931 findelment.py--> get_element 20: INFO ----->定位方式:xpath--->定位值://span[contains(text(),'查询')]
2019-03-15 09:14:11,049 findelment.py--> get_element 20: INFO ----->定位方式:xpath--->定位值://span[contains(text(),'专业软件')]/../../button[1]/span
2019-03-15 09:14:12,159 findelment.py--> get_element 20: INFO ----->定位方式:xpath--->定位值://span[contains(text(),'上颌STL')]/../following-sibling::input
2019-03-15 09:14:13,217 findelment.py--> get_element 20: INFO ----->定位方式:xpath--->定位值://span[contains(text(),'下颌STL')]/../following-sibling::input
2019-03-15 09:14:15,272 findelment.py--> get_element 20: INFO ----->定位方式:xpath--->定位值://span[contains(text(),'确认')]
2019-03-15 09:14:17,356 findelment.py--> get_element 20: INFO ----->定位方式:xpath--->定位值://tbody/tr[1]/td[1]/div/div
2019-03-15 09:14:18,447 findelment.py--> get_element 20: INFO ----->定位方式:xpath--->定位值://span[contains(text(),'完成')]
2019-03-15 09:14:19,541 findelment.py--> get_element 20: INFO ----->定位方式:selector--->定位值:body>div.el-message.el-message--success>p
2019-03-15 09:14:22,717 findelment.py--> get_element 20: INFO ----->定位方式:xpath--->定位值://*[@id="app"]/section/section/aside/div/ul/li[3]/ul/li[4]
2019-03-15 09:14:24,798 findelment.py--> get_element 20: INFO ----->定位方式:xpath--->定位值://input[@placeholder='请输入搜索关键字']
2019-03-15 09:14:25,973 findelment.py--> get_element 20: INFO ----->定位方式:xpath--->定位值://span[contains(text(),'查询')]
2019-03-15 09:14:28,100 findelment.py--> get_element 20: INFO ----->定位方式:xpath--->定位值://tbody/tr[1]/td[13]//span[contains(text(),'质检')]
2019-03-15 09:14:29,214 findelment.py--> get_element 20: INFO ----->定位方式:xpath--->定位值://div[@class="imgUpload"][1]//input
2019-03-15 09:14:30,268 findelment.py--> get_element 20: INFO ----->定位方式:xpath--->定位值://div[@class="imgUpload"][2]//input
2019-03-15 09:14:32,332 findelment.py--> get_element 20: INFO ----->定位方式:xpath--->定位值://span[contains(text(),'提交质检结果')]
2019-03-15 09:14:34,443 findelment.py--> get_element 20: INFO ----->定位方式:xpath--->定位值://tbody/tr[1]/td[9]
2019-03-15 09:14:37,615 findelment.py--> get_element 20: INFO ----->定位方式:xpath--->定位值://*[@id="app"]/section/section/aside/div/ul/li[3]/ul/li[5]
2019-03-15 09:14:39,700 findelment.py--> get_element 20: INFO ----->定位方式:xpath--->定位值://input[@placeholder='请输入搜索关键字']
2019-03-15 09:14:40,910 findelment.py--> get_element 20: INFO ----->定位方式:xpath--->定位值://span[contains(text(),'查询')]
2019-03-15 09:14:43,045 findelment.py--> get_element 20: INFO ----->定位方式:xpath--->定位值://tbody//span[contains(text(),'设计')]
2019-03-15 09:14:44,187 findelment.py--> get_element 20: INFO ----->定位方式:xpath--->定位值://span[contains(text(),'创建订单')]
2019-03-15 09:14:45,305 findelment.py--> get_element 20: INFO ----->定位方式:selector--->定位值:body>div.el-message.el-message--success>p
2019-03-15 09:14:48,491 findelment.py--> get_element 20: INFO ----->定位方式:xpath--->定位值://*[@id="app"]/section/section/aside/div/ul/li[3]/ul/li[6]
2019-03-15 09:14:50,585 findelment.py--> get_element 20: INFO ----->定位方式:xpath--->定位值://input[@placeholder='请输入搜索关键字']
2019-03-15 09:14:51,767 findelment.py--> get_element 20: INFO ----->定位方式:xpath--->定位值://span[contains(text(),'查询')]
2019-03-15 09:14:53,863 findelment.py--> get_element 20: INFO ----->定位方式:xpath--->定位值://tbody//span[contains(text(),'分配')]
2019-03-15 09:14:54,979 findelment.py--> get_element 20: INFO ----->定位方式:xpath--->定位值://span[contains(text(),'确认')]
2019-03-15 09:14:57,215 findelment.py--> get_element 20: INFO ----->定位方式:xpath--->定位值://tbody/tr[1]/td[1]/div/div
2019-03-15 09:14:58,345 findelment.py--> get_element 20: INFO ----->定位方式:xpath--->定位值://tbody//span[contains(text(),'处方')]
2019-03-15 09:15:02,691 findelment.py--> get_element 20: INFO ----->定位方式:xpath--->定位值://span[contains(text(),'查看更多')]
2019-03-15 09:15:08,243 findelment.py--> get_element 20: INFO ----->定位方式:xpath--->定位值://span[contains(text(),'临床说明')]
2019-03-15 09:15:15,713 findelment.py--> get_element 20: INFO ----->定位方式:xpath--->定位值://*[@id="app"]/section/section/aside/div/ul/li[3]/ul/li[7]
2019-03-15 09:15:17,800 findelment.py--> get_element 20: INFO ----->定位方式:xpath--->定位值://input[@placeholder='请输入搜索关键字']
2019-03-15 09:15:18,970 findelment.py--> get_element 20: INFO ----->定位方式:xpath--->定位值://span[contains(text(),'查询')]
2019-03-15 09:15:21,101 findelment.py--> get_element 20: INFO ----->定位方式:xpath--->定位值://tbody//span[contains(text(),'指派订单')]
2019-03-15 09:15:22,202 findelment.py--> get_element 20: INFO ----->定位方式:xpath--->定位值://span[contains(text(),'确认')]
2019-03-15 09:15:23,317 findelment.py--> get_element 20: INFO ----->定位方式:xpath--->定位值://tbody/tr[1]/td[1]/div/div
2019-03-15 09:15:24,451 findelment.py--> get_element 20: INFO ----->定位方式:xpath--->定位值://span[contains(text(),'查询')]
2019-03-15 09:15:25,541 findelment.py--> get_element 20: INFO ----->定位方式:xpath--->定位值://tbody//span[contains(text(),'审核通过')]
2019-03-15 09:15:26,659 findelment.py--> get_element 20: INFO ----->定位方式:selector--->定位值:body>div.el-message.el-message--success>p
2019-03-15 09:15:26,721 findelment.py--> get_element 20: INFO ----->定位方式:selector--->定位值:body>div.el-message.el-message--success>p
2019-03-15 09:15:29,891 findelment.py--> get_element 20: INFO ----->定位方式:xpath--->定位值://*[@id="app"]/section/section/aside/div/ul/li[3]/ul/li[8]
2019-03-15 09:15:31,988 findelment.py--> get_element 20: INFO ----->定位方式:xpath--->定位值://input[@placeholder='请输入搜索关键字']
2019-03-15 09:15:33,186 findelment.py--> get_element 20: INFO ----->定位方式:xpath--->定位值://span[contains(text(),'查询')]
2019-03-15 09:15:35,286 findelment.py--> get_element 20: INFO ----->定位方式:xpath--->定位值://tbody//span[contains(text(),'指派订单')]
2019-03-15 09:15:36,391 findelment.py--> get_element 20: INFO ----->定位方式:xpath--->定位值://span[contains(text(),'确认')]
2019-03-15 09:15:37,701 findelment.py--> get_element 20: INFO ----->定位方式:xpath--->定位值://tbody/tr[1]/td[1]/div/div
2019-03-15 09:15:38,815 findelment.py--> get_element 20: INFO ----->定位方式:xpath--->定位值://span[contains(text(),'查询')]
2019-03-15 09:15:39,968 findelment.py--> get_element 20: INFO ----->定位方式:xpath--->定位值://tbody//span[contains(text(),'审核通过')]
2019-03-15 09:15:41,077 findelment.py--> get_element 20: INFO ----->定位方式:selector--->定位值:body>div.el-message.el-message--success>p
2019-03-15 09:15:41,115 findelment.py--> get_element 20: INFO ----->定位方式:selector--->定位值:body>div.el-message.el-message--success>p
2019-03-15 09:15:44,259 findelment.py--> get_element 20: INFO ----->定位方式:xpath--->定位值://*[@id="app"]/section/section/aside/div/ul/li[3]/ul/li[9]
2019-03-15 09:15:46,360 findelment.py--> get_element 20: INFO ----->定位方式:xpath--->定位值://input[@placeholder='请输入搜索关键字']
2019-03-15 09:15:47,543 findelment.py--> get_element 20: INFO ----->定位方式:xpath--->定位值://span[contains(text(),'查询')]
2019-03-15 09:15:49,659 findelment.py--> get_element 20: INFO ----->定位方式:xpath--->定位值://tbody//span[contains(text(),'指派订单')]
2019-03-15 09:15:50,750 findelment.py--> get_element 20: INFO ----->定位方式:xpath--->定位值://span[contains(text(),'确认')]
2019-03-15 09:15:51,843 findelment.py--> get_element 20: INFO ----->定位方式:xpath--->定位值://tbody//span[contains(text(),'审核通过')]
2019-03-15 09:15:51,954 findelment.py--> get_element 20: INFO ----->定位方式:selector--->定位值:body>div.el-message.el-message--success>p
2019-03-15 09:15:52,005 findelment.py--> get_element 20: INFO ----->定位方式:selector--->定位值:body>div.el-message.el-message--success>p
2019-03-15 09:15:54,167 findelment.py--> get_element 20: INFO ----->定位方式:xpath--->定位值://*[@id="app"]/section/section/aside/div/ul/li[3]/ul/li[5]
2019-03-15 09:15:58,484 findelment.py--> get_element 20: INFO ----->定位方式:xpath--->定位值://input[@placeholder='请输入搜索关键字']
2019-03-15 09:15:59,666 findelment.py--> get_element 20: INFO ----->定位方式:xpath--->定位值://span[contains(text(),'查询')]
2019-03-15 09:16:01,798 findelment.py--> get_element 20: INFO ----->定位方式:xpath--->定位值://tbody//span[contains(text(),'生产')]
2019-03-15 09:16:03,963 findelment.py--> get_element 20: INFO ----->定位方式:xpath--->定位值://input[@placeholder="请选择订单编号"]
2019-03-15 09:16:06,055 findelment.py--> get_element 20: INFO ----->定位方式:selector--->定位值:body > div.el-select-dropdown.el-popper > div.el-scrollbar > div.el-select-dropdown__wrap.el-scrollbar__wrap > ul > li > span
2019-03-15 09:16:06,174 findelment.py--> get_element 20: INFO ----->定位方式:xpath--->定位值://li[contains(text(),'上颌')]/following-sibling::li[1]/input[1]
2019-03-15 09:16:06,326 findelment.py--> get_element 20: INFO ----->定位方式:xpath--->定位值://li[contains(text(),'上颌')]/following-sibling::li[1]/input[2]
2019-03-15 09:16:06,404 findelment.py--> get_element 20: INFO ----->定位方式:xpath--->定位值://li[contains(text(),'下颌')]/following-sibling::li[1]/input[1]
2019-03-15 09:16:06,490 findelment.py--> get_element 20: INFO ----->定位方式:xpath--->定位值://li[contains(text(),'下颌')]/following-sibling::li[1]/input[2]
2019-03-15 09:16:08,571 findelment.py--> get_element 20: INFO ----->定位方式:xpath--->定位值://span[contains(text(),'确认下单')]
2019-03-15 09:16:09,752 findelment.py--> get_element 20: INFO ----->定位方式:xpath--->定位值://span[contains(text(),'确认下单')]
2019-03-15 09:16:10,849 findelment.py--> get_element 20: INFO ----->定位方式:selector--->定位值:body>div.el-message.el-message--success>p
2019-03-15 09:16:10,902 findelment.py--> get_element 20: INFO ----->定位方式:selector--->定位值:body>div.el-message.el-message--success>p
2019-03-15 09:16:13,076 findelment.py--> get_element 20: INFO ----->定位方式:xpath--->定位值://*[@id="app"]/section/section/aside/div/ul/li[3]/ul/li[10]
2019-03-15 09:16:15,171 findelment.py--> get_element 20: INFO ----->定位方式:xpath--->定位值://input[@placeholder='请输入搜索关键字']
2019-03-15 09:16:16,363 findelment.py--> get_element 20: INFO ----->定位方式:xpath--->定位值://span[contains(text(),'查询')]
2019-03-15 09:16:17,466 findelment.py--> get_element 20: INFO ----->定位方式:xpath--->定位值://tbody/tr[1]/td[16]/div//span/span
2019-03-15 09:16:18,550 findelment.py--> get_element 20: INFO ----->定位方式:xpath--->定位值://button/span[contains(text(),"排产预览")]
2019-03-15 09:16:20,630 findelment.py--> get_element 20: INFO ----->定位方式:xpath--->定位值://input[@placeholder="请输入"]
2019-03-15 09:16:21,775 findelment.py--> get_element 20: INFO ----->定位方式:xpath--->定位值://button/span[contains(text(),"确认排产")]
2019-03-15 09:16:22,868 findelment.py--> get_element 20: INFO ----->定位方式:selector--->定位值:body>div.el-message.el-message--success>p
2019-03-15 09:16:22,928 findelment.py--> get_element 20: INFO ----->定位方式:selector--->定位值:body>div.el-message.el-message--success>p
2019-03-15 09:16:25,072 findelment.py--> get_element 20: INFO ----->定位方式:xpath--->定位值://*[@id="app"]/section/section/aside/div/ul/li[3]/ul/li[11]
2019-03-15 09:16:27,170 findelment.py--> get_element 20: INFO ----->定位方式:xpath--->定位值://input[@placeholder='请输入搜索关键字']
2019-03-15 09:16:28,356 findelment.py--> get_element 20: INFO ----->定位方式:xpath--->定位值://span[contains(text(),'查询')]
2019-03-15 09:16:29,486 findelment.py--> get_element 20: INFO ----->定位方式:xpath--->定位值://tbody//span[contains(text(),'完成')]
2019-03-15 09:16:31,592 findelment.py--> get_element 20: INFO ----->定位方式:xpath--->定位值://input[@placeholder="请选择打印机"]
2019-03-15 09:16:32,700 findelment.py--> get_element 20: INFO ----->定位方式:xpath--->定位值://li/span[contains(text(),"打印机035")]
2019-03-15 09:16:33,786 findelment.py--> get_element 20: INFO ----->定位方式:xpath--->定位值://button/span[contains(text(),"确认")]
2019-03-15 09:16:34,868 findelment.py--> get_element 20: INFO ----->定位方式:selector--->定位值:body>div.el-message.el-message--success>p
2019-03-15 09:16:34,933 findelment.py--> get_element 20: INFO ----->定位方式:selector--->定位值:body>div.el-message.el-message--success>p
2019-03-15 09:16:37,083 findelment.py--> get_element 20: INFO ----->定位方式:xpath--->定位值://*[@id="app"]/section/section/aside/div/ul/li[3]/ul/li[12]
2019-03-15 09:16:39,185 findelment.py--> get_element 20: INFO ----->定位方式:xpath--->定位值://input[@placeholder='请输入搜索关键字']
2019-03-15 09:16:40,360 findelment.py--> get_element 20: INFO ----->定位方式:xpath--->定位值://span[contains(text(),'查询')]
2019-03-15 09:16:41,486 findelment.py--> get_element 20: INFO ----->定位方式:xpath--->定位值://tbody//span[contains(text(),'完成')]
2019-03-15 09:16:42,586 findelment.py--> get_element 20: INFO ----->定位方式:xpath--->定位值://button/span[contains(text(),"确定")]
2019-03-15 09:16:43,693 findelment.py--> get_element 20: INFO ----->定位方式:selector--->定位值:body>div.el-message.el-message--success>p
2019-03-15 09:16:43,782 findelment.py--> get_element 20: INFO ----->定位方式:selector--->定位值:body>div.el-message.el-message--success>p
2019-03-15 09:16:46,934 findelment.py--> get_element 20: INFO ----->定位方式:xpath--->定位值://*[@id="app"]/section/section/aside/div/ul/li[4]/div
2019-03-15 09:16:49,034 findelment.py--> get_element 20: INFO ----->定位方式:xpath--->定位值://*[@id="app"]/section/section/aside/div/ul/li[4]/ul/li[1]
2019-03-15 09:16:51,107 findelment.py--> get_element 20: INFO ----->定位方式:xpath--->定位值://input[@placeholder='请输入搜索关键字']
2019-03-15 09:16:52,291 findelment.py--> get_element 20: INFO ----->定位方式:xpath--->定位值://span[contains(text(),'查询')]
2019-03-15 09:16:53,405 findelment.py--> get_element 20: INFO ----->定位方式:xpath--->定位值://button/span[contains(text(),"质检")]
2019-03-15 09:16:54,492 findelment.py--> get_element 20: INFO ----->定位方式:xpath--->定位值://div[@id="tab-3"]
2019-03-15 09:16:55,577 findelment.py--> get_element 20: INFO ----->定位方式:xpath--->定位值://button/span[contains(text(),"确认")]
2019-03-15 09:16:56,668 findelment.py--> get_element 20: INFO ----->定位方式:selector--->定位值:body>div.el-message.el-message--success>p
2019-03-15 09:16:56,724 findelment.py--> get_element 20: INFO ----->定位方式:selector--->定位值:body>div.el-message.el-message--success>p
2019-03-15 09:16:58,874 findelment.py--> get_element 20: INFO ----->定位方式:xpath--->定位值://*[@id="app"]/section/section/aside/div/ul/li[3]/ul/li[13]
2019-03-15 09:17:00,968 findelment.py--> get_element 20: INFO ----->定位方式:xpath--->定位值://input[@placeholder='请输入搜索关键字']
2019-03-15 09:17:02,188 findelment.py--> get_element 20: INFO ----->定位方式:xpath--->定位值://span[contains(text(),'查询')]
2019-03-15 09:17:03,304 findelment.py--> get_element 20: INFO ----->定位方式:xpath--->定位值://tbody//span[contains(text(),'完成')]
2019-03-15 09:17:04,393 findelment.py--> get_element 20: INFO ----->定位方式:xpath--->定位值://button/span[contains(text(),"确认入库")]
2019-03-15 09:17:05,509 findelment.py--> get_element 20: INFO ----->定位方式:selector--->定位值:body>div.el-message.el-message--success>p
2019-03-15 09:17:05,546 findelment.py--> get_element 20: INFO ----->定位方式:selector--->定位值:body>div.el-message.el-message--success>p
2019-03-15 09:17:07,693 findelment.py--> get_element 20: INFO ----->定位方式:xpath--->定位值://*[@id="app"]/section/section/aside/div/ul/li[3]/ul/li[14]
2019-03-15 09:17:09,803 findelment.py--> get_element 20: INFO ----->定位方式:xpath--->定位值://input[@placeholder='请输入搜索关键字']
2019-03-15 09:17:10,961 findelment.py--> get_element 20: INFO ----->定位方式:xpath--->定位值://span[contains(text(),'查询')]
2019-03-15 09:17:13,081 findelment.py--> get_element 20: INFO ----->定位方式:xpath--->定位值://tbody//span[contains(text(),'发货')]
2019-03-15 09:17:14,177 findelment.py--> get_element 20: INFO ----->定位方式:xpath--->定位值://label[1]/span[1]/span
2019-03-15 09:17:15,273 findelment.py--> get_element 20: INFO ----->定位方式:xpath--->定位值://button/span[contains(text(),"确认")]
2019-03-15 09:17:16,373 findelment.py--> get_element 20: INFO ----->定位方式:selector--->定位值:body>div.el-message.el-message--success>p
2019-03-15 09:17:16,443 findelment.py--> get_element 20: INFO ----->定位方式:selector--->定位值:body>div.el-message.el-message--success>p
2019-03-15 09:17:18,588 findelment.py--> get_element 20: INFO ----->定位方式:xpath--->定位值://*[@id="app"]/section/section/aside/div/ul/li[3]/ul/li[15]
2019-03-15 09:17:20,686 findelment.py--> get_element 20: INFO ----->定位方式:xpath--->定位值://input[@placeholder='请输入搜索关键字']
2019-03-15 09:17:21,858 findelment.py--> get_element 20: INFO ----->定位方式:xpath--->定位值://span[contains(text(),'查询')]
2019-03-15 09:17:23,996 findelment.py--> get_element 20: INFO ----->定位方式:xpath--->定位值://tbody//span[contains(text(),'邮寄')]
2019-03-15 09:17:25,105 findelment.py--> get_element 20: INFO ----->定位方式:xpath--->定位值://input[@placeholder="请填写快递单号"]
2019-03-15 09:17:26,285 findelment.py--> get_element 20: INFO ----->定位方式:xpath--->定位值://input[@placeholder="请填写快递单号"]/../../following-sibling::div//span
2019-03-15 09:17:27,391 findelment.py--> get_element 20: INFO ----->定位方式:xpath--->定位值://tbody//span[contains(text(),'确认')]
2019-03-15 09:17:29,495 findelment.py--> get_element 20: INFO ----->定位方式:xpath--->定位值://button/span[contains(text(),"确认发货")]
2019-03-15 09:17:30,592 findelment.py--> get_element 20: INFO ----->定位方式:selector--->定位值:body>div.el-message.el-message--success>p
2019-03-15 09:17:30,654 findelment.py--> get_element 20: INFO ----->定位方式:selector--->定位值:body>div.el-message.el-message--success>p
2019-03-15 09:17:37,521 send_email.py--> _attach_file 20: INFO ----->attach file D:\po_owens_write\report\first_case.html
2019-03-15 09:17:41,379 send_email.py--> send 20: INFO ----->发送邮件"ERP测试报告"成功! 收件人：825651673@qq.com。如果没有收到邮件，请检查垃圾箱，同时检查收件人地址是否正确
2019-03-15 09:25:36,238 findelment.py--> get_element 20: INFO ----->定位方式:xpath--->定位值://input[@id="account"]
2019-03-15 09:25:36,447 findelment.py--> get_element 20: INFO ----->定位方式:xpath--->定位值://input[@id="password"]
2019-03-15 09:25:36,577 findelment.py--> get_element 20: INFO ----->定位方式:xpath--->定位值://button[@id="btn_login"]
2019-03-15 09:25:39,670 findelment.py--> get_element 20: INFO ----->定位方式:xpath--->定位值://button[@id="add-new"]
2019-03-15 09:25:41,798 findelment.py--> get_element 20: INFO ----->定位方式:xpath--->定位值://input[@id="patientName"]
2019-03-15 09:25:41,968 findelment.py--> get_element 20: INFO ----->定位方式:xpath--->定位值://div[@name="patientSex"][2]
2019-03-15 09:25:42,061 findelment.py--> get_element 20: INFO ----->定位方式:xpath--->定位值://select[@id="birthdayYear"]
2019-03-15 09:25:42,180 findelment.py--> get_element 20: INFO ----->定位方式:xpath--->定位值://select[@id="birthdayMonth"]
2019-03-15 09:25:42,296 findelment.py--> get_element 20: INFO ----->定位方式:xpath--->定位值://select[@id="birthdayDate"]
2019-03-15 09:25:42,423 findelment.py--> get_element 20: INFO ----->定位方式:xpath--->定位值://input[@id="patientTel"]
2019-03-15 09:25:42,579 findelment.py--> get_element 20: INFO ----->定位方式:xpath--->定位值://select[@id="hospital"]
2019-03-15 09:25:42,702 findelment.py--> get_element 20: INFO ----->定位方式:xpath--->定位值://button[@type="button"][3]
2019-03-15 09:25:44,887 findelment.py--> get_element 20: INFO ----->定位方式:xpath--->定位值://input[@id="45Profile"]
2019-03-15 09:25:44,982 findelment.py--> get_element 20: INFO ----->定位方式:xpath--->定位值://input[@id="FrontalRepose"]
2019-03-15 09:25:45,143 findelment.py--> get_element 20: INFO ----->定位方式:xpath--->定位值://input[@id="FrontalSmile"]
2019-03-15 09:25:45,244 findelment.py--> get_element 20: INFO ----->定位方式:xpath--->定位值://input[@id="Profile"]
2019-03-15 09:25:45,314 findelment.py--> get_element 20: INFO ----->定位方式:xpath--->定位值://input[@id="Upper"]
2019-03-15 09:25:45,414 findelment.py--> get_element 20: INFO ----->定位方式:xpath--->定位值://input[@id="Left"]
2019-03-15 09:25:45,550 findelment.py--> get_element 20: INFO ----->定位方式:xpath--->定位值://input[@id="Lower"]
2019-03-15 09:25:45,648 findelment.py--> get_element 20: INFO ----->定位方式:xpath--->定位值://input[@id="Anterior"]
2019-03-15 09:25:45,713 findelment.py--> get_element 20: INFO ----->定位方式:xpath--->定位值://input[@id="Right"]
2019-03-15 09:25:45,804 findelment.py--> get_element 20: INFO ----->定位方式:xpath--->定位值://input[@id="Cephalometric"]
2019-03-15 09:25:45,899 findelment.py--> get_element 20: INFO ----->定位方式:xpath--->定位值://input[@id="Panoramic"]
2019-03-15 09:25:48,072 findelment.py--> get_element 20: INFO ----->定位方式:xpath--->定位值://button[@type="button"][3]
2019-03-15 09:25:50,178 findelment.py--> get_element 20: INFO ----->定位方式:xpath--->定位值://div[@class="m-wrapper"][1]/div[1]/div[1]/div[1]
2019-03-15 09:25:50,262 findelment.py--> get_element 20: INFO ----->定位方式:xpath--->定位值://*[@id="step3"]/div[2]/div/div[1]/ul/li[1]/div/ins
2019-03-15 09:25:50,347 findelment.py--> get_element 20: INFO ----->定位方式:xpath--->定位值://*[@id="step3"]/div[2]/div/div[2]/ul/li[1]/div/ins
2019-03-15 09:25:50,448 findelment.py--> get_element 20: INFO ----->定位方式:xpath--->定位值://button[@type="button"][3]
2019-03-15 09:25:51,579 findelment.py--> get_element 20: INFO ----->定位方式:xpath--->定位值://input[@id="unexpress"]/following-sibling::ins
2019-03-15 09:25:51,683 findelment.py--> get_element 20: INFO ----->定位方式:xpath--->定位值://button[@type="button"][4]
2019-03-15 09:25:54,785 findelment.py--> get_element 20: INFO ----->定位方式:xpath--->定位值:/html/body/div[1]/div[2]/table/tbody/tr[2]/td[1]
2019-03-15 09:25:56,895 findelment.py--> get_element 20: INFO ----->定位方式:xpath--->定位值://table/tbody/tr[2]/td/table/tbody/tr[2]/td[2]
2019-03-15 09:25:56,952 findelment.py--> get_element 20: INFO ----->定位方式:xpath--->定位值:/html/body/div[1]/div[2]/div[1]/table/tbody/tr[1]/td[2]
2019-03-15 09:26:09,088 findelment.py--> get_element 20: INFO ----->定位方式:xpath--->定位值://*[@id="login"]/div/div[2]/ul/li[1]/input
2019-03-15 09:26:09,210 findelment.py--> get_element 20: INFO ----->定位方式:xpath--->定位值://input[@placeholder='请输入密码']
2019-03-15 09:26:09,303 findelment.py--> get_element 20: INFO ----->定位方式:xpath--->定位值://button[contains(text(),'登录')]
2019-03-15 09:26:10,443 findelment.py--> get_element 20: INFO ----->定位方式:selector--->定位值:body>div.el-message.el-message--success>p
2019-03-15 09:26:13,600 findelment.py--> get_element 20: INFO ----->定位方式:xpath--->定位值://*[@id="app"]/section/section/aside/div/ul/li[3]/div
2019-03-15 09:26:14,688 findelment.py--> get_element 20: INFO ----->定位方式:xpath--->定位值://*[@id="app"]/section/section/aside/div/ul/li[3]/ul/li[1]
2019-03-15 09:26:16,778 findelment.py--> get_element 20: INFO ----->定位方式:xpath--->定位值://button/span[contains(text(),'新增收货')]
2019-03-15 09:26:17,909 findelment.py--> get_element 20: INFO ----->定位方式:xpath--->定位值://span[contains(text(),'硅胶上颌')]
2019-03-15 09:26:18,003 findelment.py--> get_element 20: INFO ----->定位方式:xpath--->定位值://span[contains(text(),'硅胶下颌')]
2019-03-15 09:26:18,109 findelment.py--> get_element 20: INFO ----->定位方式:xpath--->定位值://input[@placeholder='请输入快递单号']
2019-03-15 09:26:18,332 findelment.py--> get_element 20: INFO ----->定位方式:xpath--->定位值://input[@placeholder='请选择物流来源']
2019-03-15 09:26:19,457 findelment.py--> get_element 20: INFO ----->定位方式:xpath--->定位值:/html/body/div[2]/div[1]/div[1]/ul/li[3]/span
2019-03-15 09:26:20,672 findelment.py--> get_element 20: INFO ----->定位方式:xpath--->定位值://div[@class="imgUpload"][1]//input
2019-03-15 09:26:21,733 findelment.py--> get_element 20: INFO ----->定位方式:xpath--->定位值://div[@class="imgUpload"][2]//input
2019-03-15 09:26:23,809 findelment.py--> get_element 20: INFO ----->定位方式:xpath--->定位值://span[contains(text(),'确认收货')]
2019-03-15 09:26:24,912 findelment.py--> get_element 20: INFO ----->定位方式:xpath--->定位值://tbody/tr[1]/td[1]/div/div
2019-03-15 09:26:27,967 findelment.py--> get_element 20: INFO ----->定位方式:xpath--->定位值://*[@id="app"]/section/section/aside/div/ul/li[3]/ul/li[2]
2019-03-15 09:26:30,071 findelment.py--> get_element 20: INFO ----->定位方式:xpath--->定位值://input[@placeholder='请输入搜索关键字']
2019-03-15 09:26:32,285 findelment.py--> get_element 20: INFO ----->定位方式:xpath--->定位值://span[contains(text(),'查询')]
2019-03-15 09:26:34,407 findelment.py--> get_element 20: INFO ----->定位方式:xpath--->定位值://tbody/tr[1]/td[16]//span[contains(text(),'匹配')]/../../button[3]/span
2019-03-15 09:26:35,524 findelment.py--> get_element 20: INFO ----->定位方式:xpath--->定位值://input[@placeholder="请填写病例号"]
2019-03-15 09:26:35,690 findelment.py--> get_element 20: INFO ----->定位方式:xpath--->定位值://input[@placeholder="请选择档案"]
2019-03-15 09:26:37,788 findelment.py--> get_element 20: INFO ----->定位方式:xpath--->定位值://div[@class="centerDiv"]/button/span
2019-03-15 09:26:38,873 findelment.py--> get_element 20: INFO ----->定位方式:selector--->定位值:body>div.el-message.el-message--success>p
2019-03-15 09:26:38,921 findelment.py--> get_element 20: INFO ----->定位方式:selector--->定位值:body>div.el-message.el-message--success>p
2019-03-15 09:26:42,051 findelment.py--> get_element 20: INFO ----->定位方式:xpath--->定位值://*[@id="app"]/section/section/aside/div/ul/li[3]/ul/li[3]
2019-03-15 09:26:44,135 findelment.py--> get_element 20: INFO ----->定位方式:xpath--->定位值://input[@placeholder='请输入搜索关键字']
2019-03-15 09:26:45,316 findelment.py--> get_element 20: INFO ----->定位方式:xpath--->定位值://span[contains(text(),'查询')]
2019-03-15 09:26:47,426 findelment.py--> get_element 20: INFO ----->定位方式:xpath--->定位值://span[contains(text(),'专业软件')]/../../button[1]/span
2019-03-15 09:26:48,537 findelment.py--> get_element 20: INFO ----->定位方式:xpath--->定位值://span[contains(text(),'上颌STL')]/../following-sibling::input
2019-03-15 09:26:49,613 findelment.py--> get_element 20: INFO ----->定位方式:xpath--->定位值://span[contains(text(),'下颌STL')]/../following-sibling::input
2019-03-15 09:26:51,675 findelment.py--> get_element 20: INFO ----->定位方式:xpath--->定位值://span[contains(text(),'确认')]
2019-03-15 09:26:53,763 findelment.py--> get_element 20: INFO ----->定位方式:xpath--->定位值://tbody/tr[1]/td[1]/div/div
2019-03-15 09:26:54,863 findelment.py--> get_element 20: INFO ----->定位方式:xpath--->定位值://span[contains(text(),'完成')]
2019-03-15 09:26:55,953 findelment.py--> get_element 20: INFO ----->定位方式:selector--->定位值:body>div.el-message.el-message--success>p
2019-03-15 09:26:59,116 findelment.py--> get_element 20: INFO ----->定位方式:xpath--->定位值://*[@id="app"]/section/section/aside/div/ul/li[3]/ul/li[4]
2019-03-15 09:27:01,217 findelment.py--> get_element 20: INFO ----->定位方式:xpath--->定位值://input[@placeholder='请输入搜索关键字']
2019-03-15 09:27:02,409 findelment.py--> get_element 20: INFO ----->定位方式:xpath--->定位值://span[contains(text(),'查询')]
2019-03-15 09:27:04,510 findelment.py--> get_element 20: INFO ----->定位方式:xpath--->定位值://tbody/tr[1]/td[13]//span[contains(text(),'质检')]
2019-03-15 09:27:05,623 findelment.py--> get_element 20: INFO ----->定位方式:xpath--->定位值://div[@class="imgUpload"][1]//input
2019-03-15 09:27:06,690 findelment.py--> get_element 20: INFO ----->定位方式:xpath--->定位值://div[@class="imgUpload"][2]//input
2019-03-15 09:27:08,746 findelment.py--> get_element 20: INFO ----->定位方式:xpath--->定位值://span[contains(text(),'提交质检结果')]
2019-03-15 09:27:10,855 findelment.py--> get_element 20: INFO ----->定位方式:xpath--->定位值://tbody/tr[1]/td[9]
2019-03-15 09:27:14,015 findelment.py--> get_element 20: INFO ----->定位方式:xpath--->定位值://*[@id="app"]/section/section/aside/div/ul/li[3]/ul/li[5]
2019-03-15 09:27:16,104 findelment.py--> get_element 20: INFO ----->定位方式:xpath--->定位值://input[@placeholder='请输入搜索关键字']
2019-03-15 09:27:17,305 findelment.py--> get_element 20: INFO ----->定位方式:xpath--->定位值://span[contains(text(),'查询')]
2019-03-15 09:27:19,438 findelment.py--> get_element 20: INFO ----->定位方式:xpath--->定位值://tbody//span[contains(text(),'设计')]
2019-03-15 09:27:20,565 findelment.py--> get_element 20: INFO ----->定位方式:xpath--->定位值://span[contains(text(),'创建订单')]
2019-03-15 09:27:21,662 findelment.py--> get_element 20: INFO ----->定位方式:selector--->定位值:body>div.el-message.el-message--success>p
2019-03-15 09:27:24,847 findelment.py--> get_element 20: INFO ----->定位方式:xpath--->定位值://*[@id="app"]/section/section/aside/div/ul/li[3]/ul/li[6]
2019-03-15 09:27:26,945 findelment.py--> get_element 20: INFO ----->定位方式:xpath--->定位值://input[@placeholder='请输入搜索关键字']
2019-03-15 09:27:28,131 findelment.py--> get_element 20: INFO ----->定位方式:xpath--->定位值://span[contains(text(),'查询')]
2019-03-15 09:27:30,238 findelment.py--> get_element 20: INFO ----->定位方式:xpath--->定位值://tbody//span[contains(text(),'分配')]
2019-03-15 09:27:31,348 findelment.py--> get_element 20: INFO ----->定位方式:xpath--->定位值://span[contains(text(),'确认')]
2019-03-15 09:27:33,565 findelment.py--> get_element 20: INFO ----->定位方式:xpath--->定位值://tbody/tr[1]/td[1]/div/div
2019-03-15 09:27:34,677 findelment.py--> get_element 20: INFO ----->定位方式:xpath--->定位值://tbody//span[contains(text(),'处方')]
2019-03-15 09:27:39,080 findelment.py--> get_element 20: INFO ----->定位方式:xpath--->定位值://span[contains(text(),'查看更多')]
2019-03-15 09:27:44,599 findelment.py--> get_element 20: INFO ----->定位方式:xpath--->定位值://span[contains(text(),'临床说明')]
2019-03-15 09:27:52,112 findelment.py--> get_element 20: INFO ----->定位方式:xpath--->定位值://*[@id="app"]/section/section/aside/div/ul/li[3]/ul/li[7]
2019-03-15 09:27:54,194 findelment.py--> get_element 20: INFO ----->定位方式:xpath--->定位值://input[@placeholder='请输入搜索关键字']
2019-03-15 09:27:55,385 findelment.py--> get_element 20: INFO ----->定位方式:xpath--->定位值://span[contains(text(),'查询')]
2019-03-15 09:27:57,497 findelment.py--> get_element 20: INFO ----->定位方式:xpath--->定位值://tbody//span[contains(text(),'指派订单')]
2019-03-15 09:27:58,592 findelment.py--> get_element 20: INFO ----->定位方式:xpath--->定位值://span[contains(text(),'确认')]
2019-03-15 09:27:59,673 findelment.py--> get_element 20: INFO ----->定位方式:xpath--->定位值://tbody/tr[1]/td[1]/div/div
2019-03-15 09:28:00,805 findelment.py--> get_element 20: INFO ----->定位方式:xpath--->定位值://span[contains(text(),'查询')]
2019-03-15 09:28:01,902 findelment.py--> get_element 20: INFO ----->定位方式:xpath--->定位值://tbody//span[contains(text(),'审核通过')]
2019-03-15 09:28:03,004 findelment.py--> get_element 20: INFO ----->定位方式:selector--->定位值:body>div.el-message.el-message--success>p
2019-03-15 09:28:06,186 findelment.py--> get_element 20: INFO ----->定位方式:xpath--->定位值://*[@id="app"]/section/section/aside/div/ul/li[3]/ul/li[8]
2019-03-15 09:28:08,275 findelment.py--> get_element 20: INFO ----->定位方式:xpath--->定位值://input[@placeholder='请输入搜索关键字']
2019-03-15 09:28:09,446 findelment.py--> get_element 20: INFO ----->定位方式:xpath--->定位值://span[contains(text(),'查询')]
2019-03-15 09:28:11,578 findelment.py--> get_element 20: INFO ----->定位方式:xpath--->定位值://tbody//span[contains(text(),'指派订单')]
2019-03-15 09:28:12,681 findelment.py--> get_element 20: INFO ----->定位方式:xpath--->定位值://span[contains(text(),'确认')]
2019-03-15 09:28:13,933 findelment.py--> get_element 20: INFO ----->定位方式:xpath--->定位值://tbody/tr[1]/td[1]/div/div
2019-03-15 09:28:15,052 findelment.py--> get_element 20: INFO ----->定位方式:xpath--->定位值://span[contains(text(),'查询')]
2019-03-15 09:28:16,146 findelment.py--> get_element 20: INFO ----->定位方式:xpath--->定位值://tbody//span[contains(text(),'审核通过')]
2019-03-15 09:28:17,271 findelment.py--> get_element 20: INFO ----->定位方式:selector--->定位值:body>div.el-message.el-message--success>p
2019-03-15 09:28:20,486 findelment.py--> get_element 20: INFO ----->定位方式:xpath--->定位值://*[@id="app"]/section/section/aside/div/ul/li[3]/ul/li[9]
2019-03-15 09:28:22,568 findelment.py--> get_element 20: INFO ----->定位方式:xpath--->定位值://input[@placeholder='请输入搜索关键字']
2019-03-15 09:28:23,761 findelment.py--> get_element 20: INFO ----->定位方式:xpath--->定位值://span[contains(text(),'查询')]
2019-03-15 09:28:25,863 findelment.py--> get_element 20: INFO ----->定位方式:xpath--->定位值://tbody//span[contains(text(),'指派订单')]
2019-03-15 09:28:26,953 findelment.py--> get_element 20: INFO ----->定位方式:xpath--->定位值://span[contains(text(),'确认')]
2019-03-15 09:28:28,065 findelment.py--> get_element 20: INFO ----->定位方式:xpath--->定位值://tbody//span[contains(text(),'审核通过')]
2019-03-15 09:28:28,187 findelment.py--> get_element 20: INFO ----->定位方式:selector--->定位值:body>div.el-message.el-message--success>p
2019-03-15 09:28:30,375 findelment.py--> get_element 20: INFO ----->定位方式:xpath--->定位值://*[@id="app"]/section/section/aside/div/ul/li[3]/ul/li[5]
2019-03-15 09:28:34,811 findelment.py--> get_element 20: INFO ----->定位方式:xpath--->定位值://input[@placeholder='请输入搜索关键字']
2019-03-15 09:28:35,990 findelment.py--> get_element 20: INFO ----->定位方式:xpath--->定位值://span[contains(text(),'查询')]
2019-03-15 09:28:38,098 findelment.py--> get_element 20: INFO ----->定位方式:xpath--->定位值://tbody//span[contains(text(),'生产')]
2019-03-15 09:28:40,217 findelment.py--> get_element 20: INFO ----->定位方式:xpath--->定位值://input[@placeholder="请选择订单编号"]
2019-03-15 09:28:42,345 findelment.py--> get_element 20: INFO ----->定位方式:selector--->定位值:body > div.el-select-dropdown.el-popper > div.el-scrollbar > div.el-select-dropdown__wrap.el-scrollbar__wrap > ul > li > span
2019-03-15 09:28:42,448 findelment.py--> get_element 20: INFO ----->定位方式:xpath--->定位值://li[contains(text(),'上颌')]/following-sibling::li[1]/input[1]
2019-03-15 09:28:42,543 findelment.py--> get_element 20: INFO ----->定位方式:xpath--->定位值://li[contains(text(),'上颌')]/following-sibling::li[1]/input[2]
2019-03-15 09:28:42,637 findelment.py--> get_element 20: INFO ----->定位方式:xpath--->定位值://li[contains(text(),'下颌')]/following-sibling::li[1]/input[1]
2019-03-15 09:28:42,718 findelment.py--> get_element 20: INFO ----->定位方式:xpath--->定位值://li[contains(text(),'下颌')]/following-sibling::li[1]/input[2]
2019-03-15 09:28:44,795 findelment.py--> get_element 20: INFO ----->定位方式:xpath--->定位值://span[contains(text(),'确认下单')]
2019-03-15 09:28:45,897 findelment.py--> get_element 20: INFO ----->定位方式:xpath--->定位值://span[contains(text(),'确认下单')]
2019-03-15 09:28:46,981 findelment.py--> get_element 20: INFO ----->定位方式:selector--->定位值:body>div.el-message.el-message--success>p
2019-03-15 09:28:49,148 findelment.py--> get_element 20: INFO ----->定位方式:xpath--->定位值://*[@id="app"]/section/section/aside/div/ul/li[3]/ul/li[10]
2019-03-15 09:28:51,271 findelment.py--> get_element 20: INFO ----->定位方式:xpath--->定位值://input[@placeholder='请输入搜索关键字']
2019-03-15 09:28:52,456 findelment.py--> get_element 20: INFO ----->定位方式:xpath--->定位值://span[contains(text(),'查询')]
2019-03-15 09:28:53,622 findelment.py--> get_element 20: INFO ----->定位方式:xpath--->定位值://tbody/tr[1]/td[16]/div//span/span
2019-03-15 09:28:54,711 findelment.py--> get_element 20: INFO ----->定位方式:xpath--->定位值://button/span[contains(text(),"排产预览")]
2019-03-15 09:28:56,812 findelment.py--> get_element 20: INFO ----->定位方式:xpath--->定位值://input[@placeholder="请输入"]
2019-03-15 09:28:57,900 findelment.py--> get_element 20: INFO ----->定位方式:xpath--->定位值://button/span[contains(text(),"确认排产")]
2019-03-15 09:28:59,012 findelment.py--> get_element 20: INFO ----->定位方式:selector--->定位值:body>div.el-message.el-message--success>p
2019-03-15 09:29:01,153 findelment.py--> get_element 20: INFO ----->定位方式:xpath--->定位值://*[@id="app"]/section/section/aside/div/ul/li[3]/ul/li[11]
2019-03-15 09:29:03,351 findelment.py--> get_element 20: INFO ----->定位方式:xpath--->定位值://input[@placeholder='请输入搜索关键字']
2019-03-15 09:29:04,552 findelment.py--> get_element 20: INFO ----->定位方式:xpath--->定位值://span[contains(text(),'查询')]
2019-03-15 09:29:05,671 findelment.py--> get_element 20: INFO ----->定位方式:xpath--->定位值://tbody//span[contains(text(),'完成')]
2019-03-15 09:29:07,769 findelment.py--> get_element 20: INFO ----->定位方式:xpath--->定位值://input[@placeholder="请选择打印机"]
2019-03-15 09:29:08,849 findelment.py--> get_element 20: INFO ----->定位方式:xpath--->定位值://li/span[contains(text(),"打印机035")]
2019-03-15 09:29:09,984 findelment.py--> get_element 20: INFO ----->定位方式:xpath--->定位值://button/span[contains(text(),"确认")]
2019-03-15 09:29:11,080 findelment.py--> get_element 20: INFO ----->定位方式:selector--->定位值:body>div.el-message.el-message--success>p
2019-03-15 09:29:13,230 findelment.py--> get_element 20: INFO ----->定位方式:xpath--->定位值://*[@id="app"]/section/section/aside/div/ul/li[3]/ul/li[12]
2019-03-15 09:29:15,317 findelment.py--> get_element 20: INFO ----->定位方式:xpath--->定位值://input[@placeholder='请输入搜索关键字']
2019-03-15 09:29:16,520 findelment.py--> get_element 20: INFO ----->定位方式:xpath--->定位值://span[contains(text(),'查询')]
2019-03-15 09:29:17,611 findelment.py--> get_element 20: INFO ----->定位方式:xpath--->定位值://tbody//span[contains(text(),'完成')]
2019-03-15 09:29:18,711 findelment.py--> get_element 20: INFO ----->定位方式:xpath--->定位值://button/span[contains(text(),"确定")]
2019-03-15 09:29:19,802 findelment.py--> get_element 20: INFO ----->定位方式:selector--->定位值:body>div.el-message.el-message--success>p
2019-03-15 09:29:22,988 findelment.py--> get_element 20: INFO ----->定位方式:xpath--->定位值://*[@id="app"]/section/section/aside/div/ul/li[4]/div
2019-03-15 09:29:25,080 findelment.py--> get_element 20: INFO ----->定位方式:xpath--->定位值://*[@id="app"]/section/section/aside/div/ul/li[4]/ul/li[1]
2019-03-15 09:29:27,197 findelment.py--> get_element 20: INFO ----->定位方式:xpath--->定位值://input[@placeholder='请输入搜索关键字']
2019-03-15 09:29:28,363 findelment.py--> get_element 20: INFO ----->定位方式:xpath--->定位值://span[contains(text(),'查询')]
2019-03-15 09:29:29,516 findelment.py--> get_element 20: INFO ----->定位方式:xpath--->定位值://button/span[contains(text(),"质检")]
2019-03-15 09:29:30,600 findelment.py--> get_element 20: INFO ----->定位方式:xpath--->定位值://div[@id="tab-3"]
2019-03-15 09:29:31,702 findelment.py--> get_element 20: INFO ----->定位方式:xpath--->定位值://button/span[contains(text(),"确认")]
2019-03-15 09:29:32,798 findelment.py--> get_element 20: INFO ----->定位方式:selector--->定位值:body>div.el-message.el-message--success>p
2019-03-15 09:29:34,943 findelment.py--> get_element 20: INFO ----->定位方式:xpath--->定位值://*[@id="app"]/section/section/aside/div/ul/li[3]/ul/li[13]
2019-03-15 09:29:37,032 findelment.py--> get_element 20: INFO ----->定位方式:xpath--->定位值://input[@placeholder='请输入搜索关键字']
2019-03-15 09:29:38,242 findelment.py--> get_element 20: INFO ----->定位方式:xpath--->定位值://span[contains(text(),'查询')]
2019-03-15 09:29:39,360 findelment.py--> get_element 20: INFO ----->定位方式:xpath--->定位值://tbody//span[contains(text(),'完成')]
2019-03-15 09:29:40,443 findelment.py--> get_element 20: INFO ----->定位方式:xpath--->定位值://button/span[contains(text(),"确认入库")]
2019-03-15 09:29:41,555 findelment.py--> get_element 20: INFO ----->定位方式:selector--->定位值:body>div.el-message.el-message--success>p
2019-03-15 09:29:43,730 findelment.py--> get_element 20: INFO ----->定位方式:xpath--->定位值://*[@id="app"]/section/section/aside/div/ul/li[3]/ul/li[14]
2019-03-15 09:29:45,833 findelment.py--> get_element 20: INFO ----->定位方式:xpath--->定位值://input[@placeholder='请输入搜索关键字']
2019-03-15 09:29:47,014 findelment.py--> get_element 20: INFO ----->定位方式:xpath--->定位值://span[contains(text(),'查询')]
2019-03-15 09:29:49,137 findelment.py--> get_element 20: INFO ----->定位方式:xpath--->定位值://tbody//span[contains(text(),'发货')]
2019-03-15 09:29:50,241 findelment.py--> get_element 20: INFO ----->定位方式:xpath--->定位值://label[1]/span[1]/span
2019-03-15 09:29:51,317 findelment.py--> get_element 20: INFO ----->定位方式:xpath--->定位值://button/span[contains(text(),"确认")]
2019-03-15 09:29:52,442 findelment.py--> get_element 20: INFO ----->定位方式:selector--->定位值:body>div.el-message.el-message--success>p
2019-03-15 09:29:54,620 findelment.py--> get_element 20: INFO ----->定位方式:xpath--->定位值://*[@id="app"]/section/section/aside/div/ul/li[3]/ul/li[15]
2019-03-15 09:29:56,716 findelment.py--> get_element 20: INFO ----->定位方式:xpath--->定位值://input[@placeholder='请输入搜索关键字']
2019-03-15 09:29:57,888 findelment.py--> get_element 20: INFO ----->定位方式:xpath--->定位值://span[contains(text(),'查询')]
2019-03-15 09:29:59,997 findelment.py--> get_element 20: INFO ----->定位方式:xpath--->定位值://tbody//span[contains(text(),'邮寄')]
2019-03-15 09:30:01,086 findelment.py--> get_element 20: INFO ----->定位方式:xpath--->定位值://input[@placeholder="请填写快递单号"]
2019-03-15 09:30:02,232 findelment.py--> get_element 20: INFO ----->定位方式:xpath--->定位值://input[@placeholder="请填写快递单号"]/../../following-sibling::div//span
2019-03-15 09:30:03,338 findelment.py--> get_element 20: INFO ----->定位方式:xpath--->定位值://tbody//span[contains(text(),'确认')]
2019-03-15 09:30:05,454 findelment.py--> get_element 20: INFO ----->定位方式:xpath--->定位值://button/span[contains(text(),"确认发货")]
2019-03-15 09:30:06,618 findelment.py--> get_element 20: INFO ----->定位方式:selector--->定位值:body>div.el-message.el-message--success>p
2019-03-15 09:30:13,471 send_email.py--> _attach_file 20: INFO ----->attach file D:\po_owens_write\report\first_case.html
2019-03-15 09:30:15,754 send_email.py--> send 20: INFO ----->发送邮件"ERP测试报告"成功! 收件人：825651673@qq.com。如果没有收到邮件，请检查垃圾箱，同时检查收件人地址是否正确
2019-03-15 10:41:32,173 findelment.py--> get_element 20: INFO ----->定位方式:xpath--->定位值://input[@id="account"]
2019-03-15 10:41:32,349 findelment.py--> get_element 20: INFO ----->定位方式:xpath--->定位值://input[@id="password"]
2019-03-15 10:41:32,481 findelment.py--> get_element 20: INFO ----->定位方式:xpath--->定位值://button[@id="btn_login"]
2019-03-15 10:41:35,593 findelment.py--> get_element 20: INFO ----->定位方式:xpath--->定位值://button[@id="add-new"]
2019-03-15 10:41:37,717 findelment.py--> get_element 20: INFO ----->定位方式:xpath--->定位值://input[@id="patientName"]
2019-03-15 10:41:37,934 findelment.py--> get_element 20: INFO ----->定位方式:xpath--->定位值://div[@name="patientSex"][2]
2019-03-15 10:41:38,022 findelment.py--> get_element 20: INFO ----->定位方式:xpath--->定位值://select[@id="birthdayYear"]
2019-03-15 10:41:38,142 findelment.py--> get_element 20: INFO ----->定位方式:xpath--->定位值://select[@id="birthdayMonth"]
2019-03-15 10:41:38,268 findelment.py--> get_element 20: INFO ----->定位方式:xpath--->定位值://select[@id="birthdayDate"]
2019-03-15 10:41:38,382 findelment.py--> get_element 20: INFO ----->定位方式:xpath--->定位值://input[@id="patientTel"]
2019-03-15 10:41:38,571 findelment.py--> get_element 20: INFO ----->定位方式:xpath--->定位值://select[@id="hospital"]
2019-03-15 10:41:38,695 findelment.py--> get_element 20: INFO ----->定位方式:xpath--->定位值://button[@type="button"][3]
2019-03-15 10:41:40,828 findelment.py--> get_element 20: INFO ----->定位方式:xpath--->定位值://input[@id="45Profile"]
2019-03-15 10:41:40,887 findelment.py--> get_element 20: INFO ----->定位方式:xpath--->定位值://input[@id="FrontalRepose"]
2019-03-15 10:41:40,995 findelment.py--> get_element 20: INFO ----->定位方式:xpath--->定位值://input[@id="FrontalSmile"]
2019-03-15 10:41:41,093 findelment.py--> get_element 20: INFO ----->定位方式:xpath--->定位值://input[@id="Profile"]
2019-03-15 10:41:41,186 findelment.py--> get_element 20: INFO ----->定位方式:xpath--->定位值://input[@id="Upper"]
2019-03-15 10:41:41,283 findelment.py--> get_element 20: INFO ----->定位方式:xpath--->定位值://input[@id="Left"]
2019-03-15 10:41:41,395 findelment.py--> get_element 20: INFO ----->定位方式:xpath--->定位值://input[@id="Lower"]
2019-03-15 10:41:41,512 findelment.py--> get_element 20: INFO ----->定位方式:xpath--->定位值://input[@id="Anterior"]
2019-03-15 10:41:41,623 findelment.py--> get_element 20: INFO ----->定位方式:xpath--->定位值://input[@id="Right"]
2019-03-15 10:41:41,741 findelment.py--> get_element 20: INFO ----->定位方式:xpath--->定位值://input[@id="Cephalometric"]
2019-03-15 10:41:41,856 findelment.py--> get_element 20: INFO ----->定位方式:xpath--->定位值://input[@id="Panoramic"]
2019-03-15 10:41:44,020 findelment.py--> get_element 20: INFO ----->定位方式:xpath--->定位值://button[@type="button"][3]
2019-03-15 10:41:46,130 findelment.py--> get_element 20: INFO ----->定位方式:xpath--->定位值://div[@class="m-wrapper"][1]/div[1]/div[1]/div[1]
2019-03-15 10:41:46,224 findelment.py--> get_element 20: INFO ----->定位方式:xpath--->定位值://*[@id="step3"]/div[2]/div/div[1]/ul/li[1]/div/ins
2019-03-15 10:41:46,308 findelment.py--> get_element 20: INFO ----->定位方式:xpath--->定位值://*[@id="step3"]/div[2]/div/div[2]/ul/li[1]/div/ins
2019-03-15 10:41:46,386 findelment.py--> get_element 20: INFO ----->定位方式:xpath--->定位值://button[@type="button"][3]
2019-03-15 10:41:47,477 findelment.py--> get_element 20: INFO ----->定位方式:xpath--->定位值://input[@id="unexpress"]/following-sibling::ins
2019-03-15 10:41:47,559 findelment.py--> get_element 20: INFO ----->定位方式:xpath--->定位值://button[@type="button"][4]
2019-03-15 10:41:50,665 findelment.py--> get_element 20: INFO ----->定位方式:xpath--->定位值:/html/body/div[1]/div[2]/table/tbody/tr[2]/td[1]
2019-03-15 10:41:52,769 findelment.py--> get_element 20: INFO ----->定位方式:xpath--->定位值://table/tbody/tr[2]/td/table/tbody/tr[2]/td[2]
2019-03-15 10:41:52,828 findelment.py--> get_element 20: INFO ----->定位方式:xpath--->定位值:/html/body/div[1]/div[2]/div[1]/table/tbody/tr[1]/td[2]
2019-03-15 10:42:06,957 findelment.py--> get_element 20: INFO ----->定位方式:xpath--->定位值://*[@id="login"]/div/div[2]/ul/li[1]/input
2019-03-15 10:42:07,188 findelment.py--> get_element 20: INFO ----->定位方式:xpath--->定位值://input[@placeholder='请输入密码']
2019-03-15 10:42:07,361 findelment.py--> get_element 20: INFO ----->定位方式:xpath--->定位值://button[contains(text(),'登录')]
2019-03-15 10:42:08,601 findelment.py--> get_element 20: INFO ----->定位方式:selector--->定位值:body>div.el-message.el-message--success>p
2019-03-15 10:42:11,799 findelment.py--> get_element 20: INFO ----->定位方式:xpath--->定位值://*[@id="app"]/section/section/aside/div/ul/li[3]/div
2019-03-15 10:42:12,958 findelment.py--> get_element 20: INFO ----->定位方式:xpath--->定位值://*[@id="app"]/section/section/aside/div/ul/li[3]/ul/li[1]
2019-03-15 10:42:15,107 findelment.py--> get_element 20: INFO ----->定位方式:xpath--->定位值://button/span[contains(text(),'新增收货')]
2019-03-15 10:42:16,310 findelment.py--> get_element 20: INFO ----->定位方式:xpath--->定位值://span[contains(text(),'硅胶上颌')]
2019-03-15 10:42:16,532 findelment.py--> get_element 20: INFO ----->定位方式:xpath--->定位值://span[contains(text(),'硅胶下颌')]
2019-03-15 10:42:16,752 findelment.py--> get_element 20: INFO ----->定位方式:xpath--->定位值://input[@placeholder='请输入快递单号']
2019-03-15 10:42:17,077 findelment.py--> get_element 20: INFO ----->定位方式:xpath--->定位值://input[@placeholder='请选择物流来源']
2019-03-15 10:42:18,247 findelment.py--> get_element 20: INFO ----->定位方式:xpath--->定位值:/html/body/div[2]/div[1]/div[1]/ul/li[3]/span
2019-03-15 10:42:19,410 findelment.py--> get_element 20: INFO ----->定位方式:xpath--->定位值://div[@class="imgUpload"][1]//input
2019-03-15 10:42:20,556 findelment.py--> get_element 20: INFO ----->定位方式:xpath--->定位值://div[@class="imgUpload"][2]//input
2019-03-15 10:42:22,665 findelment.py--> get_element 20: INFO ----->定位方式:xpath--->定位值://span[contains(text(),'确认收货')]
2019-03-15 10:42:23,859 findelment.py--> get_element 20: INFO ----->定位方式:xpath--->定位值://tbody/tr[1]/td[1]/div/div
2019-03-15 10:42:26,964 findelment.py--> get_element 20: INFO ----->定位方式:xpath--->定位值://*[@id="app"]/section/section/aside/div/ul/li[3]/ul/li[2]
2019-03-15 10:42:29,140 findelment.py--> get_element 20: INFO ----->定位方式:xpath--->定位值://input[@placeholder='请输入搜索关键字']
2019-03-15 10:42:31,480 findelment.py--> get_element 20: INFO ----->定位方式:xpath--->定位值://span[contains(text(),'查询')]
2019-03-15 10:42:33,657 findelment.py--> get_element 20: INFO ----->定位方式:xpath--->定位值://tbody/tr[1]/td[16]//span[contains(text(),'匹配')]/../../button[3]/span
2019-03-15 10:42:34,818 findelment.py--> get_element 20: INFO ----->定位方式:xpath--->定位值://input[@placeholder="请填写病例号"]
2019-03-15 10:42:35,463 findelment.py--> get_element 20: INFO ----->定位方式:xpath--->定位值://input[@placeholder="请选择档案"]
2019-03-15 10:42:37,652 findelment.py--> get_element 20: INFO ----->定位方式:xpath--->定位值://div[@class="centerDiv"]/button/span
2019-03-15 10:42:38,863 findelment.py--> get_element 20: INFO ----->定位方式:selector--->定位值:body>div.el-message.el-message--success>p
2019-03-15 10:42:38,957 findelment.py--> get_element 20: INFO ----->定位方式:selector--->定位值:body>div.el-message.el-message--success>p
2019-03-15 10:42:42,141 findelment.py--> get_element 20: INFO ----->定位方式:xpath--->定位值://*[@id="app"]/section/section/aside/div/ul/li[3]/ul/li[3]
2019-03-15 10:42:44,315 findelment.py--> get_element 20: INFO ----->定位方式:xpath--->定位值://input[@placeholder='请输入搜索关键字']
2019-03-15 10:42:45,580 findelment.py--> get_element 20: INFO ----->定位方式:xpath--->定位值://span[contains(text(),'查询')]
2019-03-15 10:42:47,768 findelment.py--> get_element 20: INFO ----->定位方式:xpath--->定位值://span[contains(text(),'专业软件')]/../../button[1]/span
2019-03-15 10:42:48,997 findelment.py--> get_element 20: INFO ----->定位方式:xpath--->定位值://span[contains(text(),'上颌STL')]/../following-sibling::input
2019-03-15 10:42:50,174 findelment.py--> get_element 20: INFO ----->定位方式:xpath--->定位值://span[contains(text(),'下颌STL')]/../following-sibling::input
2019-03-15 10:42:52,320 findelment.py--> get_element 20: INFO ----->定位方式:xpath--->定位值://span[contains(text(),'确认')]
2019-03-15 10:42:54,488 findelment.py--> get_element 20: INFO ----->定位方式:xpath--->定位值://tbody/tr[1]/td[1]/div/div
2019-03-15 10:42:55,638 findelment.py--> get_element 20: INFO ----->定位方式:xpath--->定位值://span[contains(text(),'完成')]
2019-03-15 10:42:56,818 findelment.py--> get_element 20: INFO ----->定位方式:selector--->定位值:body>div.el-message.el-message--success>p
2019-03-15 10:43:00,024 findelment.py--> get_element 20: INFO ----->定位方式:xpath--->定位值://*[@id="app"]/section/section/aside/div/ul/li[3]/ul/li[4]
2019-03-15 10:43:02,220 findelment.py--> get_element 20: INFO ----->定位方式:xpath--->定位值://input[@placeholder='请输入搜索关键字']
2019-03-15 10:43:03,682 findelment.py--> get_element 20: INFO ----->定位方式:xpath--->定位值://span[contains(text(),'查询')]
2019-03-15 10:43:05,852 findelment.py--> get_element 20: INFO ----->定位方式:xpath--->定位值://tbody/tr[1]/td[13]//span[contains(text(),'质检')]
2019-03-15 10:43:07,029 findelment.py--> get_element 20: INFO ----->定位方式:xpath--->定位值://div[@class="imgUpload"][1]//input
2019-03-15 10:43:08,151 findelment.py--> get_element 20: INFO ----->定位方式:xpath--->定位值://div[@class="imgUpload"][2]//input
2019-03-15 10:43:10,264 findelment.py--> get_element 20: INFO ----->定位方式:xpath--->定位值://span[contains(text(),'提交质检结果')]
2019-03-15 10:43:12,471 findelment.py--> get_element 20: INFO ----->定位方式:xpath--->定位值://tbody/tr[1]/td[9]
2019-03-15 10:43:15,678 findelment.py--> get_element 20: INFO ----->定位方式:xpath--->定位值://*[@id="app"]/section/section/aside/div/ul/li[3]/ul/li[5]
2019-03-15 10:43:17,829 findelment.py--> get_element 20: INFO ----->定位方式:xpath--->定位值://input[@placeholder='请输入搜索关键字']
2019-03-15 10:43:19,131 findelment.py--> get_element 20: INFO ----->定位方式:xpath--->定位值://span[contains(text(),'查询')]
2019-03-15 10:43:21,336 findelment.py--> get_element 20: INFO ----->定位方式:xpath--->定位值://tbody//span[contains(text(),'设计')]
2019-03-15 10:43:22,540 findelment.py--> get_element 20: INFO ----->定位方式:xpath--->定位值://span[contains(text(),'创建订单')]
2019-03-15 10:43:23,697 findelment.py--> get_element 20: INFO ----->定位方式:selector--->定位值:body>div.el-message.el-message--success>p
2019-03-15 10:43:26,923 findelment.py--> get_element 20: INFO ----->定位方式:xpath--->定位值://*[@id="app"]/section/section/aside/div/ul/li[3]/ul/li[6]
2019-03-15 10:43:29,073 findelment.py--> get_element 20: INFO ----->定位方式:xpath--->定位值://input[@placeholder='请输入搜索关键字']
2019-03-15 10:43:30,338 findelment.py--> get_element 20: INFO ----->定位方式:xpath--->定位值://span[contains(text(),'查询')]
2019-03-15 10:43:32,541 findelment.py--> get_element 20: INFO ----->定位方式:xpath--->定位值://tbody//span[contains(text(),'分配')]
2019-03-15 10:43:33,711 findelment.py--> get_element 20: INFO ----->定位方式:xpath--->定位值://span[contains(text(),'确认')]
2019-03-15 10:43:36,075 findelment.py--> get_element 20: INFO ----->定位方式:xpath--->定位值://tbody/tr[1]/td[1]/div/div
2019-03-15 10:43:37,253 findelment.py--> get_element 20: INFO ----->定位方式:xpath--->定位值://tbody//span[contains(text(),'处方')]
2019-03-15 10:43:41,780 findelment.py--> get_element 20: INFO ----->定位方式:xpath--->定位值://span[contains(text(),'查看更多')]
2019-03-15 10:43:47,411 findelment.py--> get_element 20: INFO ----->定位方式:xpath--->定位值://span[contains(text(),'临床说明')]
2019-03-15 10:43:54,964 findelment.py--> get_element 20: INFO ----->定位方式:xpath--->定位值://*[@id="app"]/section/section/aside/div/ul/li[3]/ul/li[7]
2019-03-15 10:43:57,121 findelment.py--> get_element 20: INFO ----->定位方式:xpath--->定位值://input[@placeholder='请输入搜索关键字']
2019-03-15 10:43:58,647 findelment.py--> get_element 20: INFO ----->定位方式:xpath--->定位值://span[contains(text(),'查询')]
2019-03-15 10:44:00,887 findelment.py--> get_element 20: INFO ----->定位方式:xpath--->定位值://tbody//span[contains(text(),'指派订单')]
2019-03-15 10:44:02,086 findelment.py--> get_element 20: INFO ----->定位方式:xpath--->定位值://span[contains(text(),'确认')]
2019-03-15 10:44:03,250 findelment.py--> get_element 20: INFO ----->定位方式:xpath--->定位值://tbody/tr[1]/td[1]/div/div
2019-03-15 10:44:04,419 findelment.py--> get_element 20: INFO ----->定位方式:xpath--->定位值://span[contains(text(),'查询')]
2019-03-15 10:44:05,564 findelment.py--> get_element 20: INFO ----->定位方式:xpath--->定位值://tbody//span[contains(text(),'审核通过')]
2019-03-15 10:44:06,734 findelment.py--> get_element 20: INFO ----->定位方式:selector--->定位值:body>div.el-message.el-message--success>p
2019-03-15 10:44:09,945 findelment.py--> get_element 20: INFO ----->定位方式:xpath--->定位值://*[@id="app"]/section/section/aside/div/ul/li[3]/ul/li[8]
2019-03-15 10:44:12,087 findelment.py--> get_element 20: INFO ----->定位方式:xpath--->定位值://input[@placeholder='请输入搜索关键字']
2019-03-15 10:44:13,370 findelment.py--> get_element 20: INFO ----->定位方式:xpath--->定位值://span[contains(text(),'查询')]
2019-03-15 10:44:15,799 findelment.py--> get_element 20: INFO ----->定位方式:xpath--->定位值://tbody//span[contains(text(),'指派订单')]
2019-03-15 10:44:17,011 findelment.py--> get_element 20: INFO ----->定位方式:xpath--->定位值://span[contains(text(),'确认')]
2019-03-15 10:44:18,457 findelment.py--> get_element 20: INFO ----->定位方式:xpath--->定位值://tbody/tr[1]/td[1]/div/div
2019-03-15 10:44:19,648 findelment.py--> get_element 20: INFO ----->定位方式:xpath--->定位值://span[contains(text(),'查询')]
2019-03-15 10:44:20,788 findelment.py--> get_element 20: INFO ----->定位方式:xpath--->定位值://tbody//span[contains(text(),'审核通过')]
2019-03-15 10:44:21,953 findelment.py--> get_element 20: INFO ----->定位方式:selector--->定位值:body>div.el-message.el-message--success>p
2019-03-15 10:44:25,141 findelment.py--> get_element 20: INFO ----->定位方式:xpath--->定位值://*[@id="app"]/section/section/aside/div/ul/li[3]/ul/li[9]
2019-03-15 10:44:27,297 findelment.py--> get_element 20: INFO ----->定位方式:xpath--->定位值://input[@placeholder='请输入搜索关键字']
2019-03-15 10:44:28,577 findelment.py--> get_element 20: INFO ----->定位方式:xpath--->定位值://span[contains(text(),'查询')]
2019-03-15 10:44:30,769 findelment.py--> get_element 20: INFO ----->定位方式:xpath--->定位值://tbody//span[contains(text(),'指派订单')]
2019-03-15 10:44:31,920 findelment.py--> get_element 20: INFO ----->定位方式:xpath--->定位值://span[contains(text(),'确认')]
2019-03-15 10:44:33,072 findelment.py--> get_element 20: INFO ----->定位方式:xpath--->定位值://tbody//span[contains(text(),'审核通过')]
2019-03-15 10:44:33,234 findelment.py--> get_element 20: INFO ----->定位方式:selector--->定位值:body>div.el-message.el-message--success>p
2019-03-15 10:44:35,439 findelment.py--> get_element 20: INFO ----->定位方式:xpath--->定位值://*[@id="app"]/section/section/aside/div/ul/li[3]/ul/li[5]
2019-03-15 10:44:39,806 findelment.py--> get_element 20: INFO ----->定位方式:xpath--->定位值://input[@placeholder='请输入搜索关键字']
2019-03-15 10:44:41,102 findelment.py--> get_element 20: INFO ----->定位方式:xpath--->定位值://span[contains(text(),'查询')]
2019-03-15 10:44:43,262 findelment.py--> get_element 20: INFO ----->定位方式:xpath--->定位值://tbody//span[contains(text(),'生产')]
2019-03-15 10:44:45,495 findelment.py--> get_element 20: INFO ----->定位方式:xpath--->定位值://input[@placeholder="请选择订单编号"]
2019-03-15 10:44:47,660 findelment.py--> get_element 20: INFO ----->定位方式:selector--->定位值:body > div.el-select-dropdown.el-popper > div.el-scrollbar > div.el-select-dropdown__wrap.el-scrollbar__wrap > ul > li > span
2019-03-15 10:44:47,812 findelment.py--> get_element 20: INFO ----->定位方式:xpath--->定位值://li[contains(text(),'上颌')]/following-sibling::li[1]/input[1]
2019-03-15 10:44:47,966 findelment.py--> get_element 20: INFO ----->定位方式:xpath--->定位值://li[contains(text(),'上颌')]/following-sibling::li[1]/input[2]
2019-03-15 10:44:48,123 findelment.py--> get_element 20: INFO ----->定位方式:xpath--->定位值://li[contains(text(),'下颌')]/following-sibling::li[1]/input[1]
2019-03-15 10:44:48,257 findelment.py--> get_element 20: INFO ----->定位方式:xpath--->定位值://li[contains(text(),'下颌')]/following-sibling::li[1]/input[2]
2019-03-15 10:44:50,386 findelment.py--> get_element 20: INFO ----->定位方式:xpath--->定位值://span[contains(text(),'确认下单')]
2019-03-15 10:44:51,579 findelment.py--> get_element 20: INFO ----->定位方式:xpath--->定位值://span[contains(text(),'确认下单')]
2019-03-15 10:44:52,778 findelment.py--> get_element 20: INFO ----->定位方式:selector--->定位值:body>div.el-message.el-message--success>p
2019-03-15 10:44:54,983 findelment.py--> get_element 20: INFO ----->定位方式:xpath--->定位值://*[@id="app"]/section/section/aside/div/ul/li[3]/ul/li[10]
2019-03-15 10:44:57,158 findelment.py--> get_element 20: INFO ----->定位方式:xpath--->定位值://input[@placeholder='请输入搜索关键字']
2019-03-15 10:44:58,443 findelment.py--> get_element 20: INFO ----->定位方式:xpath--->定位值://span[contains(text(),'查询')]
2019-03-15 10:44:59,640 findelment.py--> get_element 20: INFO ----->定位方式:xpath--->定位值://tbody/tr[1]/td[16]/div//span/span
2019-03-15 10:45:00,787 findelment.py--> get_element 20: INFO ----->定位方式:xpath--->定位值://button/span[contains(text(),"排产预览")]
2019-03-15 10:45:02,941 findelment.py--> get_element 20: INFO ----->定位方式:xpath--->定位值://input[@placeholder="请输入"]
2019-03-15 10:45:04,167 findelment.py--> get_element 20: INFO ----->定位方式:xpath--->定位值://button/span[contains(text(),"确认排产")]
2019-03-15 10:45:05,336 findelment.py--> get_element 20: INFO ----->定位方式:selector--->定位值:body>div.el-message.el-message--success>p
2019-03-15 10:45:07,547 findelment.py--> get_element 20: INFO ----->定位方式:xpath--->定位值://*[@id="app"]/section/section/aside/div/ul/li[3]/ul/li[11]
2019-03-15 10:45:09,706 findelment.py--> get_element 20: INFO ----->定位方式:xpath--->定位值://input[@placeholder='请输入搜索关键字']
2019-03-15 10:45:10,974 findelment.py--> get_element 20: INFO ----->定位方式:xpath--->定位值://span[contains(text(),'查询')]
2019-03-15 10:45:12,152 findelment.py--> get_element 20: INFO ----->定位方式:xpath--->定位值://tbody//span[contains(text(),'完成')]
2019-03-15 10:45:14,330 findelment.py--> get_element 20: INFO ----->定位方式:xpath--->定位值://input[@placeholder="请选择打印机"]
2019-03-15 10:45:15,484 findelment.py--> get_element 20: INFO ----->定位方式:xpath--->定位值://li/span[contains(text(),"打印机035")]
2019-03-15 10:45:16,656 findelment.py--> get_element 20: INFO ----->定位方式:xpath--->定位值://button/span[contains(text(),"确认")]
2019-03-15 10:45:17,811 findelment.py--> get_element 20: INFO ----->定位方式:selector--->定位值:body>div.el-message.el-message--success>p
2019-03-15 10:45:19,997 findelment.py--> get_element 20: INFO ----->定位方式:xpath--->定位值://*[@id="app"]/section/section/aside/div/ul/li[3]/ul/li[12]
2019-03-15 10:45:22,158 findelment.py--> get_element 20: INFO ----->定位方式:xpath--->定位值://input[@placeholder='请输入搜索关键字']
2019-03-15 10:45:23,423 findelment.py--> get_element 20: INFO ----->定位方式:xpath--->定位值://span[contains(text(),'查询')]
2019-03-15 10:45:24,624 findelment.py--> get_element 20: INFO ----->定位方式:xpath--->定位值://tbody//span[contains(text(),'完成')]
2019-03-15 10:45:25,782 findelment.py--> get_element 20: INFO ----->定位方式:xpath--->定位值://button/span[contains(text(),"确定")]
2019-03-15 10:45:26,943 findelment.py--> get_element 20: INFO ----->定位方式:selector--->定位值:body>div.el-message.el-message--success>p
2019-03-15 10:45:30,168 findelment.py--> get_element 20: INFO ----->定位方式:xpath--->定位值://*[@id="app"]/section/section/aside/div/ul/li[4]/div
2019-03-15 10:45:32,322 findelment.py--> get_element 20: INFO ----->定位方式:xpath--->定位值://*[@id="app"]/section/section/aside/div/ul/li[4]/ul/li[1]
2019-03-15 10:45:34,507 findelment.py--> get_element 20: INFO ----->定位方式:xpath--->定位值://input[@placeholder='请输入搜索关键字']
2019-03-15 10:45:35,786 findelment.py--> get_element 20: INFO ----->定位方式:xpath--->定位值://span[contains(text(),'查询')]
2019-03-15 10:45:36,952 findelment.py--> get_element 20: INFO ----->定位方式:xpath--->定位值://button/span[contains(text(),"质检")]
2019-03-15 10:45:38,100 findelment.py--> get_element 20: INFO ----->定位方式:xpath--->定位值://div[@id="tab-3"]
2019-03-15 10:45:39,266 findelment.py--> get_element 20: INFO ----->定位方式:xpath--->定位值://button/span[contains(text(),"确认")]
2019-03-15 10:45:40,421 findelment.py--> get_element 20: INFO ----->定位方式:selector--->定位值:body>div.el-message.el-message--success>p
2019-03-15 10:45:42,619 findelment.py--> get_element 20: INFO ----->定位方式:xpath--->定位值://*[@id="app"]/section/section/aside/div/ul/li[3]/ul/li[13]
2019-03-15 10:45:44,772 findelment.py--> get_element 20: INFO ----->定位方式:xpath--->定位值://input[@placeholder='请输入搜索关键字']
2019-03-15 10:45:46,055 findelment.py--> get_element 20: INFO ----->定位方式:xpath--->定位值://span[contains(text(),'查询')]
2019-03-15 10:45:47,252 findelment.py--> get_element 20: INFO ----->定位方式:xpath--->定位值://tbody//span[contains(text(),'完成')]
2019-03-15 10:45:48,406 findelment.py--> get_element 20: INFO ----->定位方式:xpath--->定位值://button/span[contains(text(),"确认入库")]
2019-03-15 10:45:49,573 findelment.py--> get_element 20: INFO ----->定位方式:selector--->定位值:body>div.el-message.el-message--success>p
2019-03-15 10:45:51,771 findelment.py--> get_element 20: INFO ----->定位方式:xpath--->定位值://*[@id="app"]/section/section/aside/div/ul/li[3]/ul/li[14]
2019-03-15 10:45:53,939 findelment.py--> get_element 20: INFO ----->定位方式:xpath--->定位值://input[@placeholder='请输入搜索关键字']
2019-03-15 10:45:55,199 findelment.py--> get_element 20: INFO ----->定位方式:xpath--->定位值://span[contains(text(),'查询')]
2019-03-15 10:45:57,373 findelment.py--> get_element 20: INFO ----->定位方式:xpath--->定位值://tbody//span[contains(text(),'发货')]
2019-03-15 10:45:58,548 findelment.py--> get_element 20: INFO ----->定位方式:xpath--->定位值://label[1]/span[1]/span
2019-03-15 10:45:59,691 findelment.py--> get_element 20: INFO ----->定位方式:xpath--->定位值://button/span[contains(text(),"确认")]
2019-03-15 10:46:00,855 findelment.py--> get_element 20: INFO ----->定位方式:selector--->定位值:body>div.el-message.el-message--success>p
2019-03-15 10:46:03,063 findelment.py--> get_element 20: INFO ----->定位方式:xpath--->定位值://*[@id="app"]/section/section/aside/div/ul/li[3]/ul/li[15]
2019-03-15 10:46:05,243 findelment.py--> get_element 20: INFO ----->定位方式:xpath--->定位值://input[@placeholder='请输入搜索关键字']
2019-03-15 10:46:06,526 findelment.py--> get_element 20: INFO ----->定位方式:xpath--->定位值://span[contains(text(),'查询')]
2019-03-15 10:46:08,741 findelment.py--> get_element 20: INFO ----->定位方式:xpath--->定位值://tbody//span[contains(text(),'邮寄')]
2019-03-15 10:46:09,891 findelment.py--> get_element 20: INFO ----->定位方式:xpath--->定位值://input[@placeholder="请填写快递单号"]
2019-03-15 10:46:11,145 findelment.py--> get_element 20: INFO ----->定位方式:xpath--->定位值://input[@placeholder="请填写快递单号"]/../../following-sibling::div//span
2019-03-15 10:46:12,308 findelment.py--> get_element 20: INFO ----->定位方式:xpath--->定位值://tbody//span[contains(text(),'确认')]
2019-03-15 10:46:14,511 findelment.py--> get_element 20: INFO ----->定位方式:xpath--->定位值://button/span[contains(text(),"确认发货")]
2019-03-15 10:46:15,719 findelment.py--> get_element 20: INFO ----->定位方式:selector--->定位值:body>div.el-message.el-message--success>p
2019-03-15 10:46:22,671 send_email.py--> _attach_file 20: INFO ----->attach file D:\po_owens_write\report\first_case.html
2019-03-15 10:46:26,907 send_email.py--> send 20: INFO ----->发送邮件"ERP测试报告"成功! 收件人：825651673@qq.com。如果没有收到邮件，请检查垃圾箱，同时检查收件人地址是否正确
